2018-09-26 10:53:47 [main] INFO  .trans.service.impl.TransHFTXServiceImpl -请求参数:{"cmd_id":"306","mer_cust_id":"6666000000045782","user_cust_id":"6666000000046231","version":"10"}
2018-09-26 10:53:50 [main] INFO  com.huifu.saturn.cfca.CFCASignature      -userX509Cert date is valid:Wed Sep 13 12:17:05 CST 2017---Fri Sep 13 12:17:05 CST 2019
2018-09-26 10:53:50 [main] INFO  com.huifu.saturn.cfca.CFCASignature      -userX509Cert is right!
2018-09-26 10:53:50 [main] INFO  com.huifu.saturn.cfca.CFCASignature      -p7 dig alg with verification: SHA-256
2018-09-26 10:53:50 [main] INFO  com.huifu.saturn.cfca.CFCASignature      -p7 cert subject with verification:CN=051@100001@N3501040009317@1, OU=Organizational-1, OU=Local RA, O=CFCA TEST CA, C=CN
2018-09-26 10:53:50 [main] INFO  com.huifu.saturn.cfca.CFCASignature      -p7 signature: ji39OnLTQWw2KYDjS31nYR2N88MuICffXTze2se7xtcxrUdrQCHYIIdPDYKcQ58UEC5bKheWkdXUE2U7uSyjXokA3zuX7zXcF8ASFxZoIOVJF0weUMksliaG6toAhNTHV15b+zAPDRt3BiYZ/0yCb1yXqOD14jhREu6j4IbWsBqWOvqTIYK/l6bXrsfSiWmJ7iLRFVPESeexSufiBH6vXyT+2+6FwqdVPdW4X8P3LjwpZ0y9TEehFT7ma6N0DbDC23oCuKP7uH+PJlBRmRth0ln001pPtkaQQHg7GH92VTLPQMVSsPB1GEHJYMtFBbAZma/vetrQSrdN30AvEBC7tQ==
2018-09-26 10:53:50 [main] INFO  com.huifu.saturn.cfca.CFCASignature      -RSA P7 attach verify OK!
2018-09-26 10:58:41 [main] INFO  .trans.service.impl.TransHFTXServiceImpl -请求参数:{"cmd_id":"306","mer_cust_id":"6666000000045782","user_cust_id":"6666000000046231","version":"10"}
2018-09-26 10:58:48 [main] INFO  com.huifu.saturn.cfca.CFCASignature      -userX509Cert date is valid:Wed Sep 13 12:17:05 CST 2017---Fri Sep 13 12:17:05 CST 2019
2018-09-26 10:58:48 [main] INFO  com.huifu.saturn.cfca.CFCASignature      -userX509Cert is right!
2018-09-26 10:58:48 [main] INFO  com.huifu.saturn.cfca.CFCASignature      -p7 dig alg with verification: SHA-256
2018-09-26 10:58:48 [main] INFO  com.huifu.saturn.cfca.CFCASignature      -p7 cert subject with verification:CN=051@100001@N3501040009317@1, OU=Organizational-1, OU=Local RA, O=CFCA TEST CA, C=CN
2018-09-26 10:58:48 [main] INFO  com.huifu.saturn.cfca.CFCASignature      -p7 signature: ji39OnLTQWw2KYDjS31nYR2N88MuICffXTze2se7xtcxrUdrQCHYIIdPDYKcQ58UEC5bKheWkdXUE2U7uSyjXokA3zuX7zXcF8ASFxZoIOVJF0weUMksliaG6toAhNTHV15b+zAPDRt3BiYZ/0yCb1yXqOD14jhREu6j4IbWsBqWOvqTIYK/l6bXrsfSiWmJ7iLRFVPESeexSufiBH6vXyT+2+6FwqdVPdW4X8P3LjwpZ0y9TEehFT7ma6N0DbDC23oCuKP7uH+PJlBRmRth0ln001pPtkaQQHg7GH92VTLPQMVSsPB1GEHJYMtFBbAZma/vetrQSrdN30AvEBC7tQ==
2018-09-26 10:58:48 [main] INFO  com.huifu.saturn.cfca.CFCASignature      -RSA P7 attach verify OK!
2018-09-26 11:00:53 [main] INFO  .trans.service.impl.TransHFTXServiceImpl -请求参数:{"cmd_id":"306","mer_cust_id":"6666000000045782","user_cust_id":"6666000000046231","version":"10"}
2018-09-26 11:00:55 [main] INFO  com.huifu.saturn.cfca.CFCASignature      -userX509Cert date is valid:Wed Sep 13 12:17:05 CST 2017---Fri Sep 13 12:17:05 CST 2019
2018-09-26 11:00:55 [main] INFO  com.huifu.saturn.cfca.CFCASignature      -userX509Cert is right!
2018-09-26 11:00:55 [main] INFO  com.huifu.saturn.cfca.CFCASignature      -p7 dig alg with verification: SHA-256
2018-09-26 11:00:55 [main] INFO  com.huifu.saturn.cfca.CFCASignature      -p7 cert subject with verification:CN=051@100001@N3501040009317@1, OU=Organizational-1, OU=Local RA, O=CFCA TEST CA, C=CN
2018-09-26 11:00:55 [main] INFO  com.huifu.saturn.cfca.CFCASignature      -p7 signature: ji39OnLTQWw2KYDjS31nYR2N88MuICffXTze2se7xtcxrUdrQCHYIIdPDYKcQ58UEC5bKheWkdXUE2U7uSyjXokA3zuX7zXcF8ASFxZoIOVJF0weUMksliaG6toAhNTHV15b+zAPDRt3BiYZ/0yCb1yXqOD14jhREu6j4IbWsBqWOvqTIYK/l6bXrsfSiWmJ7iLRFVPESeexSufiBH6vXyT+2+6FwqdVPdW4X8P3LjwpZ0y9TEehFT7ma6N0DbDC23oCuKP7uH+PJlBRmRth0ln001pPtkaQQHg7GH92VTLPQMVSsPB1GEHJYMtFBbAZma/vetrQSrdN30AvEBC7tQ==
2018-09-26 11:00:55 [main] INFO  com.huifu.saturn.cfca.CFCASignature      -RSA P7 attach verify OK!
2018-09-26 11:04:23 [main] INFO  .trans.service.impl.TransHFTXServiceImpl -请求参数:{"cmd_id":"306","mer_cust_id":"6666000000045782","user_cust_id":"6666000000046231","version":"10"}
2018-09-26 11:04:26 [main] INFO  com.huifu.saturn.cfca.CFCASignature      -userX509Cert date is valid:Wed Sep 13 12:17:05 CST 2017---Fri Sep 13 12:17:05 CST 2019
2018-09-26 11:04:26 [main] INFO  com.huifu.saturn.cfca.CFCASignature      -userX509Cert is right!
2018-09-26 11:04:26 [main] INFO  com.huifu.saturn.cfca.CFCASignature      -p7 dig alg with verification: SHA-256
2018-09-26 11:04:26 [main] INFO  com.huifu.saturn.cfca.CFCASignature      -p7 cert subject with verification:CN=051@100001@N3501040009317@1, OU=Organizational-1, OU=Local RA, O=CFCA TEST CA, C=CN
2018-09-26 11:04:26 [main] INFO  com.huifu.saturn.cfca.CFCASignature      -p7 signature: ji39OnLTQWw2KYDjS31nYR2N88MuICffXTze2se7xtcxrUdrQCHYIIdPDYKcQ58UEC5bKheWkdXUE2U7uSyjXokA3zuX7zXcF8ASFxZoIOVJF0weUMksliaG6toAhNTHV15b+zAPDRt3BiYZ/0yCb1yXqOD14jhREu6j4IbWsBqWOvqTIYK/l6bXrsfSiWmJ7iLRFVPESeexSufiBH6vXyT+2+6FwqdVPdW4X8P3LjwpZ0y9TEehFT7ma6N0DbDC23oCuKP7uH+PJlBRmRth0ln001pPtkaQQHg7GH92VTLPQMVSsPB1GEHJYMtFBbAZma/vetrQSrdN30AvEBC7tQ==
2018-09-26 11:04:26 [main] INFO  com.huifu.saturn.cfca.CFCASignature      -RSA P7 attach verify OK!
2018-09-26 11:10:05 [main] INFO  .trans.service.impl.TransHFTXServiceImpl -请求参数:{"cmd_id":"306","mer_cust_id":"6666000000045782","user_cust_id":"6666000000046231","version":"10"}
2018-09-26 11:10:13 [main] INFO  com.huifu.saturn.cfca.CFCASignature      -userX509Cert date is valid:Wed Sep 13 12:17:05 CST 2017---Fri Sep 13 12:17:05 CST 2019
2018-09-26 11:10:13 [main] INFO  com.huifu.saturn.cfca.CFCASignature      -userX509Cert is right!
2018-09-26 11:10:13 [main] INFO  com.huifu.saturn.cfca.CFCASignature      -p7 dig alg with verification: SHA-256
2018-09-26 11:10:13 [main] INFO  com.huifu.saturn.cfca.CFCASignature      -p7 cert subject with verification:CN=051@100001@N3501040009317@1, OU=Organizational-1, OU=Local RA, O=CFCA TEST CA, C=CN
2018-09-26 11:10:13 [main] INFO  com.huifu.saturn.cfca.CFCASignature      -p7 signature: ji39OnLTQWw2KYDjS31nYR2N88MuICffXTze2se7xtcxrUdrQCHYIIdPDYKcQ58UEC5bKheWkdXUE2U7uSyjXokA3zuX7zXcF8ASFxZoIOVJF0weUMksliaG6toAhNTHV15b+zAPDRt3BiYZ/0yCb1yXqOD14jhREu6j4IbWsBqWOvqTIYK/l6bXrsfSiWmJ7iLRFVPESeexSufiBH6vXyT+2+6FwqdVPdW4X8P3LjwpZ0y9TEehFT7ma6N0DbDC23oCuKP7uH+PJlBRmRth0ln001pPtkaQQHg7GH92VTLPQMVSsPB1GEHJYMtFBbAZma/vetrQSrdN30AvEBC7tQ==
2018-09-26 11:10:13 [main] INFO  com.huifu.saturn.cfca.CFCASignature      -RSA P7 attach verify OK!
2018-09-26 11:13:06 [main] INFO  .trans.service.impl.TransHFTXServiceImpl -请求参数:{"cmd_id":"306","mer_cust_id":"6666000000045782","user_cust_id":"6666000000046231","version":"10"}
2018-09-26 11:13:08 [main] INFO  com.huifu.saturn.cfca.CFCASignature      -userX509Cert date is valid:Wed Sep 13 12:17:05 CST 2017---Fri Sep 13 12:17:05 CST 2019
2018-09-26 11:13:08 [main] INFO  com.huifu.saturn.cfca.CFCASignature      -userX509Cert is right!
2018-09-26 11:13:08 [main] INFO  com.huifu.saturn.cfca.CFCASignature      -p7 dig alg with verification: SHA-256
2018-09-26 11:13:08 [main] INFO  com.huifu.saturn.cfca.CFCASignature      -p7 cert subject with verification:CN=051@100001@N3501040009317@1, OU=Organizational-1, OU=Local RA, O=CFCA TEST CA, C=CN
2018-09-26 11:13:08 [main] INFO  com.huifu.saturn.cfca.CFCASignature      -p7 signature: ji39OnLTQWw2KYDjS31nYR2N88MuICffXTze2se7xtcxrUdrQCHYIIdPDYKcQ58UEC5bKheWkdXUE2U7uSyjXokA3zuX7zXcF8ASFxZoIOVJF0weUMksliaG6toAhNTHV15b+zAPDRt3BiYZ/0yCb1yXqOD14jhREu6j4IbWsBqWOvqTIYK/l6bXrsfSiWmJ7iLRFVPESeexSufiBH6vXyT+2+6FwqdVPdW4X8P3LjwpZ0y9TEehFT7ma6N0DbDC23oCuKP7uH+PJlBRmRth0ln001pPtkaQQHg7GH92VTLPQMVSsPB1GEHJYMtFBbAZma/vetrQSrdN30AvEBC7tQ==
2018-09-26 11:13:08 [main] INFO  com.huifu.saturn.cfca.CFCASignature      -RSA P7 attach verify OK!
2018-09-26 11:15:40 [main] INFO  .trans.service.impl.TransHFTXServiceImpl -请求参数:{"cmd_id":"306","mer_cust_id":"6666000000045782","user_cust_id":"6666000000046231","version":"10"}
2018-09-26 11:15:43 [main] INFO  com.huifu.saturn.cfca.CFCASignature      -userX509Cert date is valid:Wed Sep 13 12:17:05 CST 2017---Fri Sep 13 12:17:05 CST 2019
2018-09-26 11:15:43 [main] INFO  com.huifu.saturn.cfca.CFCASignature      -userX509Cert is right!
2018-09-26 11:15:43 [main] INFO  com.huifu.saturn.cfca.CFCASignature      -p7 dig alg with verification: SHA-256
2018-09-26 11:15:43 [main] INFO  com.huifu.saturn.cfca.CFCASignature      -p7 cert subject with verification:CN=051@100001@N3501040009317@1, OU=Organizational-1, OU=Local RA, O=CFCA TEST CA, C=CN
2018-09-26 11:15:43 [main] INFO  com.huifu.saturn.cfca.CFCASignature      -p7 signature: ji39OnLTQWw2KYDjS31nYR2N88MuICffXTze2se7xtcxrUdrQCHYIIdPDYKcQ58UEC5bKheWkdXUE2U7uSyjXokA3zuX7zXcF8ASFxZoIOVJF0weUMksliaG6toAhNTHV15b+zAPDRt3BiYZ/0yCb1yXqOD14jhREu6j4IbWsBqWOvqTIYK/l6bXrsfSiWmJ7iLRFVPESeexSufiBH6vXyT+2+6FwqdVPdW4X8P3LjwpZ0y9TEehFT7ma6N0DbDC23oCuKP7uH+PJlBRmRth0ln001pPtkaQQHg7GH92VTLPQMVSsPB1GEHJYMtFBbAZma/vetrQSrdN30AvEBC7tQ==
2018-09-26 11:15:43 [main] INFO  com.huifu.saturn.cfca.CFCASignature      -RSA P7 attach verify OK!
2018-09-26 11:21:01 [main] INFO  .trans.service.impl.TransHFTXServiceImpl -请求参数:{"cmd_id":"306","mer_cust_id":"6666000000045782","user_cust_id":"6666000000046231","version":"10"}
2018-09-26 11:21:03 [main] INFO  com.huifu.saturn.cfca.CFCASignature      -userX509Cert date is valid:Wed Sep 13 12:17:05 CST 2017---Fri Sep 13 12:17:05 CST 2019
2018-09-26 11:21:03 [main] INFO  com.huifu.saturn.cfca.CFCASignature      -userX509Cert is right!
2018-09-26 11:21:03 [main] INFO  com.huifu.saturn.cfca.CFCASignature      -p7 dig alg with verification: SHA-256
2018-09-26 11:21:03 [main] INFO  com.huifu.saturn.cfca.CFCASignature      -p7 cert subject with verification:CN=051@100001@N3501040009317@1, OU=Organizational-1, OU=Local RA, O=CFCA TEST CA, C=CN
2018-09-26 11:21:03 [main] INFO  com.huifu.saturn.cfca.CFCASignature      -p7 signature: ji39OnLTQWw2KYDjS31nYR2N88MuICffXTze2se7xtcxrUdrQCHYIIdPDYKcQ58UEC5bKheWkdXUE2U7uSyjXokA3zuX7zXcF8ASFxZoIOVJF0weUMksliaG6toAhNTHV15b+zAPDRt3BiYZ/0yCb1yXqOD14jhREu6j4IbWsBqWOvqTIYK/l6bXrsfSiWmJ7iLRFVPESeexSufiBH6vXyT+2+6FwqdVPdW4X8P3LjwpZ0y9TEehFT7ma6N0DbDC23oCuKP7uH+PJlBRmRth0ln001pPtkaQQHg7GH92VTLPQMVSsPB1GEHJYMtFBbAZma/vetrQSrdN30AvEBC7tQ==
2018-09-26 11:21:03 [main] INFO  com.huifu.saturn.cfca.CFCASignature      -RSA P7 attach verify OK!
2018-09-26 11:22:36 [main] INFO  .trans.service.impl.TransHFTXServiceImpl -请求参数:{"cmd_id":"306","mer_cust_id":"6666000000045782","user_cust_id":"6666000000046231","version":"10"}
2018-09-26 11:22:46 [main] INFO  com.huifu.saturn.cfca.CFCASignature      -userX509Cert date is valid:Wed Sep 13 12:17:05 CST 2017---Fri Sep 13 12:17:05 CST 2019
2018-09-26 11:22:46 [main] INFO  com.huifu.saturn.cfca.CFCASignature      -userX509Cert is right!
2018-09-26 11:22:46 [main] INFO  com.huifu.saturn.cfca.CFCASignature      -p7 dig alg with verification: SHA-256
2018-09-26 11:22:46 [main] INFO  com.huifu.saturn.cfca.CFCASignature      -p7 cert subject with verification:CN=051@100001@N3501040009317@1, OU=Organizational-1, OU=Local RA, O=CFCA TEST CA, C=CN
2018-09-26 11:22:46 [main] INFO  com.huifu.saturn.cfca.CFCASignature      -p7 signature: ji39OnLTQWw2KYDjS31nYR2N88MuICffXTze2se7xtcxrUdrQCHYIIdPDYKcQ58UEC5bKheWkdXUE2U7uSyjXokA3zuX7zXcF8ASFxZoIOVJF0weUMksliaG6toAhNTHV15b+zAPDRt3BiYZ/0yCb1yXqOD14jhREu6j4IbWsBqWOvqTIYK/l6bXrsfSiWmJ7iLRFVPESeexSufiBH6vXyT+2+6FwqdVPdW4X8P3LjwpZ0y9TEehFT7ma6N0DbDC23oCuKP7uH+PJlBRmRth0ln001pPtkaQQHg7GH92VTLPQMVSsPB1GEHJYMtFBbAZma/vetrQSrdN30AvEBC7tQ==
2018-09-26 11:22:46 [main] INFO  com.huifu.saturn.cfca.CFCASignature      -RSA P7 attach verify OK!
2018-09-26 11:24:26 [main] INFO  .trans.service.impl.TransHFTXServiceImpl -请求参数:{"cmd_id":"306","mer_cust_id":"6666000000045782","user_cust_id":"6666000000046231","version":"10"}
2018-09-26 11:24:28 [main] INFO  com.huifu.saturn.cfca.CFCASignature      -userX509Cert date is valid:Wed Sep 13 12:17:05 CST 2017---Fri Sep 13 12:17:05 CST 2019
2018-09-26 11:24:28 [main] INFO  com.huifu.saturn.cfca.CFCASignature      -userX509Cert is right!
2018-09-26 11:24:28 [main] INFO  com.huifu.saturn.cfca.CFCASignature      -p7 dig alg with verification: SHA-256
2018-09-26 11:24:28 [main] INFO  com.huifu.saturn.cfca.CFCASignature      -p7 cert subject with verification:CN=051@100001@N3501040009317@1, OU=Organizational-1, OU=Local RA, O=CFCA TEST CA, C=CN
2018-09-26 11:24:28 [main] INFO  com.huifu.saturn.cfca.CFCASignature      -p7 signature: ji39OnLTQWw2KYDjS31nYR2N88MuICffXTze2se7xtcxrUdrQCHYIIdPDYKcQ58UEC5bKheWkdXUE2U7uSyjXokA3zuX7zXcF8ASFxZoIOVJF0weUMksliaG6toAhNTHV15b+zAPDRt3BiYZ/0yCb1yXqOD14jhREu6j4IbWsBqWOvqTIYK/l6bXrsfSiWmJ7iLRFVPESeexSufiBH6vXyT+2+6FwqdVPdW4X8P3LjwpZ0y9TEehFT7ma6N0DbDC23oCuKP7uH+PJlBRmRth0ln001pPtkaQQHg7GH92VTLPQMVSsPB1GEHJYMtFBbAZma/vetrQSrdN30AvEBC7tQ==
2018-09-26 11:24:28 [main] INFO  com.huifu.saturn.cfca.CFCASignature      -RSA P7 attach verify OK!
2018-09-26 11:48:21 [main] INFO  .trans.service.impl.TransHFTXServiceImpl -请求参数:{"cmd_id":"306","mer_cust_id":"6666000000045782","user_cust_id":"6666000000046231","version":"10"}
2018-09-26 11:48:23 [main] INFO  com.huifu.saturn.cfca.CFCASignature      -userX509Cert date is valid:Wed Sep 13 12:17:05 CST 2017---Fri Sep 13 12:17:05 CST 2019
2018-09-26 11:48:23 [main] INFO  com.huifu.saturn.cfca.CFCASignature      -userX509Cert is right!
2018-09-26 11:48:23 [main] INFO  com.huifu.saturn.cfca.CFCASignature      -p7 dig alg with verification: SHA-256
2018-09-26 11:48:23 [main] INFO  com.huifu.saturn.cfca.CFCASignature      -p7 cert subject with verification:CN=051@100001@N3501040009317@1, OU=Organizational-1, OU=Local RA, O=CFCA TEST CA, C=CN
2018-09-26 11:48:23 [main] INFO  com.huifu.saturn.cfca.CFCASignature      -p7 signature: ji39OnLTQWw2KYDjS31nYR2N88MuICffXTze2se7xtcxrUdrQCHYIIdPDYKcQ58UEC5bKheWkdXUE2U7uSyjXokA3zuX7zXcF8ASFxZoIOVJF0weUMksliaG6toAhNTHV15b+zAPDRt3BiYZ/0yCb1yXqOD14jhREu6j4IbWsBqWOvqTIYK/l6bXrsfSiWmJ7iLRFVPESeexSufiBH6vXyT+2+6FwqdVPdW4X8P3LjwpZ0y9TEehFT7ma6N0DbDC23oCuKP7uH+PJlBRmRth0ln001pPtkaQQHg7GH92VTLPQMVSsPB1GEHJYMtFBbAZma/vetrQSrdN30AvEBC7tQ==
2018-09-26 11:48:23 [main] INFO  com.huifu.saturn.cfca.CFCASignature      -RSA P7 attach verify OK!
2018-09-26 11:49:15 [main] INFO  .trans.service.impl.TransHFTXServiceImpl -请求参数:{"cmd_id":"306","mer_cust_id":"6666000000045782","user_cust_id":"6666000000046231","version":"10"}
2018-09-26 11:49:16 [main] INFO  com.huifu.saturn.cfca.CFCASignature      -userX509Cert date is valid:Wed Sep 13 12:17:05 CST 2017---Fri Sep 13 12:17:05 CST 2019
2018-09-26 11:49:16 [main] INFO  com.huifu.saturn.cfca.CFCASignature      -userX509Cert is right!
2018-09-26 11:49:16 [main] INFO  com.huifu.saturn.cfca.CFCASignature      -p7 dig alg with verification: SHA-256
2018-09-26 11:49:16 [main] INFO  com.huifu.saturn.cfca.CFCASignature      -p7 cert subject with verification:CN=051@100001@N3501040009317@1, OU=Organizational-1, OU=Local RA, O=CFCA TEST CA, C=CN
2018-09-26 11:49:16 [main] INFO  com.huifu.saturn.cfca.CFCASignature      -p7 signature: ji39OnLTQWw2KYDjS31nYR2N88MuICffXTze2se7xtcxrUdrQCHYIIdPDYKcQ58UEC5bKheWkdXUE2U7uSyjXokA3zuX7zXcF8ASFxZoIOVJF0weUMksliaG6toAhNTHV15b+zAPDRt3BiYZ/0yCb1yXqOD14jhREu6j4IbWsBqWOvqTIYK/l6bXrsfSiWmJ7iLRFVPESeexSufiBH6vXyT+2+6FwqdVPdW4X8P3LjwpZ0y9TEehFT7ma6N0DbDC23oCuKP7uH+PJlBRmRth0ln001pPtkaQQHg7GH92VTLPQMVSsPB1GEHJYMtFBbAZma/vetrQSrdN30AvEBC7tQ==
2018-09-26 11:49:16 [main] INFO  com.huifu.saturn.cfca.CFCASignature      -RSA P7 attach verify OK!
2018-09-26 11:54:22 [main] INFO  .trans.service.impl.TransHFTXServiceImpl -请求参数:{"cmd_id":"306","mer_cust_id":"6666000000045782","user_cust_id":"6666000000046231","version":"10"}
2018-09-26 11:54:24 [main] INFO  com.huifu.saturn.cfca.CFCASignature      -userX509Cert date is valid:Wed Sep 13 12:17:05 CST 2017---Fri Sep 13 12:17:05 CST 2019
2018-09-26 11:54:24 [main] INFO  com.huifu.saturn.cfca.CFCASignature      -userX509Cert is right!
2018-09-26 11:54:24 [main] INFO  com.huifu.saturn.cfca.CFCASignature      -p7 dig alg with verification: SHA-256
2018-09-26 11:54:24 [main] INFO  com.huifu.saturn.cfca.CFCASignature      -p7 cert subject with verification:CN=051@100001@N3501040009317@1, OU=Organizational-1, OU=Local RA, O=CFCA TEST CA, C=CN
2018-09-26 11:54:24 [main] INFO  com.huifu.saturn.cfca.CFCASignature      -p7 signature: ji39OnLTQWw2KYDjS31nYR2N88MuICffXTze2se7xtcxrUdrQCHYIIdPDYKcQ58UEC5bKheWkdXUE2U7uSyjXokA3zuX7zXcF8ASFxZoIOVJF0weUMksliaG6toAhNTHV15b+zAPDRt3BiYZ/0yCb1yXqOD14jhREu6j4IbWsBqWOvqTIYK/l6bXrsfSiWmJ7iLRFVPESeexSufiBH6vXyT+2+6FwqdVPdW4X8P3LjwpZ0y9TEehFT7ma6N0DbDC23oCuKP7uH+PJlBRmRth0ln001pPtkaQQHg7GH92VTLPQMVSsPB1GEHJYMtFBbAZma/vetrQSrdN30AvEBC7tQ==
2018-09-26 11:54:24 [main] INFO  com.huifu.saturn.cfca.CFCASignature      -RSA P7 attach verify OK!
2018-09-26 11:54:52 [main] INFO  .trans.service.impl.TransHFTXServiceImpl -请求参数:{"cmd_id":"306","mer_cust_id":"6666000000045782","user_cust_id":"6666000000046231","version":"10"}
2018-09-26 11:54:54 [main] INFO  com.huifu.saturn.cfca.CFCASignature      -userX509Cert date is valid:Wed Sep 13 12:17:05 CST 2017---Fri Sep 13 12:17:05 CST 2019
2018-09-26 11:54:54 [main] INFO  com.huifu.saturn.cfca.CFCASignature      -userX509Cert is right!
2018-09-26 11:54:54 [main] INFO  com.huifu.saturn.cfca.CFCASignature      -p7 dig alg with verification: SHA-256
2018-09-26 11:54:54 [main] INFO  com.huifu.saturn.cfca.CFCASignature      -p7 cert subject with verification:CN=051@100001@N3501040009317@1, OU=Organizational-1, OU=Local RA, O=CFCA TEST CA, C=CN
2018-09-26 11:54:54 [main] INFO  com.huifu.saturn.cfca.CFCASignature      -p7 signature: ji39OnLTQWw2KYDjS31nYR2N88MuICffXTze2se7xtcxrUdrQCHYIIdPDYKcQ58UEC5bKheWkdXUE2U7uSyjXokA3zuX7zXcF8ASFxZoIOVJF0weUMksliaG6toAhNTHV15b+zAPDRt3BiYZ/0yCb1yXqOD14jhREu6j4IbWsBqWOvqTIYK/l6bXrsfSiWmJ7iLRFVPESeexSufiBH6vXyT+2+6FwqdVPdW4X8P3LjwpZ0y9TEehFT7ma6N0DbDC23oCuKP7uH+PJlBRmRth0ln001pPtkaQQHg7GH92VTLPQMVSsPB1GEHJYMtFBbAZma/vetrQSrdN30AvEBC7tQ==
2018-09-26 11:54:54 [main] INFO  com.huifu.saturn.cfca.CFCASignature      -RSA P7 attach verify OK!
2018-09-26 11:59:34 [main] INFO  .trans.service.impl.TransHFTXServiceImpl -请求参数:{"cmd_id":"306","mer_cust_id":"6666000000045782","user_cust_id":"6666000000046231","version":"10"}
2018-09-26 11:59:36 [main] INFO  com.huifu.saturn.cfca.CFCASignature      -userX509Cert date is valid:Wed Sep 13 12:17:05 CST 2017---Fri Sep 13 12:17:05 CST 2019
2018-09-26 11:59:36 [main] INFO  com.huifu.saturn.cfca.CFCASignature      -userX509Cert is right!
2018-09-26 11:59:36 [main] INFO  com.huifu.saturn.cfca.CFCASignature      -p7 dig alg with verification: SHA-256
2018-09-26 11:59:36 [main] INFO  com.huifu.saturn.cfca.CFCASignature      -p7 cert subject with verification:CN=051@100001@N3501040009317@1, OU=Organizational-1, OU=Local RA, O=CFCA TEST CA, C=CN
2018-09-26 11:59:36 [main] INFO  com.huifu.saturn.cfca.CFCASignature      -p7 signature: ji39OnLTQWw2KYDjS31nYR2N88MuICffXTze2se7xtcxrUdrQCHYIIdPDYKcQ58UEC5bKheWkdXUE2U7uSyjXokA3zuX7zXcF8ASFxZoIOVJF0weUMksliaG6toAhNTHV15b+zAPDRt3BiYZ/0yCb1yXqOD14jhREu6j4IbWsBqWOvqTIYK/l6bXrsfSiWmJ7iLRFVPESeexSufiBH6vXyT+2+6FwqdVPdW4X8P3LjwpZ0y9TEehFT7ma6N0DbDC23oCuKP7uH+PJlBRmRth0ln001pPtkaQQHg7GH92VTLPQMVSsPB1GEHJYMtFBbAZma/vetrQSrdN30AvEBC7tQ==
2018-09-26 11:59:36 [main] INFO  com.huifu.saturn.cfca.CFCASignature      -RSA P7 attach verify OK!
2018-09-26 12:10:00 [main] INFO  .trans.service.impl.TransHFTXServiceImpl -请求参数:{"cmd_id":"306","mer_cust_id":"6666000000045782","user_cust_id":"6666000000046231","version":"10"}
2018-09-26 12:10:02 [main] INFO  com.huifu.saturn.cfca.CFCASignature      -userX509Cert date is valid:Wed Sep 13 12:17:05 CST 2017---Fri Sep 13 12:17:05 CST 2019
2018-09-26 12:10:02 [main] INFO  com.huifu.saturn.cfca.CFCASignature      -userX509Cert is right!
2018-09-26 12:10:02 [main] INFO  com.huifu.saturn.cfca.CFCASignature      -p7 dig alg with verification: SHA-256
2018-09-26 12:10:02 [main] INFO  com.huifu.saturn.cfca.CFCASignature      -p7 cert subject with verification:CN=051@100001@N3501040009317@1, OU=Organizational-1, OU=Local RA, O=CFCA TEST CA, C=CN
2018-09-26 12:10:02 [main] INFO  com.huifu.saturn.cfca.CFCASignature      -p7 signature: ji39OnLTQWw2KYDjS31nYR2N88MuICffXTze2se7xtcxrUdrQCHYIIdPDYKcQ58UEC5bKheWkdXUE2U7uSyjXokA3zuX7zXcF8ASFxZoIOVJF0weUMksliaG6toAhNTHV15b+zAPDRt3BiYZ/0yCb1yXqOD14jhREu6j4IbWsBqWOvqTIYK/l6bXrsfSiWmJ7iLRFVPESeexSufiBH6vXyT+2+6FwqdVPdW4X8P3LjwpZ0y9TEehFT7ma6N0DbDC23oCuKP7uH+PJlBRmRth0ln001pPtkaQQHg7GH92VTLPQMVSsPB1GEHJYMtFBbAZma/vetrQSrdN30AvEBC7tQ==
2018-09-26 12:10:02 [main] INFO  com.huifu.saturn.cfca.CFCASignature      -RSA P7 attach verify OK!
2018-09-26 12:10:36 [main] INFO  .trans.service.impl.TransHFTXServiceImpl -请求参数:{"cmd_id":"306","mer_cust_id":"6666000000045782","user_cust_id":"6666000000046231","version":"10"}
2018-09-26 12:10:38 [main] INFO  com.huifu.saturn.cfca.CFCASignature      -userX509Cert date is valid:Wed Sep 13 12:17:05 CST 2017---Fri Sep 13 12:17:05 CST 2019
2018-09-26 12:10:38 [main] INFO  com.huifu.saturn.cfca.CFCASignature      -userX509Cert is right!
2018-09-26 12:10:38 [main] INFO  com.huifu.saturn.cfca.CFCASignature      -p7 dig alg with verification: SHA-256
2018-09-26 12:10:38 [main] INFO  com.huifu.saturn.cfca.CFCASignature      -p7 cert subject with verification:CN=051@100001@N3501040009317@1, OU=Organizational-1, OU=Local RA, O=CFCA TEST CA, C=CN
2018-09-26 12:10:38 [main] INFO  com.huifu.saturn.cfca.CFCASignature      -p7 signature: ji39OnLTQWw2KYDjS31nYR2N88MuICffXTze2se7xtcxrUdrQCHYIIdPDYKcQ58UEC5bKheWkdXUE2U7uSyjXokA3zuX7zXcF8ASFxZoIOVJF0weUMksliaG6toAhNTHV15b+zAPDRt3BiYZ/0yCb1yXqOD14jhREu6j4IbWsBqWOvqTIYK/l6bXrsfSiWmJ7iLRFVPESeexSufiBH6vXyT+2+6FwqdVPdW4X8P3LjwpZ0y9TEehFT7ma6N0DbDC23oCuKP7uH+PJlBRmRth0ln001pPtkaQQHg7GH92VTLPQMVSsPB1GEHJYMtFBbAZma/vetrQSrdN30AvEBC7tQ==
2018-09-26 12:10:38 [main] INFO  com.huifu.saturn.cfca.CFCASignature      -RSA P7 attach verify OK!
2018-09-26 12:11:42 [main] INFO  .trans.service.impl.TransHFTXServiceImpl -请求参数:{"cmd_id":"306","mer_cust_id":"6666000000045782","user_cust_id":"6666000000046231","version":"10"}
2018-09-26 12:11:44 [main] INFO  com.huifu.saturn.cfca.CFCASignature      -userX509Cert date is valid:Wed Sep 13 12:17:05 CST 2017---Fri Sep 13 12:17:05 CST 2019
2018-09-26 12:11:44 [main] INFO  com.huifu.saturn.cfca.CFCASignature      -userX509Cert is right!
2018-09-26 12:11:44 [main] INFO  com.huifu.saturn.cfca.CFCASignature      -p7 dig alg with verification: SHA-256
2018-09-26 12:11:44 [main] INFO  com.huifu.saturn.cfca.CFCASignature      -p7 cert subject with verification:CN=051@100001@N3501040009317@1, OU=Organizational-1, OU=Local RA, O=CFCA TEST CA, C=CN
2018-09-26 12:11:44 [main] INFO  com.huifu.saturn.cfca.CFCASignature      -p7 signature: ji39OnLTQWw2KYDjS31nYR2N88MuICffXTze2se7xtcxrUdrQCHYIIdPDYKcQ58UEC5bKheWkdXUE2U7uSyjXokA3zuX7zXcF8ASFxZoIOVJF0weUMksliaG6toAhNTHV15b+zAPDRt3BiYZ/0yCb1yXqOD14jhREu6j4IbWsBqWOvqTIYK/l6bXrsfSiWmJ7iLRFVPESeexSufiBH6vXyT+2+6FwqdVPdW4X8P3LjwpZ0y9TEehFT7ma6N0DbDC23oCuKP7uH+PJlBRmRth0ln001pPtkaQQHg7GH92VTLPQMVSsPB1GEHJYMtFBbAZma/vetrQSrdN30AvEBC7tQ==
2018-09-26 12:11:44 [main] INFO  com.huifu.saturn.cfca.CFCASignature      -RSA P7 attach verify OK!
2018-09-26 12:55:14 [main] INFO  .trans.service.impl.TransHFTXServiceImpl -请求参数:{"business_type":"105","cmd_id":"110","mer_cust_id":"6666000000045782","order_date":"20180926","order_id":"20180926501004022001","user_cust_id":"6666000000046231","user_mobile":"13621113262","version":"10"}
2018-09-26 12:55:16 [main] INFO  com.huifu.saturn.cfca.CFCASignature      -userX509Cert date is valid:Wed Sep 13 12:17:05 CST 2017---Fri Sep 13 12:17:05 CST 2019
2018-09-26 12:55:16 [main] INFO  com.huifu.saturn.cfca.CFCASignature      -userX509Cert is right!
2018-09-26 12:55:16 [main] INFO  com.huifu.saturn.cfca.CFCASignature      -p7 dig alg with verification: SHA-256
2018-09-26 12:55:16 [main] INFO  com.huifu.saturn.cfca.CFCASignature      -p7 cert subject with verification:CN=051@100001@N3501040009317@1, OU=Organizational-1, OU=Local RA, O=CFCA TEST CA, C=CN
2018-09-26 12:55:16 [main] INFO  com.huifu.saturn.cfca.CFCASignature      -p7 signature: CI5Mf2nSQIF/AjDdNd4fHgaBQWzKYvGR7B+ZahTokC/401fCJ8MN0tvklt+Dkm5hsUaYVbqn5ckw1nGEQ/aTF5c4wbMKEGfaeooPzgXrNnd/tdh/Fit+hiUWXrHychg5U5nnQ5XifusPTQjtKbjYSVNgQt4ltVmAuK+9yDxO4H0SRp1d6Px3P57PUsV7BCVozvUVkoWhMiOLs73q8Th04mpfZDlMGs8zlnaLNHVHChIZ8xG1ufqyo/JKLxvlrJN6Y2694nVPCSR2ODknROz8ieT9sSQG/GoRAXu+3E5KpDRlCt5oYX6ysSmHw8pAjLZ1/gh4iYgPD9mjFrQhSCw1hw==
2018-09-26 12:55:16 [main] INFO  com.huifu.saturn.cfca.CFCASignature      -RSA P7 attach verify OK!
2018-09-26 13:51:08 [main] INFO  .trans.service.impl.TransHFTXServiceImpl -请求参数:{"bg_ret_url":"http://test.widefinance.cn:8082/transController/hftxnotify.do","cert_id":"110101199003072113","cmd_id":"101","cust_area":"3100","cust_prov":"0031","mer_cust_id":"6666000000045782","order_date":"20180926","order_id":"20180926501004022016","solo_flg":"00000100","user_mobile":"15126311458","user_name":"李四","version":"10"}
2018-09-26 13:51:10 [main] INFO  com.huifu.saturn.cfca.CFCASignature      -userX509Cert date is valid:Wed Sep 13 12:17:05 CST 2017---Fri Sep 13 12:17:05 CST 2019
2018-09-26 13:51:10 [main] INFO  com.huifu.saturn.cfca.CFCASignature      -userX509Cert is right!
2018-09-26 13:51:10 [main] INFO  com.huifu.saturn.cfca.CFCASignature      -p7 dig alg with verification: SHA-256
2018-09-26 13:51:10 [main] INFO  com.huifu.saturn.cfca.CFCASignature      -p7 cert subject with verification:CN=051@100001@N3501040009317@1, OU=Organizational-1, OU=Local RA, O=CFCA TEST CA, C=CN
2018-09-26 13:51:10 [main] INFO  com.huifu.saturn.cfca.CFCASignature      -p7 signature: DUYJ2RZvCSjmpL0FjmBmGlnxwIv02xvjXHCkspcJZl3pv9fznBenRFaRW/4+Viit0kmAG40rdkIK4h2s/5GAuVTY5gW/GB5POytuf8JoGa6blIxFnB2xP11db+F5II3kNSmCouh7mbRaNci3B3uMDaxPY5zj87ybYnqjpU4qn+ETfZj32OXaIluCr/vA3cjaBvTjATGODEHwlqLCzvleQho1oOno3rV9Q6oSSZyV/TpxSbxfDwgQUsMQ5NOZHoRLBSmaTScylU8NkHXIsXJGn7QKk4EtH0AsR4X58e36yv3MV7wT09kXR7YDp7r2mplsr8dTZZfS0JDyHeZXspO9ug==
2018-09-26 13:51:10 [main] INFO  com.huifu.saturn.cfca.CFCASignature      -RSA P7 attach verify OK!
2018-09-26 13:54:43 [main] INFO  .trans.service.impl.TransHFTXServiceImpl -请求参数:{"bank_id":"01050000","bg_ret_url":"http://test.widefinance.cn:8082/transController/hftxnotify.do","card_area":"1100","card_no":"6232510000001130","card_prov":"0011","cmd_id":"104","dc_flag":"0","mer_cust_id":"6666000000045782","order_date":"20180926","order_id":"20180926501004022028","user_cust_id":"6666000000054825","version":"10"}
2018-09-26 13:54:47 [main] INFO  com.huifu.saturn.cfca.CFCASignature      -userX509Cert date is valid:Wed Sep 13 12:17:05 CST 2017---Fri Sep 13 12:17:05 CST 2019
2018-09-26 13:54:47 [main] INFO  com.huifu.saturn.cfca.CFCASignature      -userX509Cert is right!
2018-09-26 13:54:47 [main] INFO  com.huifu.saturn.cfca.CFCASignature      -p7 dig alg with verification: SHA-256
2018-09-26 13:54:47 [main] INFO  com.huifu.saturn.cfca.CFCASignature      -p7 cert subject with verification:CN=051@100001@N3501040009317@1, OU=Organizational-1, OU=Local RA, O=CFCA TEST CA, C=CN
2018-09-26 13:54:47 [main] INFO  com.huifu.saturn.cfca.CFCASignature      -p7 signature: cd7Vzl+JPgMKddjVVG8K8uM729ylgBoA2d1Imju3a2bEhZfy0DW0Jo9oXE20T6nK2gzV6kvGVREbKot7TiZzgTbAJE5Y5S1gRD6m+ShL0mVB2GC39/Ap9L0Z0uoT4cAPBcd8Ay1BUMragVpC6HCjzNiE7lef6HmmTF8BNXVkMcTzWfS5m8aI/PKcnZVKZPrxHjn00SZ/8kqG4zpJT7BpxYEEHSzzJ1ua7hhtEosbnFywgomO5P3GoGHwp3Ajh1+l96TTvs0xsdkPzS25oeZ2ZUyzVahyUyMgT69PzinxHunwm3kdgQKvyL05J1doZ/lPWBxzbD80Mdb8m64nKdXceg==
2018-09-26 13:54:47 [main] INFO  com.huifu.saturn.cfca.CFCASignature      -RSA P7 attach verify OK!
2018-09-26 14:00:15 [main] INFO  .trans.service.impl.TransHFTXServiceImpl -请求参数:{"bank_id":"01050000","bg_ret_url":"http://test.widefinance.cn:8082/transController/hftxnotify.do","card_area":"1100","card_no":"6232510000001130","card_prov":"0011","cmd_id":"104","dc_flag":"0","mer_cust_id":"6666000000045782","order_date":"20180926","order_id":"20180926501004022028","user_cust_id":"6666000000054825","version":"10"}
2018-09-26 14:00:23 [main] INFO  com.huifu.saturn.cfca.CFCASignature      -userX509Cert date is valid:Wed Sep 13 12:17:05 CST 2017---Fri Sep 13 12:17:05 CST 2019
2018-09-26 14:00:23 [main] INFO  com.huifu.saturn.cfca.CFCASignature      -userX509Cert is right!
2018-09-26 14:00:23 [main] INFO  com.huifu.saturn.cfca.CFCASignature      -p7 dig alg with verification: SHA-256
2018-09-26 14:00:23 [main] INFO  com.huifu.saturn.cfca.CFCASignature      -p7 cert subject with verification:CN=051@100001@N3501040009317@1, OU=Organizational-1, OU=Local RA, O=CFCA TEST CA, C=CN
2018-09-26 14:00:23 [main] INFO  com.huifu.saturn.cfca.CFCASignature      -p7 signature: dJdkW2GrQ7dmap0u8yFPVdGiJByv20lBq0V2PGY1Xi8dXSeX5ajjVdR8ibUywYnnIXQ0d8koO3PQrASxIYaZkrQyPMSqLhEhIZOuQDm/3n7b7fmFAhGVeFjOfpz8xZsZlKeKhujxIx8rOUg8ZCO7pnaQjjtJW/9nEYv2XuEdeHA/3t4O6HgZN4t3AWPum0SYL5vlpuOwZImF3jW/OE6mO4y1BwNK9oZeSkvtN40EBmNqlY+2Dzu2o65YWWSRdDkehBH+EmAn3rzTDldJigB1GkCx7sBOUkB8GGQeCqzIbUJWCJw/vB3OGNbo2OfjkSHedKMSCCtRuptBa8S4TSz0YA==
2018-09-26 14:00:23 [main] INFO  com.huifu.saturn.cfca.CFCASignature      -RSA P7 attach verify OK!
2018-09-26 14:02:16 [main] INFO  .trans.service.impl.TransHFTXServiceImpl -请求参数:{"bank_id":"01050000","bg_ret_url":"http://test.widefinance.cn:8082/transController/hftxnotify.do","card_area":"1100","card_no":"6232510000001130","card_prov":"0011","cmd_id":"104","dc_flag":"0","mer_cust_id":"6666000000045782","order_date":"20180926","order_id":"20180926501004022028","user_cust_id":"6666000000054825","version":"10"}
2018-09-26 14:02:17 [main] INFO  com.huifu.saturn.cfca.CFCASignature      -userX509Cert date is valid:Wed Sep 13 12:17:05 CST 2017---Fri Sep 13 12:17:05 CST 2019
2018-09-26 14:02:17 [main] INFO  com.huifu.saturn.cfca.CFCASignature      -userX509Cert is right!
2018-09-26 14:02:17 [main] INFO  com.huifu.saturn.cfca.CFCASignature      -p7 dig alg with verification: SHA-256
2018-09-26 14:02:17 [main] INFO  com.huifu.saturn.cfca.CFCASignature      -p7 cert subject with verification:CN=051@100001@N3501040009317@1, OU=Organizational-1, OU=Local RA, O=CFCA TEST CA, C=CN
2018-09-26 14:02:17 [main] INFO  com.huifu.saturn.cfca.CFCASignature      -p7 signature: XNwd+qjBApNNkAXO2te2Fdq8HwT9zO2+qTyeo7K3twj8JqSwbgAkRQtirlPf6XEJvobl8oj/DJq3yYJrwDK8tXVu3r+mDiMYXRBIquOkwNnP/9sKCj5vU6+S2YjQy0P9fJVa6R2nSIB24aRFwH7Mrdm3eUWZWT/B/tR2o99x5NN+8cq7WTGfbgfnb3FGoNxdYw1BTpFOlEjbwCVJSyYFDgrBQ7JqIVeaTivssZ+XQuhCTYsKB50lwZh2++DbrERxlC3hdsaAe9dz51+kP5GzaYgl1CAw8cLEFJQ0FC3BIR+WZ/julFMcKfbypmp83/ERanCEcafLtvi2YQ3CbXaIfQ==
2018-09-26 14:02:17 [main] INFO  com.huifu.saturn.cfca.CFCASignature      -RSA P7 attach verify OK!
2018-09-26 14:02:35 [main] INFO  .trans.service.impl.TransHFTXServiceImpl -请求参数:{"bank_id":"01050000","bg_ret_url":"http://test.widefinance.cn:8082/transController/hftxnotify.do","card_area":"1100","card_no":"6232510000001130","card_prov":"0011","cmd_id":"104","dc_flag":"0","mer_cust_id":"6666000000045782","order_date":"20180926","order_id":"20180926501004022029","user_cust_id":"6666000000054825","version":"10"}
2018-09-26 14:02:37 [main] INFO  com.huifu.saturn.cfca.CFCASignature      -userX509Cert date is valid:Wed Sep 13 12:17:05 CST 2017---Fri Sep 13 12:17:05 CST 2019
2018-09-26 14:02:37 [main] INFO  com.huifu.saturn.cfca.CFCASignature      -userX509Cert is right!
2018-09-26 14:02:37 [main] INFO  com.huifu.saturn.cfca.CFCASignature      -p7 dig alg with verification: SHA-256
2018-09-26 14:02:37 [main] INFO  com.huifu.saturn.cfca.CFCASignature      -p7 cert subject with verification:CN=051@100001@N3501040009317@1, OU=Organizational-1, OU=Local RA, O=CFCA TEST CA, C=CN
2018-09-26 14:02:37 [main] INFO  com.huifu.saturn.cfca.CFCASignature      -p7 signature: t0KwiB3BeTIlBUSNZULWRapTnZSefBgYCEJEXKbkG42a02T7QJMk/Cs9aqXSdFz3XSlo50+DbcMRrXHGxrrkf5EPhoGA85gHmZkmO7MbPXZdj3JWY2bmdB0DeCE9EO4whs70Kct9oECdw+LmjllWv1YuuvmfOyFM2PuhKUFZYkK0URIxCgApUR1YXR1LgnTFrcH1rMP8dwg1C2yO5NJQXFaa/2IemsRMuONp6dRwNl2OdirZHi+f1YsplZyXnl8syLcCdcaa8B9JC8R/s2PnjQPR4IsdqAJU6fGUOH05iJ7qF6uppSZR5+Gb1becjSrvxxryUsbpwzi3Q1YaY95a6w==
2018-09-26 14:02:37 [main] INFO  com.huifu.saturn.cfca.CFCASignature      -RSA P7 attach verify OK!
2018-09-26 14:03:36 [main] INFO  .trans.service.impl.TransHFTXServiceImpl -请求参数:{"bank_id":"01050000","bg_ret_url":"http://test.widefinance.cn:8082/transController/hftxnotify.do","card_area":"1100","card_no":"6232510000001131","card_prov":"0011","cmd_id":"104","dc_flag":"0","mer_cust_id":"6666000000045782","order_date":"20180926","order_id":"20180926501004022030","user_cust_id":"6666000000054825","version":"10"}
2018-09-26 14:03:40 [main] INFO  com.huifu.saturn.cfca.CFCASignature      -userX509Cert date is valid:Wed Sep 13 12:17:05 CST 2017---Fri Sep 13 12:17:05 CST 2019
2018-09-26 14:03:40 [main] INFO  com.huifu.saturn.cfca.CFCASignature      -userX509Cert is right!
2018-09-26 14:03:40 [main] INFO  com.huifu.saturn.cfca.CFCASignature      -p7 dig alg with verification: SHA-256
2018-09-26 14:03:40 [main] INFO  com.huifu.saturn.cfca.CFCASignature      -p7 cert subject with verification:CN=051@100001@N3501040009317@1, OU=Organizational-1, OU=Local RA, O=CFCA TEST CA, C=CN
2018-09-26 14:03:40 [main] INFO  com.huifu.saturn.cfca.CFCASignature      -p7 signature: qxjSwq9201efXl99YpmNfMjZzSh8YbDtYtB1kO1KZ1SXT6vT4DCvOXI2t9JniJvpWDp8/AMEEQYkFkjEPLzrRopG6wb/63FOya6+QEqqTPveguG6520MpxLaVr+kqqzTM8SDECj5av6zA0ac/Q3U2mih+hlu4UwLJE72AJPa/1mUinH5cMFZYoRsCVQ3/dr5Dyama0OEp2/c6KTCBVLI4xDJtBtsYOcfW1EHK+05d6XhuvB7BK4nZB2dOWPAiqWdOIPwzGh+tz+a5J6YjdOYiKqOA8a5ChpS7SD3MBXs9MJzu2c5/o4epk7HHkaxDNbRaLOMS1+dbXDz3thgTfLhiw==
2018-09-26 14:03:40 [main] INFO  com.huifu.saturn.cfca.CFCASignature      -RSA P7 attach verify OK!
2018-09-26 14:06:20 [main] INFO  .trans.service.impl.TransHFTXServiceImpl -请求参数:{"cmd_id":"301","mer_cust_id":"6666000000045782","order_date":"20180926","order_id":"20180926501004022030","trans_type":"08","version":"10"}
2018-09-26 14:06:27 [main] INFO  com.huifu.saturn.cfca.CFCASignature      -userX509Cert date is valid:Wed Sep 13 12:17:05 CST 2017---Fri Sep 13 12:17:05 CST 2019
2018-09-26 14:06:27 [main] INFO  com.huifu.saturn.cfca.CFCASignature      -userX509Cert is right!
2018-09-26 14:06:27 [main] INFO  com.huifu.saturn.cfca.CFCASignature      -p7 dig alg with verification: SHA-256
2018-09-26 14:06:27 [main] INFO  com.huifu.saturn.cfca.CFCASignature      -p7 cert subject with verification:CN=051@100001@N3501040009317@1, OU=Organizational-1, OU=Local RA, O=CFCA TEST CA, C=CN
2018-09-26 14:06:27 [main] INFO  com.huifu.saturn.cfca.CFCASignature      -p7 signature: sdwkfk0nbJk6JFs507AahREQaCV/MUXmgPUFWDxnrWksoLy0o2DJ9DF6cdcAXKFX7U8TETzprQkbYmzXBOJMR6ekGkG1Ojyc7fm3/dJ8zOQAVo06OBIoG60+ZytOuedegIvCbpV4ArVkL0+xShu5oYrgfdVJFaROwQyJCyaRdeLKrAIl9hCoUGqSD8hHAJ+h8ZNrb/EzhLhHZOyRdP5WY9tn70IIEO9snCVCEoYQ4PXCdPXDxHuMnO3T5YaxZwl7q3o9RzO/hCUPV7fVTSxKEg4aYyVlzHvyaFVZRJiIaufAc7DsdKtwe1bAoo1Bd49nMIm5H55zYwctSPUm7fdhCA==
2018-09-26 14:06:27 [main] INFO  com.huifu.saturn.cfca.CFCASignature      -RSA P7 attach verify OK!
2018-09-26 14:12:26 [main] INFO  .trans.service.impl.TransHFTXServiceImpl -请求参数:{"acct_id":"53993","cmd_id":"303","mer_cust_id":"6666000000045782","user_cust_id":"6666000000045782","version":"10"}
2018-09-26 14:12:28 [main] INFO  com.huifu.saturn.cfca.CFCASignature      -userX509Cert date is valid:Wed Sep 13 12:17:05 CST 2017---Fri Sep 13 12:17:05 CST 2019
2018-09-26 14:12:28 [main] INFO  com.huifu.saturn.cfca.CFCASignature      -userX509Cert is right!
2018-09-26 14:12:28 [main] INFO  com.huifu.saturn.cfca.CFCASignature      -p7 dig alg with verification: SHA-256
2018-09-26 14:12:28 [main] INFO  com.huifu.saturn.cfca.CFCASignature      -p7 cert subject with verification:CN=051@100001@N3501040009317@1, OU=Organizational-1, OU=Local RA, O=CFCA TEST CA, C=CN
2018-09-26 14:12:28 [main] INFO  com.huifu.saturn.cfca.CFCASignature      -p7 signature: Bf9aXpG5hWG37W46MTuEPo7/aDYwnmFxPIcK/hRtKQOFIdgd+1fke4MjdedsFkcCbXVI+Jq/ZOyBUZF7jYxMnbqDIXFan8KnYzGyENCooRCEq7dPaxqAn76yLb/qzrozN7xNvxDQhGdR3TBq8IDcSHUGdX1xbMepH8OY/hqXqb1ozTkJxNNUnPomglERqvq/3OIm+CAta2qX82i9nraI1jmDjQKDClKPoFHP5PPv3+e9Emy/oJMzBk8pYi1Lpp7x7Sfqb+JtNTqrtkk1RNqjIvrhucmFu2Yxyo47SZx3mZXCbU9hu4uQIBeUULUuM93PTjtpAGPDbNEIz+7pVFUKqw==
2018-09-26 14:12:28 [main] INFO  com.huifu.saturn.cfca.CFCASignature      -RSA P7 attach verify OK!
2018-09-26 14:24:26 [main] INFO  .trans.service.impl.TransHFTXServiceImpl -请求参数:{"bg_ret_url":"http://test.widefinance.cn:8082/transController/hftxnotify.do","card_mobile":"13621113262","card_no":"4367480104350836","cmd_id":"216","mer_cust_id":"6666000000045782","order_date":"20180926","order_id":"20180926501004022004","payer_term_type":"01","trans_amt":"10000.00","user_cust_id":"6666000000046231","version":"10"}
2018-09-26 14:24:29 [main] INFO  com.huifu.saturn.cfca.CFCASignature      -userX509Cert date is valid:Wed Sep 13 12:17:05 CST 2017---Fri Sep 13 12:17:05 CST 2019
2018-09-26 14:24:29 [main] INFO  com.huifu.saturn.cfca.CFCASignature      -userX509Cert is right!
2018-09-26 14:24:29 [main] INFO  com.huifu.saturn.cfca.CFCASignature      -p7 dig alg with verification: SHA-256
2018-09-26 14:24:29 [main] INFO  com.huifu.saturn.cfca.CFCASignature      -p7 cert subject with verification:CN=051@100001@N3501040009317@1, OU=Organizational-1, OU=Local RA, O=CFCA TEST CA, C=CN
2018-09-26 14:24:29 [main] INFO  com.huifu.saturn.cfca.CFCASignature      -p7 signature: BfRcw0wvlFBBN7Pjy9BVvgYQZJon7ehQrD3429hun7n5p5jteLG2gfZOgVuzCSmvxlEBZ/axAF+Ac8VA3mmQunFtwPpbyg6LL68dPzXz0VpWhksuAMufCLzW0NTrMjP5GFW0wqmXCAkUfzsxZG28R0ukRanyH84GAOKIVaEN/QZV74HxuXxdCY1tviXPoIAkduO76qeoFRpU1aqG/LLwdbP1gW5RP1iBI12VlO+p6yescrHvisInAYBnjUliPJUYSqZKzLQ3xKP2Qa0HYyt9tl9PFZpt+qSWGoLP3zKs+wJmoib7oMo+Cw0lwAwPlZkR3yYN8dxx2OHpi0FGUY/BXQ==
2018-09-26 14:24:29 [main] INFO  com.huifu.saturn.cfca.CFCASignature      -RSA P7 attach verify OK!
2018-09-26 14:26:00 [main] INFO  .trans.service.impl.TransHFTXServiceImpl -请求参数:{"bg_ret_url":"http://test.widefinance.cn:8082/transController/hftxnotify.do","card_mobile":"13621113262","card_no":"4367480104350836","cmd_id":"216","div_detail":[{"divAcctId":"53993","divAmt":"10000.00","divCustId":"6666000000045782","divFreezeFg":"00"}],"mer_cust_id":"6666000000045782","order_date":"20180926","order_id":"20180926501004022004","payer_term_type":"01","trans_amt":"10000.00","user_cust_id":"6666000000046231","version":"10"}
2018-09-26 14:26:02 [main] INFO  com.huifu.saturn.cfca.CFCASignature      -userX509Cert date is valid:Wed Sep 13 12:17:05 CST 2017---Fri Sep 13 12:17:05 CST 2019
2018-09-26 14:26:02 [main] INFO  com.huifu.saturn.cfca.CFCASignature      -userX509Cert is right!
2018-09-26 14:26:02 [main] INFO  com.huifu.saturn.cfca.CFCASignature      -p7 dig alg with verification: SHA-256
2018-09-26 14:26:02 [main] INFO  com.huifu.saturn.cfca.CFCASignature      -p7 cert subject with verification:CN=051@100001@N3501040009317@1, OU=Organizational-1, OU=Local RA, O=CFCA TEST CA, C=CN
2018-09-26 14:26:02 [main] INFO  com.huifu.saturn.cfca.CFCASignature      -p7 signature: pP9iMIwhc2Nd98gLSbvQ9kpDmwlojXIZzu5RhkqCFUKfc3c3CXEQX7i8QGiDeEwPyCA/sLzmDjC31CmY02i4SGDk7bARoSq0UV9GBbywR76oNyjHuQphZyKjbGHxue6+LXAyDlIUIXacy7evv/y+W063dAmYiVkjpMxxQ4wBGP/Usvjgxg4NzGkhfm5soEnjMW6SazJiH85CkxLK4LyBKjGnjyls2CPfGE2xSego14pPqkSQvODOOFfClnQ8BNQxHGLIvvcftVd36YYVntSnb6JC9oogOZCihEZN/yx30MLRJ5iN4QtLcOQWzWbn0pLCebhkYlpLu0th/QxFbrQ7GQ==
2018-09-26 14:26:02 [main] INFO  com.huifu.saturn.cfca.CFCASignature      -RSA P7 attach verify OK!
2018-09-26 14:28:34 [main] INFO  .trans.service.impl.TransHFTXServiceImpl -请求参数:{"bg_ret_url":"http://test.widefinance.cn:8082/transController/hftxnotify.do","cmd_id":"217","mer_cust_id":"6666000000045782","order_date":"20180926","order_id":"20180926501004022004","request_type":"00","ret_url":"http://test.widefinance.cn","sms_code":"111111","user_cust_id":"6666000000046231","version":"10"}
2018-09-26 14:37:14 [main] INFO  .trans.service.impl.TransHFTXServiceImpl -请求参数:{"bg_ret_url":"http://test.widefinance.cn:8082/transController/hftxnotify.do","card_mobile":"13621113262","card_no":"4367480104350837","cmd_id":"216","div_detail":[{"divAcctId":"53993","divAmt":"10000.00","divCustId":"6666000000045782","divFreezeFg":"00"}],"mer_cust_id":"6666000000045782","order_date":"20180926","order_id":"20180926501004022006","payer_term_type":"01","trans_amt":"10000.00","user_cust_id":"6666000000046231","version":"10"}
2018-09-26 14:37:17 [main] INFO  com.huifu.saturn.cfca.CFCASignature      -userX509Cert date is valid:Wed Sep 13 12:17:05 CST 2017---Fri Sep 13 12:17:05 CST 2019
2018-09-26 14:37:17 [main] INFO  com.huifu.saturn.cfca.CFCASignature      -userX509Cert is right!
2018-09-26 14:37:17 [main] INFO  com.huifu.saturn.cfca.CFCASignature      -p7 dig alg with verification: SHA-256
2018-09-26 14:37:17 [main] INFO  com.huifu.saturn.cfca.CFCASignature      -p7 cert subject with verification:CN=051@100001@N3501040009317@1, OU=Organizational-1, OU=Local RA, O=CFCA TEST CA, C=CN
2018-09-26 14:37:17 [main] INFO  com.huifu.saturn.cfca.CFCASignature      -p7 signature: vC9OxSc62EtKE4kZwe/M1mfoKDQU3xCR2DicSjb37inf6Pucmm1rbwAiV3q14zb15aBG8r2PqPUQc+Nu4lI7ULIcfdjV+ieVBjmxsOoPticGqEHFnjrUKG1Z7tJmVeSUkzVFRMIiX8SYd6nErxBIGh1p4h+qGcK9HocghADOxtkHvbEDSX9NRhM8MjrKH31l9UUE9LxG4zFZT5nEdM6mwFVYLn473pbd2R9ZUFP6XqAhhYJXaBb+hr/GxUg+HvmFt2zlnV9s25gCW+63t1sEtTMY33+cDJf+kTB2bqyu+VWepr7M1PZT4GegG8El+LT0MH9qVDMLJE7MQjS1HRVKpw==
2018-09-26 14:37:17 [main] INFO  com.huifu.saturn.cfca.CFCASignature      -RSA P7 attach verify OK!
2018-09-26 14:38:06 [main] INFO  .trans.service.impl.TransHFTXServiceImpl -请求参数:{"bg_ret_url":"http://test.widefinance.cn:8082/transController/hftxnotify.do","cmd_id":"217","mer_cust_id":"6666000000045782","order_date":"20180926","order_id":"20180926501004022006","request_type":"00","ret_url":"http://test.widefinance.cn","sms_code":"111111","user_cust_id":"6666000000046231","version":"10"}
2018-09-26 14:50:52 [main] INFO  .trans.service.impl.TransHFTXServiceImpl -请求参数:{"bg_ret_url":"http://test.widefinance.cn:8082/transController/hftxnotify.do","bind_card_id":"1000003479","cmd_id":"112","div_detail":[{"divAcctId":"53993","divAmt":"10000.00","divCustId":"6666000000045782","divFreezeFg":"00"}],"mer_cust_id":"6666000000045782","order_date":"20180926","order_id":"20180926501004022007","payer_term_type":"01","trans_amt":"10000.00","user_cust_id":"6666000000046231","version":"10"}
2018-09-26 14:50:55 [main] INFO  com.huifu.saturn.cfca.CFCASignature      -userX509Cert date is valid:Wed Sep 13 12:17:05 CST 2017---Fri Sep 13 12:17:05 CST 2019
2018-09-26 14:50:55 [main] INFO  com.huifu.saturn.cfca.CFCASignature      -userX509Cert is right!
2018-09-26 14:50:55 [main] INFO  com.huifu.saturn.cfca.CFCASignature      -p7 dig alg with verification: SHA-256
2018-09-26 14:50:55 [main] INFO  com.huifu.saturn.cfca.CFCASignature      -p7 cert subject with verification:CN=051@100001@N3501040009317@1, OU=Organizational-1, OU=Local RA, O=CFCA TEST CA, C=CN
2018-09-26 14:50:55 [main] INFO  com.huifu.saturn.cfca.CFCASignature      -p7 signature: cxLkqcEqAhtRlY2t4p5CVOqc7mzN8/6PeCMLj0acdF8JCLszMA/TTLkewDBScbXUQq3N2bbagPhRasKoyZls87KspvYK6QkdcFu4s0mdxlf6JP//v65sS9afdTxRV3PVYWxK9GB1tH+xR2SYgGS/LYudbgAZLftBpgqe6DndL0rdmmCssEe4VsStnrrIdkyWci+PGCM4JIDkgdvGGf6mld3DMKsyClDG0Q8hJ4lQPagwZwdEDgoJYoiLNHAALce3Uf5SsGHcy88ZlrPYt7JhsOl5vYhda0E0oeHabIcjubwKNmewRRpoqWL8OeWhyEMsHcxVRigkvNzD//zy0t32yw==
2018-09-26 14:50:55 [main] INFO  com.huifu.saturn.cfca.CFCASignature      -RSA P7 attach verify OK!
2018-09-26 14:54:13 [main] INFO  .trans.service.impl.TransHFTXServiceImpl -请求参数:{"bg_ret_url":"http://test.widefinance.cn:8082/transController/hftxnotify.do","bind_card_id":"1000002600","cmd_id":"201","div_detail":[{"divAcctId":"53993","divAmt":"10000.00","divCustId":"6666000000045782","divFreezeFg":"00"}],"mer_cust_id":"6666000000045782","order_date":"20180828","order_id":"20180828501004022002","payer_term_type":"01","ret_url":"http://test.widefinance.cn","sms_code":"111111","trans_amt":"10000.00","user_cust_id":"6666000000046231","version":"10"}
2018-09-26 14:57:11 [main] INFO  .trans.service.impl.TransHFTXServiceImpl -请求参数:{"bg_ret_url":"http://test.widefinance.cn:8082/transController/hftxnotify.do","bind_card_id":"1000002600","cmd_id":"201","div_detail":[{"divAcctId":"53993","divAmt":"10000.00","divCustId":"6666000000045782","divFreezeFg":"00"}],"mer_cust_id":"6666000000045782","order_date":"20180926","order_id":"20180926501004022007","payer_term_type":"01","ret_url":"http://test.widefinance.cn","sms_code":"111111","trans_amt":"10000.00","user_cust_id":"6666000000046231","version":"10"}
2018-09-26 14:59:43 [main] INFO  .trans.service.impl.TransHFTXServiceImpl -请求参数:{"bg_ret_url":"http://test.widefinance.cn:8082/transController/hftxnotify.do","bind_card_id":"1000003479","cmd_id":"201","div_detail":[{"divAcctId":"53993","divAmt":"10000.00","divCustId":"6666000000045782","divFreezeFg":"00"}],"mer_cust_id":"6666000000045782","order_date":"20180926","order_id":"20180926501004022007","payer_term_type":"01","ret_url":"http://test.widefinance.cn","sms_code":"111111","trans_amt":"10000.00","user_cust_id":"6666000000046231","version":"10"}
2018-09-26 15:03:43 [main] INFO  .trans.service.impl.TransHFTXServiceImpl -请求参数:{"bg_ret_url":"http://test.widefinance.cn:8082/transController/hftxnotify.do","cmd_id":"203","in_acct_id":"54580","in_cust_id":"6666000000046231","mer_cust_id":"6666000000045782","order_date":"20180926","order_id":"20180926501004022008","out_acct_id":"53993","out_cust_id":"6666000000045782","transfer_amt":"9942.00","transfer_type":"02040003","version":"10"}
2018-09-26 15:03:46 [main] INFO  com.huifu.saturn.cfca.CFCASignature      -userX509Cert date is valid:Wed Sep 13 12:17:05 CST 2017---Fri Sep 13 12:17:05 CST 2019
2018-09-26 15:03:46 [main] INFO  com.huifu.saturn.cfca.CFCASignature      -userX509Cert is right!
2018-09-26 15:03:46 [main] INFO  com.huifu.saturn.cfca.CFCASignature      -p7 dig alg with verification: SHA-256
2018-09-26 15:03:46 [main] INFO  com.huifu.saturn.cfca.CFCASignature      -p7 cert subject with verification:CN=051@100001@N3501040009317@1, OU=Organizational-1, OU=Local RA, O=CFCA TEST CA, C=CN
2018-09-26 15:03:46 [main] INFO  com.huifu.saturn.cfca.CFCASignature      -p7 signature: bHNYtpuRoEFfilj6bfAD2GZyvw00KN/h72MULOWWZ1y5FHnJqJlrgIF6uGCvyueAURg8bq2E05ziH8tV4PMrHz9mHNPXiB/v6J4Klafk/wAJS5pIVPZQgfxFFKaVWsoswzj3syJXFVV1DU72qg40n9oREIhYFINgT5O7Q/wwz47IY9K1v0T3Xugu1H1b/w8uBYjB4mGYTpMTtuL7z2QFZv1k1thJZSMFPrUzez5EJOTfALq3SguFV0etoxE5W8pGfp7oVlDYIIwOd2iEd0SnkR7BCDbVpB6cVCuP0i0L4l4UWcRR/cFjy9PMxb5JCHvW7EN2nsmnSO+WMn6nZuMGHA==
2018-09-26 15:03:46 [main] INFO  com.huifu.saturn.cfca.CFCASignature      -RSA P7 attach verify OK!
2018-09-26 15:12:58 [main] INFO  .trans.service.impl.TransHFTXServiceImpl -请求参数:{"bg_ret_url":"http://test.widefinance.cn:8082/transController/hftxnotify.do","cash_bind_card_id":"75345","cash_type":"02030000","cmd_id":"202","fee_acct_id":"53993","mer_cust_id":"6666000000045782","order_date":"2018926","order_id":"20180926501004022009","trans_amt":"9942.00","user_cust_id":"6666000000046231","version":"10"}
2018-09-26 15:13:00 [main] INFO  com.huifu.saturn.cfca.CFCASignature      -userX509Cert date is valid:Wed Sep 13 12:17:05 CST 2017---Fri Sep 13 12:17:05 CST 2019
2018-09-26 15:13:00 [main] INFO  com.huifu.saturn.cfca.CFCASignature      -userX509Cert is right!
2018-09-26 15:13:00 [main] INFO  com.huifu.saturn.cfca.CFCASignature      -p7 dig alg with verification: SHA-256
2018-09-26 15:13:00 [main] INFO  com.huifu.saturn.cfca.CFCASignature      -p7 cert subject with verification:CN=051@100001@N3501040009317@1, OU=Organizational-1, OU=Local RA, O=CFCA TEST CA, C=CN
2018-09-26 15:13:00 [main] INFO  com.huifu.saturn.cfca.CFCASignature      -p7 signature: pLdVdY5GUUxEOkf7XzoDIhr7qOHB0sXErOz4aTG23BokD6btC8YsjrbD+l4qtTzmrB6hYehGDI3wtmP2C3HwQ56vnbG6KyTfbobxoQeR/RuHWfgXeTtxaZ1P0yZTHN0naVKSG/xnV47rIK6mcaHllNtybhk2yeDBbKF0ZI+fVBqeYszcR0/b/FZYTrZ2wTJOJn28z2fmIcJ4hu+4i2TrX9o7MSgVtX+IJxHebrjVyC8imAWk6Ps1Si6hzbhosHODzwsfr0ZcJKHasi85lER7oTzXHFocXWqFOtNxktCSIBYuva/SepmvrHi7sBlm3IqN1djl9JspBkjboI19n82Tnw==
2018-09-26 15:13:00 [main] INFO  com.huifu.saturn.cfca.CFCASignature      -RSA P7 attach verify OK!
2018-09-26 15:13:12 [main] INFO  .trans.service.impl.TransHFTXServiceImpl -请求参数:{"bg_ret_url":"http://test.widefinance.cn:8082/transController/hftxnotify.do","cash_bind_card_id":"75345","cash_type":"02030000","cmd_id":"202","fee_acct_id":"53993","mer_cust_id":"6666000000045782","order_date":"20180926","order_id":"20180926501004022009","trans_amt":"9942.00","user_cust_id":"6666000000046231","version":"10"}
2018-09-26 15:13:14 [main] INFO  com.huifu.saturn.cfca.CFCASignature      -userX509Cert date is valid:Wed Sep 13 12:17:05 CST 2017---Fri Sep 13 12:17:05 CST 2019
2018-09-26 15:13:14 [main] INFO  com.huifu.saturn.cfca.CFCASignature      -userX509Cert is right!
2018-09-26 15:13:14 [main] INFO  com.huifu.saturn.cfca.CFCASignature      -p7 dig alg with verification: SHA-256
2018-09-26 15:13:14 [main] INFO  com.huifu.saturn.cfca.CFCASignature      -p7 cert subject with verification:CN=051@100001@N3501040009317@1, OU=Organizational-1, OU=Local RA, O=CFCA TEST CA, C=CN
2018-09-26 15:13:14 [main] INFO  com.huifu.saturn.cfca.CFCASignature      -p7 signature: XykNopabhb7zt/isl6yV6877mk6gLU3/HJnFYiv0i+6NxUUzk/Frb/74yabD69+kI8u9DzJbfb4g6tp3V0EPMEeQbTtpGu+M1ZpcJnbA0bPkGoW7Ys+K9EI9VvvH87bhD/ysPXBQjJ9hiuwet08uEsqIDiifZhu8JQFVo0on75RBL6RjjH4jEoVWZH8iAx9q7vTCBVigCqpQjcBMCrliv3OOVmHwkskXVOVSg7Wc36ZBBZklSo1fn06feZVCsndPyO/eaODEWRzFQccKU1T0nYF9qFKGp+y6jpZYrnFADgfc0Gxl4IWgkM8l6n1uLotHNq6ba2u/b9vQj8x84aluTQ==
2018-09-26 15:13:14 [main] INFO  com.huifu.saturn.cfca.CFCASignature      -RSA P7 attach verify OK!
2018-09-26 15:21:07 [main] INFO  .trans.service.impl.TransHFTXServiceImpl -请求参数:{"cmd_id":"306","mer_cust_id":"6666000000045782","user_cust_id":"6666000000054825","version":"10"}
2018-09-26 15:21:09 [main] INFO  com.huifu.saturn.cfca.CFCASignature      -userX509Cert date is valid:Wed Sep 13 12:17:05 CST 2017---Fri Sep 13 12:17:05 CST 2019
2018-09-26 15:21:09 [main] INFO  com.huifu.saturn.cfca.CFCASignature      -userX509Cert is right!
2018-09-26 15:21:09 [main] INFO  com.huifu.saturn.cfca.CFCASignature      -p7 dig alg with verification: SHA-256
2018-09-26 15:21:09 [main] INFO  com.huifu.saturn.cfca.CFCASignature      -p7 cert subject with verification:CN=051@100001@N3501040009317@1, OU=Organizational-1, OU=Local RA, O=CFCA TEST CA, C=CN
2018-09-26 15:21:09 [main] INFO  com.huifu.saturn.cfca.CFCASignature      -p7 signature: axsMNy+ENYNkdsV1R5JA2epm0hoIgvgq3N80oFDNYxJH4cIBDuQLBwn4hRrAH/SD02UENaAeudaXSC5RYqY49jujj2YDMXIzn2yuLgZUbkFq5qU2WQ9wfoYOHCgdXqqDFgwpjKYQb8x8K0ob20a1SITZK0unbtseINEVMFcR2Grr1nnUCh0VqlfPfWpa70gslF8s5mgQ5pTeic3uoEw3Gji7aVcoilM1p2hfpzEV0WqqfwDSjR+nc8hxdrSGajTLlQQKRPvVpv5U3NVu7qo1Lr+CKnqjk7ZeIKndrNGyfbY7fp5lAow7IFulU8jWh8qs6EdOp6tus4dX0EeFgMWTEw==
2018-09-26 15:21:09 [main] INFO  com.huifu.saturn.cfca.CFCASignature      -RSA P7 attach verify OK!
2018-09-26 15:21:22 [main] INFO  .trans.service.impl.TransHFTXServiceImpl -请求参数:{"cmd_id":"306","mer_cust_id":"6666000000045782","user_cust_id":"6666000000046231","version":"10"}
2018-09-26 15:21:24 [main] INFO  com.huifu.saturn.cfca.CFCASignature      -userX509Cert date is valid:Wed Sep 13 12:17:05 CST 2017---Fri Sep 13 12:17:05 CST 2019
2018-09-26 15:21:24 [main] INFO  com.huifu.saturn.cfca.CFCASignature      -userX509Cert is right!
2018-09-26 15:21:24 [main] INFO  com.huifu.saturn.cfca.CFCASignature      -p7 dig alg with verification: SHA-256
2018-09-26 15:21:24 [main] INFO  com.huifu.saturn.cfca.CFCASignature      -p7 cert subject with verification:CN=051@100001@N3501040009317@1, OU=Organizational-1, OU=Local RA, O=CFCA TEST CA, C=CN
2018-09-26 15:21:24 [main] INFO  com.huifu.saturn.cfca.CFCASignature      -p7 signature: hCmVZzIdUKGoUQ/VBDuxQ64i+nFbFMAJm4ltFe7hIP5NvY/+aLDDh1imr+xZ3ko41UIFBd5/1iGSUGRTlobDS7W+A0v2vzr7S5MqNCx+qTMAhO6I6f0IYD+cFcTm+xJmfJTnhOc/y9T3mWZPDjvL59Y1MUGTI4KrH4RM/A38M9f8OVYBDqfzwE8nLE8ujoAJYZ+jLyf6aPjlRRge5isFzrbC0V8GInxqk2mvpHNbpR5uP6Y4lOOifsQZ460RosvjzwoQ5rHi/PABz5L1nGPuHO+01NB1wzYp3/QSLlnjaklirckHnXEgJDdPidgJMvgK/WhBVKIXeqoBwSl9shUpdw==
2018-09-26 15:21:24 [main] INFO  com.huifu.saturn.cfca.CFCASignature      -RSA P7 attach verify OK!
2018-09-26 15:24:29 [main] INFO  .trans.service.impl.TransHFTXServiceImpl -请求参数:{"business_type":"105","cmd_id":"110","mer_cust_id":"6666000000045782","order_date":"20180926","order_id":"20180926501004022010","user_cust_id":"6666000000046231","user_mobile":"13621113262","version":"10"}
2018-09-26 15:24:32 [main] INFO  com.huifu.saturn.cfca.CFCASignature      -userX509Cert date is valid:Wed Sep 13 12:17:05 CST 2017---Fri Sep 13 12:17:05 CST 2019
2018-09-26 15:24:32 [main] INFO  com.huifu.saturn.cfca.CFCASignature      -userX509Cert is right!
2018-09-26 15:24:32 [main] INFO  com.huifu.saturn.cfca.CFCASignature      -p7 dig alg with verification: SHA-256
2018-09-26 15:24:32 [main] INFO  com.huifu.saturn.cfca.CFCASignature      -p7 cert subject with verification:CN=051@100001@N3501040009317@1, OU=Organizational-1, OU=Local RA, O=CFCA TEST CA, C=CN
2018-09-26 15:24:32 [main] INFO  com.huifu.saturn.cfca.CFCASignature      -p7 signature: GuZyv/VW1X49HiwKpZFC+4Fdt2f2+HsbNVZzMaa+MhifPCy8/rEZMIPHqBOFypmNA+5pRmzh21knr5PxgrpMdY4sueVg6UtftXnpZ57vTQuJzURxUUqh+PMFu7MSwWm9N6uyw0oP3+VzHaAkWJUnV9FN/rtxb6t7rlGAEmW6ImUE4zxVcPPzY8I59hItug5Qus1LlHvPT2Amc70sWBWJ8GLaV9jb9c9W9EmgoRJ4JDjtzkOUKs/fPa6guHzLKLCE3vWoJ219B0h12Ctsnq8inRriw6rS2AAME8QzgcFMpZDXG09ShfQKszZNZWzETXSC/VWfFuS9dv33NleAYuInpQ==
2018-09-26 15:24:32 [main] INFO  com.huifu.saturn.cfca.CFCASignature      -RSA P7 attach verify OK!
2018-09-26 15:32:23 [main] INFO  .trans.service.impl.TransHFTXServiceImpl -请求参数:{"bank_id":"01050000","bg_ret_url":"http://test.widefinance.cn:8082/transController/hftxnotify.do","card_buss_type":"2","card_id":"1000003479","cmd_id":"105","mer_cust_id":"6666000000045782","order_date":"20180926","order_id":"20180926501004022011","sms_code":"111111","sms_order_date":"20180926","sms_order_id":"20180926501004022010","user_cust_id":"6666000000046231","version":"10"}
2018-09-26 15:32:25 [main] INFO  com.huifu.saturn.cfca.CFCASignature      -userX509Cert date is valid:Wed Sep 13 12:17:05 CST 2017---Fri Sep 13 12:17:05 CST 2019
2018-09-26 15:32:25 [main] INFO  com.huifu.saturn.cfca.CFCASignature      -userX509Cert is right!
2018-09-26 15:32:25 [main] INFO  com.huifu.saturn.cfca.CFCASignature      -p7 dig alg with verification: SHA-256
2018-09-26 15:32:25 [main] INFO  com.huifu.saturn.cfca.CFCASignature      -p7 cert subject with verification:CN=051@100001@N3501040009317@1, OU=Organizational-1, OU=Local RA, O=CFCA TEST CA, C=CN
2018-09-26 15:32:25 [main] INFO  com.huifu.saturn.cfca.CFCASignature      -p7 signature: BaB1GWX1lqiKKjlGDXHfJHLt9jRznd6ugiQmNXQlAPOx5ScN6Qf8SsfOt1vvWzDkcbRDCEqzBBeoumHD4ugcomD7cR/ybR+F83duRHCqT0alnRSrpP1Pk9tCj6v/iMehBQRvxPRfmv1ruJA3VYJlxNpghbX6WbDnJTh+PM4kDuXovaDHv2ECJx2HowpfHHfMh8NMmFAgdwN5g2Qe7lfSzoowgqCrZwuPwZpXR2EYuF72ShnLKB45BTLsP9SotGhIya86y8TKxYAZoPwIQQll9VUuqy4tEmLUAdy67zh1IeuqCgOjRZ2j+PbLgfbaG1aACMjpXTadeilsDlT0x3PZpQ==
2018-09-26 15:32:25 [main] INFO  com.huifu.saturn.cfca.CFCASignature      -RSA P7 attach verify OK!
2018-09-26 15:33:12 [main] INFO  .trans.service.impl.TransHFTXServiceImpl -请求参数:{"bank_id":"01050000","bg_ret_url":"http://test.widefinance.cn:8082/transController/hftxnotify.do","card_buss_type":"2","card_id":"1000003479","card_mobile":"13621113262","cmd_id":"105","mer_cust_id":"6666000000045782","order_date":"20180926","order_id":"20180926501004022011","sms_code":"111111","sms_order_date":"20180926","sms_order_id":"20180926501004022010","user_cust_id":"6666000000046231","version":"10"}
2018-09-26 15:33:14 [main] INFO  com.huifu.saturn.cfca.CFCASignature      -userX509Cert date is valid:Wed Sep 13 12:17:05 CST 2017---Fri Sep 13 12:17:05 CST 2019
2018-09-26 15:33:14 [main] INFO  com.huifu.saturn.cfca.CFCASignature      -userX509Cert is right!
2018-09-26 15:33:14 [main] INFO  com.huifu.saturn.cfca.CFCASignature      -p7 dig alg with verification: SHA-256
2018-09-26 15:33:14 [main] INFO  com.huifu.saturn.cfca.CFCASignature      -p7 cert subject with verification:CN=051@100001@N3501040009317@1, OU=Organizational-1, OU=Local RA, O=CFCA TEST CA, C=CN
2018-09-26 15:33:14 [main] INFO  com.huifu.saturn.cfca.CFCASignature      -p7 signature: tfmCUyAAfVE8pnE3rLr835hfBFGBckc9naYyHGFmmhEzvoT1gh4E2bZ//rYf0iyfAyuQIDlYC4XJ5HnNBD7c0Dcg5gUTN+9zzaEgB+xDNB12+rQ3WMRsUoxlByAnkuNkXZT5f2aCdyCZPYgN58IymxePYAAiO+LUqpID4fpfVXA5SgIuKzMu12LNt/JUk4d7rhLc4vMt2vrOaqh3tUaAyxvE4Q6p17FRTc2MQsfFQfhc7i5hQmn8Z+qlSSTcgNeupw2idjEkfEWMV9jSlmBiMxdrAKoyu6fpfP02pmE+U16oVlnimZlGHqNkU7nz2fQdxl2dpkr6cnBe/l4OCwp/PQ==
2018-09-26 15:33:14 [main] INFO  com.huifu.saturn.cfca.CFCASignature      -RSA P7 attach verify OK!
2018-09-26 15:37:09 [main] INFO  .trans.service.impl.TransHFTXServiceImpl -请求参数:{"bank_id":"01050000","card_mobile":"13621113262","card_no":"4367480104350838","card_verify_type":"02","cmd_id":"111","dc_flag":"1","mer_cust_id":"6666000000045782","order_date":"20180926","order_id":"20180926501004022012","user_cust_id":"6666000000046231","version":"10"}
2018-09-26 15:37:10 [main] INFO  com.huifu.saturn.cfca.CFCASignature      -userX509Cert date is valid:Wed Sep 13 12:17:05 CST 2017---Fri Sep 13 12:17:05 CST 2019
2018-09-26 15:37:10 [main] INFO  com.huifu.saturn.cfca.CFCASignature      -userX509Cert is right!
2018-09-26 15:37:10 [main] INFO  com.huifu.saturn.cfca.CFCASignature      -p7 dig alg with verification: SHA-256
2018-09-26 15:37:10 [main] INFO  com.huifu.saturn.cfca.CFCASignature      -p7 cert subject with verification:CN=051@100001@N3501040009317@1, OU=Organizational-1, OU=Local RA, O=CFCA TEST CA, C=CN
2018-09-26 15:37:10 [main] INFO  com.huifu.saturn.cfca.CFCASignature      -p7 signature: oqw/wnvRbsTukSPoOU5OPab0klRmfEuNH7Y3nC6+tk7R1gnklHOK/AWMZWnyXJStXISonkhcT0gtRxX5ihs4S4lGk2AgWxlaJa+FEpE/OF/uoO1kBGHaU3quSl8T2jkXSy/AYVSDZ3wvHAFT4daMWB8iik+87uodyoMP2Bgf8teIZB9OjmyVaIBrFcYpX2sH+mmwn7cQWCz+Re9GsyZ3xCAsTLur0GnwnthUlgLjaSHJwa5UyG9/3ljzE8rnhMcdNTisz+KS1U9JP4IdXgNWS1O9lEA0FfySUrzRy5FtxcgBOTc+eQWheIJ1vkb3WpkG/nIHPfQRITVkv0pR2dOyLQ==
2018-09-26 15:37:10 [main] INFO  com.huifu.saturn.cfca.CFCASignature      -RSA P7 attach verify OK!
2018-09-26 15:37:54 [main] INFO  .trans.service.impl.TransHFTXServiceImpl -请求参数:{"bank_id":"01050000","bg_ret_url":"http://test.widefinance.cn:8082/transController/hftxnotify.do","card_mobile":"13621113262","card_no":"4367480104350838","card_verify_type":"02","cmd_id":"111","dc_flag":"1","mer_cust_id":"6666000000045782","order_date":"20180926","order_id":"20180926501004022012","user_cust_id":"6666000000046231","version":"10"}
2018-09-26 15:37:56 [main] INFO  com.huifu.saturn.cfca.CFCASignature      -userX509Cert date is valid:Wed Sep 13 12:17:05 CST 2017---Fri Sep 13 12:17:05 CST 2019
2018-09-26 15:37:56 [main] INFO  com.huifu.saturn.cfca.CFCASignature      -userX509Cert is right!
2018-09-26 15:37:56 [main] INFO  com.huifu.saturn.cfca.CFCASignature      -p7 dig alg with verification: SHA-256
2018-09-26 15:37:56 [main] INFO  com.huifu.saturn.cfca.CFCASignature      -p7 cert subject with verification:CN=051@100001@N3501040009317@1, OU=Organizational-1, OU=Local RA, O=CFCA TEST CA, C=CN
2018-09-26 15:37:56 [main] INFO  com.huifu.saturn.cfca.CFCASignature      -p7 signature: tgGybkDWkFc5paxAHKnt0yD8UqIf1oahRx37vWYe/8GG6PGpQlodvfOCE8KHmE/bG2j3amoloiR+QbAt3ZnnMm4kze3TEg24B2PelfHvBHAUybqhSeXWj2zAUO73M0tTjbSDpJFB6qrhavRs1ba4BoCTJx4Ej/LgW537at0+o9IeyLX9/ikZqmYRVQjesn2wA1tazxpTdGLtIv4WT0yiVrKV7LoX8dhejIkeKYR6t3wrDvNe6+BHXXhT8cAntJwm5LGHwgdfG5SCpSyHk+J4pfiiRmF+9xFLDkwnx7dmzQtbiA7HTDspMmKrCvZY6avNNL5CjSGBZw4ejqVMRGScuA==
2018-09-26 15:37:56 [main] INFO  com.huifu.saturn.cfca.CFCASignature      -RSA P7 attach verify OK!
2018-09-26 15:43:16 [main] INFO  .trans.service.impl.TransHFTXServiceImpl -请求参数:{"bg_ret_url":"http://test.widefinance.cn:8082/transController/hftxnotify.do","card_mobile":"13621113262","card_no":"4367480104350838","cmd_id":"103","dc_flag":"1","mer_cust_id":"6666000000045782","order_date":"20180926","order_id":"20180926501004022012","ret_url":"http://test.widefinance.cn","sms_code":"111111","user_cust_id":"6666000000046231","version":"10"}
