2019-08-28 15:45:14 [main] INFO  UMF                                      -[UMF SDK] 使用Log4j进行日志输出
2019-08-28 15:45:15 [main] INFO  UMF                                      -[UMF SDK] 商户请求数据必填字段校验通过
2019-08-28 15:45:15 [main] INFO  UMF                                      -[UMF SDK] 商户请求校验规则正确
2019-08-28 15:45:15 [main] INFO  UMF                                      -[UMF SDK] 商户请求最终数据封装对象为：url=http://pay.soopay.net/spay/pay/payservice.do,field={identity_code=ZHgwRAbv0tqGxvMJdSLFuQdivS+AyIPWue2DMJALxQemlGIVe7w0p2SMwFE3+154CzX/385MXFDELzHk3IKuSU21d1Lxo7KWdCLn3vgsMkumBem9/UTo4oF7MZg1pCjJ8jKhY52VQxD5Dh4WScjQ76uipeHBXdyhN/r/WHR+CH8=, media_type=MOBILE, sign_type=RSA, media_id=15230178444, charset=UTF-8, card_holder=oVN13FnKidQfnLC5M8jJDPwZgpbi2IhU8KpTmnwtBiUJx+ljSz4QDDKi5frO9zhB6Y7o4TcY0GJu/ZJVJ7ImI81woD8+UtS60ipYIGbMpO031h8MgfzaQUDIClzWfG+oaRqRguLDLsEdiZfusFqX6GmWYdoKYyUADITTkdLcYUo=, card_id=UPeacp2ffIAJmrSdqWKq+2vGTOb5QHNCdV8ePE+V2NJBXFEpel/FINAEZ7O09lKt0wLbL+3uGYq1qtnrCbThVDH8MAI6/j8ENQFyeGX50ehb2Bi9NdxgGFvegpOBUyOx/uELSM+XxnlXLtf4MiY6ygss4Dl75HCjjHu0F8JK8A4=, version=4.0, sign=nZ+LXUD6IUQvSGVV1P+dAWISPTvfu+CmrFyHLIRD8j6tVdQRED1oAX6Hc8AUfpzun8XRA5OPRnG219YtQqA275PHOhsFmC9fKaM1bFhPSC/7qEvW/wHzZcXwEJOW/589yWSGEoJTFMPdVecrv624B/wELujN64djCkkWWgDtv3w=, mer_id=52510, identity_type=1, service=apply_sms_bind_shortcut, mer_cust_id=130123198604101810, res_format=HTML}plain=card_holder=oVN13FnKidQfnLC5M8jJDPwZgpbi2IhU8KpTmnwtBiUJx%2BljSz4QDDKi5frO9zhB6Y7o4TcY0GJu%2FZJVJ7ImI81woD8%2BUtS60ipYIGbMpO031h8MgfzaQUDIClzWfG%2BoaRqRguLDLsEdiZfusFqX6GmWYdoKYyUADITTkdLcYUo%3D&card_id=UPeacp2ffIAJmrSdqWKq%2B2vGTOb5QHNCdV8ePE%2BV2NJBXFEpel%2FFINAEZ7O09lKt0wLbL%2B3uGYq1qtnrCbThVDH8MAI6%2Fj8ENQFyeGX50ehb2Bi9NdxgGFvegpOBUyOx%2FuELSM%2BXxnlXLtf4MiY6ygss4Dl75HCjjHu0F8JK8A4%3D&charset=UTF-8&identity_code=ZHgwRAbv0tqGxvMJdSLFuQdivS%2BAyIPWue2DMJALxQemlGIVe7w0p2SMwFE3%2B154CzX%2F385MXFDELzHk3IKuSU21d1Lxo7KWdCLn3vgsMkumBem9%2FUTo4oF7MZg1pCjJ8jKhY52VQxD5Dh4WScjQ76uipeHBXdyhN%2Fr%2FWHR%2BCH8%3D&identity_type=1&media_id=15230178444&media_type=MOBILE&mer_cust_id=130123198604101810&mer_id=52510&res_format=HTML&service=apply_sms_bind_shortcut&sign_type=RSA&version=4.0sign=nZ+LXUD6IUQvSGVV1P+dAWISPTvfu+CmrFyHLIRD8j6tVdQRED1oAX6Hc8AUfpzun8XRA5OPRnG219YtQqA275PHOhsFmC9fKaM1bFhPSC/7qEvW/wHzZcXwEJOW/589yWSGEoJTFMPdVecrv624B/wELujN64djCkkWWgDtv3w=
2019-08-28 15:45:15 [main] INFO  UMF                                      -连接超时时长为：60000
2019-08-28 15:45:18 [main] INFO  UMF                                      -==============执行post方法结束==============
2019-08-28 15:45:18 [main] INFO  UMF                                      -==============获得HttpEntity结束==============
2019-08-28 15:45:18 [main] INFO  UMF                                      -==============获得输入流结束==============
2019-08-28 15:45:18 [main] INFO  UMF                                      -[UMF SDK] 通讯成功，请求地址返回状态码为：【200】
2019-08-28 15:45:18 [main] INFO  UMF                                      -[UMF SDK] content=bind_id=1908281545199526&mer_id=52510&ret_code=0000&ret_msg=交易成功。&sign_type=RSA&version=4.0&sign=fb4Z7sAT9qVpdlVK14IxOOYH8M4tQq+VwpLEL6q5lOTfEhIdYgOOCWsiNRYY9Hahsvy89S3TaotHqefQh/MQUrql3zM3oiqqctUW9M082GcWHb8S6vWrzRAI0Y5CkbnzwkKR7ieON39mEem6brfAFpgL1yhFv3RldbBlxOUdMNQ=
2019-08-28 15:45:18 [main] INFO  UMF                                      -[UMF SDK] 获取联动公钥证书成功!
2019-08-28 15:45:18 [main] INFO  UMF                                      -[UMF SDK] 验证平台签名是否成功------>true
2019-08-28 15:45:18 [main] INFO  UMF                                      -[UMF SDK] 商户请求联动平台返回最终数据为:{ret_code=0000, bind_id=1908281545199526, mer_id=52510, ret_msg=交易成功。}
2019-08-28 15:51:12 [main] INFO  UMF                                      -[UMF SDK] 使用Log4j进行日志输出
2019-08-28 15:51:12 [main] INFO  UMF                                      -[UMF SDK] 商户请求数据必填字段校验通过
2019-08-28 15:51:12 [main] INFO  UMF                                      -[UMF SDK] 商户请求校验规则正确
2019-08-28 15:51:12 [main] INFO  UMF                                      -[UMF SDK] 商户请求最终数据封装对象为：url=http://pay.soopay.net/spay/pay/payservice.do,field={sign=K7KO8Kbdbo6inZtWdAwk55A30UYb19NwCfuFxP4Icb9UikldML09ioerpC7FvMzeqSl+W2fm7hCVO1qrTheXoY3xFmhq4s3jC4BMmtRcym9OOJ/uhbEoDEGk5iqoH1pmxtSg8ywIYwNbSitYPkyLiyvpXTCguC+XTXbdfhXAruc=, bind_id=1908281545199526, mer_id=52510, sign_type=RSA, service=confirm_bind_shortcut, charset=UTF-8, res_format=HTML, verify_code=167777, version=4.0}plain=bind_id=1908281545199526&charset=UTF-8&mer_id=52510&res_format=HTML&service=confirm_bind_shortcut&sign_type=RSA&verify_code=167777&version=4.0sign=K7KO8Kbdbo6inZtWdAwk55A30UYb19NwCfuFxP4Icb9UikldML09ioerpC7FvMzeqSl+W2fm7hCVO1qrTheXoY3xFmhq4s3jC4BMmtRcym9OOJ/uhbEoDEGk5iqoH1pmxtSg8ywIYwNbSitYPkyLiyvpXTCguC+XTXbdfhXAruc=
2019-08-28 15:51:12 [main] INFO  UMF                                      -连接超时时长为：60000
2019-08-28 15:51:13 [main] INFO  UMF                                      -==============执行post方法结束==============
2019-08-28 15:51:13 [main] INFO  UMF                                      -==============获得HttpEntity结束==============
2019-08-28 15:51:13 [main] INFO  UMF                                      -==============获得输入流结束==============
2019-08-28 15:51:13 [main] INFO  UMF                                      -[UMF SDK] 通讯成功，请求地址返回状态码为：【200】
2019-08-28 15:51:13 [main] INFO  UMF                                      -[UMF SDK] content=mer_id=52510&ret_code=00060015&ret_msg=未找到订单，未申请或者已失效,PSP155114a5135b6&sign_type=RSA&version=4.0&sign=r9DJjkEwea0jg5K27HdRI60weVRnVsM46to/BoGYxeTaP3RS5ADESjhxJ1RpZOUu6fNI6NjMbwxrvh/fOL9tcy1SHkFw+wn79vEHcv4Z3K6rN2w5IVG/ebxn/LXwlmUHlEjdHFgIjwUVgANU5+QiA/1p46yin4C9doMSbA1EVlI=
2019-08-28 15:51:13 [main] INFO  UMF                                      -[UMF SDK] 获取联动公钥证书成功!
2019-08-28 15:51:13 [main] INFO  UMF                                      -[UMF SDK] 验证平台签名是否成功------>true
2019-08-28 15:51:13 [main] INFO  UMF                                      -[UMF SDK] 商户请求联动平台返回最终数据为:{ret_code=00060015, mer_id=52510, ret_msg=未找到订单，未申请或者已失效,PSP155114a5135b6}
2019-08-28 15:52:14 [main] INFO  UMF                                      -[UMF SDK] 使用Log4j进行日志输出
2019-08-28 15:52:15 [main] INFO  UMF                                      -[UMF SDK] 商户请求数据必填字段校验通过
2019-08-28 15:52:15 [main] INFO  UMF                                      -[UMF SDK] 商户请求校验规则正确
2019-08-28 15:52:15 [main] INFO  UMF                                      -[UMF SDK] 商户请求最终数据封装对象为：url=http://pay.soopay.net/spay/pay/payservice.do,field={identity_code=cDlwcOafu9l/5C0ylnnVEUmfXMGngLYEJ9FoDOWvsBIPLGfkNr9JLjIeCy6MuZUuAVrDRm2zbfeuKD99lseFdKXuPydbqfnAj8axd+1N6lbl5B/OatgtKdfN0S0IS/Bjq/OTo0sfyIiGXvDR9/EEA++7xWKAiw1gEbQzj0sjsNI=, media_type=MOBILE, sign_type=RSA, media_id=15230178444, charset=UTF-8, card_holder=qaAV5pKEm8Ym0bKGbTW+Gq2+1Me3P/ZwwFSuBhTpdMto1ftyu7vG1ersUE8b/mQGQnryoTy4A6/bujOWYEyaZ1omBGFnCDgnQRCv+tpmW1fX55XQVASZ25h84AlOu6+xU0loGM2vnlmvWy2YYoJjSTYuZG+r4iS3GZWozb3wbXQ=, card_id=bP+jrvj2dtiiVYOa23fYK3yAYy46f5Qt+IcgH/TnTO5/6ZbDSXHhuvK10dg9h3PQmLQcwE7fz2Ia9zL0MtBc1uLal4vKYCcBe5o7X8E5xvtd2maHs5LrkVFF3fAFST2tvfC06fbnMwN1yYhIes9G468+4NnbSYpgIv4vXHI1q30=, version=4.0, sign=MA9AKkLnkbkWCuQym2zglbzYsIDxwhmAo4O3Xp8kE48qv1dceWr1wCKlY9JpvTJMBWaIeL8Cs67RYRI5kGGHJ4mrWp3a8FqvziwtOpbVycd8F8QaKM6jWCxTwwUDAJlGnJVAwMkVKZiZOJ9NxOY5dLJng9pxTL2sgldh93WXYZo=, mer_id=52510, identity_type=1, service=apply_sms_bind_shortcut, mer_cust_id=130123198604101810, res_format=HTML}plain=card_holder=qaAV5pKEm8Ym0bKGbTW%2BGq2%2B1Me3P%2FZwwFSuBhTpdMto1ftyu7vG1ersUE8b%2FmQGQnryoTy4A6%2FbujOWYEyaZ1omBGFnCDgnQRCv%2BtpmW1fX55XQVASZ25h84AlOu6%2BxU0loGM2vnlmvWy2YYoJjSTYuZG%2Br4iS3GZWozb3wbXQ%3D&card_id=bP%2Bjrvj2dtiiVYOa23fYK3yAYy46f5Qt%2BIcgH%2FTnTO5%2F6ZbDSXHhuvK10dg9h3PQmLQcwE7fz2Ia9zL0MtBc1uLal4vKYCcBe5o7X8E5xvtd2maHs5LrkVFF3fAFST2tvfC06fbnMwN1yYhIes9G468%2B4NnbSYpgIv4vXHI1q30%3D&charset=UTF-8&identity_code=cDlwcOafu9l%2F5C0ylnnVEUmfXMGngLYEJ9FoDOWvsBIPLGfkNr9JLjIeCy6MuZUuAVrDRm2zbfeuKD99lseFdKXuPydbqfnAj8axd%2B1N6lbl5B%2FOatgtKdfN0S0IS%2FBjq%2FOTo0sfyIiGXvDR9%2FEEA%2B%2B7xWKAiw1gEbQzj0sjsNI%3D&identity_type=1&media_id=15230178444&media_type=MOBILE&mer_cust_id=130123198604101810&mer_id=52510&res_format=HTML&service=apply_sms_bind_shortcut&sign_type=RSA&version=4.0sign=MA9AKkLnkbkWCuQym2zglbzYsIDxwhmAo4O3Xp8kE48qv1dceWr1wCKlY9JpvTJMBWaIeL8Cs67RYRI5kGGHJ4mrWp3a8FqvziwtOpbVycd8F8QaKM6jWCxTwwUDAJlGnJVAwMkVKZiZOJ9NxOY5dLJng9pxTL2sgldh93WXYZo=
2019-08-28 15:52:15 [main] INFO  UMF                                      -连接超时时长为：60000
2019-08-28 15:52:17 [main] INFO  UMF                                      -==============执行post方法结束==============
2019-08-28 15:52:17 [main] INFO  UMF                                      -==============获得HttpEntity结束==============
2019-08-28 15:52:17 [main] INFO  UMF                                      -==============获得输入流结束==============
2019-08-28 15:52:17 [main] INFO  UMF                                      -[UMF SDK] 通讯成功，请求地址返回状态码为：【200】
2019-08-28 15:52:17 [main] INFO  UMF                                      -[UMF SDK] content=bind_id=1908281552180243&mer_id=52510&ret_code=0000&ret_msg=交易成功。&sign_type=RSA&version=4.0&sign=KV/X6BlbuK9iy+1GFECPxQjc1TjFiyZGlx7fZBun46nzI1HKgUPMxRve1m29mjZX58qgO2u+SwdVWmSy6J1r81MbbMpr0h+jagQdryPec2zGpOS0WWzSbkuZXQCkjP/V2xJetoL+ZK8H++1ayjIoi15qkz09JWrvLZgh3gO1arE=
2019-08-28 15:52:17 [main] INFO  UMF                                      -[UMF SDK] 获取联动公钥证书成功!
2019-08-28 15:52:17 [main] INFO  UMF                                      -[UMF SDK] 验证平台签名是否成功------>true
2019-08-28 15:52:17 [main] INFO  UMF                                      -[UMF SDK] 商户请求联动平台返回最终数据为:{ret_code=0000, bind_id=1908281552180243, mer_id=52510, ret_msg=交易成功。}
2019-08-28 15:53:08 [main] INFO  UMF                                      -[UMF SDK] 使用Log4j进行日志输出
2019-08-28 15:53:08 [main] INFO  UMF                                      -[UMF SDK] 商户请求数据必填字段校验通过
2019-08-28 15:53:09 [main] INFO  UMF                                      -[UMF SDK] 商户请求校验规则正确
2019-08-28 15:53:09 [main] INFO  UMF                                      -[UMF SDK] 商户请求最终数据封装对象为：url=http://pay.soopay.net/spay/pay/payservice.do,field={sign=X/qemNBLZ7Cd4xX0zzuO9YVwFkdqN5IzLe8P9yOpZbZGEdE4pEXPP7AN1BsFTnVRUoIu7iyqwxxfXH7W6bRe5zjAQ0reezbrn7qgvtFaLjFmtRK2FyVQjoafyFXKQxXGfy78t01NrXEIl73bHTZnnfTBeQPWZ0tFyUFtbVijOA4=, bind_id=1908281552180243, mer_id=52510, sign_type=RSA, service=confirm_bind_shortcut, charset=UTF-8, res_format=HTML, verify_code=057267, version=4.0}plain=bind_id=1908281552180243&charset=UTF-8&mer_id=52510&res_format=HTML&service=confirm_bind_shortcut&sign_type=RSA&verify_code=057267&version=4.0sign=X/qemNBLZ7Cd4xX0zzuO9YVwFkdqN5IzLe8P9yOpZbZGEdE4pEXPP7AN1BsFTnVRUoIu7iyqwxxfXH7W6bRe5zjAQ0reezbrn7qgvtFaLjFmtRK2FyVQjoafyFXKQxXGfy78t01NrXEIl73bHTZnnfTBeQPWZ0tFyUFtbVijOA4=
2019-08-28 15:53:09 [main] INFO  UMF                                      -连接超时时长为：60000
2019-08-28 15:53:12 [main] INFO  UMF                                      -==============执行post方法结束==============
2019-08-28 15:53:12 [main] INFO  UMF                                      -==============获得HttpEntity结束==============
2019-08-28 15:53:12 [main] INFO  UMF                                      -==============获得输入流结束==============
2019-08-28 15:53:12 [main] INFO  UMF                                      -[UMF SDK] 通讯成功，请求地址返回状态码为：【200】
2019-08-28 15:53:12 [main] INFO  UMF                                      -[UMF SDK] content=mer_id=52510&ret_code=0000&ret_msg=交易成功。&sign_type=RSA&usr_busi_agreement_id=UB201908281553130000000035602025&usr_pay_agreement_id=P2019082815531200000000044358826&version=4.0&sign=pNDoYslVwm+dFO5nVov6CXJeYcarcJAIlyVHwxEHHeXpkzjhjmI19CwXOoxqVnji9ObSZdW1giZnwpq1hnXbx4Bb401lk5L2yEy1f/aXnTa87vWW9O0viz30ptfJnkKJdhTeYx+4E0u9147SeZ0NxuqvHDUmhDzqfrxdt3c9QBg=
2019-08-28 15:53:12 [main] INFO  UMF                                      -[UMF SDK] 获取联动公钥证书成功!
2019-08-28 15:53:12 [main] INFO  UMF                                      -[UMF SDK] 验证平台签名是否成功------>true
2019-08-28 15:53:12 [main] INFO  UMF                                      -[UMF SDK] 商户请求联动平台返回最终数据为:{ret_code=0000, usr_pay_agreement_id=P2019082815531200000000044358826, mer_id=52510, ret_msg=交易成功。, usr_busi_agreement_id=UB201908281553130000000035602025}
