2019-04-28 11:46:00 [main] INFO  .interfaces.controller.GateWayController -post body:{"sign":"NEOZeBzHlDNKdcfqdzRbAOk/8QIXqIMfLviNPxNAqYor6oIQgylA+xP2yPHrLGSp4LPcyNOgd341wNvTmw+cQBK8hI0Ay/VjUpOqsAuMnVMn9qV++OQGXwP4tRB6cOJl3rL2RuNcNO13FSoAzJB93OEB7rlMgDf9GJumfkkRZCA=","data":"UeX6zMH3wU/UZvOP9QWVBEGZz2DMYLrtmZIjrTI+QQRxoYA8gyhkADqI4X2ripjHcy6OUDuC/98z/OBH6asXf7AyzdlG1OKTz0kNisUtTb2AcdzVnBf1/3k8hvYs87HgIIpKEtAxnYei694l2s+OhCcjMlnFN8m81JjGl0Hikqc="}
2019-04-28 11:46:30 [main] INFO  .interfaces.controller.GateWayController -post body:"该商户未配置密钥"
2019-04-28 11:46:30 [main] ERROR .interfaces.controller.GateWayController -java.lang.String cannot be cast to com.alibaba.fastjson.JSONObject
java.lang.ClassCastException: java.lang.String cannot be cast to com.alibaba.fastjson.JSONObject
	at com.alibaba.fastjson.JSON.parseObject(JSON.java:169)
	at com.bg.interfaces.controller.GateWayController.main(GateWayController.java:400)
2019-04-28 11:48:44 [main] INFO  .interfaces.controller.GateWayController -post body:{"sign":"OJAfwtDv/Moe3PVSqMaD7JdI1jWLA/Y6alvGFDjEXTttSG+Om8gXuBwTEZ306CU4oG2EqIuxVH0M8m28XGE/8dJTQvj5h5VUM7QZVpgLRSezv/dvRtj1uB33zP8GKrid4Md74hTrMw0dKjo29INT8DMcS49EnIajwpLH4KbhuyI=","data":"OUGwyuohMs5PRwDEqyV6kqhcfF5c63mq8YTUZ5B9vLYYUIDNn/6DWSeUez7jDp/O8ZB8s3dA1rW+vkyDz0ZGsu8Tht2Do2h0m7XaNnCAzIuHoOpf6xYOdDgDDZ7MOP4r/wgxdWQrYnJfi10ne3kyxNQvA7qUOZPKN87OGUvYOdU="}
2019-04-28 11:53:10 [main] INFO  .interfaces.controller.GateWayController -post body:{"sign":"OJAfwtDv/Moe3PVSqMaD7JdI1jWLA/Y6alvGFDjEXTttSG+Om8gXuBwTEZ306CU4oG2EqIuxVH0M8m28XGE/8dJTQvj5h5VUM7QZVpgLRSezv/dvRtj1uB33zP8GKrid4Md74hTrMw0dKjo29INT8DMcS49EnIajwpLH4KbhuyI=","data":"0wpMmqlnxRCW7PnaA62TycWN6CUxUosK1bnSGuKBqxNUOZE43nrfOk0eBAljledKOIL5mCAlH642Ohzz4df6wMXmdfsFlVu7lzoWgFe2PaNfiJX5oadfGao2s8Pbp5bvEA2TWUfh5TELkvjFu4fW2DHmVrXc9dGQL0VNWTNGrl4="}
2019-04-28 12:00:14 [main] INFO  .interfaces.controller.GateWayController -post body:{"sign":"OJAfwtDv/Moe3PVSqMaD7JdI1jWLA/Y6alvGFDjEXTttSG+Om8gXuBwTEZ306CU4oG2EqIuxVH0M8m28XGE/8dJTQvj5h5VUM7QZVpgLRSezv/dvRtj1uB33zP8GKrid4Md74hTrMw0dKjo29INT8DMcS49EnIajwpLH4KbhuyI=","data":"vHLNHT0fEDlhy4eEyWHD9ZK8/0GTtliKcnwma0Y8i/8vUypxDBCcb+D2lP27FENHQuQk//YEW2zbS7VEx4thSc1zmC5XsmJH6PphV55E8lOgvM++jKcixYJoaftnqzM6VDqzus3ngMB7JhHx/8qbUoMrI3mDqBxaOJxy6Jmucl0="}
2019-04-28 12:07:56 [main] INFO  .interfaces.controller.GateWayController -post body:{"sign":"OJAfwtDv/Moe3PVSqMaD7JdI1jWLA/Y6alvGFDjEXTttSG+Om8gXuBwTEZ306CU4oG2EqIuxVH0M8m28XGE/8dJTQvj5h5VUM7QZVpgLRSezv/dvRtj1uB33zP8GKrid4Md74hTrMw0dKjo29INT8DMcS49EnIajwpLH4KbhuyI=","data":"IQNQ5pKoz6/eaoWfkxG5NWiLdpNm1H407J8a8n+YigsL6AL9H47MbCqJ/GlvOqIEF6Avm1SHT1nOZga+TfoRC4VymiaoG4xdGuC9/pwyJ57M2ubNsCUT71TCMwANflzY7L3iF2hm7+jcxl6Pfw70oKs95acsZu5sgJ8159eS8i0="}
2019-04-28 12:12:29 [main] INFO  .interfaces.controller.GateWayController -post body:{"sign":"OJAfwtDv/Moe3PVSqMaD7JdI1jWLA/Y6alvGFDjEXTttSG+Om8gXuBwTEZ306CU4oG2EqIuxVH0M8m28XGE/8dJTQvj5h5VUM7QZVpgLRSezv/dvRtj1uB33zP8GKrid4Md74hTrMw0dKjo29INT8DMcS49EnIajwpLH4KbhuyI=","data":"EHwC6G4c9xDkQMrLKYqdDUXxyFUJend13ArsL6x3DjLY7CPe0dkVPpvvTyB2rZCCZgtBlwORz81M/m6f9MOb8JUIf9QvdEdPEgkABnBkcDcshfdjNIYmQKlKoQjlY7cCVtnffHp3H4xoNp1pKeX+n7E7CMpqzWEAGa4Aju7rPB8="}
2019-04-28 12:21:51 [main] INFO  .interfaces.controller.GateWayController -post body:{"sign":"OJAfwtDv/Moe3PVSqMaD7JdI1jWLA/Y6alvGFDjEXTttSG+Om8gXuBwTEZ306CU4oG2EqIuxVH0M8m28XGE/8dJTQvj5h5VUM7QZVpgLRSezv/dvRtj1uB33zP8GKrid4Md74hTrMw0dKjo29INT8DMcS49EnIajwpLH4KbhuyI=","data":"TAPhA1E6q5heMQk3ysD6AsNMAELpxpYvQos5yQ1cIy6VHFCxGLaJ9aVScAv3zoxPZKV7FwPJ5lhJUqM857YmQdOGWvJtPtxrvJJYi9xDtefK2ej31MOnABxlmUlvtsmsl+SxugYYRGh2K+dbaIjWbHeh6SUPtgkOz0oIQdscwkk="}
2019-04-28 12:24:32 [main] INFO  .interfaces.controller.GateWayController -post body:{"sign":"dTpbzMog+RfJeG0XUU73z083xprxUGy6+FlM4i5eOLs3Do/gWKqi/3ewCo5oirB/edHB+KMs8REZXYUDK/RNAD1ZdZSG1JQD5bAXOVfGhlWMO00jCVSjF9M/Ou5G6xzgJ3AiC0W6igPAkCYJqeahxKHIJJZW/1cDxzT64PuSeZ8=","data":"DjeIAw8cxBO2kjcpmkdWZUBNGjyre22LbYES58Ofxb5hkJ+srJXw7kJPF7OAVSws3VJKe4J75IE76NBQ5mYje3kmjzvHWsEyUQhIx/hRpRCdu+uEqubgPKkdN83LDt11U6ocS4tEn3kn+O5NJSGe+xAoBS+6Qwmd81wI7MRLYhoQwI1jz/oM6V9LVTsJgM6cIIUYSP8pfggsr0ZMw5RRod60PArFt3S38ixkMh/+GCebe9IpVk1w+Jhaty/pz9SWCeaRYYuTfTa32zkeEdnBECQgthanVC4Q1yKWSaBe7HqA3jq7O1DB3+BYcaxUSP+VuUxYnhFPxm0YpoQknkf78Q=="}
2019-04-28 12:27:50 [main] INFO  .interfaces.controller.GateWayController -post body:{"sign":"aof6LJcmVkopckkpPH0b12jG3GscfpWKRwQLGiMPEmukbtBuOG69Y/SfEOtPYcKiZieve03+fTe6L25Jg2C9chuZ4n7SkXjmTA1JwRngRYKgnmwjX5e6A2iVcYUeKIEpjsnMKlzvoh54WArN2ot6CtNk7+DnPpVhp1Jr1gn80mo=","data":"K9nk1GrCJ0umtGEMjCK2S3EzzQIPUq6XbOAjH77QYYEoNYNpauSivqrq6RnJlMPj8snIjN/sOZQt/S6UfcCh7tJ7KvlutVKbUx+0MHn1qe8bj3botDh8xoeKe1qAcY+yH1WIdWpsqClwLbwt+9Xb3Ca/ImSF9xq/caQtX9VQPVO9EYxUfNtzBg8Uy8XeJrJ6WXINDRh0xSTWnvDDna+6bTB7OwHH9CaQDF/j6b4TwoDK0VrsG+SKpYj1/d8xh/XVguzbESyAjBe+mRwLpDPLEB5lJ/8kAKVkBmhNal1lqM7jR2+lHeRRnN5whRhRUSgs2GeJUySfWDV9xq9sqQwXJA=="}
2019-04-28 15:13:13 [main] INFO  .interfaces.controller.GateWayController -post body:{"sign":"jCRnVMFlTr6IrSror5L7wKe8Qynn+YKkyk3K+ACg5CH5wVkzO4hiHaEK354EDJJJJ7tLqw+Dt77XPP2ZQB20jiHIwXq6N5fMe8iLDiwSYuGmrQc3lijAnTKK12fy0x29v77MUdR0VnhoiRZmXF0YBWzRBxLWOSY9DQqUURb7Yt8=","data":"uQKqPE9GTFClzXZdTHDm5nqltMSe/dyD+azicvI3qmVYNg9ko58Wn0kxfGzBaF0+7lTZM1JY9FJ+vX49sV0+LGQ716QKFaQwZLAArNk9BFFIQ7owP9M7N0AqEs20zki3PmGhTM95bKJI9ArGTD1ALzlWSUDy+H+p2C9cqr1CCmxjn3idAIJqTkQroaLYfR+IL/0D2P2U6224CtGVtkdZ5Rp7dQr3Q25ns/Su3gJXRkrKAwypJ2ZO3J6lkhdBschP3v1KEkpHe1oD9JBwHH3sIRPFH0On/opjRjOWgnecVWwuCEBOm6u+lCkQP9L7DeSOS1Ji/P1ZZ2eHLe17Q4vhmQ=="}
2019-04-28 15:14:40 [main] INFO  .interfaces.controller.GateWayController -post body:{"sign":"fd1QGE8SfCAAoz656PU75+7oHpKB0kVVZLu/pvAJqaNMwe4HBJ70YZywoNo3CMX5jAbT1YpaPL9wErUt+tO57Wd76Hs9gepEY3rI9BzdOFH8atAcsLbfIHTHX/hpruF7uVTVxiZH2ZsC8zjIqJqiH52xmUDU7ugzzPQBlAfe07E=","data":"xNDR/cA31YGBX3jgaU6jIoig4Lc/DKuCIQjVAPNm2qLHf6ho5wWbMUc6d/RN7OdczfKuplfo6hIP2rsWWqfohSwk/mBUjZRwa7Pr+cAzEPSHFAUpM9xnitt0fq+UIGE8Dys887EgxTCCoit13BfqUzDEI+GiwvnkqEgU6yPHkiSiXV/VUUHWW7ODP1m1hMgqdOrYjjTR6AkvoFb9zTVS9SJbBnKT0pBqT2INrZ4UaVy6PUc333MyZrnf1Ehm9wi3TvYjtNlT5O3XSUBWj8W9ad7EXrAocyKzaISIgNEakZ0B3TjlFkTR+/38tLqAyGSJJI9Y4RVqQyGHzoY0ZE1PkA=="}
2019-04-28 15:15:12 [main] INFO  .interfaces.controller.GateWayController -post body:{"sign":"jCRnVMFlTr6IrSror5L7wKe8Qynn+YKkyk3K+ACg5CH5wVkzO4hiHaEK354EDJJJJ7tLqw+Dt77XPP2ZQB20jiHIwXq6N5fMe8iLDiwSYuGmrQc3lijAnTKK12fy0x29v77MUdR0VnhoiRZmXF0YBWzRBxLWOSY9DQqUURb7Yt8=","data":"OWq7YoeGI1PiDJY/ewqWa+PcsW4kbXNSltm2evpzghAR7AJUJfxowyCkO/9f7FtxsftC/7YxHs+5E51MF+2xA6p4h2M+GVR39xVTDEycALGwvhPFJoKdnKimFJrzt3ohFZEqYEKnSYuzAKhfK/s5z1ubwvSm10aVs0R9ndnDFWVvsCA1BtJ1rOZqNNaw52qtg51/EF+1/XjQLqRSj16pEunICiDns0XrcUeElia7P32BAgNkA90YjkW7gS5890eVSoKPnH5LyocPB0GUgVFPsufE8FUQmE0NkOtqsJLJAVvpu/HmcC2dtE1WINOOpi24I+rDmnLfzq6LzJI6rWJqqg=="}
2019-04-28 15:27:32 [main] INFO  .interfaces.controller.GateWayController -post body:{"sign":"jCRnVMFlTr6IrSror5L7wKe8Qynn+YKkyk3K+ACg5CH5wVkzO4hiHaEK354EDJJJJ7tLqw+Dt77XPP2ZQB20jiHIwXq6N5fMe8iLDiwSYuGmrQc3lijAnTKK12fy0x29v77MUdR0VnhoiRZmXF0YBWzRBxLWOSY9DQqUURb7Yt8=","data":"bk9uBFpVJkOJIht0nyo+FwzM9LyjFYBjLZVRa34PzT354gBbZX6XigaM+POBBV65gPNa7X/ygH+A3vuxP4DdWHCuWmeB3kgnfkk7njn9tVmalT52ylCDcya+AhfJ3yIjDw1pzMUFIgMtpWXA6HTC0lSmMF54+lULkMRhuMz6848XERzDb9Q1+0SRoaSwb3rHLfWTHmkVKOQlJlt71bsPFBfhjIw5/sZ8PCscyT2DC7EHHA4joqR16I/8GAaH3s4kXV4cTE1l0N0wou7pTOcCuskRFkzvOxqAefW4gXJnnAQ875cAjN7Tb8Y1m8sUVj/tkk3yHMPWo3mi7uqp1w+jLA=="}
2019-04-28 16:30:24 [main] INFO  .interfaces.controller.GateWayController -http://test.widefinance.cn/gateway.do [Content-Type: application/x-www-form-urlencoded; charset=UTF-8,Content-Length: 1142,Chunked: false] 500
2019-04-28 16:36:59 [main] INFO  .interfaces.controller.GateWayController -post body:{"sign":"jOjAp3YPfK+gPHQgpk6VzhbcsyNKBw2zK1TFjLDGKT6PN8twcRK6fCS94k2n9XCkPHSyN+zJB9/m9wqL2Bc5MKuKC5lJJRfO/COtAI2K4a4hRttc2k//KdtfkHSzkjvl6I20bZVnUoGW9gj8oTtLASvYOGQ3G9OBl4AzNG9EsmM=","data":"O1oK/6b9KMIS490W4Iyq2MWlo+TAdeU2p5DU1kCs4Rkgc78Wr6nMeCnwJl0amj42vOx8/0xwPAfzXoRw6BtTkmilwoEOD/NHa8r2+Fdof7xPdA9z1uS+1fA834Bni99LhfXiYUEMwtwWbY7Bj2T55S6Ab+4Vj9GLosZQjLVUFss="}
2019-04-28 16:39:15 [main] INFO  .interfaces.controller.GateWayController -http://test.widefinance.cn/gateway.do [Content-Type: application/x-www-form-urlencoded; charset=UTF-8,Content-Length: 1132,Chunked: false] 500
2019-04-28 16:41:10 [main] INFO  .interfaces.controller.GateWayController -post body:{"sign":"f4D0bo+SZcAN2+wgeCo8cfV1PdRVRIhby0zYKiaZ1sMxQC+Pwhj5jlY0yxoac9ArH95BPxu6+E5RRDzH+MUvIc8xjA8oOSg9SY0MmpyV3Q5cz9lBT42002DDaWUXj+0nzLYHdVkJzcP+HILjC9mAWhdnJdl7IvBtSxPsSLJWSHY=","data":"KB+VO9GiMjm68HIjPPsbcoNOJoprqV6nb0sVgWggzrGwx0fWNsjyF/ZgBZMXoin63SHdZh8L6Y0FHuukYiLo9Ue/unjVPBoWt+yc9OuzaKWt6gYM/JKFplkyxPGaCpeGM7I+8fxafMhXbHqWuX7DiK+7cbeARr7wyZs6fraaULoFqBbwQpDD0OTnU6snXTEX6+Fg0ugcAGv88YDpvTfvaMXaDaWvsSW8kb81ptJEHTZX+v0UOnzYDghYuX0RAqvk5EVqrGLTkhEb1h09FepKOBuTGawuqEoCn2uE7wj6wfZCc7TPK30P8XzSY/ZkcnNTttenrRoeyGHotDE+v80BcA=="}
2019-04-28 16:43:25 [main] INFO  .interfaces.controller.GateWayController -post body:{"sign":"nQSW5X8F5gDlF1U7Dm7BgzR1n1U8BoVQ2f5j0Qmm0uMJB/hvIq0VzF191K85AEeMclBFR4Bkt6dN85+3ubFhevAfvl+VWXoxvh+FL7O34p3ZiajQf3/EieUEwVjMm//y+hGwOn5nOb+UO2oSde0A1R4TVi3cAnGmUFZCdBJrKJc=","data":"CAoUcQfF10AGmyjhMlwFlAsCN6GJBrme5MA84M07xKlu94264HRiTmY14QHMnHauM4hbbyGzm2HuRxHZ6qJxro/9S4Qhr5IlBfIPA7pOWLHQXot/U++z0P+pEzSwPDWJjCWC3dhK1VqzJdhg9Y7bHRYgDPAS5ykPfR9kAfYPEmRomQsrN9rzDBuM3+0W873H6KAMOF5kFCFk3LJYMNu4XWNi/gBwIe7YPA783RHGQ5+UCYF6L2eYoxkgcFEyg25cr/y29qE2Q8FVqpRxg8y4w82z7w6j7E/XkY26FNJ1Cx8hu0yOiOvt9hFCwW19cjyWhxJXpXTF/NsEmSh6rggbbQ=="}
2019-04-28 16:44:51 [main] INFO  .interfaces.controller.GateWayController -post body:{"sign":"EpmAeuSdeZp5m72Tma7xINeh3fZDGR4c96C49w6LuETzttMuc+mNXdj7FVgRXtEjExfSuXyCS9lxtfEEo6D0yn46FQW/YPSuCRA/wkIruqhwistR1zDLBOU+VrA+Jz6R+Q2kHa/Bxsx08NbKW3/Eg2Nu9dfxYbs32alBjC3LgnA=","data":"SuA+wL7B4P/9vLdtJr96IDnf4KmyXsl0slfqFzAf5u8T7pmihXzPbqnTV7qfVYpV41zgg1rNo5x/FGHYtHTVHOa90d1okcOjI/Fm0NzaUZ3QY6Bie6oUxLZ3uKzef1ML/n1WPcfUJ0FUZIELdPsR9RzwPrygIsEvDrZXppY9oxqjy01X8vS/c9eBJOasHpx7rVKxY2kPhr2aZZ1ne6gvaqQgyvwCi7AyRfU0HLrF+gjezJsBcfSKnRzI98HzFeZyrafD6QDMRjxtYUbAqGma5aqLybdGgRbGle25jwMn6fsY+Syd8s/4X+K7strXrW7OLNRqClJnpmTOHs+OXc97xg=="}
2019-04-28 16:50:16 [main] INFO  .interfaces.controller.GateWayController -post body:{"sign":"CjUGTkczT1Wcnd/3bO4gSRHY8qVzX2KGM9JHuLi++7yDSppevq8hwPe7zdEYi9x81Mns+0jDqWGTpDdHpP2/gpYSx6jPenlm7jFg9c0eSXbICGoC7fdRy6AXZgq5HdN9J4BRuqiKu8PL8vPfHEgblEmqFVgZZ5oc1moVwI4BRV0=","data":"nbrEJGqNG9djai2qysF/rPmbViE7n6tvKSmeH3OC/JrtBjFEkn09xwHhWH+nsqTrQdKxyqWWS8OFsgEckJhVD5FBcuglEnuQj7ZBst1ig35qhg11ZWJExgM1V+v1dNmxrtKf+VTFjrzAUL9G6MfygO1Trpg6826P5C2y263fR2lIfqT9slr1s0zcEENMnxgGTFVrobACU6O2fO+t0Ml5cjiX4mpevHJyci6eKiKZRVlQrPf4Grmy40DZwf7ofURbtJ8gPvw++6/lVDt+Wa+PuZleuHnaOyMxwl7uz73j/guMMq1sOL1+A4xdGppbT5+nsrNw1qtzh6lEJbP/yFDcgg=="}
2019-04-28 16:54:58 [main] INFO  .interfaces.controller.GateWayController -post body:
<html>
<head>
<title>Exception!</title>
</head>
<body>

<H2>错误异常: NullPointerException</H2>
<hr />
<P>错误描述：</P>
null
<P>错误信息：</P>
java.lang.NullPointerException
	at sun.misc.FloatingDecimal.readJavaFormatString(FloatingDecimal.java:1017)
	at java.lang.Double.parseDouble(Double.java:540)
	at com.bg.interfaces.service.impl.GateWayServiceByHFTXEloanImpl.process1026(GateWayServiceByHFTXEloanImpl.java:216)
	at com.bg.interfaces.controller.GateWayController.gateway(GateWayController.java:183)
	at sun.reflect.NativeMethodAccessorImpl.invoke0(Native Method)
	at sun.reflect.NativeMethodAccessorImpl.invoke(NativeMethodAccessorImpl.java:57)
	at sun.reflect.DelegatingMethodAccessorImpl.invoke(DelegatingMethodAccessorImpl.java:43)
	at java.lang.reflect.Method.invoke(Method.java:606)
	at org.springframework.web.bind.annotation.support.HandlerMethodInvoker.invokeHandlerMethod(HandlerMethodInvoker.java:176)
	at org.springframework.web.servlet.mvc.annotation.AnnotationMethodHandlerAdapter.invokeHandlerMethod(AnnotationMethodHandlerAdapter.java:436)
	at org.springframework.web.servlet.mvc.annotation.AnnotationMethodHandlerAdapter.handle(AnnotationMethodHandlerAdapter.java:424)
	at org.springframework.web.servlet.DispatcherServlet.doDispatch(DispatcherServlet.java:923)
	at org.springframework.web.servlet.DispatcherServlet.doService(DispatcherServlet.java:852)
	at org.springframework.web.servlet.FrameworkServlet.processRequest(FrameworkServlet.java:882)
	at org.springframework.web.servlet.FrameworkServlet.doPost(FrameworkServlet.java:789)
	at javax.servlet.http.HttpServlet.service(HttpServlet.java:641)
	at javax.servlet.http.HttpServlet.service(HttpServlet.java:722)
	at org.apache.catalina.core.ApplicationFilterChain.internalDoFilter(ApplicationFilterChain.java:305)
	at org.apache.catalina.core.ApplicationFilterChain.doFilter(ApplicationFilterChain.java:210)
	at com.alibaba.druid.support.http.WebStatFilter.doFilter(WebStatFilter.java:140)
	at org.apache.catalina.core.ApplicationFilterChain.internalDoFilter(ApplicationFilterChain.java:243)
	at org.apache.catalina.core.ApplicationFilterChain.doFilter(ApplicationFilterChain.java:210)
	at org.springframework.web.filter.CharacterEncodingFilter.doFilterInternal(CharacterEncodingFilter.java:88)
	at org.springframework.web.filter.OncePerRequestFilter.doFilter(OncePerRequestFilter.java:76)
	at org.apache.catalina.core.ApplicationFilterChain.internalDoFilter(ApplicationFilterChain.java:243)
	at org.apache.catalina.core.ApplicationFilterChain.doFilter(ApplicationFilterChain.java:210)
	at org.springframework.orm.hibernate4.support.OpenSessionInViewFilter.doFilterInternal(OpenSessionInViewFilter.java:119)
	at org.springframework.web.filter.OncePerRequestFilter.doFilter(OncePerRequestFilter.java:76)
	at org.apache.catalina.core.ApplicationFilterChain.internalDoFilter(ApplicationFilterChain.java:243)
	at org.apache.catalina.core.ApplicationFilterChain.doFilter(ApplicationFilterChain.java:210)
	at org.apache.catalina.core.StandardWrapperValve.invoke(StandardWrapperValve.java:222)
	at org.apache.catalina.core.StandardContextValve.invoke(StandardContextValve.java:123)
	at org.apache.catalina.authenticator.AuthenticatorBase.invoke(AuthenticatorBase.java:472)
	at org.apache.catalina.core.StandardHostValve.invoke(StandardHostValve.java:168)
	at org.apache.catalina.valves.ErrorReportValve.invoke(ErrorReportValve.java:99)
	at org.apache.catalina.valves.AccessLogValve.invoke(AccessLogValve.java:929)
	at org.apache.catalina.core.StandardEngineValve.invoke(StandardEngineValve.java:118)
	at org.apache.catalina.connector.CoyoteAdapter.service(CoyoteAdapter.java:407)
	at org.apache.coyote.http11.AbstractHttp11Processor.process(AbstractHttp11Processor.java:1002)
	at org.apache.coyote.AbstractProtocol$AbstractConnectionHandler.process(AbstractProtocol.java:585)
	at org.apache.tomcat.util.net.JIoEndpoint$SocketProcessor.run(JIoEndpoint.java:310)
	at java.util.concurrent.ThreadPoolExecutor.runWorker(ThreadPoolExecutor.java:1152)
	at java.util.concurrent.ThreadPoolExecutor$Worker.run(ThreadPoolExecutor.java:622)
	at java.lang.Thread.run(Thread.java:748)

</body>
</html>
2019-04-28 16:54:58 [main] ERROR .interfaces.controller.GateWayController -syntax error, pos 2
com.alibaba.fastjson.JSONException: syntax error, pos 2
	at com.alibaba.fastjson.parser.DefaultJSONParser.parse(DefaultJSONParser.java:1240)
	at com.alibaba.fastjson.parser.DefaultJSONParser.parse(DefaultJSONParser.java:1153)
	at com.alibaba.fastjson.JSON.parse(JSON.java:102)
	at com.alibaba.fastjson.JSON.parse(JSON.java:93)
	at com.alibaba.fastjson.JSON.parseObject(JSON.java:164)
	at com.bg.interfaces.controller.GateWayController.main(GateWayController.java:423)
2019-04-28 16:56:28 [main] INFO  .interfaces.controller.GateWayController -post body:{"sign":"lB4cFOfTPaYkQqhfjGN5GEjsdpFgVZhdRY2sCQIYQeqtv495NThq66Ax9dPmgkkQe4d4YLAE0i1ub6vtYHO4s34ThttcMQk7ffdTTsXjkgICWWcUW+k58D3g/y+0Oo/CJqjToqr6ZxfYi1jNf4EA+7tq7vHVPKdxzaB559+ZKTM=","data":"0ZSvb+PiE2oe+an29txQQSInezxcNfeuNnUfBJs+buApyReoOmS0eKb/hlyPMFMEHcsMl9BNV0YDPkoVYstGB8HyRK420lfNmWa62lkarRGiPxga8rWFy7eRY43TMWNhK1l5+lCNXEJAW7CWWokz6Oaerz9DighmAjiKBBjZc/U="}
2019-04-28 17:05:02 [main] INFO  .interfaces.controller.GateWayController -post body:{"sign":"XXO2s7TNTeRXixaH09C8JUtrPddYXHFyMTcnJGF4x5fqxHAX5Kuz+d5ulR1lwk5u2fYRNeuVSDwBZUV4CAfSGq6dHohfoZlFzuIohfcU8+S/54OIUblz80fxBVnuQb4SSPmbwawhHlGluVW4cuA97ImPiwidGnrFxKokjYf9vnw=","data":"Dy2nmm+fqIVCxsRc7BdOzReOO35K5mTROe2ITZLZTQBV5iDvIXKYrQUF2ZNlHKItdlQnIcnr9zbNKt/MZ7GHMHiZn8QDeg4wYD7mGXeJbWWd+PRx7FO2Ws00F8KvM5uhUOH5FIj1YjZDvPv9bEDgpR34RS9P2t4u4OrrUI/YCKgt52ipehGp6kRfgizoG/fZgszU4TkwB0PTJ2A+QBiYoOfVibnYoOPv7ukozY4ukQEbyO5LDsMsrvxDQrfxfdiw4WH05VHC0s8Px3lq6fGYbHLw15uFN6GLgAAfX1ENQCahD+tqY0Pw+yhul7Kr+ILN7eSJSty+sVFl4sbCoedA/w=="}
2019-04-28 17:07:05 [main] INFO  .interfaces.controller.GateWayController -post body:{"sign":"O/fX0ZKQCYGGutgrC+nrE5/EhH4VUiSu504tvZaB7wOXvazN/uBPsOnPkqB8u6j+buyUxO3mkWZLbYxqyyDKb60kZzhldxkXeLZ1Sf4yns3vY/8wbmueuhP92nhbeYOu6wBnxPZDH3eiixdKXmMWuzFjZD5TRjy5Y0z6Qi1sRJY=","data":"BVfsuzEw3bhJN8N7iT06SEpp+Sy5sJ2b0ZFGOehJZtJWbCZJPAOJBs2u1k/mVCnRr7lIqdYsqFhfcIS3ARYuzMA1ObVEjpV50jPNluqwShpibnUPHZYjlXYG95H3AJRY9BOHUVXX3aGFLPwTrbkOgGO0qmjoYQEdrPlLR5v6UQM="}
2019-04-28 17:07:25 [main] INFO  .interfaces.controller.GateWayController -post body:{"sign":"b+m9ryVdKtWiok7sEwZD0NPQYyo0Q1jj0kycPvR7zhmqo73dCIinnQICKpC9Tuf5ma9RdKy+1bYzzHKxAIERi57QZFnMxZrgA2pT8pKOARs+wCgpmGf6+KJk79NeS7mbuAqxdcnQYGEloGmPIntNgvO8KE+ac6O1ZhLTYUiaLpQ=","data":"SfOZSObsopeGh+ckwLwBYNev6uxNPmxe6+JbusxH5sVMzzzS4BcJskzLKbRBSLzNdOZivPAnnZyZ+HBAFm2z16KXXVuE70m6e24YmuxYjyynqjXKmQK4cFM8IVBGmIfBuHkVFTcmxLwtEaF4aBQWXgdAorkrD4+3UdINtivgN7dkiEK54zdR0cbhRqDtJ149Wv6LjVYyKCOWoP570ciiOU6xz77I1Nsbhp4T6nMn2c2ZbQiW7eeDJvEPgmrUMGj7GWWe9Gpl3HsF2HRO7oj67+9WQBWX5XKQY6HDDap1t5OumMzlc/eBRt9BaRZlL0ivUvViGjgwXg4GfSKs1WQtUg=="}
2019-04-28 17:10:52 [main] INFO  .interfaces.controller.GateWayController -post body:{"sign":"RXnhwu3X0zPV7upcN7Gcc1odUiBs91Eh8uBmQt161xEdBFoYn5R/0XgPtgnQI0iLYM1kRUTSRZRLhTqRf8U2VBqy4JX+245+k3dLvnCxSp1aj9XQt1UUt9r4gNeKHAhkYXnIWVdraJarGOaIURRXT3+rFUVEvhPcXaMoqT02/Zs=","data":"trSd9CfXi6P8rfhXPhJ61K01fI8E7XM9qj+u27IXozVamC1pH+ehvZ58eee3LWBYSTvnHE+550JYPqJnXc0dtkLOYROX2SvMpcTpawTuEVCI5FGFv9QHm4gpCg1f6F28yjtnBBtMqo21niIuL57aE3kjEXfb5Dwj/9n6tJDthsYTjvT6RvnzJJIINZ6siIioHXIssAm4TD641wGRmRQLIWuv8cWnWch4aTK+f8Pd62JtqNFpkq+Vi+nwOQkRfzt6BcoUsnAqVKo7Xqde9Sd6TBNGVUg84r23tYcJUrBtiQ/vRyqS5yCEq8MWmanb7Ak42FafqrhR/BpGBMDrEqB2/g=="}
2019-04-28 17:11:12 [main] INFO  .interfaces.controller.GateWayController -post body:{"sign":"O/fX0ZKQCYGGutgrC+nrE5/EhH4VUiSu504tvZaB7wOXvazN/uBPsOnPkqB8u6j+buyUxO3mkWZLbYxqyyDKb60kZzhldxkXeLZ1Sf4yns3vY/8wbmueuhP92nhbeYOu6wBnxPZDH3eiixdKXmMWuzFjZD5TRjy5Y0z6Qi1sRJY=","data":"J/Zh4f8mMxaDauO9izWr3Cg4ZUgkHleL2uz9W9WdDyvjgAbObZdzOWqViNqJa2YNNRYCgJ7BeSjNg27PoPziytvdg3QS8ovf+rHhj2I353vRXoHQMw7A3ap2SpV9nNmsYA0WaYhwpWh4NPlm8iahYyjVnDcDiqESArz67161Sto="}
2019-04-28 17:11:28 [main] INFO  .interfaces.controller.GateWayController -post body:{"sign":"WzPh0ZvfgzLr5jldoPXqLloCApKP3O47b5uTOsG7hw1gl4xiJb79+2v8e7nZCDg12lwZX02NXiLmnBCj50sFtoA0ryFtXtNbzBKY5CxW0o8bDeWq1u8344hiY6anpijQVThMJpI3jXiaVafEzRw9JIsnAj6lf4TkDaI5zhW2g54=","data":"uYcNA92MJN6ag121xpWrDBUSyuQZ+xPJc+V8BuQkBVeYSbtfd9Xi1WaXYKz0YJlWIC+GxUZ6Yovv+ZyN1VMxwwc0MlJ4zf4LGid7qIqU3vc42MPVsHQ6qAjiJ26p0xzJola7t52jy/IfrFZ46mm9SI9kZ8o8uuSgQJgrgQCOgNxVZuNfmm2jgA7b9ottRoV4ojIXf9sjkzg/NtwxX/XQUE1S4GeZSncmQPsiEV5iFbQ8GV48sJ6N+9IDZYSTrUiC+Yb9knrqdbDq9xPtR4nWz5rwlMmQYkJpGl358nF+xDvZqomcC/auctdKwzBCQvBBGoYc/y2RjYerYkIr5XFrbA=="}
2019-04-28 17:12:37 [main] INFO  .interfaces.controller.GateWayController -post body:{"sign":"HIH3Sfs6rw6GxZHaIh8cVFaJJsRUpw5Zjx6iLAplLrkAME2kFxaTbW94v4bkfGJnrpSuHsI4WfwauxeCxJ/kdo1LRRI2GUea5YK+gGqmNTkBKn/zwNsssxP0DI36BAtqpO1CIeBuVf2WtUL/TQ2i++xoOHhBYzGVf0X6fR4TBHY=","data":"tbIa0PRye3VwdMn/RUV6z4eW79sgKSLs23x9h4GST4GXzz4uJSsgJyPCeynUH8nX2OtTYBn/xXJWMeFkpyIWRVGgAWxmnhk/K1GPB9+J5UJ6wzm7kgvwMA+Pf18VBSGiCllzpjzB7XNWr9LqTHRvgdVWC1hYpf+IxMojYI4mI54GeF3tgZ4jLwV0ncXyCQWOP7zoJJf3QRrp8GG60Ej07/Bm9I+CH4g6S6azFvCjg9PAQlAWtQ3FMBU2LBXcJGBfy7HWCzAxJ8YePsYWsw6yEAz+hZ27Hs5Vc/6vPxv/e3SEraKyv2fBH9hQpbS+gcdZfvBgUA4Bcx3QHwpdLppC+g=="}
2019-04-28 17:15:42 [main] INFO  .interfaces.controller.GateWayController -post body:{"sign":"tQgguzETIkNYWP10tLwWIPHxC9o8F+Zd6sEJhREM/QVPTaUjyi6IknKAkJ58V+GIA9DgMYxQBGew6dkRB4c+oTqB3h3i8zZApyoske8H8rR4Qwvle3IFg0578D6MBSqSjKDKScpI2gOm6bhHivj2Fi8qy9esk7fMxEFlCqHGalk=","data":"0TPMdkl4sZB9uZ4SuHEwNKHQdISoWKLqXq6f7AxiO5glXWhY5o1ltwPjalo0heC7ooeQflkm/yAkKB1t4PVmGX/dnZiPDyhYNnNInKgSiSJkyGWUVKd7JYGWmGoOobO9JCooBqyzHN57cmgF9Fx9Hrt8ztWs+X9dZM4k2rODQB9ZtJFA4ST0VQl8pQn4n60lFrHpgBuliRsoZz2fNgmJEhzgUq5Zi+JBm3B6K1vSQqu07He0yNv5jHOKqGSOMt6MsTFWBMHJqMaNub+Fr9nntoyAFTVvxaYj1lV0i4DztJH8civuk4EWIOk0/Ok8cxAlDZohbhUq+tXtLpily5GPAQ=="}
2019-04-28 17:19:03 [main] INFO  .interfaces.controller.GateWayController -post body:{"sign":"tz+X8rg53oR28MR9P11QG4xKQc7roZ89iby9kWXFbEKWb2NTI/xEWsJGwjiOyNj3zKI8rh5bNp3x551Yd+rnZsvBGzSAGgJaxeneUCv8F5Lqd8g9AKG12f7FnNZbSBhgaI4ehbVGrNG6Nskie4d6SOwfjNycpWcUCp4SCe3PlHc=","data":"o/USKIhC0tJ1iw1WE37HzzbN+6OKKuKTfHIZZfX+WRGOsrV6AXBcgiXmG2iq5XN5Uza8dI5YbplY4WzUiUAuY97vxW5k5V96jCRHuRapaCEBVGhAaLSjEz+tDdkWcJ5Xsc/bUZ823n28rJJNrcai6OwrVwMqQ7zp+U9zAypjyYnH2UPMLZFOAhHwWrcabRttsbZDSXi0lAX0cCkSLI/0SzYE9lVKtlwc1O8hSo9X2H+jCk5QKAQyLWY57YqiRoDH4S2RF/KFPXX7WdQP65zCnjHn3qa5dXQH0bH5jk0q+4869gh3hpw8bFAE1CDz4PJrU/nM7hsJNNaaVTdbz3/x/g=="}
2019-04-28 17:43:23 [main] INFO  .interfaces.controller.GateWayController -post body:{"sign":"ftmkuHjal6osQ/fiEZCzCgGfXyrn/JR/5A8vpD2geP/01oo3kHLgN8odGiJN0e0XAv24nPq96RwE9QZ/ZwUrCK+0e40UA9517HoAY0rieZFXibRvMvafa3yeX+6EEAQF/GTiICeUzSG1GAE2pXHsBe19v1sooFFmr7FxkFaCzV0=","data":"Jk3UoORn3E58N8Bo7QiyzKLx+NdKIq0LRE8gPT8tRgkVttkVxFL+QRwvM3Tvu9t13c1dB4TYdxgvguK4DFzLrZgQMYdU3XBaEkuEs8BW4VWWpWCagQdNe0dqS4u756WTYVqEnnn47BzfG0MryA9W7YHKTX/kZALLg5IjKV9Ws3l32cCMy1tCHbLZCpqSXJ79R5VAb1NVxSaBeDUr0BIahHdb4jbDNfCSy8y0aZoaiqwU8Q2m8Z/Z3WoMBP/7SXNYtO4iLaMYM74xJRKuJUsBqpHU9OwnkV1hldp1qwq/uH0PHLnWFu0RgRrN/cdOodR5SXOnRTv4F604b9Mh0xcuNQ=="}
2019-04-28 18:06:51 [main] INFO  .interfaces.controller.GateWayController -post body:{"sign":"O/fX0ZKQCYGGutgrC+nrE5/EhH4VUiSu504tvZaB7wOXvazN/uBPsOnPkqB8u6j+buyUxO3mkWZLbYxqyyDKb60kZzhldxkXeLZ1Sf4yns3vY/8wbmueuhP92nhbeYOu6wBnxPZDH3eiixdKXmMWuzFjZD5TRjy5Y0z6Qi1sRJY=","data":"foBlBcvtvhnUnx22DwTSGR3b3JioiL/Q6KOQZvyZzbArv5aq8X8qvecMEmS0/ZpTmGHAnxdSjvigSu0U+zBHT4av8chEPNG6fTptep/CSblQa5syeCu+oIPCq+Ulx53cPp+JrxE4BNO+M1I32xNjp6Lfvr9bgpSN08ALaf3/5/w="}
2019-04-28 18:07:06 [main] INFO  .interfaces.controller.GateWayController -post body:{"sign":"rRON5L15iJmzTCJY21IGCUBUk37OyEJNmOeIvazlSggD523Uj8ND3Fypu5BPh9Py8hRsAN4k2SRvt/DmUhjWFMoNa7I12OO6izz3KvQuBBHd1+dLyLUUkxe2QqaybL8cG3rQsZfQj3anR8K65HQ9nQqfWC+ufXUg3kThNRfH/1o=","data":"AtTmgEK5wZGx5lnGI0anlPmscKmcHppg10OJi4v72gODAnodfuSyh0uXmE25WxhyaRqNr3bKhkX7CdOYu0eLm/clj9Mq7I932bbbCdtmbFiNeiJq/rMos8dopbEyRvEV+m1Y2Z7lApZrIM+smFSqyyIOB05UABMFd37eSE5Kgp8v2mYQaswvGN4MOP6THTYewEou9cmIq7aJoffIZApVQroH65qp3GXWKeEVLUS/OTkDmhVTu/xCt1pT0vvoNB+pLd1oJWqjuidDAcTajqmOofPUn2EPuDvVGZVEzBzQ/ZigtLiltdCm0uUcAkmyGZRZ62unEcyYWXKa42y+ZYxpEg=="}
