2019-08-07 17:22:59 [main] INFO  UMF                                      -[UMF SDK] 使用Log4j进行日志输出
2019-08-07 17:23:00 [main] INFO  UMF                                      -[UMF SDK] 商户请求数据必填字段校验通过
2019-08-07 17:23:00 [main] INFO  UMF                                      -[UMF SDK] 商户请求校验规则正确
2019-08-07 17:23:00 [main] INFO  UMF                                      -[UMF SDK] 商户请求最终数据封装对象为：url=http://pay.soopay.net/spay/pay/payservice.do,field={identity_code=pAt9RkyCsvM33QB4Ruh99nWwqTo3ixsufJJ8mYC+AO+r/0ItKershmj2/QRgAC0ZOHoeU/vWGN27uovpZ7+uuiHmJ/CMYQpkmkh6b27VWfcDeMZ8o2+qCb9YnMVml+XGD4OXvzbCrwOoMtgs2LnRubc91uiUYq/whT4D6qzM2Ts=, media_type=MOBILE, sign_type=RSA, media_id=18033797586, charset=UTF-8, card_holder=wpkFHgC7InavJ6yvMza8m/1qyRhWmJhQ38NG97aHEOLTJj201HehIzwbzFut6IpdK8N+HAr++vxUrXdBuN0HbPF7f0wmv29TMtX7mc1/ygCBF8hkaAxhL3zeh0O0/f2ff0HjMiayYW9JGoov0qbu976966/+teuAI0NAfTR9qQM=, card_id=TLhIUdGgMC2+rdbTMKy5IJzPRGfufGPQsxPKETkvgjcPt+WykrMH4f9IfaLP4EZzKLsspnFGram0FMHRlOvMFaKkfJlxS2NxbiYdvpWy4hyYFBBsNpYsKiW0CzyqgXOgR/D3DJwW7seYsmvB8uYh2QOoJuJtKL28Hg1pfTvgWIY=, version=4.0, sign=C7f1y1jlbQStY//1Hg7iZzviL8A7k1uT20fc7f1HIhfaJhBKaFkGw5IcmXNEvZUiuPWNxZe47BUZJVFXvKZet/FjOUxAzVMl5YfZVgPc3Gr4yOxBNVn+/DAbJdkI5LyZjD9GpDhucRHBDaaKDFW6VsnnVCQorlBmdOi6p+8rJ0Q=, mer_id=52510, identity_type=1, service=apply_sms_bind_shortcut, mer_cust_id=133023198111280213, res_format=HTML}plain=card_holder=wpkFHgC7InavJ6yvMza8m%2F1qyRhWmJhQ38NG97aHEOLTJj201HehIzwbzFut6IpdK8N%2BHAr%2B%2BvxUrXdBuN0HbPF7f0wmv29TMtX7mc1%2FygCBF8hkaAxhL3zeh0O0%2Ff2ff0HjMiayYW9JGoov0qbu976966%2F%2BteuAI0NAfTR9qQM%3D&card_id=TLhIUdGgMC2%2BrdbTMKy5IJzPRGfufGPQsxPKETkvgjcPt%2BWykrMH4f9IfaLP4EZzKLsspnFGram0FMHRlOvMFaKkfJlxS2NxbiYdvpWy4hyYFBBsNpYsKiW0CzyqgXOgR%2FD3DJwW7seYsmvB8uYh2QOoJuJtKL28Hg1pfTvgWIY%3D&charset=UTF-8&identity_code=pAt9RkyCsvM33QB4Ruh99nWwqTo3ixsufJJ8mYC%2BAO%2Br%2F0ItKershmj2%2FQRgAC0ZOHoeU%2FvWGN27uovpZ7%2BuuiHmJ%2FCMYQpkmkh6b27VWfcDeMZ8o2%2BqCb9YnMVml%2BXGD4OXvzbCrwOoMtgs2LnRubc91uiUYq%2FwhT4D6qzM2Ts%3D&identity_type=1&media_id=18033797586&media_type=MOBILE&mer_cust_id=133023198111280213&mer_id=52510&res_format=HTML&service=apply_sms_bind_shortcut&sign_type=RSA&version=4.0sign=C7f1y1jlbQStY//1Hg7iZzviL8A7k1uT20fc7f1HIhfaJhBKaFkGw5IcmXNEvZUiuPWNxZe47BUZJVFXvKZet/FjOUxAzVMl5YfZVgPc3Gr4yOxBNVn+/DAbJdkI5LyZjD9GpDhucRHBDaaKDFW6VsnnVCQorlBmdOi6p+8rJ0Q=
2019-08-07 17:23:00 [main] INFO  UMF                                      -连接超时时长为：60000
2019-08-07 17:23:02 [main] INFO  UMF                                      -==============执行post方法结束==============
2019-08-07 17:23:02 [main] INFO  UMF                                      -==============获得HttpEntity结束==============
2019-08-07 17:23:02 [main] INFO  UMF                                      -==============获得输入流结束==============
2019-08-07 17:23:02 [main] INFO  UMF                                      -[UMF SDK] 通讯成功，请求地址返回状态码为：【200】
2019-08-07 17:23:02 [main] INFO  UMF                                      -[UMF SDK] content=bind_id=1908071723027833&mer_id=52510&ret_code=0000&ret_msg=交易成功。&sign_type=RSA&version=4.0&sign=InAmuGIStbNHlH2kOUfdRy998peMJq28jg/O3g+vwlmouo9KrOp949tE/GhFsY6uzWp6LnWh0A7jRhKgBh+xwwKPa5ToH1m6zLTSWu7C02q+1TJBMzenD1Kwn+mGE6wPXaGVawEBqSrj7cpW8qDXmFelv3NDE4REym+fo0P4Pug=
2019-08-07 17:23:02 [main] INFO  UMF                                      -[UMF SDK] 获取联动公钥证书成功!
2019-08-07 17:23:02 [main] INFO  UMF                                      -[UMF SDK] 验证平台签名是否成功------>true
2019-08-07 17:23:02 [main] INFO  UMF                                      -[UMF SDK] 商户请求联动平台返回最终数据为:{ret_code=0000, bind_id=1908071723027833, mer_id=52510, ret_msg=交易成功。}
2019-08-07 17:23:02 [main] INFO  UMF                                      -[UMF SDK] 商户请求数据必填字段校验通过
2019-08-07 17:23:02 [main] INFO  UMF                                      -[UMF SDK] 商户请求校验规则正确
2019-08-07 17:23:02 [main] INFO  UMF                                      -[UMF SDK] 商户请求最终数据封装对象为：url=http://pay.soopay.net/spay/pay/payservice.do,field={sign=do55CiXlr898Tncq3jtbLvMQHucwJtyP8AHoZ7QxeqoO8wgHaT/Ta2l1IByM5iMCY38H7ap/LN14cs4YB2Me0BCZwQbaqiOgyMNDc3mvdCaAfcmDo4iigpxajOJ+PxMAIcgMAoJ1JpQ328S7fKW3CspbOjRpr82K+mNHKMeF6ak=, usr_pay_agreement_id=P2019080214064400000000043827802, mer_id=52510, sign_type=RSA, service=unbind_mercust_protocol_shortcut, charset=UTF-8, mer_cust_id=130426199004132330, res_format=HTML, version=4.0}plain=charset=UTF-8&mer_cust_id=130426199004132330&mer_id=52510&res_format=HTML&service=unbind_mercust_protocol_shortcut&sign_type=RSA&usr_pay_agreement_id=P2019080214064400000000043827802&version=4.0sign=do55CiXlr898Tncq3jtbLvMQHucwJtyP8AHoZ7QxeqoO8wgHaT/Ta2l1IByM5iMCY38H7ap/LN14cs4YB2Me0BCZwQbaqiOgyMNDc3mvdCaAfcmDo4iigpxajOJ+PxMAIcgMAoJ1JpQ328S7fKW3CspbOjRpr82K+mNHKMeF6ak=
2019-08-07 17:23:02 [main] INFO  UMF                                      -连接超时时长为：60000
2019-08-07 17:23:02 [main] INFO  UMF                                      -==============执行post方法结束==============
2019-08-07 17:23:02 [main] INFO  UMF                                      -==============获得HttpEntity结束==============
2019-08-07 17:23:02 [main] INFO  UMF                                      -==============获得输入流结束==============
2019-08-07 17:23:02 [main] INFO  UMF                                      -[UMF SDK] 通讯成功，请求地址返回状态码为：【200】
2019-08-07 17:23:02 [main] INFO  UMF                                      -[UMF SDK] content=mer_id=52510&ret_code=00060124&ret_msg=业务协议依赖的支付协议关系不存在,PSP172303ddac642&sign_type=RSA&version=4.0&sign=ZO0B9ZngVVBodV8UjIA22396/hq3NnhhcwiVOEn1c9VFFRjU+izjrNdK12b7XDfabJxUD+98/IAdQ+zMnJVdHvIKlug6HW6Wqwx9fmtkEJf/7zAyg9cT3tSoWC81PWkPFuFayaaNluje+L1eBZYFnCP5MUCIQ89HBhToo2OMo+E=
2019-08-07 17:23:02 [main] INFO  UMF                                      -[UMF SDK] 获取联动公钥证书成功!
2019-08-07 17:23:02 [main] INFO  UMF                                      -[UMF SDK] 验证平台签名是否成功------>true
2019-08-07 17:23:02 [main] INFO  UMF                                      -[UMF SDK] 商户请求联动平台返回最终数据为:{ret_code=00060124, mer_id=52510, ret_msg=业务协议依赖的支付协议关系不存在,PSP172303ddac642}
2019-08-07 17:26:44 [main] INFO  UMF                                      -[UMF SDK] 使用Log4j进行日志输出
2019-08-07 17:26:44 [main] INFO  UMF                                      -[UMF SDK] 商户请求数据必填字段校验通过
2019-08-07 17:26:44 [main] INFO  UMF                                      -[UMF SDK] 商户请求校验规则正确
2019-08-07 17:26:44 [main] INFO  UMF                                      -[UMF SDK] 商户请求最终数据封装对象为：url=http://pay.soopay.net/spay/pay/payservice.do,field={sign=NUGr65yeuOkZAfOfF0gGC0xcFEdZPPrTL3y0CRLlmQazw8UHPbiDVdp+VfhdNtUZsa0hHRPkJRUG0M9F9VgdZ/ivkhannfip1LVXytEJswES/FpiAfts4lXWXYlMCKXRlBO8nkuPCebhPvwA7qhPw6CGm1fTSCs8CHaDqI01ADg=, bind_id=1908071723027833, mer_id=52510, sign_type=RSA, service=confirm_bind_shortcut, charset=UTF-8, res_format=HTML, verify_code=950353, version=4.0}plain=bind_id=1908071723027833&charset=UTF-8&mer_id=52510&res_format=HTML&service=confirm_bind_shortcut&sign_type=RSA&verify_code=950353&version=4.0sign=NUGr65yeuOkZAfOfF0gGC0xcFEdZPPrTL3y0CRLlmQazw8UHPbiDVdp+VfhdNtUZsa0hHRPkJRUG0M9F9VgdZ/ivkhannfip1LVXytEJswES/FpiAfts4lXWXYlMCKXRlBO8nkuPCebhPvwA7qhPw6CGm1fTSCs8CHaDqI01ADg=
2019-08-07 17:26:44 [main] INFO  UMF                                      -连接超时时长为：60000
2019-08-07 17:26:45 [main] INFO  UMF                                      -==============执行post方法结束==============
2019-08-07 17:26:45 [main] INFO  UMF                                      -==============获得HttpEntity结束==============
2019-08-07 17:26:45 [main] INFO  UMF                                      -==============获得输入流结束==============
2019-08-07 17:26:45 [main] INFO  UMF                                      -[UMF SDK] 通讯成功，请求地址返回状态码为：【200】
2019-08-07 17:26:45 [main] INFO  UMF                                      -[UMF SDK] content=mer_id=52510&ret_code=00200090&ret_msg=验证码已失效,错误码00210071,PSP17264664d3cf4&sign_type=RSA&version=4.0&sign=sREbTz2YUicAspHY2rsBJF4NyIIq7ErPVmXYTEtY9rslX43lmH1i0z8NHqK2xL9uLMl9pyFsLLEc+G9a61M2edn+jecyh5AoDGltefqJ/eVqynz+GKsPVkgjpxEBrYqvAs2JaqDKEJQAQJkDVc1qHB4cSdIYjeQLI2u2YKCHkIM=
2019-08-07 17:26:45 [main] INFO  UMF                                      -[UMF SDK] 获取联动公钥证书成功!
2019-08-07 17:26:45 [main] INFO  UMF                                      -[UMF SDK] 验证平台签名是否成功------>true
2019-08-07 17:26:45 [main] INFO  UMF                                      -[UMF SDK] 商户请求联动平台返回最终数据为:{ret_code=00200090, mer_id=52510, ret_msg=验证码已失效,错误码00210071,PSP17264664d3cf4}
2019-08-07 17:27:40 [main] INFO  UMF                                      -[UMF SDK] 使用Log4j进行日志输出
2019-08-07 17:27:40 [main] INFO  UMF                                      -[UMF SDK] 商户请求数据必填字段校验通过
2019-08-07 17:27:40 [main] INFO  UMF                                      -[UMF SDK] 商户请求校验规则正确
2019-08-07 17:27:40 [main] INFO  UMF                                      -[UMF SDK] 商户请求最终数据封装对象为：url=http://pay.soopay.net/spay/pay/payservice.do,field={identity_code=g7Is9z+XYktSTnJ5nzWAko/dUtICuXJ854zzfLXaS+XCY4DUsdLFLn3VCpz3d8QLo6IVHJb5/puYMIGF0fYqiU4+yFhWsxCFeIHLCc5iynKlNnD+iyCxlUnXpg34hEehowlTtibOjs8FLJ2sz3PFu+Eknj+cHIDBwcPis724mys=, media_type=MOBILE, sign_type=RSA, media_id=18033797586, charset=UTF-8, card_holder=iQCcm0kkmf9vwcSe/eo/N3w8C8CvU4yS6NEpPvyIOXEAwtdpP0ZaFBwLCg6I4hfSOtbaEvJDC2gqbLCmgzy6f+SovQamgdNwCjJ8SRoS0s/7sZ+NVJ6OZ53AwYgbwG+1GQ5UCnVregp1ItO77h5gAQ+K6ZIf5WeP1ViP2vfObxs=, card_id=aClHRAcmYxBfmVJtaIdLYR5IrAgJh9Bo66aj7IAC7STpvytffhpuuV8SGp0CuEd3/UHVUxR1Sx5OSNLcTCpQMtRdXzmY8zIkbmtq+mw+n7cdTL5VaXMTNueacciI/ApfHykOMao3wRVqBaHA/Fn4ytu1iptpdMezJZ1sGcALcEw=, version=4.0, sign=LRPUVAvyhq+YKvdhomq0DwERhCDtKiQAiRp3cMuVmKwKjn5wSKkEkKD+CSFWa7olpPZMKW/KsegK7zG4vtugtVjUv25RVg0PDO3+B8tbN5mjOVnvJsgfHF2ce5vmHviHrLlj+aeKHkuRcFIHYjKBmxraWBkcPABw0Ox4cGQcxrE=, mer_id=52510, identity_type=1, service=apply_sms_bind_shortcut, mer_cust_id=133023198111280213, res_format=HTML}plain=card_holder=iQCcm0kkmf9vwcSe%2Feo%2FN3w8C8CvU4yS6NEpPvyIOXEAwtdpP0ZaFBwLCg6I4hfSOtbaEvJDC2gqbLCmgzy6f%2BSovQamgdNwCjJ8SRoS0s%2F7sZ%2BNVJ6OZ53AwYgbwG%2B1GQ5UCnVregp1ItO77h5gAQ%2BK6ZIf5WeP1ViP2vfObxs%3D&card_id=aClHRAcmYxBfmVJtaIdLYR5IrAgJh9Bo66aj7IAC7STpvytffhpuuV8SGp0CuEd3%2FUHVUxR1Sx5OSNLcTCpQMtRdXzmY8zIkbmtq%2Bmw%2Bn7cdTL5VaXMTNueacciI%2FApfHykOMao3wRVqBaHA%2FFn4ytu1iptpdMezJZ1sGcALcEw%3D&charset=UTF-8&identity_code=g7Is9z%2BXYktSTnJ5nzWAko%2FdUtICuXJ854zzfLXaS%2BXCY4DUsdLFLn3VCpz3d8QLo6IVHJb5%2FpuYMIGF0fYqiU4%2ByFhWsxCFeIHLCc5iynKlNnD%2BiyCxlUnXpg34hEehowlTtibOjs8FLJ2sz3PFu%2BEknj%2BcHIDBwcPis724mys%3D&identity_type=1&media_id=18033797586&media_type=MOBILE&mer_cust_id=133023198111280213&mer_id=52510&res_format=HTML&service=apply_sms_bind_shortcut&sign_type=RSA&version=4.0sign=LRPUVAvyhq+YKvdhomq0DwERhCDtKiQAiRp3cMuVmKwKjn5wSKkEkKD+CSFWa7olpPZMKW/KsegK7zG4vtugtVjUv25RVg0PDO3+B8tbN5mjOVnvJsgfHF2ce5vmHviHrLlj+aeKHkuRcFIHYjKBmxraWBkcPABw0Ox4cGQcxrE=
2019-08-07 17:27:40 [main] INFO  UMF                                      -连接超时时长为：60000
2019-08-07 17:27:42 [main] INFO  UMF                                      -==============执行post方法结束==============
2019-08-07 17:27:42 [main] INFO  UMF                                      -==============获得HttpEntity结束==============
2019-08-07 17:27:42 [main] INFO  UMF                                      -==============获得输入流结束==============
2019-08-07 17:27:42 [main] INFO  UMF                                      -[UMF SDK] 通讯成功，请求地址返回状态码为：【200】
2019-08-07 17:27:42 [main] INFO  UMF                                      -[UMF SDK] content=bind_id=1908071727438135&mer_id=52510&ret_code=0000&ret_msg=交易成功。&sign_type=RSA&version=4.0&sign=d1F9RXyZQJsy1+o4kDhTPI/ch06FJh12NLA2Kq3hpqVOHsOcUp71pFYx4dk1VQoeeXBf3Y5d1tf9pU2ulfQPR3Wx2bWXB32LlZbZ2ixdlKFFCJPq8UgBoOQ8s0a5/bHcTSFzdFRUJlZ3nsLnselpdYYQeo2w43Y1h14XCrJiUPU=
2019-08-07 17:27:42 [main] INFO  UMF                                      -[UMF SDK] 获取联动公钥证书成功!
2019-08-07 17:27:42 [main] INFO  UMF                                      -[UMF SDK] 验证平台签名是否成功------>true
2019-08-07 17:27:42 [main] INFO  UMF                                      -[UMF SDK] 商户请求联动平台返回最终数据为:{ret_code=0000, bind_id=1908071727438135, mer_id=52510, ret_msg=交易成功。}
2019-08-07 17:28:24 [main] INFO  UMF                                      -[UMF SDK] 使用Log4j进行日志输出
2019-08-07 17:28:24 [main] INFO  UMF                                      -[UMF SDK] 商户请求数据必填字段校验通过
2019-08-07 17:28:24 [main] INFO  UMF                                      -[UMF SDK] 商户请求校验规则正确
2019-08-07 17:28:24 [main] INFO  UMF                                      -[UMF SDK] 商户请求最终数据封装对象为：url=http://pay.soopay.net/spay/pay/payservice.do,field={sign=bjhVLzZGEE3vLIr0CtqMyXdXdaxVgAWdoTY6kFsqJVoXqakApH3yBSXO9jGUZF4cQStOth3QWX/9qu1zu5RzDgYeo3qQwXm3HDe/qx28tkqu2tqBq/XSmsllEZcK2YiGNAqHDMBDX0QL1HGSc0OqeHv1R0FePJIRyUDHkkj/v7k=, bind_id=1908071727438135, mer_id=52510, sign_type=RSA, service=confirm_bind_shortcut, charset=UTF-8, res_format=HTML, verify_code=923982, version=4.0}plain=bind_id=1908071727438135&charset=UTF-8&mer_id=52510&res_format=HTML&service=confirm_bind_shortcut&sign_type=RSA&verify_code=923982&version=4.0sign=bjhVLzZGEE3vLIr0CtqMyXdXdaxVgAWdoTY6kFsqJVoXqakApH3yBSXO9jGUZF4cQStOth3QWX/9qu1zu5RzDgYeo3qQwXm3HDe/qx28tkqu2tqBq/XSmsllEZcK2YiGNAqHDMBDX0QL1HGSc0OqeHv1R0FePJIRyUDHkkj/v7k=
2019-08-07 17:28:24 [main] INFO  UMF                                      -连接超时时长为：60000
2019-08-07 17:28:26 [main] INFO  UMF                                      -==============执行post方法结束==============
2019-08-07 17:28:26 [main] INFO  UMF                                      -==============获得HttpEntity结束==============
2019-08-07 17:28:26 [main] INFO  UMF                                      -==============获得输入流结束==============
2019-08-07 17:28:26 [main] INFO  UMF                                      -[UMF SDK] 通讯成功，请求地址返回状态码为：【200】
2019-08-07 17:28:26 [main] INFO  UMF                                      -[UMF SDK] content=mer_id=52510&ret_code=0000&ret_msg=交易成功。&sign_type=RSA&usr_busi_agreement_id=UB201908071728270000000035117208&usr_pay_agreement_id=P2019080717282700000000043908558&version=4.0&sign=ef8AbgRn02idE2WBRigEhn9+qwwJ2HoqhSetSWWv+FfgHsMjTJztUkpy3ABYSyytpaq7YiiEjvdPHEAQWcYBaEcbJkEbZnfVMpr6JmYV74e2CE5bMPfhRL/+xheK2L812KXU49uO6/wUurJhMA+DpPWt+GWLanm3FBzE52TpTec=
2019-08-07 17:28:26 [main] INFO  UMF                                      -[UMF SDK] 获取联动公钥证书成功!
2019-08-07 17:28:26 [main] INFO  UMF                                      -[UMF SDK] 验证平台签名是否成功------>true
2019-08-07 17:28:26 [main] INFO  UMF                                      -[UMF SDK] 商户请求联动平台返回最终数据为:{ret_code=0000, usr_pay_agreement_id=P2019080717282700000000043908558, mer_id=52510, ret_msg=交易成功。, usr_busi_agreement_id=UB201908071728270000000035117208}
