2019-08-10 10:49:54 [main] INFO  UMF                                      -[UMF SDK] 使用Log4j进行日志输出
2019-08-10 10:49:54 [main] INFO  UMF                                      -[UMF SDK] 商户请求数据必填字段校验通过
2019-08-10 10:49:54 [main] INFO  UMF                                      -[UMF SDK] 商户请求校验规则正确
2019-08-10 10:49:54 [main] INFO  UMF                                      -[UMF SDK] 商户请求最终数据封装对象为：url=http://pay.soopay.net/spay/pay/payservice.do,field={sign=fez10+r8MbLhvcPDutG5OJbBaohZEKW/NBsBDkKlntLLLjZJbnvPpCGhd2BY23mFiUZFX06Ey5Q7OD5fSihWODE3TRl/YYTaQySxYu5wUayiH3VDAdFSGiGUynaog6O99uTs80X9u/ko/cfDvlxSG6gHziy6ZgPcbrYYK1g7n04=, amount=189000, amt_type=RMB, mer_date=20190810, mer_id=52510, sign_type=RSA, notify_url=test.widefinance.cn/transController/ldnotify, service=pay_req_shortcut, charset=UTF-8, order_id=20190810104954257100, res_format=HTML, version=4.0}plain=amount=189000&amt_type=RMB&charset=UTF-8&mer_date=20190810&mer_id=52510&notify_url=test.widefinance.cn%2FtransController%2Fldnotify&order_id=20190810104954257100&res_format=HTML&service=pay_req_shortcut&sign_type=RSA&version=4.0sign=fez10+r8MbLhvcPDutG5OJbBaohZEKW/NBsBDkKlntLLLjZJbnvPpCGhd2BY23mFiUZFX06Ey5Q7OD5fSihWODE3TRl/YYTaQySxYu5wUayiH3VDAdFSGiGUynaog6O99uTs80X9u/ko/cfDvlxSG6gHziy6ZgPcbrYYK1g7n04=
2019-08-10 10:49:54 [main] INFO  UMF                                      -连接超时时长为：60000
2019-08-10 10:49:55 [main] INFO  UMF                                      -==============执行post方法结束==============
2019-08-10 10:49:55 [main] INFO  UMF                                      -==============获得HttpEntity结束==============
2019-08-10 10:49:55 [main] INFO  UMF                                      -==============获得输入流结束==============
2019-08-10 10:49:55 [main] INFO  UMF                                      -[UMF SDK] 通讯成功，请求地址返回状态码为：【200】
2019-08-10 10:49:55 [main] INFO  UMF                                      -[UMF SDK] content=mer_id=52510&ret_code=0000&ret_msg=操作成功&sign_type=RSA&trade_no=3908101049658816&trade_state=WAIT_BUYER_PAY&version=4.0&sign=RlarOBy/3YklUQfBYSF3fi+8lgmAgHRAQgvagM/ul6q1vixRoTjoSIh+vncGeZUi0IYiCHFlenGhaSb+YsIh5U/R/fumIhv+0kDhLOmrsNEuwIXpjriZzXuYnYa0fRdb3yjOjJJUVhmREoZmpaGp+vMt1zarQcoh6NInWTwoOAQ=
2019-08-10 10:49:55 [main] INFO  UMF                                      -[UMF SDK] 获取联动公钥证书成功!
2019-08-10 10:49:55 [main] INFO  UMF                                      -[UMF SDK] 验证平台签名是否成功------>true
2019-08-10 10:49:55 [main] INFO  UMF                                      -[UMF SDK] 商户请求联动平台返回最终数据为:{trade_no=3908101049658816, ret_code=0000, mer_id=52510, trade_state=WAIT_BUYER_PAY, ret_msg=操作成功}
2019-08-10 10:50:36 [main] INFO  UMF                                      -[UMF SDK] 使用Log4j进行日志输出
2019-08-10 10:50:36 [main] INFO  UMF                                      -[UMF SDK] 商户请求数据必填字段校验通过
2019-08-10 10:50:36 [main] INFO  UMF                                      -[UMF SDK] 商户请求校验规则正确
2019-08-10 10:50:36 [main] INFO  UMF                                      -[UMF SDK] 商户请求最终数据封装对象为：url=http://pay.soopay.net/spay/pay/payservice.do,field={sign=OrOf/B0DR8HYFV5URe0VvpMemCPu9bFd/wlfW+58k5i7rCB+vBCR7MnhQXWQKOaHzOOppol/hDGAVOmnhz/T6TYwDr2oNWauXTMXoUbaAR8KdAW68NI5upr40vDLjvUELaZtKJvVUagIUXGaNlVuhF8MNSKlbW2qy8aoiFMbvxk=, trade_no=3908101049658816, usr_pay_agreement_id=P2019080717282700000000043908558, mer_id=52510, sign_type=RSA, service=agreement_pay_confirm_shortcut, charset=UTF-8, mer_cust_id=133023198111280213, res_format=HTML, version=4.0}plain=charset=UTF-8&mer_cust_id=133023198111280213&mer_id=52510&res_format=HTML&service=agreement_pay_confirm_shortcut&sign_type=RSA&trade_no=3908101049658816&usr_pay_agreement_id=P2019080717282700000000043908558&version=4.0sign=OrOf/B0DR8HYFV5URe0VvpMemCPu9bFd/wlfW+58k5i7rCB+vBCR7MnhQXWQKOaHzOOppol/hDGAVOmnhz/T6TYwDr2oNWauXTMXoUbaAR8KdAW68NI5upr40vDLjvUELaZtKJvVUagIUXGaNlVuhF8MNSKlbW2qy8aoiFMbvxk=
2019-08-10 10:50:36 [main] INFO  UMF                                      -连接超时时长为：60000
2019-08-10 10:50:39 [main] INFO  UMF                                      -==============执行post方法结束==============
2019-08-10 10:50:39 [main] INFO  UMF                                      -==============获得HttpEntity结束==============
2019-08-10 10:50:39 [main] INFO  UMF                                      -==============获得输入流结束==============
2019-08-10 10:50:39 [main] INFO  UMF                                      -[UMF SDK] 通讯成功，请求地址返回状态码为：【200】
2019-08-10 10:50:39 [main] INFO  UMF                                      -[UMF SDK] content=amount=189000&amt_type=RMB&mer_date=20190810&mer_id=52510&order_id=20190810104954257100&pay_date=20190810&ret_code=0000&ret_msg=交易成功&settle_date=20190810&sign_type=RSA&trade_state=TRADE_SUCCESS&version=4.0&sign=geWqhHWsp/6ebQoEOwhUDbd+pSIg3j3auCc9d4Ig7kdQAnJMgCcoUMu4pSMnL6oQ85dMGBZf0fFb7lDRGpZfwQ+WFcBEkgdoFmA7W9ne0M0Ff1ONtCu2bpDcNW6K37qpe583OWJ0gU8biKBOInK6ZwqJCXOhoSdtkhO8a+mcGC0=
2019-08-10 10:50:39 [main] INFO  UMF                                      -[UMF SDK] 获取联动公钥证书成功!
2019-08-10 10:50:39 [main] INFO  UMF                                      -[UMF SDK] 验证平台签名是否成功------>true
2019-08-10 10:50:39 [main] INFO  UMF                                      -[UMF SDK] 商户请求联动平台返回最终数据为:{mer_date=20190810, trade_state=TRADE_SUCCESS, ret_msg=交易成功, settle_date=20190810, order_id=20190810104954257100, amt_type=RMB, amount=189000, ret_code=0000, mer_id=52510, pay_date=20190810}
