2018-08-29 10:09:15 [main] INFO  .trans.service.impl.TransHFTXServiceImpl -请求参数:{"acct_id":"53993","cmd_id":"303","mer_cust_id":"6666000000045782","user_cust_id":"6666000000045782","version":"10"}
2018-08-29 10:09:22 [main] INFO  com.huifu.saturn.cfca.CFCASignature      -userX509Cert date is valid:Wed Sep 13 12:17:05 CST 2017---Fri Sep 13 12:17:05 CST 2019
2018-08-29 10:09:22 [main] INFO  com.huifu.saturn.cfca.CFCASignature      -userX509Cert is right!
2018-08-29 10:09:22 [main] INFO  com.huifu.saturn.cfca.CFCASignature      -p7 dig alg with verification: SHA-256
2018-08-29 10:09:22 [main] INFO  com.huifu.saturn.cfca.CFCASignature      -p7 cert subject with verification:CN=051@100001@N3501040009317@1, OU=Organizational-1, OU=Local RA, O=CFCA TEST CA, C=CN
2018-08-29 10:09:22 [main] INFO  com.huifu.saturn.cfca.CFCASignature      -p7 signature: YYV4doQg2+Ax5Ys3jCyMTVHnVY2Jz35F+gBJwBdGnSlNSh3JELmFVRXz6rMv4wejqCY1gtHwpKy5NW6BiQ+qSpaddVF1Krij9Gzz+S3kQXb1fGFuF3gdossxDnsv96ahskr+sfA3EV6T3gYAguoH2KaDM+vHfSESldy2p52MvYPVj9QVN+KSwyyEXeLHnaliLM0r+7ZXiEU+5Hb6oyCqsL+gEL51nOlMIut1nfOMgREosK61Vt6+ZpfBOx44WpVtvedmU4pUkoZtJlfTrYWKk2TOxYpygrYefuWm+RVsDRpioqs9qzwVTgUAdLrHBn2VnX6fHaJ3fb02coPsRmIV5Q==
2018-08-29 10:09:22 [main] INFO  com.huifu.saturn.cfca.CFCASignature      -RSA P7 attach verify OK!
2018-08-29 10:09:36 [main] INFO  .trans.service.impl.TransHFTXServiceImpl -请求参数:{"acct_id":"53993","cmd_id":"303","mer_cust_id":"6666000000045782","user_cust_id":"6666000000045782","version":"10"}
2018-08-29 10:09:38 [main] INFO  com.huifu.saturn.cfca.CFCASignature      -userX509Cert date is valid:Wed Sep 13 12:17:05 CST 2017---Fri Sep 13 12:17:05 CST 2019
2018-08-29 10:09:38 [main] INFO  com.huifu.saturn.cfca.CFCASignature      -userX509Cert is right!
2018-08-29 10:09:38 [main] INFO  com.huifu.saturn.cfca.CFCASignature      -p7 dig alg with verification: SHA-256
2018-08-29 10:09:38 [main] INFO  com.huifu.saturn.cfca.CFCASignature      -p7 cert subject with verification:CN=051@100001@N3501040009317@1, OU=Organizational-1, OU=Local RA, O=CFCA TEST CA, C=CN
2018-08-29 10:09:38 [main] INFO  com.huifu.saturn.cfca.CFCASignature      -p7 signature: YYV4doQg2+Ax5Ys3jCyMTVHnVY2Jz35F+gBJwBdGnSlNSh3JELmFVRXz6rMv4wejqCY1gtHwpKy5NW6BiQ+qSpaddVF1Krij9Gzz+S3kQXb1fGFuF3gdossxDnsv96ahskr+sfA3EV6T3gYAguoH2KaDM+vHfSESldy2p52MvYPVj9QVN+KSwyyEXeLHnaliLM0r+7ZXiEU+5Hb6oyCqsL+gEL51nOlMIut1nfOMgREosK61Vt6+ZpfBOx44WpVtvedmU4pUkoZtJlfTrYWKk2TOxYpygrYefuWm+RVsDRpioqs9qzwVTgUAdLrHBn2VnX6fHaJ3fb02coPsRmIV5Q==
2018-08-29 10:09:38 [main] INFO  com.huifu.saturn.cfca.CFCASignature      -RSA P7 attach verify OK!
2018-08-29 10:10:36 [main] INFO  .trans.service.impl.TransHFTXServiceImpl -请求参数:{"bg_ret_url":"http://test.widefinance.cn:8082/transController/hftxnotify.do","bind_card_id":"1000002600","cmd_id":"112","div_detail":[{"divAcctId":"53993","divAmt":"10000.00","divCustId":"6666000000045782","divFreezeFg":"00"}],"mer_cust_id":"6666000000045782","order_date":"20180829","order_id":"20180829501004022001","payer_term_type":"01","trans_amt":"10000.00","user_cust_id":"6666000000046231","version":"10"}
2018-08-29 10:10:38 [main] INFO  com.huifu.saturn.cfca.CFCASignature      -userX509Cert date is valid:Wed Sep 13 12:17:05 CST 2017---Fri Sep 13 12:17:05 CST 2019
2018-08-29 10:10:38 [main] INFO  com.huifu.saturn.cfca.CFCASignature      -userX509Cert is right!
2018-08-29 10:10:38 [main] INFO  com.huifu.saturn.cfca.CFCASignature      -p7 dig alg with verification: SHA-256
2018-08-29 10:10:38 [main] INFO  com.huifu.saturn.cfca.CFCASignature      -p7 cert subject with verification:CN=051@100001@N3501040009317@1, OU=Organizational-1, OU=Local RA, O=CFCA TEST CA, C=CN
2018-08-29 10:10:38 [main] INFO  com.huifu.saturn.cfca.CFCASignature      -p7 signature: vjrutqGFche/yjGuALhvmkZwAtioutVNnGAgAQeQqWLI71Kdd7hcl/fg+L+JeqZzB/bN2S37y+wonP8qi0MWuJZaj1teh4M+toeMIYqYrwRZNDqd/jMqZolO6/+w9nV3bW++oBI+1jV3L5C5UWCy5rQz1MG09jvVtM/QAfEMhJthBV8Hsm88HGCHavNStnInB8lmHDZJkBuUFIcSXPIBYVluDIxyIwEvVMTmzS3n9W4XpXQgojdjVQGS6YwQDseRIBaYTdfY8L4Jgt9YNWqaUc9kr9QYLj1Sd30Iorvws7KWK4llDN6/PcAlLBnJvieI2p8EWjFwBQuRO4wGoKYRbw==
2018-08-29 10:10:38 [main] INFO  com.huifu.saturn.cfca.CFCASignature      -RSA P7 attach verify OK!
2018-08-29 10:10:38 [main] INFO  .trans.service.impl.TransHFTXServiceImpl -请求参数:{"bg_ret_url":"http://test.widefinance.cn:8082/transController/hftxnotify.do","bind_card_id":"1000002600","cmd_id":"201","div_detail":[{"divAcctId":"53993","divAmt":"10000.00","divCustId":"6666000000045782","divFreezeFg":"00"}],"mer_cust_id":"6666000000045782","order_date":"20180828","order_id":"20180828501004022002","payer_term_type":"01","ret_url":"http://test.widefinance.cn","sms_code":"111111","trans_amt":"10000.00","user_cust_id":"6666000000046231","version":"10"}
2018-08-29 10:14:03 [main] INFO  .trans.service.impl.TransHFTXServiceImpl -请求参数:{"bg_ret_url":"http://test.widefinance.cn:8082/transController/hftxnotify.do","cmd_id":"203","in_acct_id":"54580","in_cust_id":"6666000000046231","mer_cust_id":"6666000000045782","order_date":"20180829","order_id":"20180829501004022001","out_acct_id":"53993","out_cust_id":"6666000000045782","tranfer_amt":"9942.00","transfer_type":"02040003","version":"10"}
2018-08-29 10:14:10 [main] INFO  com.huifu.saturn.cfca.CFCASignature      -userX509Cert date is valid:Wed Sep 13 12:17:05 CST 2017---Fri Sep 13 12:17:05 CST 2019
2018-08-29 10:14:10 [main] INFO  com.huifu.saturn.cfca.CFCASignature      -userX509Cert is right!
2018-08-29 10:14:10 [main] INFO  com.huifu.saturn.cfca.CFCASignature      -p7 dig alg with verification: SHA-256
2018-08-29 10:14:10 [main] INFO  com.huifu.saturn.cfca.CFCASignature      -p7 cert subject with verification:CN=051@100001@N3501040009317@1, OU=Organizational-1, OU=Local RA, O=CFCA TEST CA, C=CN
2018-08-29 10:14:10 [main] INFO  com.huifu.saturn.cfca.CFCASignature      -p7 signature: uBZeqeSR2begf9M/m53TRiB0KMy4+q4+R86JsXIuiBzspiiyA1aPrgqkLO+ZqNkVV00FUiIRGLvo6j//cjMw4X6SCj509QtNZLCm64ZR4axHTwFEWu+ct1rq+7UJkvru6kX0AFrHuTXn3q9T2Esz3joFCT018dQeukkbPHlyLvmY+JblGwPW26RFd1gX1zfysysGR3mLfQuiFjfTB8RGX9KchmOYLFAtIgW0RdvRK8jfo+lZRWYi4BbzvIaawLh3SZf6ZwYC+ROiu+A5fdUvFimL2MK2hL8f6Ovusrh/EGkUCbKb1jd9bPryX3KeezrZTg5TOYVOyAHO7q541Nqz9g==
2018-08-29 10:14:10 [main] INFO  com.huifu.saturn.cfca.CFCASignature      -RSA P7 attach verify OK!
2018-08-29 10:21:52 [main] INFO  .trans.service.impl.TransHFTXServiceImpl -请求参数:{"acct_id":"53993","cmd_id":"303","mer_cust_id":"6666000000045782","user_cust_id":"6666000000045782","version":"10"}
2018-08-29 10:22:00 [main] INFO  com.huifu.saturn.cfca.CFCASignature      -userX509Cert date is valid:Wed Sep 13 12:17:05 CST 2017---Fri Sep 13 12:17:05 CST 2019
2018-08-29 10:22:01 [main] INFO  com.huifu.saturn.cfca.CFCASignature      -userX509Cert is right!
2018-08-29 10:22:01 [main] INFO  com.huifu.saturn.cfca.CFCASignature      -p7 dig alg with verification: SHA-256
2018-08-29 10:22:01 [main] INFO  com.huifu.saturn.cfca.CFCASignature      -p7 cert subject with verification:CN=051@100001@N3501040009317@1, OU=Organizational-1, OU=Local RA, O=CFCA TEST CA, C=CN
2018-08-29 10:22:01 [main] INFO  com.huifu.saturn.cfca.CFCASignature      -p7 signature: YYV4doQg2+Ax5Ys3jCyMTVHnVY2Jz35F+gBJwBdGnSlNSh3JELmFVRXz6rMv4wejqCY1gtHwpKy5NW6BiQ+qSpaddVF1Krij9Gzz+S3kQXb1fGFuF3gdossxDnsv96ahskr+sfA3EV6T3gYAguoH2KaDM+vHfSESldy2p52MvYPVj9QVN+KSwyyEXeLHnaliLM0r+7ZXiEU+5Hb6oyCqsL+gEL51nOlMIut1nfOMgREosK61Vt6+ZpfBOx44WpVtvedmU4pUkoZtJlfTrYWKk2TOxYpygrYefuWm+RVsDRpioqs9qzwVTgUAdLrHBn2VnX6fHaJ3fb02coPsRmIV5Q==
2018-08-29 10:22:01 [main] INFO  com.huifu.saturn.cfca.CFCASignature      -RSA P7 attach verify OK!
2018-08-29 10:22:54 [main] INFO  .trans.service.impl.TransHFTXServiceImpl -请求参数:{"bg_ret_url":"http://test.widefinance.cn:8082/transController/hftxnotify.do","bind_card_id":"1000002600","cmd_id":"112","div_detail":[{"divAcctId":"53993","divAmt":"10000.00","divCustId":"6666000000045782","divFreezeFg":"00"}],"mer_cust_id":"6666000000045782","order_date":"20180829","order_id":"20180829501004022001","payer_term_type":"01","trans_amt":"10000.00","user_cust_id":"6666000000046231","version":"10"}
2018-08-29 10:22:56 [main] INFO  com.huifu.saturn.cfca.CFCASignature      -userX509Cert date is valid:Wed Sep 13 12:17:05 CST 2017---Fri Sep 13 12:17:05 CST 2019
2018-08-29 10:22:56 [main] INFO  com.huifu.saturn.cfca.CFCASignature      -userX509Cert is right!
2018-08-29 10:22:56 [main] INFO  com.huifu.saturn.cfca.CFCASignature      -p7 dig alg with verification: SHA-256
2018-08-29 10:22:56 [main] INFO  com.huifu.saturn.cfca.CFCASignature      -p7 cert subject with verification:CN=051@100001@N3501040009317@1, OU=Organizational-1, OU=Local RA, O=CFCA TEST CA, C=CN
2018-08-29 10:22:56 [main] INFO  com.huifu.saturn.cfca.CFCASignature      -p7 signature: WTBK+f/097m68avIQ+97rN0HY7GEfP02snSxAj+gRidnJ7EhYKxoDTTyn4Uyy53BZIc60fcmsQp3jhfcbUVZwcxdBotHyU4wOrovUjpMpr+BkWXusb5IHp7vF1MRDl07ywMe0v8dp1X9/5w7M98lCSlU+yFpWMaXNpG4Q3M+SKhrsgL16SMlFeHOC2DZFehrL3EtkWt8rz8z+nfBjhRGqB4hLXEu51AXNPxPH8DarKUihRoes1V0tflI2ZC9SeQ/MG8nF4pPp2NOPS3Ar0EGkiBYZZIKyIiN6myCq5MZESiiqwnycQwKEvlDeO2T0zoPvo51UOpodW1IpJ1QpRWeQw==
2018-08-29 10:22:56 [main] INFO  com.huifu.saturn.cfca.CFCASignature      -RSA P7 attach verify OK!
2018-08-29 12:46:11 [main] INFO  .trans.service.impl.TransHFTXServiceImpl -请求参数:{"acct_id":"53993","cmd_id":"303","mer_cust_id":"6666000000045782","user_cust_id":"6666000000045782","version":"10"}
2018-08-29 12:46:14 [main] INFO  com.huifu.saturn.cfca.CFCASignature      -userX509Cert date is valid:Wed Sep 13 12:17:05 CST 2017---Fri Sep 13 12:17:05 CST 2019
2018-08-29 12:46:14 [main] INFO  com.huifu.saturn.cfca.CFCASignature      -userX509Cert is right!
2018-08-29 12:46:14 [main] INFO  com.huifu.saturn.cfca.CFCASignature      -p7 dig alg with verification: SHA-256
2018-08-29 12:46:14 [main] INFO  com.huifu.saturn.cfca.CFCASignature      -p7 cert subject with verification:CN=051@100001@N3501040009317@1, OU=Organizational-1, OU=Local RA, O=CFCA TEST CA, C=CN
2018-08-29 12:46:14 [main] INFO  com.huifu.saturn.cfca.CFCASignature      -p7 signature: CssZqEoyWSDXO3m1OEW/9vFvqrukoUb/2mQTEDodQsyW0516W9jEa1pNdSXKmw3RdOOydOcW8djyuRkHZUIthZrb5hA/sLFql5Tpsr0C9C2N2cNGzgNze6BRt8ZDsG4H9fsY5tBcDX9aNXviO5w+ENjIhhr0P5Lf5s20SGPE35JK79K4jyeZVicy4W1XSP0Sshj/D7xw2LROcTn6GQ08MiTLZfPqagLHlL19BolgsiXVFDHRYRJ2JhQh7S/UkrHjoAVpfU6CQS1ntLb/0HKHC3qFaPcj9kmbJLLI/PlxyH5o6Z7RRz1XnJVsgMziUur283kXGqY/BuBwkExFRAjwdQ==
2018-08-29 12:46:14 [main] INFO  com.huifu.saturn.cfca.CFCASignature      -RSA P7 attach verify OK!
2018-08-29 12:58:45 [main] INFO  .trans.service.impl.TransHFTXServiceImpl -请求参数:{"bg_ret_url":"http://test.widefinance.cn:8082/transController/hftxnotify.do","cmd_id":"203","in_acct_id":"54580","in_cust_id":"6666000000046231","mer_cust_id":"6666000000045782","order_date":"20180829","order_id":"20180829501004022001","out_acct_id":"53993","out_cust_id":"6666000000045782","tranfer_amt":"9942.00","transfer_type":"02040003","version":"10"}
2018-08-29 12:58:48 [main] INFO  com.huifu.saturn.cfca.CFCASignature      -userX509Cert date is valid:Wed Sep 13 12:17:05 CST 2017---Fri Sep 13 12:17:05 CST 2019
2018-08-29 12:58:48 [main] INFO  com.huifu.saturn.cfca.CFCASignature      -userX509Cert is right!
2018-08-29 12:58:48 [main] INFO  com.huifu.saturn.cfca.CFCASignature      -p7 dig alg with verification: SHA-256
2018-08-29 12:58:48 [main] INFO  com.huifu.saturn.cfca.CFCASignature      -p7 cert subject with verification:CN=051@100001@N3501040009317@1, OU=Organizational-1, OU=Local RA, O=CFCA TEST CA, C=CN
2018-08-29 12:58:48 [main] INFO  com.huifu.saturn.cfca.CFCASignature      -p7 signature: uBZeqeSR2begf9M/m53TRiB0KMy4+q4+R86JsXIuiBzspiiyA1aPrgqkLO+ZqNkVV00FUiIRGLvo6j//cjMw4X6SCj509QtNZLCm64ZR4axHTwFEWu+ct1rq+7UJkvru6kX0AFrHuTXn3q9T2Esz3joFCT018dQeukkbPHlyLvmY+JblGwPW26RFd1gX1zfysysGR3mLfQuiFjfTB8RGX9KchmOYLFAtIgW0RdvRK8jfo+lZRWYi4BbzvIaawLh3SZf6ZwYC+ROiu+A5fdUvFimL2MK2hL8f6Ovusrh/EGkUCbKb1jd9bPryX3KeezrZTg5TOYVOyAHO7q541Nqz9g==
2018-08-29 12:58:48 [main] INFO  com.huifu.saturn.cfca.CFCASignature      -RSA P7 attach verify OK!
2018-08-29 15:13:39 [main] INFO  .trans.service.impl.TransHFTXServiceImpl -请求参数:{"bg_ret_url":"http://test.widefinance.cn:8082/transController/hftxnotify.do","cmd_id":"203","in_acct_id":"54580","in_cust_id":"6666000000046231","mer_cust_id":"6666000000045782","order_date":"20180829","order_id":"20180829501004022001","out_acct_id":"53993","out_cust_id":"6666000000045782","tranfer_amt":"9942.00","transfer_type":"02040003","version":"10"}
2018-08-29 15:13:41 [main] INFO  com.huifu.saturn.cfca.CFCASignature      -userX509Cert date is valid:Wed Sep 13 12:17:05 CST 2017---Fri Sep 13 12:17:05 CST 2019
2018-08-29 15:13:41 [main] INFO  com.huifu.saturn.cfca.CFCASignature      -userX509Cert is right!
2018-08-29 15:13:41 [main] INFO  com.huifu.saturn.cfca.CFCASignature      -p7 dig alg with verification: SHA-256
2018-08-29 15:13:41 [main] INFO  com.huifu.saturn.cfca.CFCASignature      -p7 cert subject with verification:CN=051@100001@N3501040009317@1, OU=Organizational-1, OU=Local RA, O=CFCA TEST CA, C=CN
2018-08-29 15:13:41 [main] INFO  com.huifu.saturn.cfca.CFCASignature      -p7 signature: ei96n5XJL7KxVMV8wzKju9naZHEzFEbs70a1sf+pL5MzopoaJlcJVZ4UFNyzKyEWs/6rCY8S1e6GiM/0b8lg8dZmbt6/A5fRzStyu2Kao4ViEVPrIVxtpm9H57jhxxxYt2sme1sz1bTS+f2vj3aNVk2dxQGxmR4HBwQrAsg1mevHjvfXRTO6Ym5AoU0uxLyRcEneY4Z6eAAqSE1ECkmY0nM1mZimth7vgSdbDmer1RK3rjR+9NprUvCoGtToelywjEUrULDN+9wTdZvCGHFfoMlk/vZlwrD05jdA+U03k4j3BHsIjyd4hmaoeob5aBDyWlI7srjEcR9S1HZxBHeZGA==
2018-08-29 15:13:41 [main] INFO  com.huifu.saturn.cfca.CFCASignature      -RSA P7 attach verify OK!
2018-08-29 15:15:07 [main] INFO  .trans.service.impl.TransHFTXServiceImpl -请求参数:{"bg_ret_url":"http://test.widefinance.cn:8082/transController/hftxnotify.do","cmd_id":"203","in_acct_id":"54580","in_cust_id":"6666000000046231","mer_cust_id":"6666000000045782","order_date":"20180829","order_id":"20180829501004022001","out_acct_id":"53993","out_cust_id":"6666000000045782","transfer_amt":"9942.00","transfer_type":"02040003","version":"10"}
2018-08-29 15:15:26 [main] INFO  com.huifu.saturn.cfca.CFCASignature      -userX509Cert date is valid:Wed Sep 13 12:17:05 CST 2017---Fri Sep 13 12:17:05 CST 2019
2018-08-29 15:15:26 [main] INFO  com.huifu.saturn.cfca.CFCASignature      -userX509Cert is right!
2018-08-29 15:15:26 [main] INFO  com.huifu.saturn.cfca.CFCASignature      -p7 dig alg with verification: SHA-256
2018-08-29 15:15:26 [main] INFO  com.huifu.saturn.cfca.CFCASignature      -p7 cert subject with verification:CN=051@100001@N3501040009317@1, OU=Organizational-1, OU=Local RA, O=CFCA TEST CA, C=CN
2018-08-29 15:15:26 [main] INFO  com.huifu.saturn.cfca.CFCASignature      -p7 signature: kNGTV29OlgtqcSB8msjwrhyf8KWoKvVUduFE3s/Fc8JgO8k/G5pQ92aZP29LJgsb/VlayAAPAGi1BY77MFQNN0rIA9atKZrwfvtIO+Fhmsjb5EdpEvnnQ5uwNkBzMz36Fhw+S2QArzQCxYAQ+AGdMrT7DSKd6jtFIKtsWlgIygg6lbkzu8/Dp6obcad6m8bY9AWHyYfyhAiOiT/u6sWLJspJbr1rew45q9Yy2orHtzRDRrg8DQHXTBFTM8mJn339TF+KuOvIbdNDeOzIEtAO3PBa5Tg+xqJF993vneYYHFR23LqOmaCEnp89uKTJhkvPvJrIZ8vl9l9LHn0iMQt1hQ==
2018-08-29 15:15:26 [main] INFO  com.huifu.saturn.cfca.CFCASignature      -RSA P7 attach verify OK!
2018-08-29 15:17:57 [main] INFO  .trans.service.impl.TransHFTXServiceImpl -请求参数:{"bg_ret_url":"http://test.widefinance.cn:8082/transController/hftxnotify.do","cash_bind_card_id":"75345","cash_type":"02030000","cmd_id":"202","fee_acct_id":"53993","mer_cust_id":"6666000000045782","order_date":"20180829","order_id":"20180829501004022001","trans_amt":"9942.00","user_cust_id":"6666000000046231","version":"10"}
2018-08-29 15:17:59 [main] INFO  com.huifu.saturn.cfca.CFCASignature      -userX509Cert date is valid:Wed Sep 13 12:17:05 CST 2017---Fri Sep 13 12:17:05 CST 2019
2018-08-29 15:17:59 [main] INFO  com.huifu.saturn.cfca.CFCASignature      -userX509Cert is right!
2018-08-29 15:17:59 [main] INFO  com.huifu.saturn.cfca.CFCASignature      -p7 dig alg with verification: SHA-256
2018-08-29 15:17:59 [main] INFO  com.huifu.saturn.cfca.CFCASignature      -p7 cert subject with verification:CN=051@100001@N3501040009317@1, OU=Organizational-1, OU=Local RA, O=CFCA TEST CA, C=CN
2018-08-29 15:17:59 [main] INFO  com.huifu.saturn.cfca.CFCASignature      -p7 signature: H7yYR2AtEUaEt41VoVPdPjFeMdJfxOrg/E2a4uiIOmcCGSR6qLC3DWbhASIXqQ8zp1zgWGrInMwmsN4qftKCI/ycxO/0xYBT7NUD1dI7B4cC+lbdTxiP39mozH69x/ZmKzqKpPoFxnIaXxuWdbTRoFSRjQ9TwX2I12jcWMgZl8T2FEno7cHfkio6R6SL+LJinW13aQxcdt8xMJ2oEr7Ix/XvtbS89zBGLFUOLM9q0KW5eEw37JQCebMSZkxgSOdkrbhjds6syWZrs+tGew8rwceuZ8b53Q4HnF7mvu1fbNFXMWekmA8cA0JORbEk0N10b4qy8dVzT3fyhMcgq9/ONQ==
2018-08-29 15:17:59 [main] INFO  com.huifu.saturn.cfca.CFCASignature      -RSA P7 attach verify OK!
2018-08-29 19:57:28 [main] INFO  .trans.service.impl.TransHFTXServiceImpl -请求参数:{"bg_ret_url":"http://test.widefinance.cn:8082/transController/hftxnotify.do","cash_bind_card_id":"75345","cash_type":"02030000","cmd_id":"202","fee_acct_id":"53993","mer_cust_id":"6666000000045782","order_date":"20180829","order_id":"20180829501004022001","trans_amt":"9942.00","user_cust_id":"6666000000046231","version":"10"}
2018-08-29 19:57:34 [main] INFO  com.huifu.saturn.cfca.CFCASignature      -userX509Cert date is valid:Wed Sep 13 12:17:05 CST 2017---Fri Sep 13 12:17:05 CST 2019
2018-08-29 19:57:34 [main] INFO  com.huifu.saturn.cfca.CFCASignature      -userX509Cert is right!
2018-08-29 19:57:34 [main] INFO  com.huifu.saturn.cfca.CFCASignature      -p7 dig alg with verification: SHA-256
2018-08-29 19:57:34 [main] INFO  com.huifu.saturn.cfca.CFCASignature      -p7 cert subject with verification:CN=051@100001@N3501040009317@1, OU=Organizational-1, OU=Local RA, O=CFCA TEST CA, C=CN
2018-08-29 19:57:34 [main] INFO  com.huifu.saturn.cfca.CFCASignature      -p7 signature: H7yYR2AtEUaEt41VoVPdPjFeMdJfxOrg/E2a4uiIOmcCGSR6qLC3DWbhASIXqQ8zp1zgWGrInMwmsN4qftKCI/ycxO/0xYBT7NUD1dI7B4cC+lbdTxiP39mozH69x/ZmKzqKpPoFxnIaXxuWdbTRoFSRjQ9TwX2I12jcWMgZl8T2FEno7cHfkio6R6SL+LJinW13aQxcdt8xMJ2oEr7Ix/XvtbS89zBGLFUOLM9q0KW5eEw37JQCebMSZkxgSOdkrbhjds6syWZrs+tGew8rwceuZ8b53Q4HnF7mvu1fbNFXMWekmA8cA0JORbEk0N10b4qy8dVzT3fyhMcgq9/ONQ==
2018-08-29 19:57:34 [main] INFO  com.huifu.saturn.cfca.CFCASignature      -RSA P7 attach verify OK!
