2018-12-26 15:19:13 [main] INFO  .interfaces.controller.GateWayController -post body:"{\"data\":\"iVp5wn96TQP2Bxjea8wt476MnCglKEojtcsckaT/SiZWp4Ncu+p3lIfr+KtG/YhRft9moFTa93cGgE0zcRfRcCU6ofFyV/Oc6NT/KrdMNzyb6lW1y1I8fDAP1lA4E92/PP9MjRKSkZwRdO7YBTfWqXtyPeqCHPQi/kv5nXdBL+0=\",\"sign\":\"s7e/lZlUdDrl4K80yfizVyVHaP33nI6UsrBJUZ/ygmhjj7DWMS8UR+dPVKbWRcwCDBWxwug3t084hw2o8kZNkOEhTPFdR1+GRv5AkecUs9bDhenDKY3rfilOW3B4AnuYJgm6X4g+bPY9G5buCmu8ai+80V3mtacOJdrVT85tB0k=\"}"
2018-12-26 15:19:13 [main] ERROR .interfaces.controller.GateWayController -illegal identifier : \
com.alibaba.fastjson.JSONException: illegal identifier : \
	at com.alibaba.fastjson.parser.JSONLexerBase.scanSymbolUnQuoted(JSONLexerBase.java:818)
	at com.alibaba.fastjson.parser.DefaultJSONParser.parseObject(DefaultJSONParser.java:261)
	at com.alibaba.fastjson.parser.DefaultJSONParser.parse(DefaultJSONParser.java:1184)
	at com.alibaba.fastjson.parser.DefaultJSONParser.parse(DefaultJSONParser.java:1153)
	at com.alibaba.fastjson.JSON.parse(JSON.java:102)
	at com.alibaba.fastjson.JSON.parse(JSON.java:93)
	at com.alibaba.fastjson.JSON.parseObject(JSON.java:164)
	at com.bg.interfaces.controller.GateWayController.main(GateWayController.java:701)
2018-12-26 15:38:33 [main] INFO  .interfaces.controller.GateWayController -post body:{"sign":"s7e/lZlUdDrl4K80yfizVyVHaP33nI6UsrBJUZ/ygmhjj7DWMS8UR+dPVKbWRcwCDBWxwug3t084hw2o8kZNkOEhTPFdR1+GRv5AkecUs9bDhenDKY3rfilOW3B4AnuYJgm6X4g+bPY9G5buCmu8ai+80V3mtacOJdrVT85tB0k=","data":"WLBUAuMds8DKWSHZEG6T4yw5PwSJir9y53fWLKwUi5vIFJJ/9IkwYsFSy7T2gi2tqEVTeqguu+uszDih471HcKZdJAPM5Kyw11MLh7EU7eKiwQ11lBn0Mpiio8w4Mp4BrLX0DtSZoIKKkXH7mPRcTF9EI+KdROalWBXD9Af/Tgo="}
2018-12-26 15:38:33 [main] ERROR .interfaces.controller.GateWayController -not close json text, token : :
com.alibaba.fastjson.JSONException: not close json text, token : :
	at com.alibaba.fastjson.parser.DefaultJSONParser.close(DefaultJSONParser.java:1282)
	at com.alibaba.fastjson.JSON.parse(JSON.java:106)
	at com.alibaba.fastjson.JSON.parse(JSON.java:93)
	at com.alibaba.fastjson.JSON.parseObject(JSON.java:164)
	at com.bg.interfaces.controller.GateWayController.main(GateWayController.java:701)
2018-12-26 15:39:09 [main] INFO  .interfaces.controller.GateWayController -post body:{"sign":"s7e/lZlUdDrl4K80yfizVyVHaP33nI6UsrBJUZ/ygmhjj7DWMS8UR+dPVKbWRcwCDBWxwug3t084hw2o8kZNkOEhTPFdR1+GRv5AkecUs9bDhenDKY3rfilOW3B4AnuYJgm6X4g+bPY9G5buCmu8ai+80V3mtacOJdrVT85tB0k=","data":"RxhSvXbJdkMQrkajP3Q6e6RBwkZEMzQtviITqOaDWnsvKGSXL/wQImacJ1E2As5fyxGG19f82M9HF6EGt9PKwcU62CvuBcjHITKyaHfAe0Z1YtaAkbe8fzD8C3pkG5sq5Q/P8LxG85fQtpbipjMNEvpW6HS56mZaaslzA5iR0Sw="}
2018-12-26 15:39:09 [main] ERROR .interfaces.controller.GateWayController -
java.lang.NullPointerException
	at java.lang.String.<init>(String.java:556)
	at com.bg.interfaces.controller.GateWayController.main(GateWayController.java:701)
2018-12-26 15:43:56 [main] INFO  .interfaces.controller.GateWayController -post body:{"sign":"s7e/lZlUdDrl4K80yfizVyVHaP33nI6UsrBJUZ/ygmhjj7DWMS8UR+dPVKbWRcwCDBWxwug3t084hw2o8kZNkOEhTPFdR1+GRv5AkecUs9bDhenDKY3rfilOW3B4AnuYJgm6X4g+bPY9G5buCmu8ai+80V3mtacOJdrVT85tB0k=","data":"lremmgdtDiIuGN008WXEXI0rdGTIPdY66iOgA43w5273+q9SXvKD+IswCkEtYbWK15YSr2cnnJOi5+QcW3zU0OWe6iumgVTWHytwwLxv5sgMDQIzuUy8PcXf2jON03IJfKxQZzd5+WLZtcZfODu/OxbWBDAEth/VqcUFZLMTW7k="}
2018-12-26 15:45:23 [main] INFO  .interfaces.controller.GateWayController -post body:{"sign":"WAMdNNIZPrp3ElkZhntQzTJ9N6mDGMRQCAC9Qo7vpNWP6iY93JHr0v32385SH1+ewWwnMjNAPp8+jd8iy5yBAy/6eZfZHH2gzO2jcdF77HKIo6QH2opMhgf9FL1b8sxiuSEm0CtEyUo/Pu3sqwCvu3d5Q0a/BzS1iBwR0CH7khA=","data":"Dv8xD5Rcp7lDGYJz0SViyUiXddExm+/U8CUDL9knC6tXTX87rffYouFsr6Uj6ek+Uqkx8roQ/+YSdhdsN3e/bY8XPLNL4tYdncBew+P/Wr7XH3dVxWSPZw3TnuEutDd9+4ZdDZpSE3esdxitchuOHOtBz5ucrfR34jUT4rf9ec+K1YoWBwSGNRkuDlckcyzS/h1wKVDl0QRN+rqPmo4Kxor6mDoVfsUUvGnXc4ZTyiiffbvPrMQ/+GgOPJHSGypha4dteNFiH/Y2ClJPmKUiBVIYTpQMufq0sSCX8sBPpWyMXCQNxmrKz4o5DQdeCo9v3vIq0Z5+CWYMoJS9yO7kQw=="}
2018-12-26 15:46:47 [main] INFO  .interfaces.controller.GateWayController -post body:{"sign":"my9HwkhNIHgnw4jWTwtNtF0pk+tWIbmr6UUO0rr1iemZcn1AARk0OoG1+1b3pKvVsZfBbboqUTtn1JI9q4251drFzHACIutDT8sub5dMAZgdeOZWcXW0McthnGNUiljyX0axyjvgCeLg621Rge+dUshuVtYC9OfWrnYqt2w0pfk=","data":"SN/158rMkBONUK33gFJmqhCQrZ6huC6EOIfOaPeh9Qgdqdy8EDy7D5DI8w4w+ja9hj3W13Sr89fTKj/xshG97wp8FlsPAbMqFWnPCEwur8xVPl3iI2c5fteKSj/eY2l2Wb6u2GaXQH+zKsOrJCo09/zBE8uUHmUOCB3FJat1FPCQNB2MfgBoNKwsj8XAC/f8eK8fneSoKh1LAr4mqbY56Q8yz7wfR/3sApJfOUTUhSlIeAbnq/rw+ATXv6nrB1ubp4vPbyqbG8RF1bFgDhUFSg3E8BswjBMQLmmaR+4Pw+Hbz6H6rrL0RE5yOlHeXIgLn642zOLEe3nc8Ig3VqS6AA=="}
2018-12-26 15:56:46 [main] INFO  .interfaces.controller.GateWayController -post body:{"sign":"yzy7UnnLcT53taD6HBe8Er8RWuQ+fwwpY2LnyfbYD7JHHf5xOFZ+aWVITg/fbJJOClCp/uxnQxaGsD10Bp2B4OqgaOPaf6qH3+nEwe7kdWBCTFrv76KJS/QENxB/cuPd2YZlhWEdxPek5MguPK8ePCSpB9Q2CYw9NhKZt3HVTo4=","data":"o/IQxwKutpDMIqMG+FDSRKcbGSPJfVTH9Dq630AfEtH17vKqB8tGzF4PPa9bCE/vUeGzKXlfpxYZOvYtHxnf8oewxOkgRQ7fo88qF/dU0zscR+gXX2ExOcnGQZBg8L1Z9N6TCNVRM2tp3nGSsv4qsaUYY9y305aOqO6QC4BgpLg="}
2018-12-26 15:57:57 [main] INFO  .interfaces.controller.GateWayController -post body:{"sign":"yzy7UnnLcT53taD6HBe8Er8RWuQ+fwwpY2LnyfbYD7JHHf5xOFZ+aWVITg/fbJJOClCp/uxnQxaGsD10Bp2B4OqgaOPaf6qH3+nEwe7kdWBCTFrv76KJS/QENxB/cuPd2YZlhWEdxPek5MguPK8ePCSpB9Q2CYw9NhKZt3HVTo4=","data":"pZ/GP7BtMFIW44+SOPG6VmAazJyIxRhoXfUCjSvsgYOB+B5stLtK0QGymvCoxeLgmTbatdowNF8sNFxOsIr6YRlzeF/ERr8LgdWE0i/8TaN+OwwT3hziMcKvMnKKYOrpkXn4s+wKKzp68Jthj/I40kgUx9LaUt24E/zakSfdPqs="}
2018-12-26 15:58:22 [main] INFO  .interfaces.controller.GateWayController -post body:{"sign":"oleOR9RCsnD9fVKxC4K8Pyya4BvlguT7Apm7eHuwzAWMlDhg6RDgB8sHo7DoTllgmV2SSN2jDhGM8cmCjVc4zPwgrhITPHHD5atJh67OmskV41Nl7yQJShVZcAAX80yt1W00dFCYd/v3TcTK54FAc8vEggmx9yzSFbsnjd/BZ1o=","data":"Sm3W7KTH8l9v3PIq0S31ZQf+sDJqkT1y5Bm0EjqGPujYSvxNJYf39ulJq9GhrBm3tLO0rc/vEkMEP++TdKDiAQEMszHMlTsy4eh28iFyVbDBADVLd21eQoiJAoAd1/AyUBriprWrT4ir69f0tRcoupyW7MOHVr1vTilXj80eRCa60lKgcKy8dihF+rd9fROJJU/6lts1MTeBEu7KL7f6nC3fsws91TORsEl6H6W3X1UgdJH3JvI0by88v5zvCHzqXV+ac5NnQrGTGXRl2669ypSMnz24nzszOGd1jUVCBs8WjZ7zXSb2xh9xthQClH9BQAzlLmECcQxJC+m7ZfSTcg=="}
2018-12-26 15:59:36 [main] INFO  .interfaces.controller.GateWayController -post body:{"sign":"PcycrsBWQfOZzCF+ImTlesbGlhoRLscftdZoeaBaKph+RGALWO60o5e3LOiyhhGoXRf+vyVeW4IR7Pra7Dq7yj1m9ZSM5CbL8sadPghbV2/dQkDGhuAd4nw/tRY5aPR9kAGC0RlYj9j1LrlJwexg9iIQCF/E8p0gCfPXRueZdz8=","data":"R4q8Sf3d4YmkOhgNAR2lhYalqqwm2Xvm/mJT9M4uJS0oKJwfVoDCRQHgYIZlaF8gyZo/K63LS9/dWKSvsbi/4HW4E9PsRuV+nnPnGShNERM5/4nJ7facnBX5TIUx1dCCLzgtsig5VlGxTLwHarWIHA2i71cUG4WnUpnLS/rgtIIbbX8kyrCyIB7YDopBjPJAbmaggY4d9umweu1Iz+ydYmHgUzY4HDI4FvUbaaWiXQfu0RNkqYxyLIFwirROPB6mUraPF2SJ/Nqy2QJv0g8G/MetGn++ldzp9h5wPmJ5wENLzfupsGZ9fh/8329qQ6eoW7jSWarrs6ytksVAbToa2w=="}
2018-12-26 16:00:04 [main] INFO  .interfaces.controller.GateWayController -post body:{"sign":"yzy7UnnLcT53taD6HBe8Er8RWuQ+fwwpY2LnyfbYD7JHHf5xOFZ+aWVITg/fbJJOClCp/uxnQxaGsD10Bp2B4OqgaOPaf6qH3+nEwe7kdWBCTFrv76KJS/QENxB/cuPd2YZlhWEdxPek5MguPK8ePCSpB9Q2CYw9NhKZt3HVTo4=","data":"MqBoTZI3oG9QButfSIuixm2vS4cmvGcXIfta48ZAPADV4a7HR7E/gGasniXu2pYLiO0gHazDui82qvGhcgO5M2gtSEfywR479WYaRVvt4fKOuLd2f2rE2LEI/LfkNPChwbs0NgDV697T0vIFP3VA9DTD19BJv3rGAN75+I3Q+Pw="}
2018-12-26 16:00:20 [main] INFO  .interfaces.controller.GateWayController -post body:{"sign":"RE8XGH8hUKIC/hN/PTzWtt5bF4MG+UsFzNUQ6jLpMPyrxXjLhmLb0SEEm73AKsL8P/trmh0S5DxuuvqgoaLot01aMM9pKRwLudZZRwbxXOmOuS4lPTtKu9JCRE0LkBvz7WEZgGd+9TjBKXiJouiLEEbyvEbg2R3CKPbHj+xpFZY=","data":"Dz/Xy9XzoDBCnqSbcqu30TM+fTlK7/iBaJiXajOQpFuTEx2E2RLROzfRgrsMGFXZ1MM0fXT2eU0qgvV8E9K69/Uam4V76fH6Cuxlb2KTECseAQhOtQy1sSV9O86fM/WjyjrLiHJaR5Hj4js8lHz5v7GV11AUoh0v25B1hi6cxdJyhPYsaiUwwVA/+FSrTLE6dzVfknuUtpkPIhJMxeiVe5ANLQGivBlTdwgAQGzmMhNG6QWvlfMyPPKeMdlNpC3BVQ/iNn7nOwiKaOC3nR65Xzp7iCW4foVjwMxXKF9Q3omllvZm3MUVNbNpoqy6w80fDtx/xJbUAzaMPxJDRra40Q=="}
