2019-09-02 10:57:44 [main] INFO  UMF                                      -[UMF SDK] 使用Log4j进行日志输出
2019-09-02 10:57:44 [main] INFO  UMF                                      -[UMF SDK] 商户请求数据必填字段校验通过
2019-09-02 10:57:44 [main] INFO  UMF                                      -[UMF SDK] 商户请求校验规则正确
2019-09-02 10:57:44 [main] INFO  UMF                                      -[UMF SDK] 商户请求最终数据封装对象为：url=http://pay.soopay.net/spay/pay/payservice.do,field={sign=Ck89rp+kX0mpp2dgUYFMyh1zFvqFnvhYiovrlF0qHk7KEWW+81mrlmR7aY2w2SwPuCOZ2Al9t8o9I8pE4YPUX4ABmTK7Mrm1SnWj7YpDDdcHWutWDRlNJw2P+TKAyNV3uspqTjjodoUD447vXBiDCkkQ43+Kj2fcXvMgau8VAzw=, amount=2100000, amt_type=RMB, mer_date=20190902, mer_id=52510, sign_type=RSA, notify_url=http://test.widefinance.cn/transController/ldnotify, service=pay_req_shortcut, charset=UTF-8, order_id=20190902105744288100, res_format=HTML, version=4.0}plain=amount=2100000&amt_type=RMB&charset=UTF-8&mer_date=20190902&mer_id=52510&notify_url=http%3A%2F%2Ftest.widefinance.cn%2FtransController%2Fldnotify&order_id=20190902105744288100&res_format=HTML&service=pay_req_shortcut&sign_type=RSA&version=4.0sign=Ck89rp+kX0mpp2dgUYFMyh1zFvqFnvhYiovrlF0qHk7KEWW+81mrlmR7aY2w2SwPuCOZ2Al9t8o9I8pE4YPUX4ABmTK7Mrm1SnWj7YpDDdcHWutWDRlNJw2P+TKAyNV3uspqTjjodoUD447vXBiDCkkQ43+Kj2fcXvMgau8VAzw=
2019-09-02 10:57:44 [main] INFO  UMF                                      -连接超时时长为：60000
2019-09-02 10:57:46 [main] INFO  UMF                                      -==============执行post方法结束==============
2019-09-02 10:57:46 [main] INFO  UMF                                      -==============获得HttpEntity结束==============
2019-09-02 10:57:46 [main] INFO  UMF                                      -==============获得输入流结束==============
2019-09-02 10:57:46 [main] INFO  UMF                                      -[UMF SDK] 通讯成功，请求地址返回状态码为：【200】
2019-09-02 10:57:46 [main] INFO  UMF                                      -[UMF SDK] content=mer_id=52510&ret_code=0000&ret_msg=操作成功&sign_type=RSA&trade_no=3909021057986371&trade_state=WAIT_BUYER_PAY&version=4.0&sign=tfGDzr8DzOOV0bvPQXluipGy1+thu5DFKOF+HubGlrRdJ8q8iEboENixALmj/l3Lxa2Dt3WqTEzEoDfREuGw5axpTmiK5wWhIhhUxz4F/NGWiKN41okFVjApGcOLtmJfzCipTfn3KqvS6HlnRLojtnXnjGeRXEz/VFuNFpLTOKk=
2019-09-02 10:57:46 [main] INFO  UMF                                      -[UMF SDK] 获取联动公钥证书成功!
2019-09-02 10:57:46 [main] INFO  UMF                                      -[UMF SDK] 验证平台签名是否成功------>true
2019-09-02 10:57:46 [main] INFO  UMF                                      -[UMF SDK] 商户请求联动平台返回最终数据为:{trade_no=3909021057986371, ret_code=0000, mer_id=52510, trade_state=WAIT_BUYER_PAY, ret_msg=操作成功}
2019-09-02 10:59:25 [main] INFO  UMF                                      -[UMF SDK] 使用Log4j进行日志输出
2019-09-02 10:59:25 [main] INFO  UMF                                      -[UMF SDK] 商户请求数据必填字段校验通过
2019-09-02 10:59:25 [main] INFO  UMF                                      -[UMF SDK] 商户请求校验规则正确
2019-09-02 10:59:25 [main] INFO  UMF                                      -[UMF SDK] 商户请求最终数据封装对象为：url=http://pay.soopay.net/spay/pay/payservice.do,field={sign=AqKb4iWuk9qYfFy021XP+JKHoYkhwFXBhbrnfOglIzgwnTl5hNrn4KofqjyEYubuLvCbKX40sjIgY76bRJtHITgN3R2Tx3A3g5H1B7ut0YC01oWNJXRtj3Qt+GlmECKOWPVI0pb8mKFk95VxlKHFeEbTF9MILzanihOon+MxjK0=, trade_no=3909021057986371, usr_pay_agreement_id=P2019082815531200000000044358826, mer_id=52510, sign_type=RSA, service=agreement_pay_confirm_shortcut, charset=UTF-8, mer_cust_id=130123198604101810, res_format=HTML, version=4.0}plain=charset=UTF-8&mer_cust_id=130123198604101810&mer_id=52510&res_format=HTML&service=agreement_pay_confirm_shortcut&sign_type=RSA&trade_no=3909021057986371&usr_pay_agreement_id=P2019082815531200000000044358826&version=4.0sign=AqKb4iWuk9qYfFy021XP+JKHoYkhwFXBhbrnfOglIzgwnTl5hNrn4KofqjyEYubuLvCbKX40sjIgY76bRJtHITgN3R2Tx3A3g5H1B7ut0YC01oWNJXRtj3Qt+GlmECKOWPVI0pb8mKFk95VxlKHFeEbTF9MILzanihOon+MxjK0=
2019-09-02 10:59:25 [main] INFO  UMF                                      -连接超时时长为：60000
2019-09-02 10:59:27 [main] INFO  UMF                                      -==============执行post方法结束==============
2019-09-02 10:59:27 [main] INFO  UMF                                      -==============获得HttpEntity结束==============
2019-09-02 10:59:27 [main] INFO  UMF                                      -==============获得输入流结束==============
2019-09-02 10:59:27 [main] INFO  UMF                                      -[UMF SDK] 通讯成功，请求地址返回状态码为：【200】
2019-09-02 10:59:27 [main] INFO  UMF                                      -[UMF SDK] content=mer_id=52510&ret_code=00190040&ret_msg=无可用支付通道，通道限额超限,PSP1059272ec4ca3&sign_type=RSA&version=4.0&sign=CeuaH1Xrk2xTFbRgjJKoZJkGZcxba9xdw9Q1Om+aXLBaqYIEU0N7AYr5LUK+/YmvY6gY1L214fEW9atgnNUhNi6UX0PfLiNa23AsY01Y0Ly6qs2FobvE0PKZZ7xIjLfA0x4+nbFDu3H6t08D+uORg9MXDUL5BLtYTaDAC902TRo=
2019-09-02 10:59:27 [main] INFO  UMF                                      -[UMF SDK] 获取联动公钥证书成功!
2019-09-02 10:59:27 [main] INFO  UMF                                      -[UMF SDK] 验证平台签名是否成功------>true
2019-09-02 10:59:27 [main] INFO  UMF                                      -[UMF SDK] 商户请求联动平台返回最终数据为:{ret_code=00190040, mer_id=52510, ret_msg=无可用支付通道，通道限额超限,PSP1059272ec4ca3}
2019-09-02 11:00:47 [main] INFO  UMF                                      -[UMF SDK] 使用Log4j进行日志输出
2019-09-02 11:00:47 [main] INFO  UMF                                      -[UMF SDK] 商户请求数据必填字段校验通过
2019-09-02 11:00:48 [main] INFO  UMF                                      -[UMF SDK] 商户请求校验规则正确
2019-09-02 11:00:48 [main] INFO  UMF                                      -[UMF SDK] 商户请求最终数据封装对象为：url=http://pay.soopay.net/spay/pay/payservice.do,field={sign=mMMBIdjSR1lNCMmUqqfQT9vUpCka+4xLYIB7JyZg76pot7XYCkYM9e0Q+aaYdeDAbfRTSE0stm2C+kBLwP0chQarMEg4ubO6LGdW9GCia0UC7Y7kgW6ENovJlA2YvMXNmTuA24Wq/vCB49349+AzuPXlZEcp5S0qF1F75GPHSRg=, amount=2000000, amt_type=RMB, mer_date=20190902, mer_id=52510, sign_type=RSA, notify_url=http://test.widefinance.cn/transController/ldnotify, service=pay_req_shortcut, charset=UTF-8, order_id=20190902110047705100, res_format=HTML, version=4.0}plain=amount=2000000&amt_type=RMB&charset=UTF-8&mer_date=20190902&mer_id=52510&notify_url=http%3A%2F%2Ftest.widefinance.cn%2FtransController%2Fldnotify&order_id=20190902110047705100&res_format=HTML&service=pay_req_shortcut&sign_type=RSA&version=4.0sign=mMMBIdjSR1lNCMmUqqfQT9vUpCka+4xLYIB7JyZg76pot7XYCkYM9e0Q+aaYdeDAbfRTSE0stm2C+kBLwP0chQarMEg4ubO6LGdW9GCia0UC7Y7kgW6ENovJlA2YvMXNmTuA24Wq/vCB49349+AzuPXlZEcp5S0qF1F75GPHSRg=
2019-09-02 11:00:48 [main] INFO  UMF                                      -连接超时时长为：60000
2019-09-02 11:00:48 [main] INFO  UMF                                      -==============执行post方法结束==============
2019-09-02 11:00:48 [main] INFO  UMF                                      -==============获得HttpEntity结束==============
2019-09-02 11:00:48 [main] INFO  UMF                                      -==============获得输入流结束==============
2019-09-02 11:00:48 [main] INFO  UMF                                      -[UMF SDK] 通讯成功，请求地址返回状态码为：【200】
2019-09-02 11:00:48 [main] INFO  UMF                                      -[UMF SDK] content=mer_id=52510&ret_code=0000&ret_msg=操作成功&sign_type=RSA&trade_no=3909021100988191&trade_state=WAIT_BUYER_PAY&version=4.0&sign=l5H7FXwNK+S7AAphcsf7vg1sXhluWdFTJ0ZfchxrWSU+tbYXmLFV4Dh7ckLIgOOgkeiHrFyi5eO7QrpFiy3WrZuCBFXOQlpHPbiAOiyZfpJ/zKexpEGAy9zCQPjAQihGJ6dpc8w7QlnO2c3//6hgO5XNu14Hvk2JoJOJY+askDg=
2019-09-02 11:00:48 [main] INFO  UMF                                      -[UMF SDK] 获取联动公钥证书成功!
2019-09-02 11:00:48 [main] INFO  UMF                                      -[UMF SDK] 验证平台签名是否成功------>true
2019-09-02 11:00:48 [main] INFO  UMF                                      -[UMF SDK] 商户请求联动平台返回最终数据为:{trade_no=3909021100988191, ret_code=0000, mer_id=52510, trade_state=WAIT_BUYER_PAY, ret_msg=操作成功}
2019-09-02 11:01:36 [main] INFO  UMF                                      -[UMF SDK] 使用Log4j进行日志输出
2019-09-02 11:01:36 [main] INFO  UMF                                      -[UMF SDK] 商户请求数据必填字段校验通过
2019-09-02 11:01:36 [main] INFO  UMF                                      -[UMF SDK] 商户请求校验规则正确
2019-09-02 11:01:36 [main] INFO  UMF                                      -[UMF SDK] 商户请求最终数据封装对象为：url=http://pay.soopay.net/spay/pay/payservice.do,field={sign=qVHD1L2Rg2m/nWLLf6FSMUPNSkLvPk9IXR1bGXf3RM2ifVx3CVfbSr0jIw3qGW4GHOZGQwjzkPUYOa43qTHcT+Zg0/RyBfYDqULerjN7plc6HOABahiEBenLet9dvjOuRMf0HWSwhzzV5OXek/fptx4Bq+N5Q6S7GKy04S02ndM=, trade_no=3909021100988191, usr_pay_agreement_id=P2019082815531200000000044358826, mer_id=52510, sign_type=RSA, service=agreement_pay_confirm_shortcut, charset=UTF-8, mer_cust_id=130123198604101810, res_format=HTML, version=4.0}plain=charset=UTF-8&mer_cust_id=130123198604101810&mer_id=52510&res_format=HTML&service=agreement_pay_confirm_shortcut&sign_type=RSA&trade_no=3909021100988191&usr_pay_agreement_id=P2019082815531200000000044358826&version=4.0sign=qVHD1L2Rg2m/nWLLf6FSMUPNSkLvPk9IXR1bGXf3RM2ifVx3CVfbSr0jIw3qGW4GHOZGQwjzkPUYOa43qTHcT+Zg0/RyBfYDqULerjN7plc6HOABahiEBenLet9dvjOuRMf0HWSwhzzV5OXek/fptx4Bq+N5Q6S7GKy04S02ndM=
2019-09-02 11:01:36 [main] INFO  UMF                                      -连接超时时长为：60000
2019-09-02 11:01:37 [main] INFO  UMF                                      -==============执行post方法结束==============
2019-09-02 11:01:37 [main] INFO  UMF                                      -==============获得HttpEntity结束==============
2019-09-02 11:01:37 [main] INFO  UMF                                      -==============获得输入流结束==============
2019-09-02 11:01:37 [main] INFO  UMF                                      -[UMF SDK] 通讯成功，请求地址返回状态码为：【200】
2019-09-02 11:01:37 [main] INFO  UMF                                      -[UMF SDK] content=mer_id=52510&ret_code=00190040&ret_msg=无可用支付通道，通道限额超限,PSP110138cd8ed96&sign_type=RSA&version=4.0&sign=jebeXa1NFdWwwFiG4OWH89RSjCMXEyUDfLlxI27PaTDNnl4N9mGb4ntXTHDmmhNVH+ap1t+Fqj8XEFba4UWoBsnG+tNyp5v9ju83CduHaC/6zuz7RtaqG2P9apDOiRhyr+liLpb1PkJtj1tuR5FwroVsxyDvkREb/KszB2Pttk8=
2019-09-02 11:01:37 [main] INFO  UMF                                      -[UMF SDK] 获取联动公钥证书成功!
2019-09-02 11:01:37 [main] INFO  UMF                                      -[UMF SDK] 验证平台签名是否成功------>true
2019-09-02 11:01:38 [main] INFO  UMF                                      -[UMF SDK] 商户请求联动平台返回最终数据为:{ret_code=00190040, mer_id=52510, ret_msg=无可用支付通道，通道限额超限,PSP110138cd8ed96}
2019-09-02 11:03:10 [main] INFO  UMF                                      -[UMF SDK] 使用Log4j进行日志输出
2019-09-02 11:03:10 [main] INFO  UMF                                      -[UMF SDK] 商户请求数据必填字段校验通过
2019-09-02 11:03:10 [main] INFO  UMF                                      -[UMF SDK] 商户请求校验规则正确
2019-09-02 11:03:10 [main] INFO  UMF                                      -[UMF SDK] 商户请求最终数据封装对象为：url=http://pay.soopay.net/spay/pay/payservice.do,field={sign=s6ZicgRGaslyUzV7QQIxVCdyWklUM53+3k4SQebEfpXVKGuaqnQg3RRoSunmvSpKLc0YG69c+AewKrL7UhA1pmyMJCt+kJvAvvoyz4111ZIoy5eHt3wO1+YFEYdz8h+9rfmoHcZG3mO+touryf3BQQ44ZZIuBMW4nkYim4S/03M=, amount=1000000, amt_type=RMB, mer_date=20190902, mer_id=52510, sign_type=RSA, notify_url=http://test.widefinance.cn/transController/ldnotify, service=pay_req_shortcut, charset=UTF-8, order_id=20190902110310345100, res_format=HTML, version=4.0}plain=amount=1000000&amt_type=RMB&charset=UTF-8&mer_date=20190902&mer_id=52510&notify_url=http%3A%2F%2Ftest.widefinance.cn%2FtransController%2Fldnotify&order_id=20190902110310345100&res_format=HTML&service=pay_req_shortcut&sign_type=RSA&version=4.0sign=s6ZicgRGaslyUzV7QQIxVCdyWklUM53+3k4SQebEfpXVKGuaqnQg3RRoSunmvSpKLc0YG69c+AewKrL7UhA1pmyMJCt+kJvAvvoyz4111ZIoy5eHt3wO1+YFEYdz8h+9rfmoHcZG3mO+touryf3BQQ44ZZIuBMW4nkYim4S/03M=
2019-09-02 11:03:10 [main] INFO  UMF                                      -连接超时时长为：60000
2019-09-02 11:03:11 [main] INFO  UMF                                      -==============执行post方法结束==============
2019-09-02 11:03:11 [main] INFO  UMF                                      -==============获得HttpEntity结束==============
2019-09-02 11:03:11 [main] INFO  UMF                                      -==============获得输入流结束==============
2019-09-02 11:03:11 [main] INFO  UMF                                      -[UMF SDK] 通讯成功，请求地址返回状态码为：【200】
2019-09-02 11:03:11 [main] INFO  UMF                                      -[UMF SDK] content=mer_id=52510&ret_code=0000&ret_msg=操作成功&sign_type=RSA&trade_no=3909021103994641&trade_state=WAIT_BUYER_PAY&version=4.0&sign=joMHroJ+F4BHiVEdnxveGAv0j3GiJTK2bLFTrm+KCdyO15tlMBvfCTVfZPC6X5LTSjFh4L8AolfTQjBPy2FPHwTZvIvN/+FCsOzBdUlMkrnLLECHebO8lbpRSOAS9x+05UP3XRDyySrfRaBbkmp/47ZYCx+zpjTBUXqaT7i55tE=
2019-09-02 11:03:11 [main] INFO  UMF                                      -[UMF SDK] 获取联动公钥证书成功!
2019-09-02 11:03:11 [main] INFO  UMF                                      -[UMF SDK] 验证平台签名是否成功------>true
2019-09-02 11:03:11 [main] INFO  UMF                                      -[UMF SDK] 商户请求联动平台返回最终数据为:{trade_no=3909021103994641, ret_code=0000, mer_id=52510, trade_state=WAIT_BUYER_PAY, ret_msg=操作成功}
2019-09-02 11:03:31 [main] INFO  UMF                                      -[UMF SDK] 使用Log4j进行日志输出
2019-09-02 11:03:31 [main] INFO  UMF                                      -[UMF SDK] 商户请求数据必填字段校验通过
2019-09-02 11:03:31 [main] INFO  UMF                                      -[UMF SDK] 商户请求校验规则正确
2019-09-02 11:03:31 [main] INFO  UMF                                      -[UMF SDK] 商户请求最终数据封装对象为：url=http://pay.soopay.net/spay/pay/payservice.do,field={sign=infA092ECTsWRRjO39P53T6BEf30/b58kjeI3mrEsRxc7bt3tBaK6DDUuZ8oCB81biKF5Hpeka0WSlewE8qNPOhT+G4md5cIp5HxCZ/BNQpZDYALdiMyAFjTCPdcceN6GocopJKMluf2PmMmjDBCJRVXPgpgQrzgAMOQtEEX/tk=, trade_no=3909021103994641, usr_pay_agreement_id=P2019082815531200000000044358826, mer_id=52510, sign_type=RSA, service=agreement_pay_confirm_shortcut, charset=UTF-8, mer_cust_id=130123198604101810, res_format=HTML, version=4.0}plain=charset=UTF-8&mer_cust_id=130123198604101810&mer_id=52510&res_format=HTML&service=agreement_pay_confirm_shortcut&sign_type=RSA&trade_no=3909021103994641&usr_pay_agreement_id=P2019082815531200000000044358826&version=4.0sign=infA092ECTsWRRjO39P53T6BEf30/b58kjeI3mrEsRxc7bt3tBaK6DDUuZ8oCB81biKF5Hpeka0WSlewE8qNPOhT+G4md5cIp5HxCZ/BNQpZDYALdiMyAFjTCPdcceN6GocopJKMluf2PmMmjDBCJRVXPgpgQrzgAMOQtEEX/tk=
2019-09-02 11:03:31 [main] INFO  UMF                                      -连接超时时长为：60000
2019-09-02 11:03:34 [main] INFO  UMF                                      -==============执行post方法结束==============
2019-09-02 11:03:34 [main] INFO  UMF                                      -==============获得HttpEntity结束==============
2019-09-02 11:03:34 [main] INFO  UMF                                      -==============获得输入流结束==============
2019-09-02 11:03:34 [main] INFO  UMF                                      -[UMF SDK] 通讯成功，请求地址返回状态码为：【200】
2019-09-02 11:03:34 [main] INFO  UMF                                      -[UMF SDK] content=amount=1000000&amt_type=RMB&mer_date=20190902&mer_id=52510&order_id=20190902110310345100&pay_date=20190902&ret_code=0000&ret_msg=交易成功&settle_date=20190902&sign_type=RSA&trade_state=TRADE_SUCCESS&version=4.0&sign=onQGxyDUO99nfQ0QXtRwUPcQQ8ub/7E3bXPbnPlVqwIvS5gufBDWs7HLQjh7ieQ0MoZDxWoaJSrPq0e/hJLRwGvlzRETFN6cQ5fcLdXPse2yKTVcI1IF4AJVZktaG0KyAhdD23zWVQxlZvRoqma83PJHARx8oX1i6FVVK2AwW1Q=
2019-09-02 11:03:34 [main] INFO  UMF                                      -[UMF SDK] 获取联动公钥证书成功!
2019-09-02 11:03:34 [main] INFO  UMF                                      -[UMF SDK] 验证平台签名是否成功------>true
2019-09-02 11:03:34 [main] INFO  UMF                                      -[UMF SDK] 商户请求联动平台返回最终数据为:{mer_date=20190902, trade_state=TRADE_SUCCESS, ret_msg=交易成功, settle_date=20190902, order_id=20190902110310345100, amt_type=RMB, amount=1000000, ret_code=0000, mer_id=52510, pay_date=20190902}
2019-09-02 11:03:57 [main] INFO  UMF                                      -[UMF SDK] 使用Log4j进行日志输出
2019-09-02 11:03:58 [main] INFO  UMF                                      -[UMF SDK] 商户请求数据必填字段校验通过
2019-09-02 11:03:58 [main] INFO  UMF                                      -[UMF SDK] 商户请求校验规则正确
2019-09-02 11:03:58 [main] INFO  UMF                                      -[UMF SDK] 商户请求最终数据封装对象为：url=http://pay.soopay.net/spay/pay/payservice.do,field={sign=w4k/+sDj8+Uk0nKIjMbbu6r1f2yQEPydtZ6c5HMq0oudNHG5b9wwKzzeFqOAtKdlITN3v+2UtSy2F7IeaOWijdA0TSllR+WM1IsP/bNUFQEOpqwgbbxK7y8rcvTwJSvIxAwqSKRpDGilv46j0MYju6E2PcUMIIXzFzOqtarzsq8=, amount=1000000, amt_type=RMB, mer_date=20190902, mer_id=52510, sign_type=RSA, notify_url=http://test.widefinance.cn/transController/ldnotify, service=pay_req_shortcut, charset=UTF-8, order_id=20190902110357993100, res_format=HTML, version=4.0}plain=amount=1000000&amt_type=RMB&charset=UTF-8&mer_date=20190902&mer_id=52510&notify_url=http%3A%2F%2Ftest.widefinance.cn%2FtransController%2Fldnotify&order_id=20190902110357993100&res_format=HTML&service=pay_req_shortcut&sign_type=RSA&version=4.0sign=w4k/+sDj8+Uk0nKIjMbbu6r1f2yQEPydtZ6c5HMq0oudNHG5b9wwKzzeFqOAtKdlITN3v+2UtSy2F7IeaOWijdA0TSllR+WM1IsP/bNUFQEOpqwgbbxK7y8rcvTwJSvIxAwqSKRpDGilv46j0MYju6E2PcUMIIXzFzOqtarzsq8=
2019-09-02 11:03:58 [main] INFO  UMF                                      -连接超时时长为：60000
2019-09-02 11:03:59 [main] INFO  UMF                                      -==============执行post方法结束==============
2019-09-02 11:03:59 [main] INFO  UMF                                      -==============获得HttpEntity结束==============
2019-09-02 11:03:59 [main] INFO  UMF                                      -==============获得输入流结束==============
2019-09-02 11:03:59 [main] INFO  UMF                                      -[UMF SDK] 通讯成功，请求地址返回状态码为：【200】
2019-09-02 11:03:59 [main] INFO  UMF                                      -[UMF SDK] content=mer_id=52510&ret_code=0000&ret_msg=操作成功&sign_type=RSA&trade_no=3909021104998011&trade_state=WAIT_BUYER_PAY&version=4.0&sign=YlnfUp2HkEP0vgKqfqMIRtWUkszFEeL0UGwsQWzpZoWssTqW6d1fD3y8vJzA3XdjKbDgoash2Rl7iGRIs0bqWxmpYkoHNZvbRIdOx4p4ceeo07hlOiFVNIoDI8a7uAoQeSUDB2freb/DEVPOWFZzXlrCkInWUx49hxmLWQ+a7ck=
2019-09-02 11:03:59 [main] INFO  UMF                                      -[UMF SDK] 获取联动公钥证书成功!
2019-09-02 11:03:59 [main] INFO  UMF                                      -[UMF SDK] 验证平台签名是否成功------>true
2019-09-02 11:03:59 [main] INFO  UMF                                      -[UMF SDK] 商户请求联动平台返回最终数据为:{trade_no=3909021104998011, ret_code=0000, mer_id=52510, trade_state=WAIT_BUYER_PAY, ret_msg=操作成功}
2019-09-02 11:04:23 [main] INFO  UMF                                      -[UMF SDK] 使用Log4j进行日志输出
2019-09-02 11:04:23 [main] INFO  UMF                                      -[UMF SDK] 商户请求数据必填字段校验通过
2019-09-02 11:04:23 [main] INFO  UMF                                      -[UMF SDK] 商户请求校验规则正确
2019-09-02 11:04:23 [main] INFO  UMF                                      -[UMF SDK] 商户请求最终数据封装对象为：url=http://pay.soopay.net/spay/pay/payservice.do,field={sign=MsKjn43wMjxYeqogIBdpMnBSGyut29VeWyn0LrXnLdNxwqyesCAf40rYAf9l7D4Vy2l42tZP8oR7b2jj0LralStN5Y2iaCdKtCaFIY78Z/P6WWUCMchi7EvOCUfPdGjLucb9PbiqKG0lIaat/asWpoGL8we9pPHK2WM418oxVV4=, trade_no=3909021104998011, usr_pay_agreement_id=P2019082815531200000000044358826, mer_id=52510, sign_type=RSA, service=agreement_pay_confirm_shortcut, charset=UTF-8, mer_cust_id=130123198604101810, res_format=HTML, version=4.0}plain=charset=UTF-8&mer_cust_id=130123198604101810&mer_id=52510&res_format=HTML&service=agreement_pay_confirm_shortcut&sign_type=RSA&trade_no=3909021104998011&usr_pay_agreement_id=P2019082815531200000000044358826&version=4.0sign=MsKjn43wMjxYeqogIBdpMnBSGyut29VeWyn0LrXnLdNxwqyesCAf40rYAf9l7D4Vy2l42tZP8oR7b2jj0LralStN5Y2iaCdKtCaFIY78Z/P6WWUCMchi7EvOCUfPdGjLucb9PbiqKG0lIaat/asWpoGL8we9pPHK2WM418oxVV4=
2019-09-02 11:04:23 [main] INFO  UMF                                      -连接超时时长为：60000
2019-09-02 11:04:25 [main] INFO  UMF                                      -==============执行post方法结束==============
2019-09-02 11:04:25 [main] INFO  UMF                                      -==============获得HttpEntity结束==============
2019-09-02 11:04:25 [main] INFO  UMF                                      -==============获得输入流结束==============
2019-09-02 11:04:25 [main] INFO  UMF                                      -[UMF SDK] 通讯成功，请求地址返回状态码为：【200】
2019-09-02 11:04:25 [main] INFO  UMF                                      -[UMF SDK] content=amount=1000000&amt_type=RMB&mer_date=20190902&mer_id=52510&order_id=20190902110357993100&pay_date=20190902&ret_code=00090361&ret_msg=亲，您的交易金额超过发卡行设置的日限额，详情请联系发卡行.,错误码00080545,PSP1104257d663c1&settle_date=20190902&sign_type=RSA&trade_state=TRADE_FAIL&version=4.0&sign=mVPK0zTLbiFUCIrXZAUQU3iSvqubMYmIMKCmgRcEcyPc4fDPJE1unqNRwdqFbdMBsN/7wq44G5Qui6RvaauHP5JcTcFnVUTk5DZUKx0NeeczuPKf5aKTUWLnEF2peZG1EyoArHDYCSfwCqPvJdL1Ht34HZwAC2lXtxn8JB+QRkM=
2019-09-02 11:04:25 [main] INFO  UMF                                      -[UMF SDK] 获取联动公钥证书成功!
2019-09-02 11:04:25 [main] INFO  UMF                                      -[UMF SDK] 验证平台签名是否成功------>true
2019-09-02 11:04:25 [main] INFO  UMF                                      -[UMF SDK] 商户请求联动平台返回最终数据为:{mer_date=20190902, trade_state=TRADE_FAIL, ret_msg=亲，您的交易金额超过发卡行设置的日限额，详情请联系发卡行.,错误码00080545,PSP1104257d663c1, settle_date=20190902, order_id=20190902110357993100, amt_type=RMB, amount=1000000, ret_code=00090361, mer_id=52510, pay_date=20190902}
2019-09-02 16:49:28 [main] INFO  UMF                                      -[UMF SDK] 使用Log4j进行日志输出
2019-09-02 16:49:28 [main] INFO  UMF                                      -[UMF SDK] 商户请求数据必填字段校验通过
2019-09-02 16:49:29 [main] INFO  UMF                                      -[UMF SDK] 商户请求校验规则正确
2019-09-02 16:49:29 [main] INFO  UMF                                      -[UMF SDK] 商户请求最终数据封装对象为：url=http://pay.soopay.net/spay/pay/payservice.do,field={sign=kZgf8LEGQJiNg9Sh1eNyJ0fw21bh95Kz25M+GqfxcJIyMwpj3eiFnhJveVLICJyMz22EM7MxJOIAL9dYfjXgo9osmVTFqng/M8of+/3ESZ15pBGcE9F0SUSmIAZtktXhwCo9oY2Z3VmpNOEdyaTGhEeoex0qDkKmNVW3mdqXZko=, usr_pay_agreement_id=P2019082815531200000000044358826, mer_id=52510, sign_type=RSA, service=unbind_mercust_protocol_shortcut, charset=UTF-8, mer_cust_id=130123198604101810, res_format=HTML, version=4.0}plain=charset=UTF-8&mer_cust_id=130123198604101810&mer_id=52510&res_format=HTML&service=unbind_mercust_protocol_shortcut&sign_type=RSA&usr_pay_agreement_id=P2019082815531200000000044358826&version=4.0sign=kZgf8LEGQJiNg9Sh1eNyJ0fw21bh95Kz25M+GqfxcJIyMwpj3eiFnhJveVLICJyMz22EM7MxJOIAL9dYfjXgo9osmVTFqng/M8of+/3ESZ15pBGcE9F0SUSmIAZtktXhwCo9oY2Z3VmpNOEdyaTGhEeoex0qDkKmNVW3mdqXZko=
2019-09-02 16:49:29 [main] INFO  UMF                                      -连接超时时长为：60000
2019-09-02 16:49:30 [main] INFO  UMF                                      -==============执行post方法结束==============
2019-09-02 16:49:30 [main] INFO  UMF                                      -==============获得HttpEntity结束==============
2019-09-02 16:49:30 [main] INFO  UMF                                      -==============获得输入流结束==============
2019-09-02 16:49:30 [main] INFO  UMF                                      -[UMF SDK] 通讯成功，请求地址返回状态码为：【200】
2019-09-02 16:49:30 [main] INFO  UMF                                      -[UMF SDK] content=mer_id=52510&ret_code=0000&ret_msg=成功&sign_type=RSA&version=4.0&sign=vI+DzmbhxiHUhYoAAmOBcs0YmW1JXuiprp1cFOLATeGeKZfAx7CnVSicXoLkRNagPW6bM+LxbYAW0QVgfflTXsMZI2wsnWhcmvWTWjDbbaLXl9r0k2Bl9vz2DWia5ce3f0chTSOA8mJgautU5fnokiVjsA9jjhPPAK8VbE9CAek=
2019-09-02 16:49:30 [main] INFO  UMF                                      -[UMF SDK] 获取联动公钥证书成功!
2019-09-02 16:49:30 [main] INFO  UMF                                      -[UMF SDK] 验证平台签名是否成功------>true
2019-09-02 16:49:30 [main] INFO  UMF                                      -[UMF SDK] 商户请求联动平台返回最终数据为:{ret_code=0000, mer_id=52510, ret_msg=成功}
