2019-08-09 10:23:34 [main] INFO  UMF                                      -[UMF SDK] 使用Log4j进行日志输出
2019-08-09 10:23:34 [main] INFO  UMF                                      -[UMF SDK] 商户请求数据必填字段校验通过
2019-08-09 10:23:34 [main] INFO  UMF                                      -[UMF SDK] 商户请求校验规则正确
2019-08-09 10:23:34 [main] INFO  UMF                                      -[UMF SDK] 商户请求最终数据封装对象为：url=http://pay.soopay.net/spay/pay/payservice.do,field={sign=C1WYkBebD1SbaL8T8QiYE1TKjOJY1MG/VMdvfG9eItixqK04zkJvXxn5qUy0/Tr3HuBhgHT3x8+V0I7qtvqeugVorHwK+LJxXgn0ZgUj15yCL6rph/M7Ij4F1zo/x2tk2m70EGVwNnfOUIi8zapGjDmiG0Ad+pY1bAelP40k5e0=, amount=189000, amt_type=RMB, mer_date=20190809, mer_id=52510, sign_type=RSA, notify_url=test.widefinance.cn/transController/ldnotify, service=pay_req_shortcut, charset=UTF-8, order_id=20190809102334176100, res_format=HTML, version=4.0}plain=amount=189000&amt_type=RMB&charset=UTF-8&mer_date=20190809&mer_id=52510&notify_url=test.widefinance.cn%2FtransController%2Fldnotify&order_id=20190809102334176100&res_format=HTML&service=pay_req_shortcut&sign_type=RSA&version=4.0sign=C1WYkBebD1SbaL8T8QiYE1TKjOJY1MG/VMdvfG9eItixqK04zkJvXxn5qUy0/Tr3HuBhgHT3x8+V0I7qtvqeugVorHwK+LJxXgn0ZgUj15yCL6rph/M7Ij4F1zo/x2tk2m70EGVwNnfOUIi8zapGjDmiG0Ad+pY1bAelP40k5e0=
2019-08-09 10:23:34 [main] INFO  UMF                                      -连接超时时长为：60000
2019-08-09 10:23:35 [main] INFO  UMF                                      -==============执行post方法结束==============
2019-08-09 10:23:35 [main] INFO  UMF                                      -==============获得HttpEntity结束==============
2019-08-09 10:23:35 [main] INFO  UMF                                      -==============获得输入流结束==============
2019-08-09 10:23:35 [main] INFO  UMF                                      -[UMF SDK] 通讯成功，请求地址返回状态码为：【200】
2019-08-09 10:23:35 [main] INFO  UMF                                      -[UMF SDK] content=mer_id=52510&ret_code=0000&ret_msg=操作成功&sign_type=RSA&trade_no=3908091023269445&trade_state=WAIT_BUYER_PAY&version=4.0&sign=hXV41be89Oe4HxhaZp8dFQzuJxDG6umVDUHcf0A+w4HeJMRMQHbSXiDrv4VViQQsvFG74HWpdvfIJrOsfbVBVoYGweyXFJooSEkmdrPWaeS5PKTk0v3GYVpY2VQktcRjygBD4Sr02TyVyq4+Ra2/CXLB/S144bprqbSbA+4Zeyk=
2019-08-09 10:23:35 [main] INFO  UMF                                      -[UMF SDK] 获取联动公钥证书成功!
2019-08-09 10:23:36 [main] INFO  UMF                                      -[UMF SDK] 验证平台签名是否成功------>true
2019-08-09 10:23:36 [main] INFO  UMF                                      -[UMF SDK] 商户请求联动平台返回最终数据为:{trade_no=3908091023269445, ret_code=0000, mer_id=52510, trade_state=WAIT_BUYER_PAY, ret_msg=操作成功}
2019-08-09 10:24:05 [main] INFO  UMF                                      -[UMF SDK] 使用Log4j进行日志输出
2019-08-09 10:24:05 [main] INFO  UMF                                      -[UMF SDK] 商户请求数据必填字段校验通过
2019-08-09 10:24:05 [main] INFO  UMF                                      -[UMF SDK] 商户请求校验规则正确
2019-08-09 10:24:05 [main] INFO  UMF                                      -[UMF SDK] 商户请求最终数据封装对象为：url=http://pay.soopay.net/spay/pay/payservice.do,field={sign=mktSs707LIK3s7/5Yh7u780B6+WKzyxh6wqvdiemlXo35PZFIDAzACGTsMWuCryUQOtDJnxME7jyAym9RtTjHpEVPhE0fqHLGiaxVm977SHkjzTLaUxsaBqOaqxf+DcG7OxmqA3St79M4dk5F7/R38YHb53M7B+KmMcX+ZtMzFQ=, trade_no=3908091023269445, usr_pay_agreement_id=P2019080717282700000000043908558, mer_id=52510, sign_type=RSA, service=agreement_pay_confirm_shortcut, charset=UTF-8, mer_cust_id=133023198111280213, res_format=HTML, version=4.0}plain=charset=UTF-8&mer_cust_id=133023198111280213&mer_id=52510&res_format=HTML&service=agreement_pay_confirm_shortcut&sign_type=RSA&trade_no=3908091023269445&usr_pay_agreement_id=P2019080717282700000000043908558&version=4.0sign=mktSs707LIK3s7/5Yh7u780B6+WKzyxh6wqvdiemlXo35PZFIDAzACGTsMWuCryUQOtDJnxME7jyAym9RtTjHpEVPhE0fqHLGiaxVm977SHkjzTLaUxsaBqOaqxf+DcG7OxmqA3St79M4dk5F7/R38YHb53M7B+KmMcX+ZtMzFQ=
2019-08-09 10:24:05 [main] INFO  UMF                                      -连接超时时长为：60000
2019-08-09 10:24:08 [main] INFO  UMF                                      -==============执行post方法结束==============
2019-08-09 10:24:08 [main] INFO  UMF                                      -==============获得HttpEntity结束==============
2019-08-09 10:24:08 [main] INFO  UMF                                      -==============获得输入流结束==============
2019-08-09 10:24:08 [main] INFO  UMF                                      -[UMF SDK] 通讯成功，请求地址返回状态码为：【200】
2019-08-09 10:24:08 [main] INFO  UMF                                      -[UMF SDK] content=amount=189000&amt_type=RMB&mer_date=20190809&mer_id=52510&order_id=20190809102334176100&pay_date=20190809&ret_code=00253035&ret_msg=您的手机号在该商户1天内累计交易金额超限,错误码00253035,PSP102408533a398&settle_date=20190809&sign_type=RSA&trade_state=TRADE_FAIL&version=4.0&sign=eUPkxErz4ppxqTT7uJmDoFh84xfMsE3VYFdRuOvmiLe2p8IjKstrH/0VlI4p0shiTTIsjpveYpHOafSRKIX6BHv2O/9Qld0mVBcp6P5Do44+XqBFsIHw2PhJsx14/1BNBMt8U3eNiCThS774RrDhTGv/thmodM7b6UJa3kicAmc=
2019-08-09 10:24:08 [main] INFO  UMF                                      -[UMF SDK] 获取联动公钥证书成功!
2019-08-09 10:24:08 [main] INFO  UMF                                      -[UMF SDK] 验证平台签名是否成功------>true
2019-08-09 10:24:08 [main] INFO  UMF                                      -[UMF SDK] 商户请求联动平台返回最终数据为:{mer_date=20190809, trade_state=TRADE_FAIL, ret_msg=您的手机号在该商户1天内累计交易金额超限,错误码00253035,PSP102408533a398, settle_date=20190809, order_id=20190809102334176100, amt_type=RMB, amount=189000, ret_code=00253035, mer_id=52510, pay_date=20190809}
