2019-08-12 18:11:28 [main] INFO  UMF                                      -[UMF SDK] 使用Log4j进行日志输出
2019-08-12 18:11:28 [main] INFO  UMF                                      -[UMF SDK] 商户请求数据必填字段校验通过
2019-08-12 18:11:28 [main] INFO  UMF                                      -[UMF SDK] 商户请求校验规则正确
2019-08-12 18:11:28 [main] INFO  UMF                                      -[UMF SDK] 商户请求最终数据封装对象为：url=http://pay.soopay.net/spay/pay/payservice.do,field={sign=OrOf/B0DR8HYFV5URe0VvpMemCPu9bFd/wlfW+58k5i7rCB+vBCR7MnhQXWQKOaHzOOppol/hDGAVOmnhz/T6TYwDr2oNWauXTMXoUbaAR8KdAW68NI5upr40vDLjvUELaZtKJvVUagIUXGaNlVuhF8MNSKlbW2qy8aoiFMbvxk=, trade_no=3908101049658816, usr_pay_agreement_id=P2019080717282700000000043908558, mer_id=52510, sign_type=RSA, service=agreement_pay_confirm_shortcut, charset=UTF-8, mer_cust_id=133023198111280213, res_format=HTML, version=4.0}plain=charset=UTF-8&mer_cust_id=133023198111280213&mer_id=52510&res_format=HTML&service=agreement_pay_confirm_shortcut&sign_type=RSA&trade_no=3908101049658816&usr_pay_agreement_id=P2019080717282700000000043908558&version=4.0sign=OrOf/B0DR8HYFV5URe0VvpMemCPu9bFd/wlfW+58k5i7rCB+vBCR7MnhQXWQKOaHzOOppol/hDGAVOmnhz/T6TYwDr2oNWauXTMXoUbaAR8KdAW68NI5upr40vDLjvUELaZtKJvVUagIUXGaNlVuhF8MNSKlbW2qy8aoiFMbvxk=
2019-08-12 18:11:28 [main] INFO  UMF                                      -连接超时时长为：60000
2019-08-12 18:11:41 [main] INFO  UMF                                      -[UMF SDK] 使用Log4j进行日志输出
2019-08-12 18:11:41 [main] INFO  UMF                                      -[UMF SDK] 商户请求数据必填字段校验通过
2019-08-12 18:11:41 [main] INFO  UMF                                      -[UMF SDK] 商户请求校验规则正确
2019-08-12 18:11:41 [main] INFO  UMF                                      -[UMF SDK] 商户请求最终数据封装对象为：url=http://pay.soopay.net/spay/pay/payservice.do,field={sign=ahRgbrlqYYfi0D161P8xdZXMSTth4DGUU+u46SmEDGr54luUAcR1FEz6YG9mUHQPWDsmew4oS3VQdl5W4h2d6kcYVMCGjRMR45XLP56p9Vq6ecgcMnLASk7ZJFSn7UBNw+SGTySnYKm+rJIpTrJ3/GJ1O0gY+WoqY48kSZ9nfj0=, mer_date=20190810, mer_id=52510, sign_type=RSA, service=mer_order_info_query, charset=UTF-8, trande_no=3908101049658816, res_format=HTML, version=4.0}plain=charset=UTF-8&mer_date=20190810&mer_id=52510&res_format=HTML&service=mer_order_info_query&sign_type=RSA&trande_no=3908101049658816&version=4.0sign=ahRgbrlqYYfi0D161P8xdZXMSTth4DGUU+u46SmEDGr54luUAcR1FEz6YG9mUHQPWDsmew4oS3VQdl5W4h2d6kcYVMCGjRMR45XLP56p9Vq6ecgcMnLASk7ZJFSn7UBNw+SGTySnYKm+rJIpTrJ3/GJ1O0gY+WoqY48kSZ9nfj0=
2019-08-12 18:11:41 [main] INFO  UMF                                      -连接超时时长为：60000
2019-08-12 18:11:42 [main] INFO  UMF                                      -==============执行post方法结束==============
2019-08-12 18:11:42 [main] INFO  UMF                                      -==============获得HttpEntity结束==============
2019-08-12 18:11:42 [main] INFO  UMF                                      -==============获得输入流结束==============
2019-08-12 18:11:42 [main] INFO  UMF                                      -[UMF SDK] 通讯成功，请求地址返回状态码为：【200】
2019-08-12 18:11:42 [main] INFO  UMF                                      -[UMF SDK] content=amount=&amt_type=&mer_date=&mer_id=&order_id=&orig_retcode=&orig_retmsg=&pay_date=&ret_code=00060700&ret_msg=请求参数错误,银行商户单号、订单号与交易流水必传其一,PSP181142606f08e&settle_date=&sign_type=&trade_no=&trade_state=&version=&sign=XGm0SChJxG4DO5lYf4+luUixxll7jT6gpg5p6bYmuLoJohJx9UinnKNMQaqR7I3MZn4UOKbs0kA9Ot+GyjjacCGiAla7mowkD2H8exZ150NsS14sHZMcre6Tf+vGTNf0HWFNJLjRya7DRVyoVgOMIRYZqojGQdCCaIf/+esr7dk=
2019-08-12 18:11:42 [main] INFO  UMF                                      -[UMF SDK] 获取联动公钥证书成功!
2019-08-12 18:11:42 [main] INFO  UMF                                      -[UMF SDK] 验证平台签名是否成功------>true
2019-08-12 18:11:42 [main] INFO  UMF                                      -[UMF SDK] 商户请求联动平台返回最终数据为:{trade_no=, mer_date=, trade_state=, ret_msg=请求参数错误,银行商户单号、订单号与交易流水必传其一,PSP181142606f08e, settle_date=, orig_retcode=, order_id=, amt_type=, amount=, orig_retmsg=, ret_code=00060700, mer_id=, pay_date=}
2019-08-12 18:12:09 [main] INFO  UMF                                      -[UMF SDK] 使用Log4j进行日志输出
2019-08-12 18:12:09 [main] INFO  UMF                                      -[UMF SDK] 商户请求数据必填字段校验通过
2019-08-12 18:12:09 [main] INFO  UMF                                      -[UMF SDK] 商户请求校验规则正确
2019-08-12 18:12:09 [main] INFO  UMF                                      -[UMF SDK] 商户请求最终数据封装对象为：url=http://pay.soopay.net/spay/pay/payservice.do,field={sign=eSJlUhgp52ppIj3GhyzNMEBh6TdS99zGnUolAecH2mhCyHHOOZYypxVDFHZBrEh55ew39nO3IRaZBjBjZyE5LhqzTYjPpbigZkbVyJr1zm5dCi36b51wD2v8qgZQcTEtLMlCn+cb+fmg8wiRJC3pCyEveLLGoDxFD9EOi/RSH5M=, trade_no=3908101049658816, mer_date=20190810, mer_id=52510, sign_type=RSA, service=mer_order_info_query, charset=UTF-8, res_format=HTML, version=4.0}plain=charset=UTF-8&mer_date=20190810&mer_id=52510&res_format=HTML&service=mer_order_info_query&sign_type=RSA&trade_no=3908101049658816&version=4.0sign=eSJlUhgp52ppIj3GhyzNMEBh6TdS99zGnUolAecH2mhCyHHOOZYypxVDFHZBrEh55ew39nO3IRaZBjBjZyE5LhqzTYjPpbigZkbVyJr1zm5dCi36b51wD2v8qgZQcTEtLMlCn+cb+fmg8wiRJC3pCyEveLLGoDxFD9EOi/RSH5M=
2019-08-12 18:12:09 [main] INFO  UMF                                      -连接超时时长为：60000
2019-08-12 18:12:10 [main] INFO  UMF                                      -==============执行post方法结束==============
2019-08-12 18:12:10 [main] INFO  UMF                                      -==============获得HttpEntity结束==============
2019-08-12 18:12:10 [main] INFO  UMF                                      -==============获得输入流结束==============
2019-08-12 18:12:10 [main] INFO  UMF                                      -[UMF SDK] 通讯成功，请求地址返回状态码为：【200】
2019-08-12 18:12:10 [main] INFO  UMF                                      -[UMF SDK] content=amount=189000&amt_type=RMB&gate_id=CEB&media_id=18033797586&media_type=MOBILE&mer_date=20190810&mer_id=52510&order_id=20190810104954257100&orig_retcode=&orig_retmsg=&pay_date=20190810&pay_seq=0810092426535280&pay_type=DEBITCARD&product_id=P10M0003&refund_amt=0&ret_code=0000&ret_msg=操作成功&settle_date=20190810&sign_type=RSA&trade_no=3908101049658816&trade_state=TRADE_SUCCESS&version=4.0&sign=lCP+lTVCcx+82M5kBzRxQepdVoQauGpRcATWvvxMeNLfoMI/7vezgxETfjBOnIP2AAiH7td7CILMGmfzzxBZjwBl8OafREFGGIJksyczHM2/HDmOTS5GPSURxQCdPz6r5yLapTndf/k/98nqRhD654LhBBLq8kb0roaBlQ9F4cg=
2019-08-12 18:12:10 [main] INFO  UMF                                      -[UMF SDK] 获取联动公钥证书成功!
2019-08-12 18:12:10 [main] INFO  UMF                                      -[UMF SDK] 验证平台签名是否成功------>true
2019-08-12 18:12:10 [main] INFO  UMF                                      -[UMF SDK] 商户请求联动平台返回最终数据为:{trade_no=3908101049658816, media_type=MOBILE, mer_date=20190810, product_id=P10M0003, trade_state=TRADE_SUCCESS, media_id=18033797586, ret_msg=操作成功, orig_retcode=, settle_date=20190810, order_id=20190810104954257100, amt_type=RMB, amount=189000, refund_amt=0, orig_retmsg=, pay_seq=0810092426535280, ret_code=0000, gate_id=CEB, mer_id=52510, pay_type=DEBITCARD, pay_date=20190810}
