2018-08-27 11:49:35 [main] INFO  .trans.service.impl.TransHFTXServiceImpl -请求参数:{"bg_ret_url":"http://192.168.0.74:8001/npayCallBack/asyncHandle.do","card_mobile":"13621113262","card_no":"4367480104350833","cmd_id":"216","div_detail":[{"divAcctId":"53993","divAmt":"58.00","divCustId":"6666000000045782","divFreezeFg":"00"},{"divAcctId":"54580","divAmt":"9942.00","divCustId":"6666000000046231","divFreezeFg":"00"}],"mer_cust_id":"6666000000045782","order_date":"20180827","order_id":"20180827501004022001","payer_term_type":"01","trans_amt":"10000.00","user_cust_id":"6666000000046231","version":"10"}
2018-08-27 11:49:38 [main] INFO  com.huifu.saturn.cfca.CFCASignature      -userX509Cert date is valid:Wed Sep 13 12:17:05 CST 2017---Fri Sep 13 12:17:05 CST 2019
2018-08-27 11:49:38 [main] INFO  com.huifu.saturn.cfca.CFCASignature      -userX509Cert is right!
2018-08-27 11:49:38 [main] INFO  com.huifu.saturn.cfca.CFCASignature      -p7 dig alg with verification: SHA-256
2018-08-27 11:49:38 [main] INFO  com.huifu.saturn.cfca.CFCASignature      -p7 cert subject with verification:CN=051@100001@N3501040009317@1, OU=Organizational-1, OU=Local RA, O=CFCA TEST CA, C=CN
2018-08-27 11:49:38 [main] INFO  com.huifu.saturn.cfca.CFCASignature      -p7 signature: MgiNcJZP8rW2Gloda+2irE48bCoP3e0o0/Kje5PSN/IGwBQK74F2N7EpvGXn9jl1FMXCb61ZYbl5w8pwIoMZABQggmFio6YLhK2+KmI6zJI8+/2P2oTAnSYG6vk1KIdaiJ7uyRuliGm8buFsqwWMUtIclCHoT6hv2RrJmIPXbTm0NYPB6BaaNlGkkX7oPrj9BcqvtBLe91zTIjbplq/pXNlFMalSOFtsL3bkVQlMkDUIRmTXbTj5MA3dDyoTkzLx/5T5JSQKmb/Lng3R/zx8k3wpgPm5NHTNE3vFdLaFHr+oS1jTcQuRzJo7aRT9MtLJDIwVUGve2i0WuaBpc3Ftfg==
2018-08-27 11:49:38 [main] INFO  com.huifu.saturn.cfca.CFCASignature      -RSA P7 attach verify OK!
2018-08-27 11:49:38 [main] INFO  .trans.service.impl.TransHFTXServiceImpl -请求参数:{"bg_ret_url":"http://192.168.0.74:8001/npayCallBack/asyncHandle.do","cmd_id":"217","mer_cust_id":"6666000000045782","order_date":"20180827","order_id":"20180827501004022001","request_type":"00","sms_code":"111111","user_cust_id":"6666000000046231","version":"10"}
2018-08-27 11:51:27 [main] INFO  .trans.service.impl.TransHFTXServiceImpl -请求参数:{"bg_ret_url":"http://192.168.0.74:8001/npayCallBack/asyncHandle.do","card_mobile":"13621113262","card_no":"4367480104350834","cmd_id":"216","div_detail":[{"divAcctId":"53993","divAmt":"58.00","divCustId":"6666000000045782","divFreezeFg":"00"},{"divAcctId":"54580","divAmt":"9942.00","divCustId":"6666000000046231","divFreezeFg":"00"}],"mer_cust_id":"6666000000045782","order_date":"20180827","order_id":"20180827501004022002","payer_term_type":"01","trans_amt":"10000.00","user_cust_id":"6666000000046231","version":"10"}
2018-08-27 11:51:29 [main] INFO  com.huifu.saturn.cfca.CFCASignature      -userX509Cert date is valid:Wed Sep 13 12:17:05 CST 2017---Fri Sep 13 12:17:05 CST 2019
2018-08-27 11:51:29 [main] INFO  com.huifu.saturn.cfca.CFCASignature      -userX509Cert is right!
2018-08-27 11:51:29 [main] INFO  com.huifu.saturn.cfca.CFCASignature      -p7 dig alg with verification: SHA-256
2018-08-27 11:51:29 [main] INFO  com.huifu.saturn.cfca.CFCASignature      -p7 cert subject with verification:CN=051@100001@N3501040009317@1, OU=Organizational-1, OU=Local RA, O=CFCA TEST CA, C=CN
2018-08-27 11:51:29 [main] INFO  com.huifu.saturn.cfca.CFCASignature      -p7 signature: f1nSeIILaI7ncq9TF6YsTBEm3M0WA/qcmEKdNDpbZFK4rXj7XtRxCRoMa6hoQqo+G4AUkVWzNOFjmLOSSQp25HBDXm/FDv3YobRvTvzQmfcGhHuM+E4GmmCRehCj4NAOoHSi05txmNVYhNeZrmus+3M54YxAXXMuy8ZFFl0wSYv3TDM2cSb31md4+uFYs+18tIjEIvTdp47MCZESLqXdV+aOBTSBREsSc3hUFBgm5MA4W93GQODzMROlMgcsaiDjHq7XZg/cJVJuoF5KoOsjl6/TubzBaHqllnvxcB0HoztyrdWKsXlfk1Qy0Mhm9OgE/Fvyz3Gj9tg2QQzZ25bwBA==
2018-08-27 11:51:29 [main] INFO  com.huifu.saturn.cfca.CFCASignature      -RSA P7 attach verify OK!
2018-08-27 11:51:29 [main] INFO  .trans.service.impl.TransHFTXServiceImpl -请求参数:{"bg_ret_url":"http://192.168.0.74:8001/npayCallBack/asyncHandle.do","cmd_id":"217","mer_cust_id":"6666000000045782","order_date":"20180827","order_id":"20180827501004022002","request_type":"00","ret_url":"www.badiu.com","sms_code":"111111","user_cust_id":"6666000000046231","version":"10"}
2018-08-27 12:02:43 [main] INFO  .trans.service.impl.TransHFTXServiceImpl -请求参数:{"bg_ret_url":"http://192.168.0.74:8001/npayCallBack/asyncHandle.do","card_mobile":"13621113262","card_no":"4367480104350834","cmd_id":"216","div_detail":[{"divAcctId":"53993","divAmt":"58.00","divCustId":"6666000000045782","divFreezeFg":"00"},{"divAcctId":"54580","divAmt":"9942.00","divCustId":"6666000000046231","divFreezeFg":"00"}],"mer_cust_id":"6666000000045782","order_date":"20180827","order_id":"20180827501004022003","payer_term_type":"01","trans_amt":"10000.00","user_cust_id":"6666000000046231","version":"10"}
2018-08-27 12:02:45 [main] INFO  com.huifu.saturn.cfca.CFCASignature      -userX509Cert date is valid:Wed Sep 13 12:17:05 CST 2017---Fri Sep 13 12:17:05 CST 2019
2018-08-27 12:02:45 [main] INFO  com.huifu.saturn.cfca.CFCASignature      -userX509Cert is right!
2018-08-27 12:02:45 [main] INFO  com.huifu.saturn.cfca.CFCASignature      -p7 dig alg with verification: SHA-256
2018-08-27 12:02:45 [main] INFO  com.huifu.saturn.cfca.CFCASignature      -p7 cert subject with verification:CN=051@100001@N3501040009317@1, OU=Organizational-1, OU=Local RA, O=CFCA TEST CA, C=CN
2018-08-27 12:02:45 [main] INFO  com.huifu.saturn.cfca.CFCASignature      -p7 signature: HGfYyqR/t3XoFh1fDcx0KjBVkoH2FKI2HpHHRIy4nnBL4OgG6mVoek+DyphyjzrwuqYsvZnhmOuGn6WO6iICXsifxL4oau+slk7GnqSqE8k6dCuXFvEi9Lt/tKB6C1zw3zeFvJ2R6Ajs4Q45sCmj/kyvCv3egwVcTEKEg5T0nYxc6Gi7CoOROMlALM7ZVqUHpOpoRDCwKHdPRwHXOccsMyNKk41jKLWI2TwI9lBMjjVxFnZTq3rRSFeOZrnNMcpY6dYzOPN50vs1WrfbhYbykP4DUhQh6/6T1wGBBczpBVHDvJq0zIuhBiwNogDlnCpCQkrZpiMkEmNnBDqwyaUF9A==
2018-08-27 12:02:45 [main] INFO  com.huifu.saturn.cfca.CFCASignature      -RSA P7 attach verify OK!
2018-08-27 12:02:45 [main] INFO  .trans.service.impl.TransHFTXServiceImpl -请求参数:{"bg_ret_url":"http://192.168.0.74:8001/npayCallBack/asyncHandle.do","cmd_id":"217","mer_cust_id":"6666000000045782","order_date":"20180827","order_id":"20180827501004022003","request_type":"00","ret_url":"http://www.badiu.com","sms_code":"111111","user_cust_id":"6666000000046231","version":"10"}
2018-08-27 12:05:12 [main] INFO  .trans.service.impl.TransHFTXServiceImpl -请求参数:{"bg_ret_url":"http://192.168.0.74:8001/npayCallBack/asyncHandle.do","card_mobile":"13621113262","card_no":"4367480104350835","cmd_id":"216","div_detail":[{"divAcctId":"53993","divAmt":"58.00","divCustId":"6666000000045782","divFreezeFg":"00"},{"divAcctId":"54580","divAmt":"9942.00","divCustId":"6666000000046231","divFreezeFg":"00"}],"mer_cust_id":"6666000000045782","order_date":"20180827","order_id":"20180827501004022004","payer_term_type":"01","trans_amt":"10000.00","user_cust_id":"6666000000046231","version":"10"}
2018-08-27 12:05:15 [main] INFO  com.huifu.saturn.cfca.CFCASignature      -userX509Cert date is valid:Wed Sep 13 12:17:05 CST 2017---Fri Sep 13 12:17:05 CST 2019
2018-08-27 12:05:15 [main] INFO  com.huifu.saturn.cfca.CFCASignature      -userX509Cert is right!
2018-08-27 12:05:15 [main] INFO  com.huifu.saturn.cfca.CFCASignature      -p7 dig alg with verification: SHA-256
2018-08-27 12:05:15 [main] INFO  com.huifu.saturn.cfca.CFCASignature      -p7 cert subject with verification:CN=051@100001@N3501040009317@1, OU=Organizational-1, OU=Local RA, O=CFCA TEST CA, C=CN
2018-08-27 12:05:15 [main] INFO  com.huifu.saturn.cfca.CFCASignature      -p7 signature: klLuB+JM27+Gw3CmqKO4yuVzGzOlcL2wZLQcn7fjTMZX6DzwUbe8hJsANpR2LgxxIdpi40I45/zVOffeQb/mWJpwXxj/94RE4MtRsTt7BPVsvkg1B+sgraUYxVjSoD/TwzTUzNFLkDabeOY52zRUysauhl8WSX9eLdVOi3TEriQdULVU8ob/dHS3ignUphkJ7sAnzH7YPAYhoJoWjEEDv/0bYow3BOB2xbRz8Iv3LDo2OptwTuUvOrQDSpYmQO9JzJCeGMdRgs2NkAdQVdv/4OgsxiXWsU3ZJG8pbcjYK0XUIHdEV3P+L7TYxBfprXIcbFF6vVjxKFm9Duj27VndMQ==
2018-08-27 12:05:15 [main] INFO  com.huifu.saturn.cfca.CFCASignature      -RSA P7 attach verify OK!
2018-08-27 12:05:15 [main] INFO  .trans.service.impl.TransHFTXServiceImpl -请求参数:{"bg_ret_url":"http://192.168.0.74:8001/npayCallBack/asyncHandle.do","cmd_id":"217","mer_cust_id":"6666000000045782","order_date":"20180827","order_id":"20180827501004022004","request_type":"00","ret_url":"http://wx.widefinance.cn","sms_code":"111111","user_cust_id":"6666000000046231","version":"10"}
2018-08-27 17:29:41 [main] INFO  .trans.service.impl.TransHFTXServiceImpl -请求参数:{"bg_ret_url":"http://192.168.0.74:8001/npayCallBack/asyncHandle.do","bind_card_id":"1000002600","cmd_id":"112","div_detail":[{"divAcctId":"53993","divAmt":"58.00","divCustId":"6666000000045782","divFreezeFg":"00"},{"divAcctId":"54580","divAmt":"9942.00","divCustId":"6666000000046231","divFreezeFg":"00"}],"mer_cust_id":"6666000000045782","order_date":"20180827","order_id":"20180827501004022001","payer_term_type":"02","trans_amt":"10000.00","user_cust_id":"6666000000046231","version":"10"}
2018-08-27 17:29:48 [main] INFO  com.huifu.saturn.cfca.CFCASignature      -userX509Cert date is valid:Wed Sep 13 12:17:05 CST 2017---Fri Sep 13 12:17:05 CST 2019
2018-08-27 17:29:48 [main] INFO  com.huifu.saturn.cfca.CFCASignature      -userX509Cert is right!
2018-08-27 17:29:48 [main] INFO  com.huifu.saturn.cfca.CFCASignature      -p7 dig alg with verification: SHA-256
2018-08-27 17:29:48 [main] INFO  com.huifu.saturn.cfca.CFCASignature      -p7 cert subject with verification:CN=051@100001@N3501040009317@1, OU=Organizational-1, OU=Local RA, O=CFCA TEST CA, C=CN
2018-08-27 17:29:48 [main] INFO  com.huifu.saturn.cfca.CFCASignature      -p7 signature: s4ODGsskXaZvsv8vxKANG3Dp2JgTZtF6hOnWoa2S14iO8I+JyeWM6aueSg1YHyD/hkhTWxiTRn1rBKZpmmRSif2DsuQgm7uGVBD1dk/xW+4RZmsyRfKj17sqtd3Ry4dmity4dVnJ0Ig+a+M/kwRo3KzKOsh+rh6iIhQmA3Pw/SUn87m6yfmHVfAixy4GfrQP+SB3j3Gd7N+OJVOtAaWQ16CAeQV3FofSm/XrMn+y3g/rzEFBEwITl2Oz7AFZUqiv6in4uIKTq+9J9RUEkWcN+VUXIKMBEtUJZo7GQsCsl1BvuXe/BMG5q3XxSSVZ8j5bQmPlyc6J2Ovf2vjjsI/Zwg==
2018-08-27 17:29:48 [main] INFO  com.huifu.saturn.cfca.CFCASignature      -RSA P7 attach verify OK!
2018-08-27 17:30:13 [main] INFO  .trans.service.impl.TransHFTXServiceImpl -请求参数:{"bg_ret_url":"http://192.168.0.74:8001/npayCallBack/asyncHandle.do","bind_card_id":"1000002600","cmd_id":"112","div_detail":[{"divAcctId":"53993","divAmt":"58.00","divCustId":"6666000000045782","divFreezeFg":"00"},{"divAcctId":"54580","divAmt":"9942.00","divCustId":"6666000000046231","divFreezeFg":"00"}],"mer_cust_id":"6666000000045782","order_date":"20180827","order_id":"20180827501004022002","payer_term_type":"02","trans_amt":"10000.00","user_cust_id":"6666000000046231","version":"10"}
2018-08-27 17:30:14 [main] INFO  com.huifu.saturn.cfca.CFCASignature      -userX509Cert date is valid:Wed Sep 13 12:17:05 CST 2017---Fri Sep 13 12:17:05 CST 2019
2018-08-27 17:30:14 [main] INFO  com.huifu.saturn.cfca.CFCASignature      -userX509Cert is right!
2018-08-27 17:30:14 [main] INFO  com.huifu.saturn.cfca.CFCASignature      -p7 dig alg with verification: SHA-256
2018-08-27 17:30:14 [main] INFO  com.huifu.saturn.cfca.CFCASignature      -p7 cert subject with verification:CN=051@100001@N3501040009317@1, OU=Organizational-1, OU=Local RA, O=CFCA TEST CA, C=CN
2018-08-27 17:30:14 [main] INFO  com.huifu.saturn.cfca.CFCASignature      -p7 signature: GaFXFZTwyD06DX5cXVMzu+1KdKxMUY8KnRMH0i0yBBs5P5Pa+q1EulaXpPmfqQ30ffJJ3b4Y4t1NHvHRBS9g/Fzu2gYvI3ul04mJjBVrsj5iArYY06sdoKSatr0ync5ZBC4kf69faHs3f8FXvfIPOs4TQYspGwvG4kq5xPlpWoW/uby4y7Ul9waOF18v0AAC0I1Zzsq1qo2FwbD2U0L4I2KPA61hDQaKtOmgWfPv7prkhm2wkI15XGWD4Jq5E1PH0EUD9F3T7dT5kNgAkDqHu/RXHExmpUkburkmq4Ykhq40mDOm1A6y/pAsYXuMPulJWF/N+bapJYvPvXAYRsNfnw==
2018-08-27 17:30:14 [main] INFO  com.huifu.saturn.cfca.CFCASignature      -RSA P7 attach verify OK!
2018-08-27 17:31:18 [main] INFO  .trans.service.impl.TransHFTXServiceImpl -请求参数:{"cmd_id":"301","mer_cust_id":"6666000000045782","order_date":"20180827","order_id":"20180827501004022002","trans_type":"01","version":"10"}
2018-08-27 17:31:25 [main] INFO  com.huifu.saturn.cfca.CFCASignature      -userX509Cert date is valid:Wed Sep 13 12:17:05 CST 2017---Fri Sep 13 12:17:05 CST 2019
2018-08-27 17:31:25 [main] INFO  com.huifu.saturn.cfca.CFCASignature      -userX509Cert is right!
2018-08-27 17:31:25 [main] INFO  com.huifu.saturn.cfca.CFCASignature      -p7 dig alg with verification: SHA-256
2018-08-27 17:31:25 [main] INFO  com.huifu.saturn.cfca.CFCASignature      -p7 cert subject with verification:CN=051@100001@N3501040009317@1, OU=Organizational-1, OU=Local RA, O=CFCA TEST CA, C=CN
2018-08-27 17:31:25 [main] INFO  com.huifu.saturn.cfca.CFCASignature      -p7 signature: gzu4S+czP7APdAnjfoUhvuScDVFhXJIB6vJ68QkN6qfZMA8ss4z+RDSjU3eZc+2v46g6eDKvdw+1NsOcAkycH/mLxgDFukt1Qgofqj6LosAHuO1CQ2zrMs+A1qsBZOkM2BAQ4syuUWCRma19ECHPMyewDgMTUdnX2J4//D0SgM1ZpOC3/MOrMi93m6+MxBRlcAY2Sy79/XtjrstuV5YvxKjMGZ3JCq/Jc1XG1SgMbu1fS7DeDY0YYIEXvrqy4xiFa6QM1kssd/ojv44rxRVT98HgG7LXZ4gCRBeBJeJSF6GVCO6ivJOsj0rE8IlW3fJH7xwxSw5q84ex1OYq77XqPw==
2018-08-27 17:31:25 [main] INFO  com.huifu.saturn.cfca.CFCASignature      -RSA P7 attach verify OK!
2018-08-27 17:41:17 [main] INFO  .trans.service.impl.TransHFTXServiceImpl -请求参数:{"bg_ret_url":"http://192.168.0.74:8001/npayCallBack/asyncHandle.do","bind_card_id":"1000002600","cmd_id":"112","div_detail":[{"divAcctId":"53993","divAmt":"58.00","divCustId":"6666000000045782","divFreezeFg":"00"},{"divAcctId":"54580","divAmt":"9942.00","divCustId":"6666000000046231","divFreezeFg":"00"}],"mer_cust_id":"6666000000045782","order_date":"20180827","order_id":"20180827501004022002","payer_term_type":"02","trans_amt":"10000.00","user_cust_id":"6666000000046231","version":"10"}
2018-08-27 17:41:19 [main] INFO  com.huifu.saturn.cfca.CFCASignature      -userX509Cert date is valid:Wed Sep 13 12:17:05 CST 2017---Fri Sep 13 12:17:05 CST 2019
2018-08-27 17:41:19 [main] INFO  com.huifu.saturn.cfca.CFCASignature      -userX509Cert is right!
2018-08-27 17:41:19 [main] INFO  com.huifu.saturn.cfca.CFCASignature      -p7 dig alg with verification: SHA-256
2018-08-27 17:41:19 [main] INFO  com.huifu.saturn.cfca.CFCASignature      -p7 cert subject with verification:CN=051@100001@N3501040009317@1, OU=Organizational-1, OU=Local RA, O=CFCA TEST CA, C=CN
2018-08-27 17:41:19 [main] INFO  com.huifu.saturn.cfca.CFCASignature      -p7 signature: uvRdEhx+8H8T8sGO9R+wuSvCoDHocGgrkylSULzPI8f1wMnFfrGIq6L8njDtnDLHBvi8GqkmRWyJYdsBW7nESlwhODtxJuL4C5jEXNJ4dc3tTiuTtn3S96xrrBOhjpvQOPPy5SNlIj2UPr9j1fVw/5LyvHOJLfWfx2Lu58kmsCLV5wT9iuLq8cDVYPcAefuGJMDbH8f9Y8pdS+L/7KYwg2OTUDMYWZyawCdKo7iEKrQILkzCAw9BJt5lcwXuNIK/7m6A8ZyrYQvfTx+9vYTgxXTLI2aSMcC+v9sy9I3fqLeJAOu/tXO3eKVOON3bNeko77gAh9cGoNN15Tgqueb7Yg==
2018-08-27 17:41:19 [main] INFO  com.huifu.saturn.cfca.CFCASignature      -RSA P7 attach verify OK!
2018-08-27 21:55:27 [main] INFO  .trans.service.impl.TransHFTXServiceImpl -请求参数:{"bg_ret_url":"http://test.widefinance.cn:8082/transController/hftxnotify.do","bind_card_id":"1000002600","cmd_id":"112","div_detail":[{"divAcctId":"53993","divAmt":"58.00","divCustId":"6666000000045782","divFreezeFg":"00"},{"divAcctId":"54580","divAmt":"9942.00","divCustId":"6666000000046231","divFreezeFg":"00"}],"mer_cust_id":"6666000000045782","order_date":"20180827","order_id":"20180827501004022003","payer_term_type":"02","trans_amt":"10000.00","user_cust_id":"6666000000046231","version":"10"}
2018-08-27 21:55:31 [main] INFO  com.huifu.saturn.cfca.CFCASignature      -userX509Cert date is valid:Wed Sep 13 12:17:05 CST 2017---Fri Sep 13 12:17:05 CST 2019
2018-08-27 21:55:31 [main] INFO  com.huifu.saturn.cfca.CFCASignature      -userX509Cert is right!
2018-08-27 21:55:31 [main] INFO  com.huifu.saturn.cfca.CFCASignature      -p7 dig alg with verification: SHA-256
2018-08-27 21:55:31 [main] INFO  com.huifu.saturn.cfca.CFCASignature      -p7 cert subject with verification:CN=051@100001@N3501040009317@1, OU=Organizational-1, OU=Local RA, O=CFCA TEST CA, C=CN
2018-08-27 21:55:31 [main] INFO  com.huifu.saturn.cfca.CFCASignature      -p7 signature: cHnDadCJzq7cTZwtUryYGguz+mDB1hyAps7e2mSvTYSL/Jxld9DLakUL+uHHoKAsvehvoRSlcBU2e5X3PM0fKxv2+Syk7nkS1dLd3C7BsHhEkNMlaiG2USOhqzaub+hxPXTN8iO0GMGAZPDPIVIIE5smpZZ+qodBBSniQykji2XUrcuUKhkve/hIiHzX86C/5u7riDkOSYrHyETBxAhM8zV4xSK4qYmtHuqPeSk/XeG350+O8ZVjAZa3nZw9y6YgVrRUag1ABuin+hIIrQs4qa3psyzvG4Ly7z6Q0CS//XUJ297p8hL2wymFHoGlkWW1tqW3y0EM2xfJkOJklz4TUg==
2018-08-27 21:55:31 [main] INFO  com.huifu.saturn.cfca.CFCASignature      -RSA P7 attach verify OK!
2018-08-27 21:59:50 [main] INFO  .trans.service.impl.TransHFTXServiceImpl -请求参数:{"bg_ret_url":"http://test.widefinance.cn:8082/transController/hftxnotify.do","bind_card_id":"1000002600","cmd_id":"112","div_detail":[{"divAcctId":"53993","divAmt":"58.00","divCustId":"6666000000045782","divFreezeFg":"00"},{"divAcctId":"54580","divAmt":"9942.00","divCustId":"6666000000046231","divFreezeFg":"00"}],"mer_cust_id":"6666000000045782","order_date":"20180827","order_id":"20180827501004022004","payer_term_type":"02","trans_amt":"10000.00","user_cust_id":"6666000000046231","version":"10"}
2018-08-27 21:59:51 [main] INFO  com.huifu.saturn.cfca.CFCASignature      -userX509Cert date is valid:Wed Sep 13 12:17:05 CST 2017---Fri Sep 13 12:17:05 CST 2019
2018-08-27 21:59:51 [main] INFO  com.huifu.saturn.cfca.CFCASignature      -userX509Cert is right!
2018-08-27 21:59:51 [main] INFO  com.huifu.saturn.cfca.CFCASignature      -p7 dig alg with verification: SHA-256
2018-08-27 21:59:51 [main] INFO  com.huifu.saturn.cfca.CFCASignature      -p7 cert subject with verification:CN=051@100001@N3501040009317@1, OU=Organizational-1, OU=Local RA, O=CFCA TEST CA, C=CN
2018-08-27 21:59:51 [main] INFO  com.huifu.saturn.cfca.CFCASignature      -p7 signature: T8gFuFf4hhcJRoa3JgOF+FcRv/ezX2cI2js/j2nX0C3B23aae70kQYrNGDfVqhfUmSQA7ZD06f1ETd+y0Y5xUqEZQEqxYhm8eoxXEcXuUf8n3gy9e4LMTlQmTf6UBC+m6lQKuB0aHOyxceXS5N+NoxsPgYtXg1ljxVEiXqBOXp/poMm2bFs9C8nevRjFBU8d3sLXvcB0njIEm7XwRHcFCpdfyNiiuVQ9kfCy2LdpbzInNQSIw/NFHuGI+LdIeTxJFWoo4aLqG5UhIuCsWk2f9N6rsmICGxZlrMCfKgo4jQs6mh2KpoGFLOpr4QfT7Z8qp1XqO9e9OXwln09Hl5bDiw==
2018-08-27 21:59:51 [main] INFO  com.huifu.saturn.cfca.CFCASignature      -RSA P7 attach verify OK!
2018-08-27 22:29:22 [main] INFO  .trans.service.impl.TransHFTXServiceImpl -请求参数:{"bg_ret_url":"http://test.widefinance.cn:8082/transController/hftxnotify.do","bind_card_id":"1000002600","cmd_id":"201","div_detail":[{"divAcctId":"53993","divAmt":"58.00","divCustId":"6666000000045782","divFreezeFg":"00"},{"divAcctId":"54580","divAmt":"9942.00","divCustId":"6666000000046231","divFreezeFg":"00"}],"mer_cust_id":"6666000000045782","order_date":"20180827","order_id":"20180827501004022004","payer_term_type":"02","ret_url":"http://test.widefinance.cn","sms_code":"111111","trans_amt":"10000.00","user_cust_id":"6666000000046231","version":"10"}
2018-08-27 22:36:17 [main] INFO  .trans.service.impl.TransHFTXServiceImpl -请求参数:{"cmd_id":"301","mer_cust_id":"6666000000045782","order_date":"20180827","order_id":"20180827501004022004","trans_type":"01","version":"10"}
2018-08-27 22:36:20 [main] INFO  com.huifu.saturn.cfca.CFCASignature      -userX509Cert date is valid:Wed Sep 13 12:17:05 CST 2017---Fri Sep 13 12:17:05 CST 2019
2018-08-27 22:36:20 [main] INFO  com.huifu.saturn.cfca.CFCASignature      -userX509Cert is right!
2018-08-27 22:36:20 [main] INFO  com.huifu.saturn.cfca.CFCASignature      -p7 dig alg with verification: SHA-256
2018-08-27 22:36:20 [main] INFO  com.huifu.saturn.cfca.CFCASignature      -p7 cert subject with verification:CN=051@100001@N3501040009317@1, OU=Organizational-1, OU=Local RA, O=CFCA TEST CA, C=CN
2018-08-27 22:36:20 [main] INFO  com.huifu.saturn.cfca.CFCASignature      -p7 signature: gefZaR7J/VOQN4W2ZBI9Ighl+qNpO3yezJk8wqPnXw4sXHYlF+FlLL5b+i4MczJrTDlCXfvd3SOSaqlB/gElYk4mYRtgsBKV5yMNKoOmDsp3qTgbxha8axU0Mnnj0T2l//kwiUAB4AL9fWRi8+r79Lwp/ahgTZCroJhmIJydapQhviYhnrNh1snpoqvCjQfek98C2F1ASpL2m0Uck2uYK9a2J6bPd/+v4cakBMhohbYZjBfxFB8Ro16tD6fEhYSfv8eyg1hgf1nDU/mLdo0Sy9jjdeEiJWsodpQWkejSsQteQRXUP3Gal/KsH/H7u6cK04omWHMYo01TE3Mnii3N4A==
2018-08-27 22:36:20 [main] INFO  com.huifu.saturn.cfca.CFCASignature      -RSA P7 attach verify OK!
2018-08-27 22:39:18 [main] INFO  .trans.service.impl.TransHFTXServiceImpl -请求参数:{"bg_ret_url":"http://test.widefinance.cn:8082/transController/hftxnotify.do","bind_card_id":"1000002600","cmd_id":"112","div_detail":[{"divAcctId":"53993","divAmt":"58.00","divCustId":"6666000000045782","divFreezeFg":"00"},{"divAcctId":"54580","divAmt":"9942.00","divCustId":"6666000000046231","divFreezeFg":"00"}],"mer_cust_id":"6666000000045782","order_date":"20180827","order_id":"20180827501004022005","payer_term_type":"02","trans_amt":"10000.00","user_cust_id":"6666000000046231","version":"10"}
2018-08-27 22:39:20 [main] INFO  com.huifu.saturn.cfca.CFCASignature      -userX509Cert date is valid:Wed Sep 13 12:17:05 CST 2017---Fri Sep 13 12:17:05 CST 2019
2018-08-27 22:39:20 [main] INFO  com.huifu.saturn.cfca.CFCASignature      -userX509Cert is right!
2018-08-27 22:39:20 [main] INFO  com.huifu.saturn.cfca.CFCASignature      -p7 dig alg with verification: SHA-256
2018-08-27 22:39:20 [main] INFO  com.huifu.saturn.cfca.CFCASignature      -p7 cert subject with verification:CN=051@100001@N3501040009317@1, OU=Organizational-1, OU=Local RA, O=CFCA TEST CA, C=CN
2018-08-27 22:39:20 [main] INFO  com.huifu.saturn.cfca.CFCASignature      -p7 signature: EJozXx+xGMvBrrXHcfIvHI1pFEP/bxq26NyHu37S2C4cJIf2fKD3ZNhmVL76w+om9AmheqQvgG+um7dJTjlCYIyB/K+qlFm8NSdVOXBzbki6bN2kBzKepxyX6xMUMR9Hh3QY6KKPgcwp4jzjM2Kt10tA+WbA7oHMQ7Z8uaxTh3AyVVdHoIV12wNdTv9efTdJjFofHprBRS/cQu6BGNAmrMUp09e3tm6PO1b0zSHkPh26P0Y+RG0RG5LlJOwyGNLT/bdhxtInPEwr+25fyWI7P6QKniNz4h4ABzAo1hsKxq+sbk8uIOI+Ey3AHIsDK5hq3jPj62yZT6ajjyMNoVjnhA==
2018-08-27 22:39:20 [main] INFO  com.huifu.saturn.cfca.CFCASignature      -RSA P7 attach verify OK!
2018-08-27 22:39:20 [main] INFO  .trans.service.impl.TransHFTXServiceImpl -请求参数:{"bg_ret_url":"http://test.widefinance.cn:8082/transController/hftxnotify.do","bind_card_id":"1000002600","cmd_id":"201","div_detail":[{"divAcctId":"53993","divAmt":"58.00","divCustId":"6666000000045782","divFreezeFg":"00"},{"divAcctId":"54580","divAmt":"9942.00","divCustId":"6666000000046231","divFreezeFg":"00"}],"mer_cust_id":"6666000000045782","order_date":"20180827","order_id":"20180827501004022005","payer_term_type":"02","ret_url":"http://test.widefinance.cn","sms_code":"111111","trans_amt":"10000.00","user_cust_id":"6666000000046231","version":"10"}
