2018-08-24 12:32:07 [main] INFO  .trans.service.impl.TransHFTXServiceImpl -请求参数:{"card_mobile":"13621113262","card_no":"4367480104351127","cmd_id":"216","div_detail":[{"divAcctId":"53993","divAmt":"58.00","divCustId":"6666000000045782","divFreezeFg":"00"},{"divAcctId":"54557","divAmt":"9942.00","divCustId":"6666000000046231","divFreezeFg":"00"}],"mer_cust_id":"6666000000045782","order_date":"20180824","order_id":"20180824501004022001","payer_term_type":"01","trans_amt":"10000.00","user_cust_id":"6666000000046231","version":"10"}
2018-08-24 12:32:08 [main] INFO  com.huifu.saturn.cfca.CFCASignature      -userX509Cert date is valid:Wed Sep 13 12:17:05 CST 2017---Fri Sep 13 12:17:05 CST 2019
2018-08-24 12:32:08 [main] INFO  com.huifu.saturn.cfca.CFCASignature      -userX509Cert is right!
2018-08-24 12:32:09 [main] INFO  com.huifu.saturn.cfca.CFCASignature      -p7 dig alg with verification: SHA-256
2018-08-24 12:32:09 [main] INFO  com.huifu.saturn.cfca.CFCASignature      -p7 cert subject with verification:CN=051@100001@N3501040009317@1, OU=Organizational-1, OU=Local RA, O=CFCA TEST CA, C=CN
2018-08-24 12:32:09 [main] INFO  com.huifu.saturn.cfca.CFCASignature      -p7 signature: UhrNio6Rsj5gbUYV+MuFK2MJZwOxQpuTxde9xjITH/UWynpiMoaow083jl2Ex1TDd0v3nE1cVkrw7DRX10ba4ZX2TtcUVSpDSrkP7sYKTSe4qkArlfyU4rA+OXPlRtZpDtS+bmdh1wAIGwEq3EMkS/CL526LRoJ1K3JhY/nkA1bh7umJUzptpaREZlOwSoiFqrscle8JkL1Bmad22EQfZPtvjR3xzRmK8V8FoDKnhCLAynzozeIZwoWFsw0VhDt3p79vbasDmb5jZRh4gB+M1Urdue3GfTWMEuviUhEcRZcTwlNVUQGBdS5GqVx3RKes2m/vjrQYm+1lb/MJKLh9yQ==
2018-08-24 12:32:09 [main] INFO  com.huifu.saturn.cfca.CFCASignature      -RSA P7 attach verify OK!
2018-08-24 12:32:35 [main] INFO  .trans.service.impl.TransHFTXServiceImpl -请求参数:{"bg_ret_url":"http://192.168.0.74:8001/npayCallBack/asyncHandle.do","card_mobile":"13621113262","card_no":"4367480104351127","cmd_id":"216","div_detail":[{"divAcctId":"53993","divAmt":"58.00","divCustId":"6666000000045782","divFreezeFg":"00"},{"divAcctId":"54557","divAmt":"9942.00","divCustId":"6666000000046231","divFreezeFg":"00"}],"mer_cust_id":"6666000000045782","order_date":"20180824","order_id":"20180824501004022001","payer_term_type":"01","trans_amt":"10000.00","user_cust_id":"6666000000046231","version":"10"}
2018-08-24 12:32:36 [main] INFO  com.huifu.saturn.cfca.CFCASignature      -userX509Cert date is valid:Wed Sep 13 12:17:05 CST 2017---Fri Sep 13 12:17:05 CST 2019
2018-08-24 12:32:36 [main] INFO  com.huifu.saturn.cfca.CFCASignature      -userX509Cert is right!
2018-08-24 12:32:36 [main] INFO  com.huifu.saturn.cfca.CFCASignature      -p7 dig alg with verification: SHA-256
2018-08-24 12:32:36 [main] INFO  com.huifu.saturn.cfca.CFCASignature      -p7 cert subject with verification:CN=051@100001@N3501040009317@1, OU=Organizational-1, OU=Local RA, O=CFCA TEST CA, C=CN
2018-08-24 12:32:36 [main] INFO  com.huifu.saturn.cfca.CFCASignature      -p7 signature: GU0lkSTPUllkWGNdu+orX+J7lTmgttTHjq8c/Kl1aY7nNJLc5F3KVf8KlZxbkt3F6wdt4qr2tC8Zmkdh9uxXHUDlmlMqWM+dDcdzSMhao+MPKHDo4xm3J6jiwungDL0Pki5MSONVSztgmoFpJs7DmshOBbwsd6MV9jEM0fvpA+hLkDP7L+tdWpGk3C7Jerp3Fz/qVrJW5QnATop6h+J0+QXVf7JU2K0EEtP0uJPLTB0MDAWtio4bnaa2li0UiDf3dNssIcfvT25FrzYvojpGOUxXm2IJvheK8U7/rEJBj2NdEeyzY3XIirRk1DwtXQPGkyrcQZT8NDO/sk3ndV6Cmg==
2018-08-24 12:32:36 [main] INFO  com.huifu.saturn.cfca.CFCASignature      -RSA P7 attach verify OK!
2018-08-24 12:56:02 [main] INFO  .trans.service.impl.TransHFTXServiceImpl -请求参数:{"card_mobile":"13621113262","card_no":"4367480104351127","cmd_id":"216","div_detail":[{'divAcctId':'53993','divAmt':'58.00','divCustId':'6666000000045782','divFreezeFg':'00'},{'divAcctId':'54557','divAmt':'9942.00','divCustId':'6666000000046231','divFreezeFg':'00'}],"mer_cust_id":"6666000000045782","order_date":"20180824","order_id":"20180824501004022002","payer_term_type":"01","trans_amt":"10000.00","user_cust_id":"6666000000046231","version":"10"}
2018-08-24 12:56:03 [main] INFO  com.huifu.saturn.cfca.CFCASignature      -userX509Cert date is valid:Wed Sep 13 12:17:05 CST 2017---Fri Sep 13 12:17:05 CST 2019
2018-08-24 12:56:03 [main] INFO  com.huifu.saturn.cfca.CFCASignature      -userX509Cert is right!
2018-08-24 12:56:03 [main] INFO  com.huifu.saturn.cfca.CFCASignature      -p7 dig alg with verification: SHA-256
2018-08-24 12:56:03 [main] INFO  com.huifu.saturn.cfca.CFCASignature      -p7 cert subject with verification:CN=051@100001@N3501040009317@1, OU=Organizational-1, OU=Local RA, O=CFCA TEST CA, C=CN
2018-08-24 12:56:03 [main] INFO  com.huifu.saturn.cfca.CFCASignature      -p7 signature: UhrNio6Rsj5gbUYV+MuFK2MJZwOxQpuTxde9xjITH/UWynpiMoaow083jl2Ex1TDd0v3nE1cVkrw7DRX10ba4ZX2TtcUVSpDSrkP7sYKTSe4qkArlfyU4rA+OXPlRtZpDtS+bmdh1wAIGwEq3EMkS/CL526LRoJ1K3JhY/nkA1bh7umJUzptpaREZlOwSoiFqrscle8JkL1Bmad22EQfZPtvjR3xzRmK8V8FoDKnhCLAynzozeIZwoWFsw0VhDt3p79vbasDmb5jZRh4gB+M1Urdue3GfTWMEuviUhEcRZcTwlNVUQGBdS5GqVx3RKes2m/vjrQYm+1lb/MJKLh9yQ==
2018-08-24 12:56:03 [main] INFO  com.huifu.saturn.cfca.CFCASignature      -RSA P7 attach verify OK!
2018-08-24 12:57:38 [main] INFO  .trans.service.impl.TransHFTXServiceImpl -请求参数:{"bg_ret_url":"http://192.168.0.74:8001/npayCallBack/asyncHandle.do""card_mobile":"13621113262","card_no":"4367480104351127","cmd_id":"216","div_detail":[{'divAcctId':'53993','divAmt':'58.00','divCustId':'6666000000045782','divFreezeFg':'00'},{'divAcctId':'54557','divAmt':'9942.00','divCustId':'6666000000046231','divFreezeFg':'00'}],"mer_cust_id":"6666000000045782","order_date":"20180824","order_id":"20180824501004022002","payer_term_type":"01","trans_amt":"10000.00","user_cust_id":"6666000000046231","version":"10"}
2018-08-24 12:57:39 [main] INFO  com.huifu.saturn.cfca.CFCASignature      -userX509Cert date is valid:Wed Sep 13 12:17:05 CST 2017---Fri Sep 13 12:17:05 CST 2019
2018-08-24 12:57:39 [main] INFO  com.huifu.saturn.cfca.CFCASignature      -userX509Cert is right!
2018-08-24 12:57:39 [main] INFO  com.huifu.saturn.cfca.CFCASignature      -p7 dig alg with verification: SHA-256
2018-08-24 12:57:39 [main] INFO  com.huifu.saturn.cfca.CFCASignature      -p7 cert subject with verification:CN=051@100001@N3501040009317@1, OU=Organizational-1, OU=Local RA, O=CFCA TEST CA, C=CN
2018-08-24 12:57:39 [main] INFO  com.huifu.saturn.cfca.CFCASignature      -p7 signature: WIfdgZHBpqw9OxRq8pZrJ0CbPaoyUyDJ/IpQKW6T4oeNFHV3El3VBYdhV/CFXAybCDr5Y/cPvZFdyMIrBMRouRgT67VAa6E1ajlgSyGvyj4Yn5s/EdJHg9bDreRa4gE8BvR1UbEiQpGzlj2Sr7yocF2m/ad9p+jFt9vlUZu4JYxtFX+1sAp4ivO0OdxsNUvlq6ASxAG1BhussQVLLyzilnjM9teQXm7fV87m+PD0fEB3hGqlsWGgeq8ewfa6tMWreSM/NyW7R5Pol0GEBPqixlhe9jw9x4luQpawEk6Z6s2d5gfFK3YFyv4sJopThnQ5O4/vzGi05wTyNruaO4PR6A==
2018-08-24 12:57:39 [main] INFO  com.huifu.saturn.cfca.CFCASignature      -RSA P7 attach verify OK!
2018-08-24 12:58:14 [main] INFO  .trans.service.impl.TransHFTXServiceImpl -请求参数:{"bg_ret_url":"http://192.168.0.74:8001/npayCallBack/asyncHandle.do","card_mobile":"13621113262","card_no":"4367480104351127","cmd_id":"216","div_detail":[{'divAcctId':'53993','divAmt':'58.00','divCustId':'6666000000045782','divFreezeFg':'00'},{'divAcctId':'54557','divAmt':'9942.00','divCustId':'6666000000046231','divFreezeFg':'00'}],"mer_cust_id":"6666000000045782","order_date":"20180824","order_id":"20180824501004022002","payer_term_type":"01","trans_amt":"10000.00","user_cust_id":"6666000000046231","version":"10"}
2018-08-24 12:58:15 [main] INFO  com.huifu.saturn.cfca.CFCASignature      -userX509Cert date is valid:Wed Sep 13 12:17:05 CST 2017---Fri Sep 13 12:17:05 CST 2019
2018-08-24 12:58:15 [main] INFO  com.huifu.saturn.cfca.CFCASignature      -userX509Cert is right!
2018-08-24 12:58:15 [main] INFO  com.huifu.saturn.cfca.CFCASignature      -p7 dig alg with verification: SHA-256
2018-08-24 12:58:15 [main] INFO  com.huifu.saturn.cfca.CFCASignature      -p7 cert subject with verification:CN=051@100001@N3501040009317@1, OU=Organizational-1, OU=Local RA, O=CFCA TEST CA, C=CN
2018-08-24 12:58:15 [main] INFO  com.huifu.saturn.cfca.CFCASignature      -p7 signature: pGHX3HzygeeI/Ew+GI+5zluGHgqk8eb0iezzKYog8rw6wCy7R+jnLrLHzJZ2zZ6qkzcJuv9RGyv5KtQ9ckUh+xyXpd3hUf7FuVoKobXiOiTwRMiKWd+67LoOdaiodZgutMxq4D02tnl0cD1KU8KxFXEfUZrVcpRlenTOX24Dl5HozbKfQz8XBOo9U8XRcvyyrvFjk6i3SUrSQh8pSBkNTf68VW6ovKiPFnQRdEvZ45hBCx/q0ovbeGGVe1szE3RdrTkCx8v+F1h6N9j+pk6Ip3AAW0NH/dJvAC7bw1XYmhfrnh8kUVft9zAhPxLAD6IzwrqQhDUUypDr6oq/oRG5UQ==
2018-08-24 12:58:15 [main] INFO  com.huifu.saturn.cfca.CFCASignature      -RSA P7 attach verify OK!
2018-08-24 13:05:52 [main] INFO  .trans.service.impl.TransHFTXServiceImpl -请求参数:{"bg_ret_url":"http://192.168.0.74:8001/npayCallBack/asyncHandle.do","card_mobile":"13621113262","card_no":"4367480104351127","cmd_id":"216","div_detail":[{"divAcctId":"53993","divAmt":"58.00","divCustId":"6666000000045782","divFreezeFg":"00"},{"divAcctId":"54580","divAmt":"9942.00","divCustId":"6666000000046231","divFreezeFg":"00"}],"mer_cust_id":"6666000000045782","order_date":"20180824","order_id":"20180824501004022001","payer_term_type":"01","trans_amt":"10000.00","user_cust_id":"6666000000046231","version":"10"}
2018-08-24 13:05:55 [main] INFO  com.huifu.saturn.cfca.CFCASignature      -userX509Cert date is valid:Wed Sep 13 12:17:05 CST 2017---Fri Sep 13 12:17:05 CST 2019
2018-08-24 13:05:55 [main] INFO  com.huifu.saturn.cfca.CFCASignature      -userX509Cert is right!
2018-08-24 13:05:55 [main] INFO  com.huifu.saturn.cfca.CFCASignature      -p7 dig alg with verification: SHA-256
2018-08-24 13:05:55 [main] INFO  com.huifu.saturn.cfca.CFCASignature      -p7 cert subject with verification:CN=051@100001@N3501040009317@1, OU=Organizational-1, OU=Local RA, O=CFCA TEST CA, C=CN
2018-08-24 13:05:55 [main] INFO  com.huifu.saturn.cfca.CFCASignature      -p7 signature: FB2NiTg0oTggIWCo4utnxebk+NLFADYMxIO3EkM1kM3hCWegIDb0UJDspHqdjpQSzlLgXER8Ds/eyZATGrgzbs4ZQ/AK1F3I4OPy6l2rmSkQ9NC/CovG9uTats7QqpxK9A8WenzPPFlD34bP89QbMgF72oTye+iHM321eo0Dak8YpDLJXCWGym4mTxAV4yk+u6NMbqymz+0nNpkuR72ZxNei+NaOCR3dtydjd3esyU51PVZ5VJ5sLd3UwPWIFmNGE7Edw2JTEdgAd8hCZf9rDVHtc6jOimI6QuIAltpll12NZDpcIRqoJnP8BY7d2BY2TOKaAdi+aBQCBIffmM8HzA==
2018-08-24 13:05:55 [main] INFO  com.huifu.saturn.cfca.CFCASignature      -RSA P7 attach verify OK!
2018-08-24 13:15:19 [main] INFO  .trans.service.impl.TransHFTXServiceImpl -请求参数:{"bg_ret_url":"http://192.168.0.74:8001/npayCallBack/asyncHandle.do","card_mobile":"13621113262","card_no":"4367480104350827","cmd_id":"216","div_detail":[{"divAcctId":"53993","divAmt":"58.00","divCustId":"6666000000045782","divFreezeFg":"00"},{"divAcctId":"54580","divAmt":"9942.00","divCustId":"6666000000046231","divFreezeFg":"00"}],"mer_cust_id":"6666000000045782","order_date":"20180824","order_id":"20180824501004022001","payer_term_type":"01","trans_amt":"10000.00","user_cust_id":"6666000000046231","version":"10"}
2018-08-24 13:15:21 [main] INFO  com.huifu.saturn.cfca.CFCASignature      -userX509Cert date is valid:Wed Sep 13 12:17:05 CST 2017---Fri Sep 13 12:17:05 CST 2019
2018-08-24 13:15:21 [main] INFO  com.huifu.saturn.cfca.CFCASignature      -userX509Cert is right!
2018-08-24 13:15:21 [main] INFO  com.huifu.saturn.cfca.CFCASignature      -p7 dig alg with verification: SHA-256
2018-08-24 13:15:21 [main] INFO  com.huifu.saturn.cfca.CFCASignature      -p7 cert subject with verification:CN=051@100001@N3501040009317@1, OU=Organizational-1, OU=Local RA, O=CFCA TEST CA, C=CN
2018-08-24 13:15:21 [main] INFO  com.huifu.saturn.cfca.CFCASignature      -p7 signature: nwIketVMsCIZOIeRtXaxTKiPulvklWHmHs8sNYfjLkSed6EvUKUw2GU193LZfPcIjEwIANtxvSPx5iPK2uL3mtu+pP9eSD8hLmIrlAmv1FkzOv7PgWbG7gp1YEpI5RTOdYG6hSOjlIZTMpkWqT274Mqq8fBvRjewuKVUBVH33EpIrmPNlSfe7IQ2ynKUaEBvpXrhAtChRrhwT1Q4vYbdHATu1GvMtVMzm4mdl7iR9xtiZm6h1acehLargueShn+y6QjPirHKC51IpFA9vFHdQ7kcbyimieM7vIOGk145SWQm6uOB9LJd6qiTCkJSvr+DS2LqpwVE32CZRVgRUwK16w==
2018-08-24 13:15:21 [main] INFO  com.huifu.saturn.cfca.CFCASignature      -RSA P7 attach verify OK!
