2018-12-14 16:43:18 [main] ERROR g.trans.service.impl.TransKFTServiceImpl -org.soofa.apache.http.conn.HttpHostConnectException: Connection to https://218.17.35.123:6443 refused; nested exception is org.soofa.apache.http.conn.HttpHostConnectException: Connection to https://218.17.35.123:6443 refused
com.lycheepay.gateway.client.GatewayClientException: org.soofa.apache.http.conn.HttpHostConnectException: Connection to https://218.17.35.123:6443 refused; nested exception is org.soofa.apache.http.conn.HttpHostConnectException: Connection to https://218.17.35.123:6443 refused
	at com.lycheepay.gateway.client.http.HttpClient.requestWithCustomObjectResult(HttpClient.java:257)
	at com.lycheepay.gateway.client.http.HttpClient.requestWithStringResult(HttpClient.java:184)
	at com.lycheepay.gateway.client.KftBaseService.sendNonbatchInfo(KftBaseService.java:271)
	at com.lycheepay.gateway.client.InitiativePayService.activeScanPay(InitiativePayService.java:73)
	at com.bg.trans.service.impl.TransKFTServiceImpl.initiativePayZdsm(TransKFTServiceImpl.java:237)
	at com.bg.trans.service.impl.TransKFTServiceImpl.main(TransKFTServiceImpl.java:738)
Caused by: org.soofa.apache.http.conn.HttpHostConnectException: Connection to https://218.17.35.123:6443 refused
	at org.soofa.apache.http.impl.conn.DefaultClientConnectionOperator.openConnection(DefaultClientConnectionOperator.java:190)
	at org.soofa.apache.http.impl.conn.ManagedClientConnectionImpl.open(ManagedClientConnectionImpl.java:294)
	at org.soofa.apache.http.impl.client.DefaultRequestDirector.tryConnect(DefaultRequestDirector.java:643)
	at org.soofa.apache.http.impl.client.DefaultRequestDirector.execute(DefaultRequestDirector.java:479)
	at org.soofa.apache.http.impl.client.AbstractHttpClient.execute(AbstractHttpClient.java:906)
	at org.soofa.apache.http.impl.client.AbstractHttpClient.execute(AbstractHttpClient.java:1138)
	at org.soofa.apache.http.impl.client.AbstractHttpClient.execute(AbstractHttpClient.java:1076)
	at org.soofa.apache.http.impl.client.AbstractHttpClient.execute(AbstractHttpClient.java:1050)
	at com.lycheepay.gateway.client.http.HttpClient.requestWithCustomObjectResult(HttpClient.java:253)
	... 5 more
Caused by: java.net.ConnectException: Connection timed out: connect
	at java.net.DualStackPlainSocketImpl.waitForConnect(Native Method)
	at java.net.DualStackPlainSocketImpl.socketConnect(DualStackPlainSocketImpl.java:85)
	at java.net.AbstractPlainSocketImpl.doConnect(AbstractPlainSocketImpl.java:339)
	at java.net.AbstractPlainSocketImpl.connectToAddress(AbstractPlainSocketImpl.java:200)
	at java.net.AbstractPlainSocketImpl.connect(AbstractPlainSocketImpl.java:182)
	at java.net.PlainSocketImpl.connect(PlainSocketImpl.java:172)
	at java.net.SocksSocketImpl.connect(SocksSocketImpl.java:392)
	at java.net.Socket.connect(Socket.java:579)
	at sun.security.ssl.SSLSocketImpl.connect(SSLSocketImpl.java:625)
	at org.soofa.apache.http.conn.ssl.SSLSocketFactory.connectSocket(SSLSocketFactory.java:414)
	at org.soofa.apache.http.impl.conn.DefaultClientConnectionOperator.openConnection(DefaultClientConnectionOperator.java:180)
	... 13 more
2018-12-14 16:44:25 [main] ERROR g.trans.service.impl.TransKFTServiceImpl -java.net.NoRouteToHostException: No route to host: connect; nested exception is java.net.NoRouteToHostException: No route to host: connect
com.lycheepay.gateway.client.GatewayClientException: java.net.NoRouteToHostException: No route to host: connect; nested exception is java.net.NoRouteToHostException: No route to host: connect
	at com.lycheepay.gateway.client.http.HttpClient.requestWithCustomObjectResult(HttpClient.java:257)
	at com.lycheepay.gateway.client.http.HttpClient.requestWithStringResult(HttpClient.java:184)
	at com.lycheepay.gateway.client.KftBaseService.sendNonbatchInfo(KftBaseService.java:271)
	at com.lycheepay.gateway.client.InitiativePayService.activeScanPay(InitiativePayService.java:73)
	at com.bg.trans.service.impl.TransKFTServiceImpl.initiativePayZdsm(TransKFTServiceImpl.java:237)
	at com.bg.trans.service.impl.TransKFTServiceImpl.main(TransKFTServiceImpl.java:738)
Caused by: java.net.NoRouteToHostException: No route to host: connect
	at java.net.DualStackPlainSocketImpl.waitForConnect(Native Method)
	at java.net.DualStackPlainSocketImpl.socketConnect(DualStackPlainSocketImpl.java:85)
	at java.net.AbstractPlainSocketImpl.doConnect(AbstractPlainSocketImpl.java:339)
	at java.net.AbstractPlainSocketImpl.connectToAddress(AbstractPlainSocketImpl.java:200)
	at java.net.AbstractPlainSocketImpl.connect(AbstractPlainSocketImpl.java:182)
	at java.net.PlainSocketImpl.connect(PlainSocketImpl.java:172)
	at java.net.SocksSocketImpl.connect(SocksSocketImpl.java:392)
	at java.net.Socket.connect(Socket.java:579)
	at sun.security.ssl.SSLSocketImpl.connect(SSLSocketImpl.java:625)
	at org.soofa.apache.http.conn.ssl.SSLSocketFactory.connectSocket(SSLSocketFactory.java:414)
	at org.soofa.apache.http.impl.conn.DefaultClientConnectionOperator.openConnection(DefaultClientConnectionOperator.java:180)
	at org.soofa.apache.http.impl.conn.ManagedClientConnectionImpl.open(ManagedClientConnectionImpl.java:294)
	at org.soofa.apache.http.impl.client.DefaultRequestDirector.tryConnect(DefaultRequestDirector.java:643)
	at org.soofa.apache.http.impl.client.DefaultRequestDirector.execute(DefaultRequestDirector.java:479)
	at org.soofa.apache.http.impl.client.AbstractHttpClient.execute(AbstractHttpClient.java:906)
	at org.soofa.apache.http.impl.client.AbstractHttpClient.execute(AbstractHttpClient.java:1138)
	at org.soofa.apache.http.impl.client.AbstractHttpClient.execute(AbstractHttpClient.java:1076)
	at org.soofa.apache.http.impl.client.AbstractHttpClient.execute(AbstractHttpClient.java:1050)
	at com.lycheepay.gateway.client.http.HttpClient.requestWithCustomObjectResult(HttpClient.java:253)
	... 5 more
2018-12-14 16:44:58 [main] ERROR g.trans.service.impl.TransKFTServiceImpl -javax.net.ssl.SSLPeerUnverifiedException: peer not authenticated; nested exception is javax.net.ssl.SSLPeerUnverifiedException: peer not authenticated
com.lycheepay.gateway.client.GatewayClientException: javax.net.ssl.SSLPeerUnverifiedException: peer not authenticated; nested exception is javax.net.ssl.SSLPeerUnverifiedException: peer not authenticated
	at com.lycheepay.gateway.client.http.HttpClient.requestWithCustomObjectResult(HttpClient.java:257)
	at com.lycheepay.gateway.client.http.HttpClient.requestWithStringResult(HttpClient.java:184)
	at com.lycheepay.gateway.client.KftBaseService.sendNonbatchInfo(KftBaseService.java:271)
	at com.lycheepay.gateway.client.InitiativePayService.activeScanPay(InitiativePayService.java:73)
	at com.bg.trans.service.impl.TransKFTServiceImpl.initiativePayZdsm(TransKFTServiceImpl.java:237)
	at com.bg.trans.service.impl.TransKFTServiceImpl.main(TransKFTServiceImpl.java:738)
Caused by: javax.net.ssl.SSLPeerUnverifiedException: peer not authenticated
	at sun.security.ssl.SSLSessionImpl.getPeerCertificates(SSLSessionImpl.java:421)
	at org.soofa.apache.http.conn.ssl.AbstractVerifier.verify(AbstractVerifier.java:126)
	at org.soofa.apache.http.conn.ssl.SSLSocketFactory.connectSocket(SSLSocketFactory.java:437)
	at org.soofa.apache.http.impl.conn.DefaultClientConnectionOperator.openConnection(DefaultClientConnectionOperator.java:180)
	at org.soofa.apache.http.impl.conn.ManagedClientConnectionImpl.open(ManagedClientConnectionImpl.java:294)
	at org.soofa.apache.http.impl.client.DefaultRequestDirector.tryConnect(DefaultRequestDirector.java:643)
	at org.soofa.apache.http.impl.client.DefaultRequestDirector.execute(DefaultRequestDirector.java:479)
	at org.soofa.apache.http.impl.client.AbstractHttpClient.execute(AbstractHttpClient.java:906)
	at org.soofa.apache.http.impl.client.AbstractHttpClient.execute(AbstractHttpClient.java:1138)
	at org.soofa.apache.http.impl.client.AbstractHttpClient.execute(AbstractHttpClient.java:1076)
	at org.soofa.apache.http.impl.client.AbstractHttpClient.execute(AbstractHttpClient.java:1050)
	at com.lycheepay.gateway.client.http.HttpClient.requestWithCustomObjectResult(HttpClient.java:253)
	... 5 more
2018-12-14 17:00:24 [main] ERROR g.trans.service.impl.TransKFTServiceImpl -javax.net.ssl.SSLPeerUnverifiedException: peer not authenticated; nested exception is javax.net.ssl.SSLPeerUnverifiedException: peer not authenticated
com.lycheepay.gateway.client.GatewayClientException: javax.net.ssl.SSLPeerUnverifiedException: peer not authenticated; nested exception is javax.net.ssl.SSLPeerUnverifiedException: peer not authenticated
	at com.lycheepay.gateway.client.http.HttpClient.requestWithCustomObjectResult(HttpClient.java:257)
	at com.lycheepay.gateway.client.http.HttpClient.requestWithStringResult(HttpClient.java:184)
	at com.lycheepay.gateway.client.KftBaseService.sendNonbatchInfo(KftBaseService.java:271)
	at com.lycheepay.gateway.client.InitiativePayService.activeScanPay(InitiativePayService.java:73)
	at com.bg.trans.service.impl.TransKFTServiceImpl.initiativePayZdsm(TransKFTServiceImpl.java:237)
	at com.bg.trans.service.impl.TransKFTServiceImpl.main(TransKFTServiceImpl.java:738)
Caused by: javax.net.ssl.SSLPeerUnverifiedException: peer not authenticated
	at sun.security.ssl.SSLSessionImpl.getPeerCertificates(SSLSessionImpl.java:421)
	at org.soofa.apache.http.conn.ssl.AbstractVerifier.verify(AbstractVerifier.java:126)
	at org.soofa.apache.http.conn.ssl.SSLSocketFactory.connectSocket(SSLSocketFactory.java:437)
	at org.soofa.apache.http.impl.conn.DefaultClientConnectionOperator.openConnection(DefaultClientConnectionOperator.java:180)
	at org.soofa.apache.http.impl.conn.ManagedClientConnectionImpl.open(ManagedClientConnectionImpl.java:294)
	at org.soofa.apache.http.impl.client.DefaultRequestDirector.tryConnect(DefaultRequestDirector.java:643)
	at org.soofa.apache.http.impl.client.DefaultRequestDirector.execute(DefaultRequestDirector.java:479)
	at org.soofa.apache.http.impl.client.AbstractHttpClient.execute(AbstractHttpClient.java:906)
	at org.soofa.apache.http.impl.client.AbstractHttpClient.execute(AbstractHttpClient.java:1138)
	at org.soofa.apache.http.impl.client.AbstractHttpClient.execute(AbstractHttpClient.java:1076)
	at org.soofa.apache.http.impl.client.AbstractHttpClient.execute(AbstractHttpClient.java:1050)
	at com.lycheepay.gateway.client.http.HttpClient.requestWithCustomObjectResult(HttpClient.java:253)
	... 5 more
2018-12-14 17:31:40 [main] ERROR g.trans.service.impl.TransKFTServiceImpl -javax.net.ssl.SSLPeerUnverifiedException: peer not authenticated; nested exception is javax.net.ssl.SSLPeerUnverifiedException: peer not authenticated
com.lycheepay.gateway.client.GatewayClientException: javax.net.ssl.SSLPeerUnverifiedException: peer not authenticated; nested exception is javax.net.ssl.SSLPeerUnverifiedException: peer not authenticated
	at com.lycheepay.gateway.client.http.HttpClient.requestWithCustomObjectResult(HttpClient.java:257)
	at com.lycheepay.gateway.client.http.HttpClient.requestWithStringResult(HttpClient.java:184)
	at com.lycheepay.gateway.client.KftBaseService.sendNonbatchInfo(KftBaseService.java:271)
	at com.lycheepay.gateway.client.InitiativePayService.activeScanPay(InitiativePayService.java:73)
	at com.bg.trans.service.impl.TransKFTServiceImpl.initiativePayZdsm(TransKFTServiceImpl.java:240)
	at com.bg.trans.service.impl.TransKFTServiceImpl.main(TransKFTServiceImpl.java:741)
Caused by: javax.net.ssl.SSLPeerUnverifiedException: peer not authenticated
	at sun.security.ssl.SSLSessionImpl.getPeerCertificates(SSLSessionImpl.java:421)
	at org.soofa.apache.http.conn.ssl.AbstractVerifier.verify(AbstractVerifier.java:126)
	at org.soofa.apache.http.conn.ssl.SSLSocketFactory.connectSocket(SSLSocketFactory.java:437)
	at org.soofa.apache.http.impl.conn.DefaultClientConnectionOperator.openConnection(DefaultClientConnectionOperator.java:180)
	at org.soofa.apache.http.impl.conn.ManagedClientConnectionImpl.open(ManagedClientConnectionImpl.java:294)
	at org.soofa.apache.http.impl.client.DefaultRequestDirector.tryConnect(DefaultRequestDirector.java:643)
	at org.soofa.apache.http.impl.client.DefaultRequestDirector.execute(DefaultRequestDirector.java:479)
	at org.soofa.apache.http.impl.client.AbstractHttpClient.execute(AbstractHttpClient.java:906)
	at org.soofa.apache.http.impl.client.AbstractHttpClient.execute(AbstractHttpClient.java:1138)
	at org.soofa.apache.http.impl.client.AbstractHttpClient.execute(AbstractHttpClient.java:1076)
	at org.soofa.apache.http.impl.client.AbstractHttpClient.execute(AbstractHttpClient.java:1050)
	at com.lycheepay.gateway.client.http.HttpClient.requestWithCustomObjectResult(HttpClient.java:253)
	... 5 more
2018-12-14 17:33:04 [main] ERROR g.trans.service.impl.TransKFTServiceImpl -javax.net.ssl.SSLPeerUnverifiedException: peer not authenticated; nested exception is javax.net.ssl.SSLPeerUnverifiedException: peer not authenticated
com.lycheepay.gateway.client.GatewayClientException: javax.net.ssl.SSLPeerUnverifiedException: peer not authenticated; nested exception is javax.net.ssl.SSLPeerUnverifiedException: peer not authenticated
	at com.lycheepay.gateway.client.http.HttpClient.requestWithCustomObjectResult(HttpClient.java:257)
	at com.lycheepay.gateway.client.http.HttpClient.requestWithStringResult(HttpClient.java:184)
	at com.lycheepay.gateway.client.KftBaseService.sendNonbatchInfo(KftBaseService.java:271)
	at com.lycheepay.gateway.client.InitiativePayService.activeScanPay(InitiativePayService.java:73)
	at com.bg.trans.service.impl.TransKFTServiceImpl.initiativePayZdsm(TransKFTServiceImpl.java:242)
	at com.bg.trans.service.impl.TransKFTServiceImpl.main(TransKFTServiceImpl.java:743)
Caused by: javax.net.ssl.SSLPeerUnverifiedException: peer not authenticated
	at sun.security.ssl.SSLSessionImpl.getPeerCertificates(SSLSessionImpl.java:421)
	at org.soofa.apache.http.conn.ssl.AbstractVerifier.verify(AbstractVerifier.java:126)
	at org.soofa.apache.http.conn.ssl.SSLSocketFactory.connectSocket(SSLSocketFactory.java:437)
	at org.soofa.apache.http.impl.conn.DefaultClientConnectionOperator.openConnection(DefaultClientConnectionOperator.java:180)
	at org.soofa.apache.http.impl.conn.ManagedClientConnectionImpl.open(ManagedClientConnectionImpl.java:294)
	at org.soofa.apache.http.impl.client.DefaultRequestDirector.tryConnect(DefaultRequestDirector.java:643)
	at org.soofa.apache.http.impl.client.DefaultRequestDirector.execute(DefaultRequestDirector.java:479)
	at org.soofa.apache.http.impl.client.AbstractHttpClient.execute(AbstractHttpClient.java:906)
	at org.soofa.apache.http.impl.client.AbstractHttpClient.execute(AbstractHttpClient.java:1138)
	at org.soofa.apache.http.impl.client.AbstractHttpClient.execute(AbstractHttpClient.java:1076)
	at org.soofa.apache.http.impl.client.AbstractHttpClient.execute(AbstractHttpClient.java:1050)
	at com.lycheepay.gateway.client.http.HttpClient.requestWithCustomObjectResult(HttpClient.java:253)
	... 5 more
