2019-07-17 18:35:45 [main] INFO  UMF                                      -[UMF SDK] 使用Log4j进行日志输出
2019-07-17 18:35:45 [main] INFO  UMF                                      -[UMF SDK] 商户请求数据必填字段校验通过
2019-07-17 18:35:45 [main] INFO  UMF                                      -[UMF SDK] 商户请求校验规则正确
2019-07-17 18:35:45 [main] INFO  UMF                                      -[UMF SDK] 商户请求最终数据封装对象为：url=http://pay.soopay.net/spay/pay/payservice.do,field={identity_code=u5nrmkX8raTvNOL8wyoCTBbOlq1ao1XoYBjxVyaJ29vqJRcnuZz4ubay4h2C7seBTd7KrVwpoyxtr9ZT/ka6Ey9J5ozqIrUoNnaPspjOWlqZxD1xgW4TO+WKdfMLqOuXcxjOsnshI+AUdQx5xs7CJJV9t8vwZjeDfGRBubbWTvs=, media_type=MOBILE, sign_type=RSA, media_id=13333333333, charset=UTF-8, card_holder=XQvp6R/GSIf14vuLFZ3plbwQ9uvOmCVzMV+vkZ4RdVPjkRiTvCjoFK0iW6kQYZMLYtrS2Eq+b5rf9WpIUnaqG+ia96reit0ToNPYNpEBj6taa916YfGyqM8xg6hpXeOaQK9f6mykYuJvnkYZCUb33eh6jVuB7dB+lku6USPZDRo=, card_id=UdUl4u+RXPx61RxuqjDAFTuHTDAyrlinGqMu3d7cCdtWNmt9h3mj3xjhGKFXM3mwW1QMPYQbUvtgflKUwwNacoim+Qi54O6tna8hYFKujfT53/ts2YGYupz9A1x81y2ifY2Wjr/Utt2oWahCbF1KRPBwiA8GN1hQsNFVR+REWIg=, version=4.0, sign=v+vFAII9xQQ9K9OjiIHPm5MGeRQeFsoGXUY3Xfcn96N7KFCKKMl8eWz4JyVqG5/tQYGwDORdXjLgFfiAGCnt+JTs5X+I6LPP8+0PLuFUmmF0PxCRxxGN1QNhuujnOwww+bgxTLV+IZmM8tq249fgc6dzdBwGp63ORDPuSODGoTw=, mer_id=52510, identity_type=1, service=apply_sms_bind_shortcut, mer_cust_id=13333333333, res_format=HTML}plain=card_holder=XQvp6R%2FGSIf14vuLFZ3plbwQ9uvOmCVzMV%2BvkZ4RdVPjkRiTvCjoFK0iW6kQYZMLYtrS2Eq%2Bb5rf9WpIUnaqG%2Bia96reit0ToNPYNpEBj6taa916YfGyqM8xg6hpXeOaQK9f6mykYuJvnkYZCUb33eh6jVuB7dB%2Blku6USPZDRo%3D&card_id=UdUl4u%2BRXPx61RxuqjDAFTuHTDAyrlinGqMu3d7cCdtWNmt9h3mj3xjhGKFXM3mwW1QMPYQbUvtgflKUwwNacoim%2BQi54O6tna8hYFKujfT53%2Fts2YGYupz9A1x81y2ifY2Wjr%2FUtt2oWahCbF1KRPBwiA8GN1hQsNFVR%2BREWIg%3D&charset=UTF-8&identity_code=u5nrmkX8raTvNOL8wyoCTBbOlq1ao1XoYBjxVyaJ29vqJRcnuZz4ubay4h2C7seBTd7KrVwpoyxtr9ZT%2Fka6Ey9J5ozqIrUoNnaPspjOWlqZxD1xgW4TO%2BWKdfMLqOuXcxjOsnshI%2BAUdQx5xs7CJJV9t8vwZjeDfGRBubbWTvs%3D&identity_type=1&media_id=13333333333&media_type=MOBILE&mer_cust_id=13333333333&mer_id=52510&res_format=HTML&service=apply_sms_bind_shortcut&sign_type=RSA&version=4.0sign=v+vFAII9xQQ9K9OjiIHPm5MGeRQeFsoGXUY3Xfcn96N7KFCKKMl8eWz4JyVqG5/tQYGwDORdXjLgFfiAGCnt+JTs5X+I6LPP8+0PLuFUmmF0PxCRxxGN1QNhuujnOwww+bgxTLV+IZmM8tq249fgc6dzdBwGp63ORDPuSODGoTw=
2019-07-17 18:35:45 [main] INFO  UMF                                      -连接超时时长为：60000
2019-07-17 18:35:47 [main] INFO  UMF                                      -==============执行post方法结束==============
2019-07-17 18:35:47 [main] INFO  UMF                                      -==============获得HttpEntity结束==============
2019-07-17 18:35:47 [main] INFO  UMF                                      -==============获得输入流结束==============
2019-07-17 18:35:47 [main] INFO  UMF                                      -[UMF SDK] 通讯成功，请求地址返回状态码为：【200】
2019-07-17 18:35:47 [main] INFO  UMF                                      -[UMF SDK] content=mer_id=52510&ret_code=00060700&ret_msg=请求的参数[identity_code]格式或值不正确,PSP18354970dac36&sign_type=RSA&version=4.0&sign=hNX7OB+kcq0XjO+6SkpfSoR/dD3plhpw6IBocQIssUVPOyqVCFqHkaiLF+xKNM28M0MJFJ2UVnUXpLpwy69BEX6XlvLOlbdx+xt7Fh++x/fOFyjfKt4oT5i09z+QC/8rR4GwIgsCPi5//lBOlRz9rwa0pZzGCFPfmuH29/1olU8=
2019-07-17 18:35:47 [main] INFO  UMF                                      -[UMF SDK] 获取联动公钥证书成功!
2019-07-17 18:35:47 [main] INFO  UMF                                      -[UMF SDK] 验证平台签名是否成功------>true
2019-07-17 18:35:47 [main] INFO  UMF                                      -[UMF SDK] 商户请求联动平台返回最终数据为:{ret_code=00060700, mer_id=52510, ret_msg=请求的参数[identity_code]格式或值不正确,PSP18354970dac36}
2019-07-17 18:36:43 [main] INFO  UMF                                      -[UMF SDK] 使用Log4j进行日志输出
2019-07-17 18:36:44 [main] INFO  UMF                                      -[UMF SDK] 商户请求数据必填字段校验通过
2019-07-17 18:36:44 [main] INFO  UMF                                      -[UMF SDK] 商户请求校验规则正确
2019-07-17 18:36:44 [main] INFO  UMF                                      -[UMF SDK] 商户请求最终数据封装对象为：url=http://pay.soopay.net/spay/pay/payservice.do,field={identity_code=YAzSLRogJ1TXwPIXiPtYshZcAIZZ3mzZfimh9YN8zHcSgNy9evJIXbc6Zn38HSNVaGOg7ykflSSFQNprBOxBbC0tvb1j+W1Yt+U5SYyWsll4j7OuN7uhI4uaDQonhiMFZAEzpgJAr/fVnhA6lI1dk51i6ytHT6Tb42RuHv0GXSE=, media_type=MOBILE, sign_type=RSA, media_id=13333333333, charset=UTF-8, card_holder=Cq87bNBoWfQP+1HlMxQJ1HywoA6qv2yUfDQ0hF0KjciAdckAYYaQ6nXAp3eunY+dMjv/vgn+w/tqB7aBjngC4z7yWXnU5oEykCogtWY0pYr11JDCQnvjD/Av4h2BSmR+v4iWXML7qYeVyskfq6jxgSZTeVLqkus+dXNI4hD9VbY=, card_id=wGl214tcVeQ3QEE8rlhA6c5IJQd3WKRjUn1unkPrqK7GzKOTXNtwpyx81KoJFpfAomPgB2Y+q9XZypRgynxt37vfdqZTFJagRQHzU73LhFbO8sPu+Qu9QduSif9LBePAeqX0/wr3H675MJ2I/jwp4HKWDZRh8bSk1C1+qxAkXFU=, version=4.0, sign=E8bc4o2wRAdIUnUO9k1gcM/Ui5U9op9DmDmLDXzq/4im3Z+fhb8BEatA/jB8YzqMAA9/g3T7zIGiqSmJdqRJ2lTaKnZWI1VWzaTvNkUbEPizunUZlw91xpCjYSNkLXsw5sxo6b1H32ou8DfVPDt9xGo7V9w7g2g6gSsVo+je0fM=, mer_id=52510, identity_type=1, service=apply_sms_bind_shortcut, mer_cust_id=13333333333, res_format=HTML}plain=card_holder=Cq87bNBoWfQP%2B1HlMxQJ1HywoA6qv2yUfDQ0hF0KjciAdckAYYaQ6nXAp3eunY%2BdMjv%2Fvgn%2Bw%2FtqB7aBjngC4z7yWXnU5oEykCogtWY0pYr11JDCQnvjD%2FAv4h2BSmR%2Bv4iWXML7qYeVyskfq6jxgSZTeVLqkus%2BdXNI4hD9VbY%3D&card_id=wGl214tcVeQ3QEE8rlhA6c5IJQd3WKRjUn1unkPrqK7GzKOTXNtwpyx81KoJFpfAomPgB2Y%2Bq9XZypRgynxt37vfdqZTFJagRQHzU73LhFbO8sPu%2BQu9QduSif9LBePAeqX0%2Fwr3H675MJ2I%2Fjwp4HKWDZRh8bSk1C1%2BqxAkXFU%3D&charset=UTF-8&identity_code=YAzSLRogJ1TXwPIXiPtYshZcAIZZ3mzZfimh9YN8zHcSgNy9evJIXbc6Zn38HSNVaGOg7ykflSSFQNprBOxBbC0tvb1j%2BW1Yt%2BU5SYyWsll4j7OuN7uhI4uaDQonhiMFZAEzpgJAr%2FfVnhA6lI1dk51i6ytHT6Tb42RuHv0GXSE%3D&identity_type=1&media_id=13333333333&media_type=MOBILE&mer_cust_id=13333333333&mer_id=52510&res_format=HTML&service=apply_sms_bind_shortcut&sign_type=RSA&version=4.0sign=E8bc4o2wRAdIUnUO9k1gcM/Ui5U9op9DmDmLDXzq/4im3Z+fhb8BEatA/jB8YzqMAA9/g3T7zIGiqSmJdqRJ2lTaKnZWI1VWzaTvNkUbEPizunUZlw91xpCjYSNkLXsw5sxo6b1H32ou8DfVPDt9xGo7V9w7g2g6gSsVo+je0fM=
2019-07-17 18:36:44 [main] INFO  UMF                                      -连接超时时长为：60000
2019-07-17 18:36:45 [main] INFO  UMF                                      -==============执行post方法结束==============
2019-07-17 18:36:45 [main] INFO  UMF                                      -==============获得HttpEntity结束==============
2019-07-17 18:36:45 [main] INFO  UMF                                      -==============获得输入流结束==============
2019-07-17 18:36:45 [main] INFO  UMF                                      -[UMF SDK] 通讯成功，请求地址返回状态码为：【200】
2019-07-17 18:36:45 [main] INFO  UMF                                      -[UMF SDK] content=mer_id=52510&ret_code=00060700&ret_msg=请求的参数[identity_code]格式或值不正确,PSP183646297da1b&sign_type=RSA&version=4.0&sign=cS6pi9iz9RSBKno4lbRKIw0XmZHbjxC8vUSgrNVTd9vTMX59+HlME+tjhM/qEGhK0NnuyqL+ntm3PdzVKoKCj4Nhfn1aS7X7pt/GlPlz4ybaubz3fzRaIrQPoVcBFEAuFvtkpRtEMhEEkXawq5kugtwR2wWsP3Ee4w+lnRRPpq0=
2019-07-17 18:36:45 [main] INFO  UMF                                      -[UMF SDK] 获取联动公钥证书成功!
2019-07-17 18:36:45 [main] INFO  UMF                                      -[UMF SDK] 验证平台签名是否成功------>true
2019-07-17 18:36:45 [main] INFO  UMF                                      -[UMF SDK] 商户请求联动平台返回最终数据为:{ret_code=00060700, mer_id=52510, ret_msg=请求的参数[identity_code]格式或值不正确,PSP183646297da1b}
2019-07-17 18:40:36 [main] INFO  UMF                                      -[UMF SDK] 使用Log4j进行日志输出
2019-07-17 18:40:36 [main] INFO  UMF                                      -[UMF SDK] 商户请求数据必填字段校验通过
2019-07-17 18:40:36 [main] INFO  UMF                                      -[UMF SDK] 商户请求校验规则正确
2019-07-17 18:40:36 [main] INFO  UMF                                      -[UMF SDK] 商户请求最终数据封装对象为：url=http://pay.soopay.net/spay/pay/payservice.do,field={identity_code=O7ZxIWCtiXONio6IPmlpZzQu8EnCNkLda8KADrl2YWt+eziQI3vUB5xoYXYhpO1jqE4WDMyGiqqA0GtkNaJu6RI2VO2kZy+orKpqkvy92yybQDy7mV0p2R9leCQlkAXVzZoKgy8wPfFHIkitkPyepGIJR6z/vTIh51VbGp1rtds=, media_type=MOBILE, sign_type=RSA, media_id=13333333333, charset=UTF-8, card_holder=FjQ76FUxMYNHzycSsMQGTeF1/FPThUK+Z7MhfOTuKsqnmQ+PweKIArNU85pq8ijxnr7u3YyGvRY85ma+ScE/bM7hR+/WHKls4yqzubdPX2P2bpcarLZRjsiw9SMyKlneeFUDOa3g2qBIfcAlfe8p7QV87ysWwVa4k7clsU3o+4A=, card_id=jyQkPUwJ6uXTtHCwZFCi09DXYmGXQ/jErCI6ROfRQNdDEJG4M6EDqv20k5pm9QuTBxShgP/SVwjMSRuZGQktHTqUv3sPXCrjgnHGcQUHVThodesF+qSliEtqQ+sjkaJq0SD4EzXX6lZeuF5vJxFSOgjHHA12nbHg8dPm8YZijOw=, version=4.0, sign=oJFBoxGPFgLrI5avXOd8vAllHmFpCmZ1Cxr9ThCRDDb5nIcB5EpFNHEmugejfkmD+ShG0Xeh5f8OkQIQjdEMYzuMlfCo56bnsIzNsPMTWZDZQsyFhwk+6umg7+8hYyNxIl+JMg9kKkzjkEDUIz3mETUNSBiGFXBeC/TZF0c6SPU=, mer_id=52510, identity_type=1, service=apply_sms_bind_shortcut, mer_cust_id=110101198001010010, res_format=HTML}plain=card_holder=FjQ76FUxMYNHzycSsMQGTeF1%2FFPThUK%2BZ7MhfOTuKsqnmQ%2BPweKIArNU85pq8ijxnr7u3YyGvRY85ma%2BScE%2FbM7hR%2B%2FWHKls4yqzubdPX2P2bpcarLZRjsiw9SMyKlneeFUDOa3g2qBIfcAlfe8p7QV87ysWwVa4k7clsU3o%2B4A%3D&card_id=jyQkPUwJ6uXTtHCwZFCi09DXYmGXQ%2FjErCI6ROfRQNdDEJG4M6EDqv20k5pm9QuTBxShgP%2FSVwjMSRuZGQktHTqUv3sPXCrjgnHGcQUHVThodesF%2BqSliEtqQ%2BsjkaJq0SD4EzXX6lZeuF5vJxFSOgjHHA12nbHg8dPm8YZijOw%3D&charset=UTF-8&identity_code=O7ZxIWCtiXONio6IPmlpZzQu8EnCNkLda8KADrl2YWt%2BeziQI3vUB5xoYXYhpO1jqE4WDMyGiqqA0GtkNaJu6RI2VO2kZy%2BorKpqkvy92yybQDy7mV0p2R9leCQlkAXVzZoKgy8wPfFHIkitkPyepGIJR6z%2FvTIh51VbGp1rtds%3D&identity_type=1&media_id=13333333333&media_type=MOBILE&mer_cust_id=110101198001010010&mer_id=52510&res_format=HTML&service=apply_sms_bind_shortcut&sign_type=RSA&version=4.0sign=oJFBoxGPFgLrI5avXOd8vAllHmFpCmZ1Cxr9ThCRDDb5nIcB5EpFNHEmugejfkmD+ShG0Xeh5f8OkQIQjdEMYzuMlfCo56bnsIzNsPMTWZDZQsyFhwk+6umg7+8hYyNxIl+JMg9kKkzjkEDUIz3mETUNSBiGFXBeC/TZF0c6SPU=
2019-07-17 18:40:36 [main] INFO  UMF                                      -连接超时时长为：60000
2019-07-17 18:40:37 [main] INFO  UMF                                      -==============执行post方法结束==============
2019-07-17 18:40:37 [main] INFO  UMF                                      -==============获得HttpEntity结束==============
2019-07-17 18:40:37 [main] INFO  UMF                                      -==============获得输入流结束==============
2019-07-17 18:40:37 [main] INFO  UMF                                      -[UMF SDK] 通讯成功，请求地址返回状态码为：【200】
2019-07-17 18:40:37 [main] INFO  UMF                                      -[UMF SDK] content=mer_id=52510&ret_code=00202005&ret_msg=银行卡号输入有误,错误码00060305,PSP184039ea7d4dd&sign_type=RSA&version=4.0&sign=HsvgqQ7/niyzRsnguBlT8liDt8NHBDzFucBEkQZ9o0igRuCGNmQWi2IRbuiSusv/XAAGlCf14+1u+j66xQxpMm455K/xRjUYo9Ams63vnTJzfDc67Ldog7xn9ysOqJvluDUZHn27vF90oVrjtHu8U2Em+lmCdllnsySYo9by338=
2019-07-17 18:40:37 [main] INFO  UMF                                      -[UMF SDK] 获取联动公钥证书成功!
2019-07-17 18:40:37 [main] INFO  UMF                                      -[UMF SDK] 验证平台签名是否成功------>true
2019-07-17 18:40:37 [main] INFO  UMF                                      -[UMF SDK] 商户请求联动平台返回最终数据为:{ret_code=00202005, mer_id=52510, ret_msg=银行卡号输入有误,错误码00060305,PSP184039ea7d4dd}
2019-07-17 18:42:16 [main] INFO  UMF                                      -[UMF SDK] 使用Log4j进行日志输出
2019-07-17 18:42:17 [main] INFO  UMF                                      -[UMF SDK] 商户请求数据必填字段校验通过
2019-07-17 18:42:17 [main] INFO  UMF                                      -[UMF SDK] 商户请求校验规则正确
2019-07-17 18:42:17 [main] INFO  UMF                                      -[UMF SDK] 商户请求最终数据封装对象为：url=http://pay.soopay.net/spay/pay/payservice.do,field={identity_code=WOk/idkH4jnyy6mxbhSbSP95k+6lrEOG7aG7apjkm7lVeNivdWKP0GED6yz3PkmKQBwj3hrfFdipICkJ9pT0erUtlBMMkwvrZPgpn6TCE3Wmp+ZSvP88IfYcIE8TgOgk+a18p3FI4QQqpikd9+ed03Zob72AXmak5q1nrXgzhwA=, media_type=MOBILE, sign_type=RSA, media_id=13333333333, charset=UTF-8, card_holder=UZwzWaNcprh/J0LJUk5Kspq7+S5tX+33WDisNZZh7BB60fkgW7wQeV39A7M9F3iA1UVLgx5olnD0i5PAfcg932KnEUukMs3KWicv1eQYf408MSWJCMeEUQMZhYGKMzy9/LDlXOB3qTFYt1DXGE8+eWMJjqpo04L1Ssrx+jivZAE=, card_id=OwyV369RIcfeBWT01L0qn9HMO6b69udT20vPF1/Xv1WUdCw7OK7s8zzMWL62GFeuNscBTK9gS7LGJFMb3N8kyV2haD6gmGyu32AXPCm/oXwkRjSsLLyZREVfoXUhGWze37HPj3AtH/DepTWVIKvQ1YUVViz8oOhKGqUYNTf8xqw=, version=4.0, sign=k622bqMMgUBHt441QXdaH0u6sVJDYkyQWfuGrs6pNME3qeb5BY3ntdJYRcIO3yocRNVP0+yR+vifVmmRDIfU0PI4lIHRGJBbJTXuhi8LW9HdSd79FNHQmFmg8TCkIdcmXuroZVr7hvdIblx+6YeKcT0S65pP9wGgB1/58RFfcV4=, mer_id=52510, identity_type=1, service=apply_sms_bind_shortcut, mer_cust_id=110101198001010010, res_format=HTML}plain=card_holder=UZwzWaNcprh%2FJ0LJUk5Kspq7%2BS5tX%2B33WDisNZZh7BB60fkgW7wQeV39A7M9F3iA1UVLgx5olnD0i5PAfcg932KnEUukMs3KWicv1eQYf408MSWJCMeEUQMZhYGKMzy9%2FLDlXOB3qTFYt1DXGE8%2BeWMJjqpo04L1Ssrx%2BjivZAE%3D&card_id=OwyV369RIcfeBWT01L0qn9HMO6b69udT20vPF1%2FXv1WUdCw7OK7s8zzMWL62GFeuNscBTK9gS7LGJFMb3N8kyV2haD6gmGyu32AXPCm%2FoXwkRjSsLLyZREVfoXUhGWze37HPj3AtH%2FDepTWVIKvQ1YUVViz8oOhKGqUYNTf8xqw%3D&charset=UTF-8&identity_code=WOk%2FidkH4jnyy6mxbhSbSP95k%2B6lrEOG7aG7apjkm7lVeNivdWKP0GED6yz3PkmKQBwj3hrfFdipICkJ9pT0erUtlBMMkwvrZPgpn6TCE3Wmp%2BZSvP88IfYcIE8TgOgk%2Ba18p3FI4QQqpikd9%2Bed03Zob72AXmak5q1nrXgzhwA%3D&identity_type=1&media_id=13333333333&media_type=MOBILE&mer_cust_id=110101198001010010&mer_id=52510&res_format=HTML&service=apply_sms_bind_shortcut&sign_type=RSA&version=4.0sign=k622bqMMgUBHt441QXdaH0u6sVJDYkyQWfuGrs6pNME3qeb5BY3ntdJYRcIO3yocRNVP0+yR+vifVmmRDIfU0PI4lIHRGJBbJTXuhi8LW9HdSd79FNHQmFmg8TCkIdcmXuroZVr7hvdIblx+6YeKcT0S65pP9wGgB1/58RFfcV4=
2019-07-17 18:42:17 [main] INFO  UMF                                      -连接超时时长为：60000
2019-07-17 18:42:18 [main] INFO  UMF                                      -==============执行post方法结束==============
2019-07-17 18:42:18 [main] INFO  UMF                                      -==============获得HttpEntity结束==============
2019-07-17 18:42:18 [main] INFO  UMF                                      -==============获得输入流结束==============
2019-07-17 18:42:18 [main] INFO  UMF                                      -[UMF SDK] 通讯成功，请求地址返回状态码为：【200】
2019-07-17 18:42:18 [main] INFO  UMF                                      -[UMF SDK] content=mer_id=52510&ret_code=00210028&ret_msg=银行卡信息不匹配，通常是手机号输入不正确所致，可联系发卡行进行核实,错误码00210025,PSP184219b904cce&sign_type=RSA&version=4.0&sign=gu2LLfwhTQdEN2YrNzFNcKbLL5zPbbmVUKtmF3tVm9BEzf+Ua0FFpi+ItHRYoESnPLS5tufnXaHAIWFm6DyKWMPIjfL7ia6GBRrnOmeJzIj573VgMgGCN0OEhoY+lN8my130IpGGwZjaelS5PYTnMFecwXHYtr8lRwruGD8UMsQ=
2019-07-17 18:42:18 [main] INFO  UMF                                      -[UMF SDK] 获取联动公钥证书成功!
2019-07-17 18:42:18 [main] INFO  UMF                                      -[UMF SDK] 验证平台签名是否成功------>true
2019-07-17 18:42:18 [main] INFO  UMF                                      -[UMF SDK] 商户请求联动平台返回最终数据为:{ret_code=00210028, mer_id=52510, ret_msg=银行卡信息不匹配，通常是手机号输入不正确所致，可联系发卡行进行核实,错误码00210025,PSP184219b904cce}
