2018-08-28 14:05:52 [main] INFO  .trans.service.impl.TransHFTXServiceImpl -请求参数:{"bg_ret_url":"http://test.widefinance.cn:8082/transController/hftxnotify.do","bind_card_id":"1000002600","cmd_id":"112","div_detail":[{"divAcctId":"53993","divAmt":"58.00","divCustId":"6666000000045782","divFreezeFg":"00"},{"divAcctId":"54580","divAmt":"9942.00","divCustId":"6666000000046231","divFreezeFg":"00"}],"mer_cust_id":"6666000000045782","order_date":"20180828","order_id":"20180828501004022001","payer_term_type":"01","trans_amt":"10000.00","user_cust_id":"6666000000046231","version":"10"}
2018-08-28 14:06:00 [main] INFO  com.huifu.saturn.cfca.CFCASignature      -userX509Cert date is valid:Wed Sep 13 12:17:05 CST 2017---Fri Sep 13 12:17:05 CST 2019
2018-08-28 14:06:00 [main] INFO  com.huifu.saturn.cfca.CFCASignature      -userX509Cert is right!
2018-08-28 14:06:00 [main] INFO  com.huifu.saturn.cfca.CFCASignature      -p7 dig alg with verification: SHA-256
2018-08-28 14:06:00 [main] INFO  com.huifu.saturn.cfca.CFCASignature      -p7 cert subject with verification:CN=051@100001@N3501040009317@1, OU=Organizational-1, OU=Local RA, O=CFCA TEST CA, C=CN
2018-08-28 14:06:00 [main] INFO  com.huifu.saturn.cfca.CFCASignature      -p7 signature: dmdP12KhY2bP9SsKmFPCORHgFmu1Ua7h0QqakuNkYj1bRrueCn5FpJSqjS1fyDSAw9emLzMlN8v1DelxDUW2sd3DFMR+uysun87DBR9FJFIADEI3BTJB1WjB1Yl9sHTO3eiYnPR5wSjcjlLPvDl7WJcN9KPp+LHvbZsrw5IQRmRF8/UJfFRw9GyID1h6gTy50Dw885PF+ZTdEX07gy4XBe1molMcYx51PtSq5LL1GWFhgk/ScZWeF8g0+g6ld44nGf4cnJOHKlUDJWgSp1Ervp60Izi+R2SM8ImwDipFCXsV++NPCc/wLeiYk7KnK7V/DPSvYib6byynQo+N3l2A7g==
2018-08-28 14:06:00 [main] INFO  com.huifu.saturn.cfca.CFCASignature      -RSA P7 attach verify OK!
2018-08-28 14:06:00 [main] INFO  .trans.service.impl.TransHFTXServiceImpl -请求参数:{"bg_ret_url":"http://test.widefinance.cn:8082/transController/hftxnotify.do","bind_card_id":"1000002600","cmd_id":"201","div_detail":[{"divAcctId":"53993","divAmt":"58.00","divCustId":"6666000000045782","divFreezeFg":"00"},{"divAcctId":"54580","divAmt":"9942.00","divCustId":"6666000000046231","divFreezeFg":"00"}],"mer_cust_id":"6666000000045782","order_date":"20180828","order_id":"20180828501004022001","payer_term_type":"01","ret_url":"http://test.widefinance.cn","sms_code":"111111","trans_amt":"10000.00","user_cust_id":"6666000000046231","version":"10"}
2018-08-28 15:09:44 [main] INFO  .trans.service.impl.TransHFTXServiceImpl -请求参数:{"bg_ret_url":"http://test.widefinance.cn:8082/transController/hftxnotify.do","bind_card_id":"1000002600","cmd_id":"112","div_detail":[{"divAcctId":"53993","divAmt":"10000.00","divCustId":"6666000000045782","divFreezeFg":"00"}],"mer_cust_id":"6666000000045782","order_date":"20180828","order_id":"20180828501004022002","payer_term_type":"01","trans_amt":"10000.00","user_cust_id":"6666000000046231","version":"10"}
2018-08-28 15:09:56 [main] INFO  com.huifu.saturn.cfca.CFCASignature      -userX509Cert date is valid:Wed Sep 13 12:17:05 CST 2017---Fri Sep 13 12:17:05 CST 2019
2018-08-28 15:09:56 [main] INFO  com.huifu.saturn.cfca.CFCASignature      -userX509Cert is right!
2018-08-28 15:09:56 [main] INFO  com.huifu.saturn.cfca.CFCASignature      -p7 dig alg with verification: SHA-256
2018-08-28 15:09:56 [main] INFO  com.huifu.saturn.cfca.CFCASignature      -p7 cert subject with verification:CN=051@100001@N3501040009317@1, OU=Organizational-1, OU=Local RA, O=CFCA TEST CA, C=CN
2018-08-28 15:09:56 [main] INFO  com.huifu.saturn.cfca.CFCASignature      -p7 signature: BRJP1JiQPyQyxT43MqR4siuHQVyKncUVdleuqbV5jaIoWmZLYV4v4RwtKPcAN8axM0thIYunzyV6ZtjFOS2aY2QrzDDRW/eVR885JPZAZrHOdxBGUxDoJAHqBm3eJWpRQpioaJdPLp0L5vKwToL5TOaiLgNL21TQQE+MQkfY7sXzaJ34Ad46zboN1nkd9gDDRp15uK6tRDQwnPGQX5Jr7PG84OOUe4nvC3fhqWlGzNBJz0FYBIGAhXZETqtdfpINgRzTWjDXBmWQ7SKqGBQba1GuWmlRLraOXqYjsZOVL3+LIQNfiyEWcJ0HJ00bbdT6FfpbJ1mmPr0FPOCkFbhU4g==
2018-08-28 15:09:56 [main] INFO  com.huifu.saturn.cfca.CFCASignature      -RSA P7 attach verify OK!
2018-08-28 15:09:56 [main] INFO  .trans.service.impl.TransHFTXServiceImpl -请求参数:{"bg_ret_url":"http://test.widefinance.cn:8082/transController/hftxnotify.do","bind_card_id":"1000002600","cmd_id":"201","div_detail":[{"divAcctId":"53993","divAmt":"10000.00","divCustId":"6666000000045782","divFreezeFg":"00"}],"mer_cust_id":"6666000000045782","order_date":"20180828","order_id":"20180828501004022002","payer_term_type":"01","ret_url":"http://test.widefinance.cn","sms_code":"111111","trans_amt":"10000.00","user_cust_id":"6666000000046231","version":"10"}
2018-08-28 21:07:56 [main] INFO  .trans.service.impl.TransHFTXServiceImpl -请求参数:{"acct_id":"54580","cmd_id":"303","mer_cust_id":"6666000000045782","user_cust_id":"6666000000046231","version":"10"}
2018-08-28 21:07:59 [main] INFO  com.huifu.saturn.cfca.CFCASignature      -userX509Cert date is valid:Wed Sep 13 12:17:05 CST 2017---Fri Sep 13 12:17:05 CST 2019
2018-08-28 21:07:59 [main] INFO  com.huifu.saturn.cfca.CFCASignature      -userX509Cert is right!
2018-08-28 21:07:59 [main] INFO  com.huifu.saturn.cfca.CFCASignature      -p7 dig alg with verification: SHA-256
2018-08-28 21:07:59 [main] INFO  com.huifu.saturn.cfca.CFCASignature      -p7 cert subject with verification:CN=051@100001@N3501040009317@1, OU=Organizational-1, OU=Local RA, O=CFCA TEST CA, C=CN
2018-08-28 21:07:59 [main] INFO  com.huifu.saturn.cfca.CFCASignature      -p7 signature: fapFgfe3jKHySypxUSbqb3NH3PqSuP83ytLvsLefC6jtc47A5sHKn7n2IBdz98kke8dROJ4bJehGiNuIM4/Ini2XGGSk6y1OxrXd+WyUR7clV9M0jVo9EMoUhyLD/sNfBwJJjHSlaSBJDJQCg113jL5zlrR6b09P5ljFzelJSLEqFjIq+p8JFpCWYGH6CfNtvnRV18GOjazvXh/er1ksL63TwyzybcEjxsSWg5Hc1ATxeKvCvBSySaTyTRO/cVn6A7ftr0E+9OxDHkDlWTy75BnrT/5q092eT1xw0kDezocWcH1A+m5dhZaVW2igGsXr+xpOQ3ILlx1f/TPmvRxdjw==
2018-08-28 21:07:59 [main] INFO  com.huifu.saturn.cfca.CFCASignature      -RSA P7 attach verify OK!
2018-08-28 21:08:33 [main] INFO  .trans.service.impl.TransHFTXServiceImpl -请求参数:{"acct_id":"53993","cmd_id":"303","mer_cust_id":"6666000000045782","user_cust_id":"6666000000045782","version":"10"}
2018-08-28 21:08:35 [main] INFO  com.huifu.saturn.cfca.CFCASignature      -userX509Cert date is valid:Wed Sep 13 12:17:05 CST 2017---Fri Sep 13 12:17:05 CST 2019
2018-08-28 21:08:35 [main] INFO  com.huifu.saturn.cfca.CFCASignature      -userX509Cert is right!
2018-08-28 21:08:35 [main] INFO  com.huifu.saturn.cfca.CFCASignature      -p7 dig alg with verification: SHA-256
2018-08-28 21:08:35 [main] INFO  com.huifu.saturn.cfca.CFCASignature      -p7 cert subject with verification:CN=051@100001@N3501040009317@1, OU=Organizational-1, OU=Local RA, O=CFCA TEST CA, C=CN
2018-08-28 21:08:35 [main] INFO  com.huifu.saturn.cfca.CFCASignature      -p7 signature: CssZqEoyWSDXO3m1OEW/9vFvqrukoUb/2mQTEDodQsyW0516W9jEa1pNdSXKmw3RdOOydOcW8djyuRkHZUIthZrb5hA/sLFql5Tpsr0C9C2N2cNGzgNze6BRt8ZDsG4H9fsY5tBcDX9aNXviO5w+ENjIhhr0P5Lf5s20SGPE35JK79K4jyeZVicy4W1XSP0Sshj/D7xw2LROcTn6GQ08MiTLZfPqagLHlL19BolgsiXVFDHRYRJ2JhQh7S/UkrHjoAVpfU6CQS1ntLb/0HKHC3qFaPcj9kmbJLLI/PlxyH5o6Z7RRz1XnJVsgMziUur283kXGqY/BuBwkExFRAjwdQ==
2018-08-28 21:08:35 [main] INFO  com.huifu.saturn.cfca.CFCASignature      -RSA P7 attach verify OK!
