2019-08-08 18:44:08 [main] INFO  UMF                                      -[UMF SDK] 使用Log4j进行日志输出
2019-08-08 18:44:08 [main] INFO  UMF                                      -[UMF SDK] 商户请求数据必填字段校验通过
2019-08-08 18:44:08 [main] INFO  UMF                                      -[UMF SDK] 商户请求校验规则正确
2019-08-08 18:44:08 [main] INFO  UMF                                      -[UMF SDK] 商户请求最终数据封装对象为：url=http://pay.soopay.net/spay/pay/payservice.do,field={sign=S6s5cywPA/q/40M4wTStUFzuS6VVYROlu8XBsX8pUhHg9e1eQrIs7+O6Fa5u0WEGDTfEr5ZzpEsSzNEXT79QmFFcqAx9SuZVDXKBeCqfSKnyoAWvRXux4zaA0CNjmVSk23VFswpuXVq+1wIOldI2+EokCxzTa1lbxooxjp0EKeY=, amount=189000, amt_type=RMB, mer_date=20190808, mer_id=52510, sign_type=RSA, notify_url=test.widefinance.cn/transController/ldnotify, service=pay_req_shortcut, charset=UTF-8, order_id=20190808184408452100, res_format=HTML, version=4.0}plain=amount=189000&amt_type=RMB&charset=UTF-8&mer_date=20190808&mer_id=52510&notify_url=test.widefinance.cn%2FtransController%2Fldnotify&order_id=20190808184408452100&res_format=HTML&service=pay_req_shortcut&sign_type=RSA&version=4.0sign=S6s5cywPA/q/40M4wTStUFzuS6VVYROlu8XBsX8pUhHg9e1eQrIs7+O6Fa5u0WEGDTfEr5ZzpEsSzNEXT79QmFFcqAx9SuZVDXKBeCqfSKnyoAWvRXux4zaA0CNjmVSk23VFswpuXVq+1wIOldI2+EokCxzTa1lbxooxjp0EKeY=
2019-08-08 18:44:08 [main] INFO  UMF                                      -连接超时时长为：60000
2019-08-08 18:44:10 [main] INFO  UMF                                      -==============执行post方法结束==============
2019-08-08 18:44:10 [main] INFO  UMF                                      -==============获得HttpEntity结束==============
2019-08-08 18:44:10 [main] INFO  UMF                                      -==============获得输入流结束==============
2019-08-08 18:44:10 [main] INFO  UMF                                      -[UMF SDK] 通讯成功，请求地址返回状态码为：【200】
2019-08-08 18:44:10 [main] INFO  UMF                                      -[UMF SDK] content=mer_id=52510&ret_code=0000&ret_msg=操作成功&sign_type=RSA&trade_no=3908081844944444&trade_state=WAIT_BUYER_PAY&version=4.0&sign=Sjvq3lEAILk2Z9G4gVTMvAMilj5bLhuY/5EqCaU6JBwycw2UMZDZWjbl2oorS1JlcAX/qWv7OxqxrBUCbLB7NcB2UsfR6O027nNXmsKwAi2HExU6cgPaFnh9ZH5lS1XRWjmqa5R6vQgcZlEc2xuEmzXVkf2fH8jO3G7u0z1UC7E=
2019-08-08 18:44:10 [main] INFO  UMF                                      -[UMF SDK] 获取联动公钥证书成功!
2019-08-08 18:44:10 [main] INFO  UMF                                      -[UMF SDK] 验证平台签名是否成功------>true
2019-08-08 18:44:10 [main] INFO  UMF                                      -[UMF SDK] 商户请求联动平台返回最终数据为:{trade_no=3908081844944444, ret_code=0000, mer_id=52510, trade_state=WAIT_BUYER_PAY, ret_msg=操作成功}
2019-08-08 18:44:55 [main] INFO  UMF                                      -[UMF SDK] 使用Log4j进行日志输出
2019-08-08 18:44:55 [main] INFO  UMF                                      -[UMF SDK] 商户请求数据必填字段校验通过
2019-08-08 18:44:55 [main] INFO  UMF                                      -[UMF SDK] 商户请求校验规则正确
2019-08-08 18:44:55 [main] INFO  UMF                                      -[UMF SDK] 商户请求最终数据封装对象为：url=http://pay.soopay.net/spay/pay/payservice.do,field={sign=UtLMtSsXUcLHE1mPhkmkyFRYaKCIrZE+ChJP4mktdMzZP3M6hbVC4sjaI13T9BHbDVDHWNkkT0lVODw71QvIzAC43DzlU2baicfUzND0Q6bLM5h1vjdLfKOGA5xizumPA18/alsALSq7+VFRc4dyqSYJA6xrQ+wXztskC55elqk=, trade_no=3908081844944444, usr_pay_agreement_id=P2019080717282700000000043908558, mer_id=52510, sign_type=RSA, service=agreement_pay_confirm_shortcut, charset=UTF-8, mer_cust_id=133023198111280213, res_format=HTML, version=4.0}plain=charset=UTF-8&mer_cust_id=133023198111280213&mer_id=52510&res_format=HTML&service=agreement_pay_confirm_shortcut&sign_type=RSA&trade_no=3908081844944444&usr_pay_agreement_id=P2019080717282700000000043908558&version=4.0sign=UtLMtSsXUcLHE1mPhkmkyFRYaKCIrZE+ChJP4mktdMzZP3M6hbVC4sjaI13T9BHbDVDHWNkkT0lVODw71QvIzAC43DzlU2baicfUzND0Q6bLM5h1vjdLfKOGA5xizumPA18/alsALSq7+VFRc4dyqSYJA6xrQ+wXztskC55elqk=
2019-08-08 18:44:55 [main] INFO  UMF                                      -连接超时时长为：60000
2019-08-08 18:44:57 [main] INFO  UMF                                      -==============执行post方法结束==============
2019-08-08 18:44:57 [main] INFO  UMF                                      -==============获得HttpEntity结束==============
2019-08-08 18:44:57 [main] INFO  UMF                                      -==============获得输入流结束==============
2019-08-08 18:44:57 [main] INFO  UMF                                      -[UMF SDK] 通讯成功，请求地址返回状态码为：【200】
2019-08-08 18:44:57 [main] INFO  UMF                                      -[UMF SDK] content=amount=189000&amt_type=RMB&mer_date=20190808&mer_id=52510&order_id=20190808184408452100&pay_date=20190808&ret_code=00253035&ret_msg=您的手机号在该商户1天内累计交易金额超限,错误码00253035,PSP184457ddbc127&settle_date=20190808&sign_type=RSA&trade_state=TRADE_FAIL&version=4.0&sign=kEwuax0TybwLG/xE+Lxly7+hIYvev2PNpLXbaiWgwuTtuhnFBkU2Vjeved0rPoRSSquQ7fhtM86JEhrBYgz3aUQBK1pUOc5WhlRvn7lEEdQrdP4saxl6SlEJ1xLA6WGxqM9teRAgZw/paPNO7yFGfqTRUfmqoxFWmtBN+L9zE1c=
2019-08-08 18:44:57 [main] INFO  UMF                                      -[UMF SDK] 获取联动公钥证书成功!
2019-08-08 18:44:57 [main] INFO  UMF                                      -[UMF SDK] 验证平台签名是否成功------>true
2019-08-08 18:44:57 [main] INFO  UMF                                      -[UMF SDK] 商户请求联动平台返回最终数据为:{mer_date=20190808, trade_state=TRADE_FAIL, ret_msg=您的手机号在该商户1天内累计交易金额超限,错误码00253035,PSP184457ddbc127, settle_date=20190808, order_id=20190808184408452100, amt_type=RMB, amount=189000, ret_code=00253035, mer_id=52510, pay_date=20190808}
2019-08-08 18:53:41 [main] INFO  UMF                                      -[UMF SDK] 使用Log4j进行日志输出
2019-08-08 18:53:41 [main] INFO  UMF                                      -[UMF SDK] 商户请求数据必填字段校验通过
2019-08-08 18:53:41 [main] INFO  UMF                                      -[UMF SDK] 商户请求校验规则正确
2019-08-08 18:53:41 [main] INFO  UMF                                      -[UMF SDK] 商户请求最终数据封装对象为：url=http://pay.soopay.net/spay/pay/payservice.do,field={sign=a5Km2KYVX32Zb/E6GX0PJxQMEkuMeqhUiF7x+rpJw4T2CuVdH65Wv0++2zHhnBygMdVvAeVxXxNvQhmkJDSRypY0EQY9C5Je9I00E+ClbI6nF0aN6QolKF5KPwYTRPhsCmfYOkp17l7dEyaKEitrzlOvWAK6PsGuKecQUo6q6yg=, mer_date=20190808, mer_id=52510, sign_type=RSA, service=mer_order_info_query, charset=UTF-8, order_id=20190808184408452100, res_format=HTML, version=4.0}plain=charset=UTF-8&mer_date=20190808&mer_id=52510&order_id=20190808184408452100&res_format=HTML&service=mer_order_info_query&sign_type=RSA&version=4.0sign=a5Km2KYVX32Zb/E6GX0PJxQMEkuMeqhUiF7x+rpJw4T2CuVdH65Wv0++2zHhnBygMdVvAeVxXxNvQhmkJDSRypY0EQY9C5Je9I00E+ClbI6nF0aN6QolKF5KPwYTRPhsCmfYOkp17l7dEyaKEitrzlOvWAK6PsGuKecQUo6q6yg=
2019-08-08 18:53:41 [main] INFO  UMF                                      -连接超时时长为：60000
2019-08-08 18:53:42 [main] INFO  UMF                                      -==============执行post方法结束==============
2019-08-08 18:53:42 [main] INFO  UMF                                      -==============获得HttpEntity结束==============
2019-08-08 18:53:42 [main] INFO  UMF                                      -==============获得输入流结束==============
2019-08-08 18:53:42 [main] INFO  UMF                                      -[UMF SDK] 通讯成功，请求地址返回状态码为：【200】
2019-08-08 18:53:42 [main] INFO  UMF                                      -[UMF SDK] content=amount=189000&amt_type=RMB&gate_id=CEB&media_id=18033797586&media_type=MOBILE&mer_date=20190808&mer_id=52510&order_id=20190808184408452100&orig_retcode=00253035&orig_retmsg=您的手机号在该商户1天内累计交易金额超限,错误码00253035,PSP1853437ae2a7d&pay_date=&pay_type=DEBITCARD&product_id=P10M0003&refund_amt=0&ret_code=0000&ret_msg=操作成功&settle_date=&sign_type=RSA&trade_no=3908081844944444&trade_state=TRADE_FAIL&version=4.0&sign=izeXKrtFOVd2/VSmXTcy4tycK9FZSevOxDTek2Hahn08K002YR906m/IlwGnmA+2it7Q2Vt2FoAOxxNkwf7vIBVZ7yOQAlNTc4Ezp+mOShB8eGGUuJycB48l2fUpRJX52DBQRv0OnGOd8E+EC+yoSmLqI80sri70gNaW1HsojDw=
2019-08-08 18:53:42 [main] INFO  UMF                                      -[UMF SDK] 获取联动公钥证书成功!
2019-08-08 18:53:42 [main] INFO  UMF                                      -[UMF SDK] 验证平台签名是否成功------>true
2019-08-08 18:53:42 [main] INFO  UMF                                      -[UMF SDK] 商户请求联动平台返回最终数据为:{trade_no=3908081844944444, media_type=MOBILE, mer_date=20190808, product_id=P10M0003, trade_state=TRADE_FAIL, media_id=18033797586, ret_msg=操作成功, orig_retcode=00253035, settle_date=, order_id=20190808184408452100, amt_type=RMB, amount=189000, refund_amt=0, orig_retmsg=您的手机号在该商户1天内累计交易金额超限,错误码00253035,PSP1853437ae2a7d, ret_code=0000, gate_id=CEB, pay_type=DEBITCARD, mer_id=52510, pay_date=}
