2019-08-02 14:01:33 [main] INFO  UMF                                      -[UMF SDK] 使用Log4j进行日志输出
2019-08-02 14:01:33 [main] INFO  UMF                                      -[UMF SDK] 商户请求数据必填字段校验通过
2019-08-02 14:01:33 [main] INFO  UMF                                      -[UMF SDK] 商户请求校验规则正确
2019-08-02 14:01:33 [main] INFO  UMF                                      -[UMF SDK] 商户请求最终数据封装对象为：url=http://pay.soopay.net/spay/pay/payservice.do,field={identity_code=GFNDDoWKDc7ixU+VEbKhqGb2WHx95a10JYTpo152zmC/+izTm+ua76ayXDMZ7xXRhIcHiXIM/W8/5anU9FBHwMmT/6CHY0KKQJd2M8pe5y5hZ4XiD6Ace6LGXhSm2ajUAUOy+qMVJoxRZnnpn/QTlC/JAeuaC+COVuK4hJ2Iqzw=, media_type=MOBILE, sign_type=RSA, media_id=18633669106, charset=UTF-8, card_holder=kR5MlBwiMQcrvfBlEj6mFUJ9/iUWDWrNIxgUm291JzDjSHNLFGRO4FzqBjxVnggwdkESsb1zCgTXLr/DPTSiQzGEm91hrfZFY3TaQWsEjXH6ldEbuR5slcc4sMfD8k7cl86rhD6E3Ay4SdixndUwFvuq5g8Jl+1wf0crosnd7IU=, card_id=Ylr9KphA5JnfHAUqspyi/2mRkewHgtFdNxtJMvnLIHsgrH8YKZcuWnvgXX6/XkTImRQ3Jm8qJlRwyCtO8+b6QwYJTVXQbIXP+ZQ/A1T21FSWfx4JLkK/uz2bfew2uvnzRAXw3hg4DuNdKhkQb84lg7QDN7dSr+OJFP1VDBgQsZQ=, version=4.0, sign=Ww8b/HsLvu4DkrwxDBcl198oTFN9oksEsClWMm+eCY7KMa1kKjbNp1+VQbIY2FChRgNFES5+1y1y8VKg8ndsJdjIfyk9MsGO3YsmzR1jW36zvldLDzldlQObFuqWC5STAn2A3wVOK0mNcPlxfIs83H2UiQkggcoWj0vneWkDzTk=, mer_id=52510, identity_type=1, service=apply_sms_bind_shortcut, mer_cust_id=130426199004132330, res_format=HTML}plain=card_holder=kR5MlBwiMQcrvfBlEj6mFUJ9%2FiUWDWrNIxgUm291JzDjSHNLFGRO4FzqBjxVnggwdkESsb1zCgTXLr%2FDPTSiQzGEm91hrfZFY3TaQWsEjXH6ldEbuR5slcc4sMfD8k7cl86rhD6E3Ay4SdixndUwFvuq5g8Jl%2B1wf0crosnd7IU%3D&card_id=Ylr9KphA5JnfHAUqspyi%2F2mRkewHgtFdNxtJMvnLIHsgrH8YKZcuWnvgXX6%2FXkTImRQ3Jm8qJlRwyCtO8%2Bb6QwYJTVXQbIXP%2BZQ%2FA1T21FSWfx4JLkK%2Fuz2bfew2uvnzRAXw3hg4DuNdKhkQb84lg7QDN7dSr%2BOJFP1VDBgQsZQ%3D&charset=UTF-8&identity_code=GFNDDoWKDc7ixU%2BVEbKhqGb2WHx95a10JYTpo152zmC%2F%2BizTm%2Bua76ayXDMZ7xXRhIcHiXIM%2FW8%2F5anU9FBHwMmT%2F6CHY0KKQJd2M8pe5y5hZ4XiD6Ace6LGXhSm2ajUAUOy%2BqMVJoxRZnnpn%2FQTlC%2FJAeuaC%2BCOVuK4hJ2Iqzw%3D&identity_type=1&media_id=18633669106&media_type=MOBILE&mer_cust_id=130426199004132330&mer_id=52510&res_format=HTML&service=apply_sms_bind_shortcut&sign_type=RSA&version=4.0sign=Ww8b/HsLvu4DkrwxDBcl198oTFN9oksEsClWMm+eCY7KMa1kKjbNp1+VQbIY2FChRgNFES5+1y1y8VKg8ndsJdjIfyk9MsGO3YsmzR1jW36zvldLDzldlQObFuqWC5STAn2A3wVOK0mNcPlxfIs83H2UiQkggcoWj0vneWkDzTk=
2019-08-02 14:01:33 [main] INFO  UMF                                      -连接超时时长为：60000
2019-08-02 14:01:36 [main] INFO  UMF                                      -==============执行post方法结束==============
2019-08-02 14:01:36 [main] INFO  UMF                                      -==============获得HttpEntity结束==============
2019-08-02 14:01:36 [main] INFO  UMF                                      -==============获得输入流结束==============
2019-08-02 14:01:36 [main] INFO  UMF                                      -[UMF SDK] 通讯成功，请求地址返回状态码为：【200】
2019-08-02 14:01:36 [main] INFO  UMF                                      -[UMF SDK] content=mer_id=52510&ret_code=00202005&ret_msg=银行卡号输入有误,错误码00060305,PSP140135fff5652&sign_type=RSA&version=4.0&sign=QlvMYV2vQyByawkK2O7bYsPkgG285NlDz22diXbPeBCprk9aZWuuG8hY8Qhvv8u1wYl7UK/GLX3s4qqGgYR9kXHABFg4ppoa18nrTQv2ssfqbv9ZJC/W4EGT4eZw2fQo52EKffy+SZywgOwixW6OnTTS+UMGOX3CelGa1CMxMbA=
2019-08-02 14:01:36 [main] INFO  UMF                                      -[UMF SDK] 获取联动公钥证书成功!
2019-08-02 14:01:36 [main] INFO  UMF                                      -[UMF SDK] 验证平台签名是否成功------>true
2019-08-02 14:01:36 [main] INFO  UMF                                      -[UMF SDK] 商户请求联动平台返回最终数据为:{ret_code=00202005, mer_id=52510, ret_msg=银行卡号输入有误,错误码00060305,PSP140135fff5652}
2019-08-02 14:02:09 [main] INFO  UMF                                      -[UMF SDK] 使用Log4j进行日志输出
2019-08-02 14:02:09 [main] INFO  UMF                                      -[UMF SDK] 商户请求数据必填字段校验通过
2019-08-02 14:02:10 [main] INFO  UMF                                      -[UMF SDK] 商户请求校验规则正确
2019-08-02 14:02:10 [main] INFO  UMF                                      -[UMF SDK] 商户请求最终数据封装对象为：url=http://pay.soopay.net/spay/pay/payservice.do,field={identity_code=AZcCmZ4wi6eKWfrm4IH7694xtWM9/DXfX4Ohc81oJGFvAWEfrM2h0Qnxg+1SEDkjw+7+T60a6hRKYUihsb1JkLyoBXjAsHaLhPYTX3ChDXqZnv/5P6SHLyAYIx52eOxtq5ghO7ruETz6puMTmErysloSJMBRIsjoKR1tfPhVbNc=, media_type=MOBILE, sign_type=RSA, media_id=18633669106, charset=UTF-8, card_holder=xOlymEIbi+WYGvj2g8rU1Fa+rUxYsu8khjhYcvfhvBc7sHTKJzxXgNEMQrhbo0hl0CRYN1u9+5ODKqtZkTd0n5+J36JStyFvGsNoksj/3dC1lgW9FHye0D0Pw61AYdKjjof62jvBrSYdBS2QIroIvRIAI9HWDfaWGepQ+nfp1NQ=, card_id=YnzsMDzIp2Kt0FfQJ8cpEGwOHAsVK3tXYilXPmZu1WrrpZAauDzLNDAykP7+LB1egoBwJeESRajQrxiS+5hLsBXAyyBYl9gBQs8x/s1TCZP8rHXpTr8nFxsU9IC/F4Ui2heFg0eOKwyD326y4QxJ/9+WZenYv7bziyLGMoMXvkM=, version=4.0, sign=Qns5rpldtjDzxzXB8C921p52klJik/F4j9APPL/GbG5o8BaHbdPj/r9nMg5+MwgrQPckS6r6vMvcQqtYq19YHpgmjWcOwP9s8MVyb3XN6G2ANtdhTc/RYmSUrpXSMFr38GAkK3STNFSAhhZz/hwr4+iuRJtsbi5wTMe/blv2WL8=, mer_id=52510, identity_type=1, service=apply_sms_bind_shortcut, mer_cust_id=130426199004132330, res_format=HTML}plain=card_holder=xOlymEIbi%2BWYGvj2g8rU1Fa%2BrUxYsu8khjhYcvfhvBc7sHTKJzxXgNEMQrhbo0hl0CRYN1u9%2B5ODKqtZkTd0n5%2BJ36JStyFvGsNoksj%2F3dC1lgW9FHye0D0Pw61AYdKjjof62jvBrSYdBS2QIroIvRIAI9HWDfaWGepQ%2Bnfp1NQ%3D&card_id=YnzsMDzIp2Kt0FfQJ8cpEGwOHAsVK3tXYilXPmZu1WrrpZAauDzLNDAykP7%2BLB1egoBwJeESRajQrxiS%2B5hLsBXAyyBYl9gBQs8x%2Fs1TCZP8rHXpTr8nFxsU9IC%2FF4Ui2heFg0eOKwyD326y4QxJ%2F9%2BWZenYv7bziyLGMoMXvkM%3D&charset=UTF-8&identity_code=AZcCmZ4wi6eKWfrm4IH7694xtWM9%2FDXfX4Ohc81oJGFvAWEfrM2h0Qnxg%2B1SEDkjw%2B7%2BT60a6hRKYUihsb1JkLyoBXjAsHaLhPYTX3ChDXqZnv%2F5P6SHLyAYIx52eOxtq5ghO7ruETz6puMTmErysloSJMBRIsjoKR1tfPhVbNc%3D&identity_type=1&media_id=18633669106&media_type=MOBILE&mer_cust_id=130426199004132330&mer_id=52510&res_format=HTML&service=apply_sms_bind_shortcut&sign_type=RSA&version=4.0sign=Qns5rpldtjDzxzXB8C921p52klJik/F4j9APPL/GbG5o8BaHbdPj/r9nMg5+MwgrQPckS6r6vMvcQqtYq19YHpgmjWcOwP9s8MVyb3XN6G2ANtdhTc/RYmSUrpXSMFr38GAkK3STNFSAhhZz/hwr4+iuRJtsbi5wTMe/blv2WL8=
2019-08-02 14:02:10 [main] INFO  UMF                                      -连接超时时长为：60000
2019-08-02 14:02:11 [main] INFO  UMF                                      -==============执行post方法结束==============
2019-08-02 14:02:11 [main] INFO  UMF                                      -==============获得HttpEntity结束==============
2019-08-02 14:02:11 [main] INFO  UMF                                      -==============获得输入流结束==============
2019-08-02 14:02:11 [main] INFO  UMF                                      -[UMF SDK] 通讯成功，请求地址返回状态码为：【200】
2019-08-02 14:02:11 [main] INFO  UMF                                      -[UMF SDK] content=bind_id=1908021402111727&mer_id=52510&ret_code=0000&ret_msg=交易成功。&sign_type=RSA&version=4.0&sign=BrPpmoFbsm7LimNPA49Z7e/UJWQ6cAdMdHDbhXcVmAL707caShPTQwClKCY4EPz5jRx5coRnr7ZuXWpnYYZ0ECDFczNWkjmfdzJA6J/lrHh60LT0Ts2MCsLe9hs06D1chNlx8zPzOHXVYm5AopR2SFragUzTIEamD7rRSotLHus=
2019-08-02 14:02:11 [main] INFO  UMF                                      -[UMF SDK] 获取联动公钥证书成功!
2019-08-02 14:02:11 [main] INFO  UMF                                      -[UMF SDK] 验证平台签名是否成功------>true
2019-08-02 14:02:11 [main] INFO  UMF                                      -[UMF SDK] 商户请求联动平台返回最终数据为:{ret_code=0000, bind_id=1908021402111727, mer_id=52510, ret_msg=交易成功。}
2019-08-02 14:05:01 [main] INFO  UMF                                      -[UMF SDK] 使用Log4j进行日志输出
2019-08-02 14:05:02 [main] INFO  UMF                                      -[UMF SDK] 商户请求数据必填字段校验通过
2019-08-02 14:05:02 [main] INFO  UMF                                      -[UMF SDK] 商户请求校验规则正确
2019-08-02 14:05:02 [main] INFO  UMF                                      -[UMF SDK] 商户请求最终数据封装对象为：url=http://pay.soopay.net/spay/pay/payservice.do,field={identity_code=G7xtatXIaSCMb35W6B1Bwe9bKn8AlzMqZwzVvWroiJQRgRhYFsWaFavgjeBRqLOaYYP/ru9PEwogKlCT9UW9mN6YTD2apftzAjuLObwunef6+eb334m+keXWOLn/3qTtIzwQsFC0qjQcXokBvH62J6PZTbWPYwJFnhe32hmnsDY=, media_type=MOBILE, sign_type=RSA, media_id=18633669106, charset=UTF-8, card_holder=qLNJd3eICYM3Sym2M9sfKhdYBLG/3t/S2DsDqPEa9omcXEOSs26Waa/P8o0KaTN2zn5oZLwajYLOSHpuzZDgx/nb5yz7LzJ+U4d0D/ijsyRwA/wcaUEyccmTDsYDvsf2LczA3S2ndn/HkyJnTSUK0IxxymG4u6zmmNLTSDWxSas=, card_id=uXID33QagTFolUgGibsrG5MTur/EXLs3GcbBMF0HI5tS5vk3UhEl/YMllG34/uR8psY1UpUv1j/tzGob5wZngBUoEsH63b3ldL/L52RPGatgA4PwY1N4d6svEuW+HbAzOnscov0SQgqGXPek9XOgBZvykjgqAFvzVEykrxhP1qA=, version=4.0, sign=ZiBuAW0qSqONKAkQMqHAg8NfGScDFQPDUnX48YWh2eSoR1Osp34l/jnIWU82rz4Ww3Q/Azx3OES8R96pvNFeUqNhYGfq/8jI1tMUO9kaLMNlUG3ya16pRHcw5mWuT5i+0iaRzhuhjH4+jdl5CQQnPYBQiOllqgIMyYfr1B8zoH4=, mer_id=52510, identity_type=1, service=apply_sms_bind_shortcut, mer_cust_id=130426199004132330, res_format=HTML}plain=card_holder=qLNJd3eICYM3Sym2M9sfKhdYBLG%2F3t%2FS2DsDqPEa9omcXEOSs26Waa%2FP8o0KaTN2zn5oZLwajYLOSHpuzZDgx%2Fnb5yz7LzJ%2BU4d0D%2FijsyRwA%2FwcaUEyccmTDsYDvsf2LczA3S2ndn%2FHkyJnTSUK0IxxymG4u6zmmNLTSDWxSas%3D&card_id=uXID33QagTFolUgGibsrG5MTur%2FEXLs3GcbBMF0HI5tS5vk3UhEl%2FYMllG34%2FuR8psY1UpUv1j%2FtzGob5wZngBUoEsH63b3ldL%2FL52RPGatgA4PwY1N4d6svEuW%2BHbAzOnscov0SQgqGXPek9XOgBZvykjgqAFvzVEykrxhP1qA%3D&charset=UTF-8&identity_code=G7xtatXIaSCMb35W6B1Bwe9bKn8AlzMqZwzVvWroiJQRgRhYFsWaFavgjeBRqLOaYYP%2Fru9PEwogKlCT9UW9mN6YTD2apftzAjuLObwunef6%2Beb334m%2BkeXWOLn%2F3qTtIzwQsFC0qjQcXokBvH62J6PZTbWPYwJFnhe32hmnsDY%3D&identity_type=1&media_id=18633669106&media_type=MOBILE&mer_cust_id=130426199004132330&mer_id=52510&res_format=HTML&service=apply_sms_bind_shortcut&sign_type=RSA&version=4.0sign=ZiBuAW0qSqONKAkQMqHAg8NfGScDFQPDUnX48YWh2eSoR1Osp34l/jnIWU82rz4Ww3Q/Azx3OES8R96pvNFeUqNhYGfq/8jI1tMUO9kaLMNlUG3ya16pRHcw5mWuT5i+0iaRzhuhjH4+jdl5CQQnPYBQiOllqgIMyYfr1B8zoH4=
2019-08-02 14:05:02 [main] INFO  UMF                                      -连接超时时长为：60000
2019-08-02 14:05:03 [main] INFO  UMF                                      -==============执行post方法结束==============
2019-08-02 14:05:03 [main] INFO  UMF                                      -==============获得HttpEntity结束==============
2019-08-02 14:05:03 [main] INFO  UMF                                      -==============获得输入流结束==============
2019-08-02 14:05:03 [main] INFO  UMF                                      -[UMF SDK] 通讯成功，请求地址返回状态码为：【200】
2019-08-02 14:05:03 [main] INFO  UMF                                      -[UMF SDK] content=bind_id=1908021405031736&mer_id=52510&ret_code=0000&ret_msg=交易成功。&sign_type=RSA&version=4.0&sign=sTb7akhzTvqYhwVmfDBb/OLvAkVK0K1w1GCqaha0coBvEu+8te1DQIEe1J58yZCpmpFe0+V5Ovj0rVNoOIjWcJT3HcEqT7sLyYwn3Yft60Kvet5XKqBc7gXZxHjqdjZgiwmXnFA4ARaH5Dz+1ihpcIZZ35Bq1lFpOxIoydgmfFk=
2019-08-02 14:05:03 [main] INFO  UMF                                      -[UMF SDK] 获取联动公钥证书成功!
2019-08-02 14:05:03 [main] INFO  UMF                                      -[UMF SDK] 验证平台签名是否成功------>true
2019-08-02 14:05:03 [main] INFO  UMF                                      -[UMF SDK] 商户请求联动平台返回最终数据为:{ret_code=0000, bind_id=1908021405031736, mer_id=52510, ret_msg=交易成功。}
2019-08-02 14:06:42 [main] INFO  UMF                                      -[UMF SDK] 使用Log4j进行日志输出
2019-08-02 14:06:42 [main] INFO  UMF                                      -[UMF SDK] 商户请求数据必填字段校验通过
2019-08-02 14:06:42 [main] INFO  UMF                                      -[UMF SDK] 商户请求校验规则正确
2019-08-02 14:06:42 [main] INFO  UMF                                      -[UMF SDK] 商户请求最终数据封装对象为：url=http://pay.soopay.net/spay/pay/payservice.do,field={sign=JK31IOS2B/C0pKQppCpyf3Ew60XM0HUZ7Jd1/ht3FGFxmlWzrJycCfIphfZoTTNDgxi7RotN3Ge1+iljhfbSqAQvi0inmdy6hb0BrIod9YlIGvIWYcb/DnEUbZ4DOL5BOjnJ7uemp80xV/r38GNOPXUnwVCtIgw9HAB0WLnf5XQ=, bind_id=1908021405031736, mer_id=52510, sign_type=RSA, service=confirm_bind_shortcut, charset=UTF-8, res_format=HTML, verify_code=328865, version=4.0}plain=bind_id=1908021405031736&charset=UTF-8&mer_id=52510&res_format=HTML&service=confirm_bind_shortcut&sign_type=RSA&verify_code=328865&version=4.0sign=JK31IOS2B/C0pKQppCpyf3Ew60XM0HUZ7Jd1/ht3FGFxmlWzrJycCfIphfZoTTNDgxi7RotN3Ge1+iljhfbSqAQvi0inmdy6hb0BrIod9YlIGvIWYcb/DnEUbZ4DOL5BOjnJ7uemp80xV/r38GNOPXUnwVCtIgw9HAB0WLnf5XQ=
2019-08-02 14:06:42 [main] INFO  UMF                                      -连接超时时长为：60000
2019-08-02 14:06:44 [main] INFO  UMF                                      -==============执行post方法结束==============
2019-08-02 14:06:44 [main] INFO  UMF                                      -==============获得HttpEntity结束==============
2019-08-02 14:06:44 [main] INFO  UMF                                      -==============获得输入流结束==============
2019-08-02 14:06:44 [main] INFO  UMF                                      -[UMF SDK] 通讯成功，请求地址返回状态码为：【200】
2019-08-02 14:06:44 [main] INFO  UMF                                      -[UMF SDK] content=mer_id=52510&ret_code=0000&ret_msg=交易成功。&sign_type=RSA&usr_busi_agreement_id=UB201908021406440000000035036144&usr_pay_agreement_id=P2019080214064400000000043827802&version=4.0&sign=ZMlgfiKwfxsQLM70o09XmUT8lHnoptuC8LdFIvvX8tyrjrqTvtCaOzaiWdso0HSjIOLbNKMv1drm02XIbIbiy+AQtlFt0r4VNkW1OPnexcRhEwA+t+iDm5a8HGgTP4wIaaj7wae3w85+oTsbmJiI7Y91Nm794lR3d+AICTRk+mI=
2019-08-02 14:06:44 [main] INFO  UMF                                      -[UMF SDK] 获取联动公钥证书成功!
2019-08-02 14:06:44 [main] INFO  UMF                                      -[UMF SDK] 验证平台签名是否成功------>true
2019-08-02 14:06:44 [main] INFO  UMF                                      -[UMF SDK] 商户请求联动平台返回最终数据为:{ret_code=0000, usr_pay_agreement_id=P2019080214064400000000043827802, mer_id=52510, ret_msg=交易成功。, usr_busi_agreement_id=UB201908021406440000000035036144}
2019-08-02 14:12:10 [main] INFO  UMF                                      -[UMF SDK] 使用Log4j进行日志输出
2019-08-02 14:12:10 [main] INFO  UMF                                      -[UMF SDK] 商户请求数据必填字段校验通过
2019-08-02 14:12:10 [main] INFO  UMF                                      -[UMF SDK] 商户请求校验规则正确
2019-08-02 14:12:10 [main] INFO  UMF                                      -[UMF SDK] 商户请求最终数据封装对象为：url=http://pay.soopay.net/spay/pay/payservice.do,field={sign=PexUP9e7qoOfPLvSKI2cdHshNH3TbQHwYVkPFtxE4OEehqfM1MHFgMpaXO8hdFTbgSp0g9uF7U6iY+e+jxdWOi9L+WjcIsrCuf0CHo3nGXWaKhfZqhJ8XZIuWHwrIFru4LzJx5xp7WrUTTEu8S7752EOcbecAYK53hI8DELbeE8=, amount=1, amt_type=RMB, mer_date=20190802, mer_id=52510, sign_type=RSA, notify_url=test.widefinance.cn/transController/ldnotify, service=pay_req_shortcut, charset=UTF-8, order_id=20190802141210794100, res_format=HTML, version=4.0}plain=amount=1&amt_type=RMB&charset=UTF-8&mer_date=20190802&mer_id=52510&notify_url=test.widefinance.cn%2FtransController%2Fldnotify&order_id=20190802141210794100&res_format=HTML&service=pay_req_shortcut&sign_type=RSA&version=4.0sign=PexUP9e7qoOfPLvSKI2cdHshNH3TbQHwYVkPFtxE4OEehqfM1MHFgMpaXO8hdFTbgSp0g9uF7U6iY+e+jxdWOi9L+WjcIsrCuf0CHo3nGXWaKhfZqhJ8XZIuWHwrIFru4LzJx5xp7WrUTTEu8S7752EOcbecAYK53hI8DELbeE8=
2019-08-02 14:12:10 [main] INFO  UMF                                      -连接超时时长为：60000
2019-08-02 14:12:11 [main] INFO  UMF                                      -==============执行post方法结束==============
2019-08-02 14:12:11 [main] INFO  UMF                                      -==============获得HttpEntity结束==============
2019-08-02 14:12:11 [main] INFO  UMF                                      -==============获得输入流结束==============
2019-08-02 14:12:11 [main] INFO  UMF                                      -[UMF SDK] 通讯成功，请求地址返回状态码为：【200】
2019-08-02 14:12:11 [main] INFO  UMF                                      -[UMF SDK] content=mer_id=52510&ret_code=0000&ret_msg=操作成功&sign_type=RSA&trade_no=3908021412341135&trade_state=WAIT_BUYER_PAY&version=4.0&sign=AUgnwiGiPW6a80/sp/HbcEckGVT7aZbR7YLdqp9gs4NZV+0oI/nNE0614dogplPmFC/zylnjOXUuFbBI2cAI5VPw9ZS4pRCo0Q+3BaNAM7anRVHeMVNK412497zDjflrcc3H7LqYshXc7t24HydRz+FZry/5GKYUgiJzyy8x3Vk=
2019-08-02 14:12:11 [main] INFO  UMF                                      -[UMF SDK] 获取联动公钥证书成功!
2019-08-02 14:12:11 [main] INFO  UMF                                      -[UMF SDK] 验证平台签名是否成功------>true
2019-08-02 14:12:11 [main] INFO  UMF                                      -[UMF SDK] 商户请求联动平台返回最终数据为:{trade_no=3908021412341135, ret_code=0000, mer_id=52510, trade_state=WAIT_BUYER_PAY, ret_msg=操作成功}
2019-08-02 14:25:53 [main] INFO  UMF                                      -[UMF SDK] 使用Log4j进行日志输出
2019-08-02 14:25:53 [main] INFO  UMF                                      -[UMF SDK] 商户请求数据必填字段校验通过
2019-08-02 14:25:53 [main] INFO  UMF                                      -[UMF SDK] 商户请求校验规则正确
2019-08-02 14:25:53 [main] INFO  UMF                                      -[UMF SDK] 商户请求最终数据封装对象为：url=http://pay.soopay.net/spay/pay/payservice.do,field={sign=cSBvdJVJk0g8A9wcavJfHyKV5j8+L37e/3XvxUlbF33pGO5bTOo2D/wBkIU9BmeAEC2swZuo8sZEbnKAn80OOu53sYndL2r4nxEjf0nh1jN1qa1bxmnYS7P8py/yjhoeOf34UGAevMHoIbstXg2VzeIEHC4fEqZdlrK/Y67wbSc=, trade_no=3908021412341135, usr_pay_agreement_id=P2019080214064400000000043827802, mer_id=52510, sign_type=RSA, service=agreement_pay_confirm_shortcut, charset=UTF-8, res_format=HTML, version=4.0}plain=charset=UTF-8&mer_id=52510&res_format=HTML&service=agreement_pay_confirm_shortcut&sign_type=RSA&trade_no=3908021412341135&usr_pay_agreement_id=P2019080214064400000000043827802&version=4.0sign=cSBvdJVJk0g8A9wcavJfHyKV5j8+L37e/3XvxUlbF33pGO5bTOo2D/wBkIU9BmeAEC2swZuo8sZEbnKAn80OOu53sYndL2r4nxEjf0nh1jN1qa1bxmnYS7P8py/yjhoeOf34UGAevMHoIbstXg2VzeIEHC4fEqZdlrK/Y67wbSc=
2019-08-02 14:25:53 [main] INFO  UMF                                      -连接超时时长为：60000
2019-08-02 14:25:55 [main] INFO  UMF                                      -==============执行post方法结束==============
2019-08-02 14:25:55 [main] INFO  UMF                                      -==============获得HttpEntity结束==============
2019-08-02 14:25:55 [main] INFO  UMF                                      -==============获得输入流结束==============
2019-08-02 14:25:55 [main] INFO  UMF                                      -[UMF SDK] 通讯成功，请求地址返回状态码为：【200】
2019-08-02 14:25:55 [main] INFO  UMF                                      -[UMF SDK] content=ret_code=00060700&ret_msg=协议支付时mer_cust_id或者usr_busi_agreement_id必传其一,PSP142555d34cad0&sign_type=RSA&version=4.0&sign=gPeoL/IqVzufU74/w1ES6mdhP7SX9w9hbmGnMkk2j/TpT0g5TACMakbIJumCaBPtcieh20RxsR4aDSdje5OlLir1ke95Tn7kzsYOmtZG7xEBIJ7oJ2P7kjM9+hb+tC1kdgTAHUO21tJ44q312NE2oG+nUItLD0Nfgix1AHvFQCI=
2019-08-02 14:25:55 [main] INFO  UMF                                      -[UMF SDK] 获取联动公钥证书成功!
2019-08-02 14:25:55 [main] INFO  UMF                                      -[UMF SDK] 验证平台签名是否成功------>true
2019-08-02 14:25:55 [main] INFO  UMF                                      -[UMF SDK] 商户请求联动平台返回最终数据为:{ret_code=00060700, ret_msg=协议支付时mer_cust_id或者usr_busi_agreement_id必传其一,PSP142555d34cad0}
2019-08-02 14:27:09 [main] INFO  UMF                                      -[UMF SDK] 使用Log4j进行日志输出
2019-08-02 14:27:09 [main] INFO  UMF                                      -[UMF SDK] 商户请求数据必填字段校验通过
2019-08-02 14:27:09 [main] INFO  UMF                                      -[UMF SDK] 商户请求校验规则正确
2019-08-02 14:27:09 [main] INFO  UMF                                      -[UMF SDK] 商户请求最终数据封装对象为：url=http://pay.soopay.net/spay/pay/payservice.do,field={sign=DQ3MUSqL/m9AOUmKqRgq1/dnSrMaBPqQKIOahd+zwaNGj3h/qbmbTa25y+D3zqpTitCgH8FltCyOFUixyx+sih9C5rX/HnBzYmRBxGdSF5fOPIAR2EiGVCEnGeb/uwRSwCaVu7dAuFB4JJORX3eh4oDa36r1FDftx4iiDvXmSqk=, trade_no=3908021412341135, usr_pay_agreement_id=P2019080214064400000000043827802, mer_id=52510, sign_type=RSA, service=agreement_pay_confirm_shortcut, charset=UTF-8, mer_cust_id=130426199004132330, res_format=HTML, version=4.0}plain=charset=UTF-8&mer_cust_id=130426199004132330&mer_id=52510&res_format=HTML&service=agreement_pay_confirm_shortcut&sign_type=RSA&trade_no=3908021412341135&usr_pay_agreement_id=P2019080214064400000000043827802&version=4.0sign=DQ3MUSqL/m9AOUmKqRgq1/dnSrMaBPqQKIOahd+zwaNGj3h/qbmbTa25y+D3zqpTitCgH8FltCyOFUixyx+sih9C5rX/HnBzYmRBxGdSF5fOPIAR2EiGVCEnGeb/uwRSwCaVu7dAuFB4JJORX3eh4oDa36r1FDftx4iiDvXmSqk=
2019-08-02 14:27:09 [main] INFO  UMF                                      -连接超时时长为：60000
2019-08-02 14:27:12 [main] INFO  UMF                                      -==============执行post方法结束==============
2019-08-02 14:27:12 [main] INFO  UMF                                      -==============获得HttpEntity结束==============
2019-08-02 14:27:12 [main] INFO  UMF                                      -==============获得输入流结束==============
2019-08-02 14:27:12 [main] INFO  UMF                                      -[UMF SDK] 通讯成功，请求地址返回状态码为：【200】
2019-08-02 14:27:12 [main] INFO  UMF                                      -[UMF SDK] content=amount=1&amt_type=RMB&mer_date=20190802&mer_id=52510&order_id=20190802141210794100&pay_date=20190802&ret_code=0000&ret_msg=交易成功&settle_date=20190802&sign_type=RSA&trade_state=TRADE_SUCCESS&version=4.0&sign=iyqtmapqK7ICJc+Q73SApu1JdtUeCPfpdANOnEvi3KPMbDZPn71jPBQ8pgodTsTdZi0jtwZ33SHbI6zXtZUQoqrgPfNDMwLYBrpOWQoNC49SIWui7gS9S+22hjoobkZOpK0l+jNjsrWYuwua7MQiKcdaFpaQviru0odZkv458mM=
2019-08-02 14:27:12 [main] INFO  UMF                                      -[UMF SDK] 获取联动公钥证书成功!
2019-08-02 14:27:12 [main] INFO  UMF                                      -[UMF SDK] 验证平台签名是否成功------>true
2019-08-02 14:27:12 [main] INFO  UMF                                      -[UMF SDK] 商户请求联动平台返回最终数据为:{mer_date=20190802, trade_state=TRADE_SUCCESS, ret_msg=交易成功, settle_date=20190802, order_id=20190802141210794100, amt_type=RMB, amount=1, ret_code=0000, mer_id=52510, pay_date=20190802}
2019-08-02 15:48:03 [main] INFO  UMF                                      -[UMF SDK] 使用Log4j进行日志输出
2019-08-02 15:48:03 [main] INFO  UMF                                      -[UMF SDK] 商户请求数据必填字段校验通过
2019-08-02 15:48:03 [main] INFO  UMF                                      -[UMF SDK] 商户请求校验规则正确
2019-08-02 15:48:03 [main] INFO  UMF                                      -[UMF SDK] 商户请求最终数据封装对象为：url=http://pay.soopay.net/spay/pay/payservice.do,field={sign=mjpeKxeJ/A7ZicP7OxEiL03G1Me779lMG1qWM9XRQ/NDJd77k0V4elN0wLaz/Z7ypu8ZcPrv5d4CFmgfvcf0Eg1wmaEMBSAKDLCj00eD7SohGdnYM3Qkyadirihm2J2WTcJrdSagaJyQlSaWrmWvqYcHakNZi3Bdv6V8YR9OGU0=, mer_date=20190802, mer_id=52510, sign_type=RSA, service=mer_order_info_query, charset=UTF-8, order_id=20190802141210794100, res_format=HTML, version=4.0}plain=charset=UTF-8&mer_date=20190802&mer_id=52510&order_id=20190802141210794100&res_format=HTML&service=mer_order_info_query&sign_type=RSA&version=4.0sign=mjpeKxeJ/A7ZicP7OxEiL03G1Me779lMG1qWM9XRQ/NDJd77k0V4elN0wLaz/Z7ypu8ZcPrv5d4CFmgfvcf0Eg1wmaEMBSAKDLCj00eD7SohGdnYM3Qkyadirihm2J2WTcJrdSagaJyQlSaWrmWvqYcHakNZi3Bdv6V8YR9OGU0=
2019-08-02 15:48:03 [main] INFO  UMF                                      -连接超时时长为：60000
2019-08-02 15:48:05 [main] INFO  UMF                                      -==============执行post方法结束==============
2019-08-02 15:48:05 [main] INFO  UMF                                      -==============获得HttpEntity结束==============
2019-08-02 15:48:05 [main] INFO  UMF                                      -==============获得输入流结束==============
2019-08-02 15:48:05 [main] INFO  UMF                                      -[UMF SDK] 通讯成功，请求地址返回状态码为：【200】
2019-08-02 15:48:05 [main] INFO  UMF                                      -[UMF SDK] content=amount=1&amt_type=RMB&gate_id=SPAB&media_id=18633669106&media_type=MOBILE&mer_date=20190802&mer_id=52510&order_id=20190802141210794100&orig_retcode=&orig_retmsg=&pay_date=20190802&pay_seq=0802092177877282&pay_type=DEBITCARD&product_id=P10M0003&refund_amt=0&ret_code=0000&ret_msg=操作成功&settle_date=20190802&sign_type=RSA&trade_no=3908021412341135&trade_state=TRADE_SUCCESS&version=4.0&sign=YAZxlRJ7MwZ81YlmCzB4FkrmIU2RTUUU7mEGyzRQtRcq0AXmk8jBpXRtBNZqROUDGIGrn4imnArDDmVIaPdhhjIdsNzU+XC599aZZnz+pANQ57EwWiDOMuSW5czFV3yLJvYV/MarWRQM67tn4dcsZYpEJ1PpsL9+24wRfsQ1roE=
2019-08-02 15:48:05 [main] INFO  UMF                                      -[UMF SDK] 获取联动公钥证书成功!
2019-08-02 15:48:05 [main] INFO  UMF                                      -[UMF SDK] 验证平台签名是否成功------>true
2019-08-02 15:48:05 [main] INFO  UMF                                      -[UMF SDK] 商户请求联动平台返回最终数据为:{trade_no=3908021412341135, media_type=MOBILE, mer_date=20190802, product_id=P10M0003, trade_state=TRADE_SUCCESS, media_id=18633669106, ret_msg=操作成功, orig_retcode=, settle_date=20190802, order_id=20190802141210794100, amt_type=RMB, amount=1, refund_amt=0, orig_retmsg=, pay_seq=0802092177877282, ret_code=0000, gate_id=SPAB, mer_id=52510, pay_type=DEBITCARD, pay_date=20190802}
2019-08-02 16:03:35 [main] INFO  UMF                                      -[UMF SDK] 使用Log4j进行日志输出
2019-08-02 16:03:35 [main] INFO  UMF                                      -[UMF SDK] 商户请求数据必填字段校验通过
2019-08-02 16:03:35 [main] INFO  UMF                                      -[UMF SDK] 商户请求校验规则正确
2019-08-02 16:03:35 [main] INFO  UMF                                      -[UMF SDK] 商户请求最终数据封装对象为：url=http://pay.soopay.net/spay/pay/payservice.do,field={sign=do55CiXlr898Tncq3jtbLvMQHucwJtyP8AHoZ7QxeqoO8wgHaT/Ta2l1IByM5iMCY38H7ap/LN14cs4YB2Me0BCZwQbaqiOgyMNDc3mvdCaAfcmDo4iigpxajOJ+PxMAIcgMAoJ1JpQ328S7fKW3CspbOjRpr82K+mNHKMeF6ak=, usr_pay_agreement_id=P2019080214064400000000043827802, mer_id=52510, sign_type=RSA, service=unbind_mercust_protocol_shortcut, charset=UTF-8, mer_cust_id=130426199004132330, res_format=HTML, version=4.0}plain=charset=UTF-8&mer_cust_id=130426199004132330&mer_id=52510&res_format=HTML&service=unbind_mercust_protocol_shortcut&sign_type=RSA&usr_pay_agreement_id=P2019080214064400000000043827802&version=4.0sign=do55CiXlr898Tncq3jtbLvMQHucwJtyP8AHoZ7QxeqoO8wgHaT/Ta2l1IByM5iMCY38H7ap/LN14cs4YB2Me0BCZwQbaqiOgyMNDc3mvdCaAfcmDo4iigpxajOJ+PxMAIcgMAoJ1JpQ328S7fKW3CspbOjRpr82K+mNHKMeF6ak=
2019-08-02 16:03:36 [main] INFO  UMF                                      -连接超时时长为：60000
2019-08-02 16:03:37 [main] INFO  UMF                                      -==============执行post方法结束==============
2019-08-02 16:03:37 [main] INFO  UMF                                      -==============获得HttpEntity结束==============
2019-08-02 16:03:37 [main] INFO  UMF                                      -==============获得输入流结束==============
2019-08-02 16:03:37 [main] INFO  UMF                                      -[UMF SDK] 通讯成功，请求地址返回状态码为：【200】
2019-08-02 16:03:37 [main] INFO  UMF                                      -[UMF SDK] content=mer_id=52510&ret_code=0000&ret_msg=成功&sign_type=RSA&version=4.0&sign=vI+DzmbhxiHUhYoAAmOBcs0YmW1JXuiprp1cFOLATeGeKZfAx7CnVSicXoLkRNagPW6bM+LxbYAW0QVgfflTXsMZI2wsnWhcmvWTWjDbbaLXl9r0k2Bl9vz2DWia5ce3f0chTSOA8mJgautU5fnokiVjsA9jjhPPAK8VbE9CAek=
2019-08-02 16:03:37 [main] INFO  UMF                                      -[UMF SDK] 获取联动公钥证书成功!
2019-08-02 16:03:37 [main] INFO  UMF                                      -[UMF SDK] 验证平台签名是否成功------>true
2019-08-02 16:03:37 [main] INFO  UMF                                      -[UMF SDK] 商户请求联动平台返回最终数据为:{ret_code=0000, mer_id=52510, ret_msg=成功}
